dataset          : mnist
data_root        : /data0/user/lxguo/Data
model_name       : owm_fc
batch_size       : 128
num_epochs       : 30
learning_rate    : 0.2
lambda_loss      : 0.001
owmfc_alpha_list : [0.9, 0.6]
owmfc_lambda_list : [0.001, 1.0]
CL_method        : owm
num_hidden       : 800
num_classes      : 11
num_tasks        : 10
momentum         : 0.9
order_list       : [0, 1, 2, 3, 4, 5, 6, 7, 8, 9]
optimizer_type   : SGD
clipgrad         : 10.0
list_eval        : False
shift            : True
data_argmt       : False
data_perturbation : True
argmt_perc       : 0.01
pertur_bound     : 0.125
print_frequency  : 5
Device is cuda
owm_fc(
  (layer_1): OWM_FC_block(
    (W): Linear(in_features=784, out_features=800, bias=False)
    (P): Linear(in_features=784, out_features=784, bias=False)
  )
  (afun_1): ReLU()
  (layer_2): OWM_FC_block(
    (W): Linear(in_features=800, out_features=11, bias=False)
    (P): Linear(in_features=800, out_features=800, bias=False)
  )
)
Training task  0
epoch 5, loss 0.0605, train acc 0.9960, test acc 0.0979, time 1.10 sec
epoch 10, loss 0.0481, train acc 1.0000, test acc 0.0979, time 1.25 sec
epoch 15, loss 0.0471, train acc 1.0000, test acc 0.0980, time 1.29 sec
epoch 20, loss 0.0465, train acc 1.0000, test acc 0.0980, time 1.13 sec
epoch 25, loss 0.0459, train acc 1.0000, test acc 0.0980, time 1.08 sec
epoch 30, loss 0.0456, train acc 0.9998, test acc 0.0980, time 1.10 sec
test acc of task 0 : 1.0000
test acc of task 0 on it's training set: 1.0000
test acc of task 1 : 0.0000
test acc of task 1 on it's training set: 0.0000
test acc of task 2 : 0.0000
test acc of task 2 on it's training set: 0.0000
test acc of task 3 : 0.0000
test acc of task 3 on it's training set: 0.0000
test acc of task 4 : 0.0000
test acc of task 4 on it's training set: 0.0000
test acc of task 5 : 0.0000
test acc of task 5 on it's training set: 0.0000
test acc of task 6 : 0.0000
test acc of task 6 on it's training set: 0.0000
test acc of task 7 : 0.0000
test acc of task 7 on it's training set: 0.0000
test acc of task 8 : 0.0000
test acc of task 8 on it's training set: 0.0000
test acc of task 9 : 0.0000
test acc of task 9 on it's training set: 0.0000
Training task  1
epoch 5, loss 0.0517, train acc 0.9996, test acc 0.2113, time 0.99 sec
epoch 10, loss 0.0495, train acc 0.9999, test acc 0.2113, time 1.55 sec
epoch 15, loss 0.0485, train acc 0.9999, test acc 0.2113, time 1.36 sec
epoch 20, loss 0.0479, train acc 1.0000, test acc 0.2113, time 1.30 sec
epoch 25, loss 0.0474, train acc 1.0000, test acc 0.2113, time 1.38 sec
epoch 30, loss 0.0470, train acc 1.0000, test acc 0.2113, time 1.37 sec
test acc of task 0 : 0.9980
test acc of task 0 on it's training set: 0.9973
test acc of task 1 : 1.0000
test acc of task 1 on it's training set: 1.0000
test acc of task 2 : 0.0000
test acc of task 2 on it's training set: 0.0000
test acc of task 3 : 0.0000
test acc of task 3 on it's training set: 0.0000
test acc of task 4 : 0.0000
test acc of task 4 on it's training set: 0.0000
test acc of task 5 : 0.0000
test acc of task 5 on it's training set: 0.0000
test acc of task 6 : 0.0000
test acc of task 6 on it's training set: 0.0000
test acc of task 7 : 0.0000
test acc of task 7 on it's training set: 0.0000
test acc of task 8 : 0.0000
test acc of task 8 on it's training set: 0.0000
test acc of task 9 : 0.0000
test acc of task 9 on it's training set: 0.0000
Training task  2
epoch 5, loss 0.0875, train acc 0.9927, test acc 0.3114, time 1.38 sec
epoch 10, loss 0.0662, train acc 0.9985, test acc 0.3120, time 1.54 sec
epoch 15, loss 0.0607, train acc 0.9998, test acc 0.3123, time 1.50 sec
epoch 20, loss 0.0586, train acc 0.9998, test acc 0.3125, time 1.43 sec
epoch 25, loss 0.0572, train acc 0.9998, test acc 0.3125, time 1.33 sec
epoch 30, loss 0.0565, train acc 0.9998, test acc 0.3125, time 1.39 sec
test acc of task 0 : 0.9959
test acc of task 0 on it's training set: 0.9929
test acc of task 1 : 0.9894
test acc of task 1 on it's training set: 0.9847
test acc of task 2 : 0.9942
test acc of task 2 on it's training set: 0.9998
test acc of task 3 : 0.0000
test acc of task 3 on it's training set: 0.0000
test acc of task 4 : 0.0000
test acc of task 4 on it's training set: 0.0000
test acc of task 5 : 0.0000
test acc of task 5 on it's training set: 0.0000
test acc of task 6 : 0.0000
test acc of task 6 on it's training set: 0.0000
test acc of task 7 : 0.0000
test acc of task 7 on it's training set: 0.0000
test acc of task 8 : 0.0000
test acc of task 8 on it's training set: 0.0000
test acc of task 9 : 0.0000
test acc of task 9 on it's training set: 0.0000
Training task  3
epoch 5, loss 0.0989, train acc 0.9898, test acc 0.3999, time 1.40 sec
epoch 10, loss 0.0769, train acc 0.9968, test acc 0.4034, time 1.29 sec
epoch 15, loss 0.0693, train acc 0.9985, test acc 0.4049, time 1.35 sec
epoch 20, loss 0.0660, train acc 0.9997, test acc 0.4057, time 1.38 sec
epoch 25, loss 0.0638, train acc 1.0000, test acc 0.4066, time 1.35 sec
epoch 30, loss 0.0626, train acc 1.0000, test acc 0.4071, time 1.46 sec
test acc of task 0 : 0.9929
test acc of task 0 on it's training set: 0.9921
test acc of task 1 : 0.9912
test acc of task 1 on it's training set: 0.9852
test acc of task 2 : 0.9797
test acc of task 2 on it's training set: 0.9909
test acc of task 3 : 0.9525
test acc of task 3 on it's training set: 1.0000
test acc of task 4 : 0.0000
test acc of task 4 on it's training set: 0.0000
test acc of task 5 : 0.0000
test acc of task 5 on it's training set: 0.0000
test acc of task 6 : 0.0000
test acc of task 6 on it's training set: 0.0000
test acc of task 7 : 0.0000
test acc of task 7 on it's training set: 0.0000
test acc of task 8 : 0.0000
test acc of task 8 on it's training set: 0.0000
test acc of task 9 : 0.0000
test acc of task 9 on it's training set: 0.0000
Training task  4
epoch 5, loss 0.1375, train acc 0.9876, test acc 0.5010, time 1.43 sec
epoch 10, loss 0.0959, train acc 0.9963, test acc 0.5014, time 1.41 sec
epoch 15, loss 0.0843, train acc 0.9980, test acc 0.5009, time 1.35 sec
epoch 20, loss 0.0784, train acc 0.9986, test acc 0.5007, time 1.52 sec
epoch 25, loss 0.0752, train acc 0.9986, test acc 0.5002, time 1.41 sec
epoch 30, loss 0.0732, train acc 0.9992, test acc 0.5001, time 1.40 sec
test acc of task 0 : 0.9929
test acc of task 0 on it's training set: 0.9880
test acc of task 1 : 0.9894
test acc of task 1 on it's training set: 0.9813
test acc of task 2 : 0.9700
test acc of task 2 on it's training set: 0.9785
test acc of task 3 : 0.9168
test acc of task 3 on it's training set: 0.9979
test acc of task 4 : 0.9959
test acc of task 4 on it's training set: 0.9991
test acc of task 5 : 0.0000
test acc of task 5 on it's training set: 0.0000
test acc of task 6 : 0.0000
test acc of task 6 on it's training set: 0.0000
test acc of task 7 : 0.0000
test acc of task 7 on it's training set: 0.0000
test acc of task 8 : 0.0000
test acc of task 8 on it's training set: 0.0000
test acc of task 9 : 0.0000
test acc of task 9 on it's training set: 0.0000
Training task  5
epoch 5, loss 0.2517, train acc 0.9656, test acc 0.5741, time 1.36 sec
epoch 10, loss 0.1308, train acc 0.9921, test acc 0.5694, time 1.46 sec
epoch 15, loss 0.1018, train acc 0.9969, test acc 0.5663, time 1.18 sec
epoch 20, loss 0.0903, train acc 0.9991, test acc 0.5636, time 1.86 sec
epoch 25, loss 0.0845, train acc 0.9995, test acc 0.5608, time 1.29 sec
epoch 30, loss 0.0813, train acc 1.0000, test acc 0.5597, time 1.36 sec
test acc of task 0 : 0.9878
test acc of task 0 on it's training set: 0.9853
test acc of task 1 : 0.9885
test acc of task 1 on it's training set: 0.9801
test acc of task 2 : 0.9671
test acc of task 2 on it's training set: 0.9755
test acc of task 3 : 0.6416
test acc of task 3 on it's training set: 0.9746
test acc of task 4 : 0.9929
test acc of task 4 on it's training set: 0.9940
test acc of task 5 : 0.9933
test acc of task 5 on it's training set: 1.0000
test acc of task 6 : 0.0000
test acc of task 6 on it's training set: 0.0000
test acc of task 7 : 0.0000
test acc of task 7 on it's training set: 0.0000
test acc of task 8 : 0.0000
test acc of task 8 on it's training set: 0.0000
test acc of task 9 : 0.0000
test acc of task 9 on it's training set: 0.0000
Training task  6
epoch 5, loss 0.2036, train acc 0.9750, test acc 0.6460, time 1.36 sec
epoch 10, loss 0.1246, train acc 0.9914, test acc 0.6456, time 1.27 sec
epoch 15, loss 0.1040, train acc 0.9963, test acc 0.6443, time 1.22 sec
epoch 20, loss 0.0945, train acc 0.9980, test acc 0.6434, time 1.30 sec
epoch 25, loss 0.0894, train acc 0.9985, test acc 0.6425, time 1.16 sec
epoch 30, loss 0.0862, train acc 0.9992, test acc 0.6426, time 1.37 sec
test acc of task 0 : 0.9816
test acc of task 0 on it's training set: 0.9792
test acc of task 1 : 0.9885
test acc of task 1 on it's training set: 0.9813
test acc of task 2 : 0.9661
test acc of task 2 on it's training set: 0.9678
test acc of task 3 : 0.5812
test acc of task 3 on it's training set: 0.9672
test acc of task 4 : 0.9786
test acc of task 4 on it's training set: 0.9771
test acc of task 5 : 0.9552
test acc of task 5 on it's training set: 0.9664
test acc of task 6 : 0.9864
test acc of task 6 on it's training set: 0.9992
test acc of task 7 : 0.0000
test acc of task 7 on it's training set: 0.0000
test acc of task 8 : 0.0000
test acc of task 8 on it's training set: 0.0000
test acc of task 9 : 0.0000
test acc of task 9 on it's training set: 0.0000
Training task  7
epoch 5, loss 0.2245, train acc 0.9636, test acc 0.7387, time 1.28 sec
epoch 10, loss 0.1348, train acc 0.9872, test acc 0.7387, time 1.28 sec
epoch 15, loss 0.1098, train acc 0.9930, test acc 0.7382, time 1.26 sec
epoch 20, loss 0.0980, train acc 0.9956, test acc 0.7378, time 1.35 sec
epoch 25, loss 0.0911, train acc 0.9973, test acc 0.7374, time 1.38 sec
epoch 30, loss 0.0870, train acc 0.9978, test acc 0.7368, time 1.34 sec
test acc of task 0 : 0.9806
test acc of task 0 on it's training set: 0.9774
test acc of task 1 : 0.9877
test acc of task 1 on it's training set: 0.9791
test acc of task 2 : 0.9244
test acc of task 2 on it's training set: 0.9305
test acc of task 3 : 0.5673
test acc of task 3 on it's training set: 0.9641
test acc of task 4 : 0.9654
test acc of task 4 on it's training set: 0.9632
test acc of task 5 : 0.9552
test acc of task 5 on it's training set: 0.9570
test acc of task 6 : 0.9854
test acc of task 6 on it's training set: 0.9973
test acc of task 7 : 0.9874
test acc of task 7 on it's training set: 0.9978
test acc of task 8 : 0.0000
test acc of task 8 on it's training set: 0.0000
test acc of task 9 : 0.0000
test acc of task 9 on it's training set: 0.0000
Training task  8
epoch 5, loss 0.5744, train acc 0.8827, test acc 0.8191, time 1.28 sec
epoch 10, loss 0.2563, train acc 0.9661, test acc 0.8193, time 1.34 sec
epoch 15, loss 0.1843, train acc 0.9824, test acc 0.8179, time 1.24 sec
epoch 20, loss 0.1530, train acc 0.9898, test acc 0.8163, time 1.17 sec
epoch 25, loss 0.1358, train acc 0.9936, test acc 0.8137, time 1.17 sec
epoch 30, loss 0.1247, train acc 0.9964, test acc 0.8117, time 1.45 sec
test acc of task 0 : 0.9796
test acc of task 0 on it's training set: 0.9748
test acc of task 1 : 0.9709
test acc of task 1 on it's training set: 0.9650
test acc of task 2 : 0.8983
test acc of task 2 on it's training set: 0.9047
test acc of task 3 : 0.4832
test acc of task 3 on it's training set: 0.9535
test acc of task 4 : 0.9654
test acc of task 4 on it's training set: 0.9565
test acc of task 5 : 0.9226
test acc of task 5 on it's training set: 0.9404
test acc of task 6 : 0.9666
test acc of task 6 on it's training set: 0.9824
test acc of task 7 : 0.9708
test acc of task 7 on it's training set: 0.9877
test acc of task 8 : 0.9702
test acc of task 8 on it's training set: 0.9968
test acc of task 9 : 0.0000
test acc of task 9 on it's training set: 0.0000
Training task  9
epoch 5, loss 0.6552, train acc 0.8649, test acc 0.8972, time 1.22 sec
epoch 10, loss 0.2999, train acc 0.9558, test acc 0.8983, time 1.22 sec
epoch 15, loss 0.2073, train acc 0.9767, test acc 0.8969, time 1.13 sec
epoch 20, loss 0.1688, train acc 0.9860, test acc 0.8940, time 1.18 sec
epoch 25, loss 0.1460, train acc 0.9922, test acc 0.8912, time 1.04 sec
epoch 30, loss 0.1322, train acc 0.9943, test acc 0.8906, time 1.09 sec
test acc of task 0 : 0.9745
test acc of task 0 on it's training set: 0.9728
test acc of task 1 : 0.9700
test acc of task 1 on it's training set: 0.9634
test acc of task 2 : 0.8905
test acc of task 2 on it's training set: 0.8974
test acc of task 3 : 0.4901
test acc of task 3 on it's training set: 0.9512
test acc of task 4 : 0.8971
test acc of task 4 on it's training set: 0.9047
test acc of task 5 : 0.9159
test acc of task 5 on it's training set: 0.9292
test acc of task 6 : 0.9614
test acc of task 6 on it's training set: 0.9760
test acc of task 7 : 0.8901
test acc of task 7 on it's training set: 0.9026
test acc of task 8 : 0.9487
test acc of task 8 on it's training set: 0.9624
test acc of task 9 : 0.9693
test acc of task 9 on it's training set: 0.9948
