dataset          : mnist
data_root        : /data0/user/lxguo/Data
model_name       : owm_fc
batch_size       : 128
num_epochs       : 30
learning_rate    : 0.2
lambda_loss      : 0.001
owmfc_alpha_list : [0.9, 0.6]
owmfc_lambda_list : [0.001, 1.0]
CL_method        : owm
num_hidden       : 800
num_classes      : 11
num_tasks        : 10
momentum         : 0.9
order_list       : [0, 1, 2, 3, 4, 5, 6, 7, 8, 9]
optimizer_type   : SGD
clipgrad         : 10.0
list_eval        : False
shift            : True
data_argmt       : False
data_perturbation : True
argmt_perc       : 0.01
pertur_bound     : 0.5
print_frequency  : 5
Device is cuda
owm_fc(
  (layer_1): OWM_FC_block(
    (W): Linear(in_features=784, out_features=800, bias=False)
    (P): Linear(in_features=784, out_features=784, bias=False)
  )
  (afun_1): ReLU()
  (layer_2): OWM_FC_block(
    (W): Linear(in_features=800, out_features=11, bias=False)
    (P): Linear(in_features=800, out_features=800, bias=False)
  )
)
Training task  0
epoch 5, loss 0.0470, train acc 1.0000, test acc 0.0980, time 0.99 sec
epoch 10, loss 0.0461, train acc 1.0000, test acc 0.0980, time 0.96 sec
epoch 15, loss 0.0454, train acc 1.0000, test acc 0.0980, time 0.98 sec
epoch 20, loss 0.0448, train acc 1.0000, test acc 0.0980, time 0.96 sec
epoch 25, loss 0.0442, train acc 1.0000, test acc 0.0980, time 0.81 sec
epoch 30, loss 0.0437, train acc 1.0000, test acc 0.0980, time 1.25 sec
test acc of task 0 : 1.0000
test acc of task 0 on it's training set: 1.0000
test acc of task 1 : 0.0000
test acc of task 1 on it's training set: 0.0000
test acc of task 2 : 0.0000
test acc of task 2 on it's training set: 0.0000
test acc of task 3 : 0.0000
test acc of task 3 on it's training set: 0.0000
test acc of task 4 : 0.0000
test acc of task 4 on it's training set: 0.0000
test acc of task 5 : 0.0000
test acc of task 5 on it's training set: 0.0000
test acc of task 6 : 0.0000
test acc of task 6 on it's training set: 0.0000
test acc of task 7 : 0.0000
test acc of task 7 on it's training set: 0.0000
test acc of task 8 : 0.0000
test acc of task 8 on it's training set: 0.0000
test acc of task 9 : 0.0000
test acc of task 9 on it's training set: 0.0000
Training task  1
epoch 5, loss 0.0496, train acc 0.9996, test acc 0.2114, time 1.05 sec
epoch 10, loss 0.0476, train acc 0.9999, test acc 0.2114, time 0.93 sec
epoch 15, loss 0.0466, train acc 0.9999, test acc 0.2114, time 0.94 sec
epoch 20, loss 0.0459, train acc 0.9999, test acc 0.2114, time 1.34 sec
epoch 25, loss 0.0454, train acc 1.0000, test acc 0.2114, time 1.15 sec
epoch 30, loss 0.0451, train acc 1.0000, test acc 0.2114, time 1.13 sec
test acc of task 0 : 0.9990
test acc of task 0 on it's training set: 0.9988
test acc of task 1 : 1.0000
test acc of task 1 on it's training set: 1.0000
test acc of task 2 : 0.0000
test acc of task 2 on it's training set: 0.0000
test acc of task 3 : 0.0000
test acc of task 3 on it's training set: 0.0000
test acc of task 4 : 0.0000
test acc of task 4 on it's training set: 0.0000
test acc of task 5 : 0.0000
test acc of task 5 on it's training set: 0.0000
test acc of task 6 : 0.0000
test acc of task 6 on it's training set: 0.0000
test acc of task 7 : 0.0000
test acc of task 7 on it's training set: 0.0000
test acc of task 8 : 0.0000
test acc of task 8 on it's training set: 0.0000
test acc of task 9 : 0.0000
test acc of task 9 on it's training set: 0.0000
Training task  2
epoch 5, loss 0.0871, train acc 0.9910, test acc 0.3112, time 1.56 sec
epoch 10, loss 0.0640, train acc 0.9988, test acc 0.3118, time 1.28 sec
epoch 15, loss 0.0589, train acc 0.9997, test acc 0.3118, time 1.37 sec
epoch 20, loss 0.0569, train acc 0.9998, test acc 0.3122, time 1.36 sec
epoch 25, loss 0.0559, train acc 0.9998, test acc 0.3122, time 1.43 sec
epoch 30, loss 0.0552, train acc 0.9998, test acc 0.3123, time 1.35 sec
test acc of task 0 : 0.9969
test acc of task 0 on it's training set: 0.9956
test acc of task 1 : 0.9912
test acc of task 1 on it's training set: 0.9867
test acc of task 2 : 0.9893
test acc of task 2 on it's training set: 0.9998
test acc of task 3 : 0.0000
test acc of task 3 on it's training set: 0.0000
test acc of task 4 : 0.0000
test acc of task 4 on it's training set: 0.0000
test acc of task 5 : 0.0000
test acc of task 5 on it's training set: 0.0000
test acc of task 6 : 0.0000
test acc of task 6 on it's training set: 0.0000
test acc of task 7 : 0.0000
test acc of task 7 on it's training set: 0.0000
test acc of task 8 : 0.0000
test acc of task 8 on it's training set: 0.0000
test acc of task 9 : 0.0000
test acc of task 9 on it's training set: 0.0000
Training task  3
epoch 5, loss 0.0966, train acc 0.9908, test acc 0.3997, time 1.29 sec
epoch 10, loss 0.0748, train acc 0.9969, test acc 0.4030, time 1.27 sec
epoch 15, loss 0.0676, train acc 0.9990, test acc 0.4043, time 1.49 sec
epoch 20, loss 0.0643, train acc 0.9995, test acc 0.4053, time 1.49 sec
epoch 25, loss 0.0625, train acc 1.0000, test acc 0.4062, time 1.49 sec
epoch 30, loss 0.0615, train acc 1.0000, test acc 0.4062, time 1.42 sec
test acc of task 0 : 0.9939
test acc of task 0 on it's training set: 0.9941
test acc of task 1 : 0.9921
test acc of task 1 on it's training set: 0.9852
test acc of task 2 : 0.9748
test acc of task 2 on it's training set: 0.9914
test acc of task 3 : 0.9465
test acc of task 3 on it's training set: 1.0000
test acc of task 4 : 0.0000
test acc of task 4 on it's training set: 0.0000
test acc of task 5 : 0.0000
test acc of task 5 on it's training set: 0.0000
test acc of task 6 : 0.0000
test acc of task 6 on it's training set: 0.0000
test acc of task 7 : 0.0000
test acc of task 7 on it's training set: 0.0000
test acc of task 8 : 0.0000
test acc of task 8 on it's training set: 0.0000
test acc of task 9 : 0.0000
test acc of task 9 on it's training set: 0.0000
Training task  4
epoch 5, loss 0.1309, train acc 0.9898, test acc 0.4992, time 1.48 sec
epoch 10, loss 0.0946, train acc 0.9963, test acc 0.4990, time 1.68 sec
epoch 15, loss 0.0841, train acc 0.9983, test acc 0.4984, time 1.42 sec
epoch 20, loss 0.0789, train acc 0.9988, test acc 0.4980, time 1.53 sec
epoch 25, loss 0.0757, train acc 0.9993, test acc 0.4976, time 1.38 sec
epoch 30, loss 0.0736, train acc 0.9993, test acc 0.4973, time 1.41 sec
test acc of task 0 : 0.9929
test acc of task 0 on it's training set: 0.9914
test acc of task 1 : 0.9912
test acc of task 1 on it's training set: 0.9810
test acc of task 2 : 0.9641
test acc of task 2 on it's training set: 0.9763
test acc of task 3 : 0.8931
test acc of task 3 on it's training set: 0.9972
test acc of task 4 : 0.9959
test acc of task 4 on it's training set: 0.9993
test acc of task 5 : 0.0000
test acc of task 5 on it's training set: 0.0000
test acc of task 6 : 0.0000
test acc of task 6 on it's training set: 0.0000
test acc of task 7 : 0.0000
test acc of task 7 on it's training set: 0.0000
test acc of task 8 : 0.0000
test acc of task 8 on it's training set: 0.0000
test acc of task 9 : 0.0000
test acc of task 9 on it's training set: 0.0000
Training task  5
epoch 5, loss 0.2421, train acc 0.9652, test acc 0.5728, time 1.45 sec
epoch 10, loss 0.1280, train acc 0.9914, test acc 0.5667, time 1.42 sec
epoch 15, loss 0.1010, train acc 0.9954, test acc 0.5637, time 1.38 sec
epoch 20, loss 0.0891, train acc 0.9982, test acc 0.5608, time 1.63 sec
epoch 25, loss 0.0834, train acc 0.9995, test acc 0.5586, time 1.54 sec
epoch 30, loss 0.0799, train acc 0.9998, test acc 0.5571, time 1.37 sec
test acc of task 0 : 0.9867
test acc of task 0 on it's training set: 0.9867
test acc of task 1 : 0.9894
test acc of task 1 on it's training set: 0.9801
test acc of task 2 : 0.9612
test acc of task 2 on it's training set: 0.9748
test acc of task 3 : 0.6188
test acc of task 3 on it's training set: 0.9747
test acc of task 4 : 0.9949
test acc of task 4 on it's training set: 0.9930
test acc of task 5 : 0.9944
test acc of task 5 on it's training set: 0.9998
test acc of task 6 : 0.0000
test acc of task 6 on it's training set: 0.0000
test acc of task 7 : 0.0000
test acc of task 7 on it's training set: 0.0000
test acc of task 8 : 0.0000
test acc of task 8 on it's training set: 0.0000
test acc of task 9 : 0.0000
test acc of task 9 on it's training set: 0.0000
Training task  6
epoch 5, loss 0.2133, train acc 0.9722, test acc 0.6461, time 1.31 sec
epoch 10, loss 0.1254, train acc 0.9903, test acc 0.6449, time 1.29 sec
epoch 15, loss 0.1044, train acc 0.9958, test acc 0.6452, time 1.53 sec
epoch 20, loss 0.0934, train acc 0.9980, test acc 0.6446, time 1.59 sec
epoch 25, loss 0.0877, train acc 0.9987, test acc 0.6440, time 1.34 sec
epoch 30, loss 0.0843, train acc 0.9990, test acc 0.6441, time 1.41 sec
test acc of task 0 : 0.9867
test acc of task 0 on it's training set: 0.9862
test acc of task 1 : 0.9885
test acc of task 1 on it's training set: 0.9812
test acc of task 2 : 0.9574
test acc of task 2 on it's training set: 0.9676
test acc of task 3 : 0.5950
test acc of task 3 on it's training set: 0.9690
test acc of task 4 : 0.9796
test acc of task 4 on it's training set: 0.9791
test acc of task 5 : 0.9608
test acc of task 5 on it's training set: 0.9672
test acc of task 6 : 0.9854
test acc of task 6 on it's training set: 0.9992
test acc of task 7 : 0.0000
test acc of task 7 on it's training set: 0.0000
test acc of task 8 : 0.0000
test acc of task 8 on it's training set: 0.0000
test acc of task 9 : 0.0000
test acc of task 9 on it's training set: 0.0000
Training task  7
epoch 5, loss 0.2402, train acc 0.9580, test acc 0.7414, time 1.50 sec
epoch 10, loss 0.1442, train acc 0.9838, test acc 0.7412, time 1.52 sec
epoch 15, loss 0.1159, train acc 0.9913, test acc 0.7400, time 1.88 sec
epoch 20, loss 0.1022, train acc 0.9948, test acc 0.7393, time 1.40 sec
epoch 25, loss 0.0940, train acc 0.9965, test acc 0.7384, time 1.32 sec
epoch 30, loss 0.0890, train acc 0.9979, test acc 0.7375, time 1.44 sec
test acc of task 0 : 0.9878
test acc of task 0 on it's training set: 0.9850
test acc of task 1 : 0.9877
test acc of task 1 on it's training set: 0.9791
test acc of task 2 : 0.9283
test acc of task 2 on it's training set: 0.9359
test acc of task 3 : 0.5941
test acc of task 3 on it's training set: 0.9675
test acc of task 4 : 0.9501
test acc of task 4 on it's training set: 0.9581
test acc of task 5 : 0.9496
test acc of task 5 on it's training set: 0.9590
test acc of task 6 : 0.9812
test acc of task 6 on it's training set: 0.9966
test acc of task 7 : 0.9805
test acc of task 7 on it's training set: 0.9979
test acc of task 8 : 0.0000
test acc of task 8 on it's training set: 0.0000
test acc of task 9 : 0.0000
test acc of task 9 on it's training set: 0.0000
Training task  8
epoch 5, loss 0.4924, train acc 0.9032, test acc 0.8234, time 1.47 sec
epoch 10, loss 0.2425, train acc 0.9681, test acc 0.8201, time 1.49 sec
epoch 15, loss 0.1762, train acc 0.9863, test acc 0.8149, time 1.51 sec
epoch 20, loss 0.1471, train acc 0.9912, test acc 0.8121, time 1.39 sec
epoch 25, loss 0.1307, train acc 0.9949, test acc 0.8090, time 1.36 sec
epoch 30, loss 0.1207, train acc 0.9968, test acc 0.8074, time 1.60 sec
test acc of task 0 : 0.9827
test acc of task 0 on it's training set: 0.9772
test acc of task 1 : 0.9604
test acc of task 1 on it's training set: 0.9586
test acc of task 2 : 0.8963
test acc of task 2 on it's training set: 0.9063
test acc of task 3 : 0.4802
test acc of task 3 on it's training set: 0.9506
test acc of task 4 : 0.9277
test acc of task 4 on it's training set: 0.9396
test acc of task 5 : 0.9249
test acc of task 5 on it's training set: 0.9436
test acc of task 6 : 0.9666
test acc of task 6 on it's training set: 0.9785
test acc of task 7 : 0.9718
test acc of task 7 on it's training set: 0.9863
test acc of task 8 : 0.9754
test acc of task 8 on it's training set: 0.9969
test acc of task 9 : 0.0000
test acc of task 9 on it's training set: 0.0000
Training task  9
epoch 5, loss 0.6017, train acc 0.8763, test acc 0.8949, time 1.56 sec
epoch 10, loss 0.2806, train acc 0.9576, test acc 0.8958, time 1.50 sec
epoch 15, loss 0.1954, train acc 0.9815, test acc 0.8922, time 1.57 sec
epoch 20, loss 0.1571, train acc 0.9882, test acc 0.8890, time 1.33 sec
epoch 25, loss 0.1367, train acc 0.9928, test acc 0.8847, time 1.35 sec
epoch 30, loss 0.1237, train acc 0.9950, test acc 0.8824, time 1.47 sec
test acc of task 0 : 0.9786
test acc of task 0 on it's training set: 0.9747
test acc of task 1 : 0.9604
test acc of task 1 on it's training set: 0.9574
test acc of task 2 : 0.8847
test acc of task 2 on it's training set: 0.9010
test acc of task 3 : 0.4554
test acc of task 3 on it's training set: 0.9458
test acc of task 4 : 0.8727
test acc of task 4 on it's training set: 0.8773
test acc of task 5 : 0.9047
test acc of task 5 on it's training set: 0.9137
test acc of task 6 : 0.9593
test acc of task 6 on it's training set: 0.9738
test acc of task 7 : 0.8862
test acc of task 7 on it's training set: 0.9044
test acc of task 8 : 0.9507
test acc of task 8 on it's training set: 0.9446
test acc of task 9 : 0.9732
test acc of task 9 on it's training set: 0.9955
