dataset          : mnist
data_root        : /data0/user/lxguo/Data
model_name       : owm_fc
batch_size       : 128
num_epochs       : 30
learning_rate    : 0.2
lambda_loss      : 0.001
owmfc_alpha_list : [0.9, 0.6]
owmfc_lambda_list : [0.001, 1.0]
CL_method        : owm
num_hidden       : 800
num_classes      : 11
num_tasks        : 10
momentum         : 0.9
order_list       : [0, 1, 2, 3, 4, 5, 6, 7, 8, 9]
optimizer_type   : SGD
clipgrad         : 10.0
list_eval        : False
shift            : True
data_argmt       : False
data_perturbation : True
argmt_perc       : 0.01
pertur_bound     : 0.125
print_frequency  : 5
Device is cuda
owm_fc(
  (layer_1): OWM_FC_block(
    (W): Linear(in_features=784, out_features=800, bias=False)
    (P): Linear(in_features=784, out_features=784, bias=False)
  )
  (afun_1): ReLU()
  (layer_2): OWM_FC_block(
    (W): Linear(in_features=800, out_features=11, bias=False)
    (P): Linear(in_features=800, out_features=800, bias=False)
  )
)
Training task  0
epoch 5, loss 0.0575, train acc 0.9966, test acc 0.0979, time 1.30 sec
epoch 10, loss 0.0476, train acc 1.0000, test acc 0.0980, time 1.25 sec
epoch 15, loss 0.0472, train acc 0.9998, test acc 0.0980, time 1.15 sec
epoch 20, loss 0.0462, train acc 1.0000, test acc 0.0980, time 1.20 sec
epoch 25, loss 0.0456, train acc 1.0000, test acc 0.0980, time 1.20 sec
epoch 30, loss 0.0451, train acc 1.0000, test acc 0.0980, time 1.24 sec
test acc of task 0 : 1.0000
test acc of task 0 on it's training set: 1.0000
test acc of task 1 : 0.0000
test acc of task 1 on it's training set: 0.0000
test acc of task 2 : 0.0000
test acc of task 2 on it's training set: 0.0000
test acc of task 3 : 0.0000
test acc of task 3 on it's training set: 0.0000
test acc of task 4 : 0.0000
test acc of task 4 on it's training set: 0.0000
test acc of task 5 : 0.0000
test acc of task 5 on it's training set: 0.0000
test acc of task 6 : 0.0000
test acc of task 6 on it's training set: 0.0000
test acc of task 7 : 0.0000
test acc of task 7 on it's training set: 0.0000
test acc of task 8 : 0.0000
test acc of task 8 on it's training set: 0.0000
test acc of task 9 : 0.0000
test acc of task 9 on it's training set: 0.0000
Training task  1
epoch 5, loss 0.0504, train acc 0.9997, test acc 0.2113, time 1.28 sec
epoch 10, loss 0.0485, train acc 0.9999, test acc 0.2113, time 1.15 sec
epoch 15, loss 0.0477, train acc 1.0000, test acc 0.2113, time 1.23 sec
epoch 20, loss 0.0471, train acc 1.0000, test acc 0.2113, time 1.22 sec
epoch 25, loss 0.0468, train acc 1.0000, test acc 0.2113, time 1.32 sec
epoch 30, loss 0.0463, train acc 1.0000, test acc 0.2113, time 1.29 sec
test acc of task 0 : 0.9980
test acc of task 0 on it's training set: 0.9983
test acc of task 1 : 1.0000
test acc of task 1 on it's training set: 1.0000
test acc of task 2 : 0.0000
test acc of task 2 on it's training set: 0.0000
test acc of task 3 : 0.0000
test acc of task 3 on it's training set: 0.0000
test acc of task 4 : 0.0000
test acc of task 4 on it's training set: 0.0000
test acc of task 5 : 0.0000
test acc of task 5 on it's training set: 0.0000
test acc of task 6 : 0.0000
test acc of task 6 on it's training set: 0.0000
test acc of task 7 : 0.0000
test acc of task 7 on it's training set: 0.0000
test acc of task 8 : 0.0000
test acc of task 8 on it's training set: 0.0000
test acc of task 9 : 0.0000
test acc of task 9 on it's training set: 0.0000
Training task  2
epoch 5, loss 0.0872, train acc 0.9927, test acc 0.3122, time 1.29 sec
epoch 10, loss 0.0655, train acc 0.9987, test acc 0.3120, time 1.29 sec
epoch 15, loss 0.0602, train acc 0.9998, test acc 0.3122, time 1.27 sec
epoch 20, loss 0.0580, train acc 0.9998, test acc 0.3122, time 1.31 sec
epoch 25, loss 0.0567, train acc 0.9998, test acc 0.3122, time 1.32 sec
epoch 30, loss 0.0560, train acc 0.9998, test acc 0.3122, time 1.25 sec
test acc of task 0 : 0.9939
test acc of task 0 on it's training set: 0.9934
test acc of task 1 : 0.9903
test acc of task 1 on it's training set: 0.9862
test acc of task 2 : 0.9922
test acc of task 2 on it's training set: 0.9998
test acc of task 3 : 0.0000
test acc of task 3 on it's training set: 0.0000
test acc of task 4 : 0.0000
test acc of task 4 on it's training set: 0.0000
test acc of task 5 : 0.0000
test acc of task 5 on it's training set: 0.0000
test acc of task 6 : 0.0000
test acc of task 6 on it's training set: 0.0000
test acc of task 7 : 0.0000
test acc of task 7 on it's training set: 0.0000
test acc of task 8 : 0.0000
test acc of task 8 on it's training set: 0.0000
test acc of task 9 : 0.0000
test acc of task 9 on it's training set: 0.0000
Training task  3
epoch 5, loss 0.0945, train acc 0.9917, test acc 0.4016, time 1.28 sec
epoch 10, loss 0.0754, train acc 0.9972, test acc 0.4048, time 1.35 sec
epoch 15, loss 0.0686, train acc 0.9994, test acc 0.4060, time 1.31 sec
epoch 20, loss 0.0652, train acc 0.9998, test acc 0.4069, time 1.26 sec
epoch 25, loss 0.0633, train acc 1.0000, test acc 0.4069, time 1.28 sec
epoch 30, loss 0.0621, train acc 1.0000, test acc 0.4075, time 1.24 sec
test acc of task 0 : 0.9939
test acc of task 0 on it's training set: 0.9926
test acc of task 1 : 0.9921
test acc of task 1 on it's training set: 0.9843
test acc of task 2 : 0.9826
test acc of task 2 on it's training set: 0.9898
test acc of task 3 : 0.9515
test acc of task 3 on it's training set: 1.0000
test acc of task 4 : 0.0000
test acc of task 4 on it's training set: 0.0000
test acc of task 5 : 0.0000
test acc of task 5 on it's training set: 0.0000
test acc of task 6 : 0.0000
test acc of task 6 on it's training set: 0.0000
test acc of task 7 : 0.0000
test acc of task 7 on it's training set: 0.0000
test acc of task 8 : 0.0000
test acc of task 8 on it's training set: 0.0000
test acc of task 9 : 0.0000
test acc of task 9 on it's training set: 0.0000
Training task  4
epoch 5, loss 0.1408, train acc 0.9898, test acc 0.5015, time 1.26 sec
epoch 10, loss 0.0984, train acc 0.9966, test acc 0.5012, time 1.26 sec
epoch 15, loss 0.0871, train acc 0.9976, test acc 0.5009, time 1.31 sec
epoch 20, loss 0.0809, train acc 0.9990, test acc 0.5005, time 1.26 sec
epoch 25, loss 0.0775, train acc 0.9992, test acc 0.5005, time 1.28 sec
epoch 30, loss 0.0753, train acc 0.9993, test acc 0.5003, time 1.26 sec
test acc of task 0 : 0.9939
test acc of task 0 on it's training set: 0.9897
test acc of task 1 : 0.9912
test acc of task 1 on it's training set: 0.9815
test acc of task 2 : 0.9690
test acc of task 2 on it's training set: 0.9783
test acc of task 3 : 0.9158
test acc of task 3 on it's training set: 0.9974
test acc of task 4 : 0.9969
test acc of task 4 on it's training set: 0.9993
test acc of task 5 : 0.0000
test acc of task 5 on it's training set: 0.0000
test acc of task 6 : 0.0000
test acc of task 6 on it's training set: 0.0000
test acc of task 7 : 0.0000
test acc of task 7 on it's training set: 0.0000
test acc of task 8 : 0.0000
test acc of task 8 on it's training set: 0.0000
test acc of task 9 : 0.0000
test acc of task 9 on it's training set: 0.0000
Training task  5
epoch 5, loss 0.2669, train acc 0.9610, test acc 0.5762, time 1.19 sec
epoch 10, loss 0.1346, train acc 0.9890, test acc 0.5712, time 1.35 sec
epoch 15, loss 0.1039, train acc 0.9954, test acc 0.5679, time 1.28 sec
epoch 20, loss 0.0907, train acc 0.9982, test acc 0.5664, time 1.33 sec
epoch 25, loss 0.0842, train acc 0.9993, test acc 0.5652, time 1.25 sec
epoch 30, loss 0.0808, train acc 0.9995, test acc 0.5640, time 1.33 sec
test acc of task 0 : 0.9847
test acc of task 0 on it's training set: 0.9823
test acc of task 1 : 0.9903
test acc of task 1 on it's training set: 0.9791
test acc of task 2 : 0.9671
test acc of task 2 on it's training set: 0.9750
test acc of task 3 : 0.6871
test acc of task 3 on it's training set: 0.9773
test acc of task 4 : 0.9929
test acc of task 4 on it's training set: 0.9914
test acc of task 5 : 0.9910
test acc of task 5 on it's training set: 0.9994
test acc of task 6 : 0.0000
test acc of task 6 on it's training set: 0.0000
test acc of task 7 : 0.0000
test acc of task 7 on it's training set: 0.0000
test acc of task 8 : 0.0000
test acc of task 8 on it's training set: 0.0000
test acc of task 9 : 0.0000
test acc of task 9 on it's training set: 0.0000
Training task  6
epoch 5, loss 0.2142, train acc 0.9732, test acc 0.6493, time 1.19 sec
epoch 10, loss 0.1276, train acc 0.9926, test acc 0.6491, time 1.00 sec
epoch 15, loss 0.1045, train acc 0.9958, test acc 0.6482, time 1.15 sec
epoch 20, loss 0.0943, train acc 0.9978, test acc 0.6480, time 1.18 sec
epoch 25, loss 0.0883, train acc 0.9987, test acc 0.6474, time 1.20 sec
epoch 30, loss 0.0846, train acc 0.9990, test acc 0.6466, time 1.18 sec
test acc of task 0 : 0.9796
test acc of task 0 on it's training set: 0.9799
test acc of task 1 : 0.9885
test acc of task 1 on it's training set: 0.9792
test acc of task 2 : 0.9593
test acc of task 2 on it's training set: 0.9688
test acc of task 3 : 0.6267
test acc of task 3 on it's training set: 0.9703
test acc of task 4 : 0.9735
test acc of task 4 on it's training set: 0.9733
test acc of task 5 : 0.9641
test acc of task 5 on it's training set: 0.9692
test acc of task 6 : 0.9864
test acc of task 6 on it's training set: 0.9993
test acc of task 7 : 0.0000
test acc of task 7 on it's training set: 0.0000
test acc of task 8 : 0.0000
test acc of task 8 on it's training set: 0.0000
test acc of task 9 : 0.0000
test acc of task 9 on it's training set: 0.0000
Training task  7
epoch 5, loss 0.2158, train acc 0.9674, test acc 0.7429, time 1.21 sec
epoch 10, loss 0.1352, train acc 0.9886, test acc 0.7423, time 1.24 sec
epoch 15, loss 0.1117, train acc 0.9927, test acc 0.7417, time 1.24 sec
epoch 20, loss 0.1002, train acc 0.9949, test acc 0.7412, time 1.18 sec
epoch 25, loss 0.0933, train acc 0.9962, test acc 0.7402, time 1.19 sec
epoch 30, loss 0.0890, train acc 0.9976, test acc 0.7400, time 1.15 sec
test acc of task 0 : 0.9776
test acc of task 0 on it's training set: 0.9781
test acc of task 1 : 0.9877
test acc of task 1 on it's training set: 0.9775
test acc of task 2 : 0.9351
test acc of task 2 on it's training set: 0.9426
test acc of task 3 : 0.6079
test acc of task 3 on it's training set: 0.9677
test acc of task 4 : 0.9521
test acc of task 4 on it's training set: 0.9587
test acc of task 5 : 0.9585
test acc of task 5 on it's training set: 0.9622
test acc of task 6 : 0.9833
test acc of task 6 on it's training set: 0.9978
test acc of task 7 : 0.9825
test acc of task 7 on it's training set: 0.9976
test acc of task 8 : 0.0000
test acc of task 8 on it's training set: 0.0000
test acc of task 9 : 0.0000
test acc of task 9 on it's training set: 0.0000
Training task  8
epoch 5, loss 0.6302, train acc 0.8689, test acc 0.8202, time 1.27 sec
epoch 10, loss 0.2710, train acc 0.9608, test acc 0.8215, time 1.20 sec
epoch 15, loss 0.1897, train acc 0.9812, test acc 0.8193, time 1.27 sec
epoch 20, loss 0.1550, train acc 0.9883, test acc 0.8167, time 1.21 sec
epoch 25, loss 0.1358, train acc 0.9936, test acc 0.8150, time 1.27 sec
epoch 30, loss 0.1240, train acc 0.9964, test acc 0.8139, time 1.23 sec
test acc of task 0 : 0.9796
test acc of task 0 on it's training set: 0.9730
test acc of task 1 : 0.9648
test acc of task 1 on it's training set: 0.9628
test acc of task 2 : 0.9099
test acc of task 2 on it's training set: 0.9211
test acc of task 3 : 0.5089
test acc of task 3 on it's training set: 0.9607
test acc of task 4 : 0.9470
test acc of task 4 on it's training set: 0.9457
test acc of task 5 : 0.9260
test acc of task 5 on it's training set: 0.9428
test acc of task 6 : 0.9708
test acc of task 6 on it's training set: 0.9861
test acc of task 7 : 0.9718
test acc of task 7 on it's training set: 0.9893
test acc of task 8 : 0.9713
test acc of task 8 on it's training set: 0.9966
test acc of task 9 : 0.0000
test acc of task 9 on it's training set: 0.0000
Training task  9
epoch 5, loss 0.6080, train acc 0.8734, test acc 0.9000, time 0.95 sec
epoch 10, loss 0.2881, train acc 0.9605, test acc 0.9000, time 1.18 sec
epoch 15, loss 0.2046, train acc 0.9808, test acc 0.8968, time 1.17 sec
epoch 20, loss 0.1650, train acc 0.9897, test acc 0.8934, time 1.19 sec
epoch 25, loss 0.1448, train acc 0.9935, test acc 0.8901, time 1.30 sec
epoch 30, loss 0.1330, train acc 0.9968, test acc 0.8890, time 1.23 sec
test acc of task 0 : 0.9786
test acc of task 0 on it's training set: 0.9683
test acc of task 1 : 0.9612
test acc of task 1 on it's training set: 0.9631
test acc of task 2 : 0.8934
test acc of task 2 on it's training set: 0.9080
test acc of task 3 : 0.4921
test acc of task 3 on it's training set: 0.9542
test acc of task 4 : 0.8747
test acc of task 4 on it's training set: 0.8939
test acc of task 5 : 0.9092
test acc of task 5 on it's training set: 0.9257
test acc of task 6 : 0.9687
test acc of task 6 on it's training set: 0.9816
test acc of task 7 : 0.8930
test acc of task 7 on it's training set: 0.9184
test acc of task 8 : 0.9456
test acc of task 8 on it's training set: 0.9660
test acc of task 9 : 0.9752
test acc of task 9 on it's training set: 0.9975
