dataset          : mnist
data_root        : /data0/user/lxguo/Data
model_name       : owm_fc
batch_size       : 128
num_epochs       : 30
learning_rate    : 0.2
lambda_loss      : 0.001
owmfc_alpha_list : [0.9, 0.6]
owmfc_lambda_list : [0.001, 1.0]
CL_method        : owm
num_hidden       : 800
num_classes      : 11
num_tasks        : 10
momentum         : 0.9
order_list       : [0, 1, 2, 3, 4, 5, 6, 7, 8, 9]
optimizer_type   : SGD
clipgrad         : 10.0
list_eval        : False
shift            : True
data_argmt       : False
data_perturbation : True
argmt_perc       : 0.1
pertur_bound     : 0.05
print_frequency  : 5
Device is cuda
owm_fc(
  (layer_1): OWM_FC_block(
    (W): Linear(in_features=784, out_features=800, bias=False)
    (P): Linear(in_features=784, out_features=784, bias=False)
  )
  (afun_1): ReLU()
  (layer_2): OWM_FC_block(
    (W): Linear(in_features=800, out_features=11, bias=False)
    (P): Linear(in_features=800, out_features=800, bias=False)
  )
)
Training task  0
epoch 5, loss 0.0564, train acc 0.9997, test acc 0.0977, time 1.24 sec
epoch 10, loss 0.0516, train acc 1.0000, test acc 0.0976, time 1.04 sec
epoch 15, loss 0.0503, train acc 1.0000, test acc 0.0976, time 1.05 sec
epoch 20, loss 0.0497, train acc 1.0000, test acc 0.0977, time 1.04 sec
epoch 25, loss 0.0492, train acc 1.0000, test acc 0.0977, time 0.91 sec
epoch 30, loss 0.0487, train acc 1.0000, test acc 0.0977, time 1.13 sec
test acc of task 0 : 0.9969
test acc of task 0 on it's training set: 1.0000
test acc of task 1 : 0.0000
test acc of task 1 on it's training set: 0.0000
test acc of task 2 : 0.0000
test acc of task 2 on it's training set: 0.0000
test acc of task 3 : 0.0000
test acc of task 3 on it's training set: 0.0000
test acc of task 4 : 0.0000
test acc of task 4 on it's training set: 0.0000
test acc of task 5 : 0.0000
test acc of task 5 on it's training set: 0.0000
test acc of task 6 : 0.0000
test acc of task 6 on it's training set: 0.0000
test acc of task 7 : 0.0000
test acc of task 7 on it's training set: 0.0000
test acc of task 8 : 0.0000
test acc of task 8 on it's training set: 0.0000
test acc of task 9 : 0.0000
test acc of task 9 on it's training set: 0.0000
Training task  1
epoch 5, loss 0.0555, train acc 0.9995, test acc 0.2109, time 1.25 sec
epoch 10, loss 0.0528, train acc 0.9999, test acc 0.2110, time 1.07 sec
epoch 15, loss 0.0519, train acc 1.0000, test acc 0.2111, time 1.34 sec
epoch 20, loss 0.0512, train acc 1.0000, test acc 0.2111, time 1.32 sec
epoch 25, loss 0.0508, train acc 1.0000, test acc 0.2111, time 1.39 sec
epoch 30, loss 0.0504, train acc 1.0000, test acc 0.2111, time 1.60 sec
test acc of task 0 : 0.9959
test acc of task 0 on it's training set: 0.9961
test acc of task 1 : 1.0000
test acc of task 1 on it's training set: 1.0000
test acc of task 2 : 0.0000
test acc of task 2 on it's training set: 0.0000
test acc of task 3 : 0.0000
test acc of task 3 on it's training set: 0.0000
test acc of task 4 : 0.0000
test acc of task 4 on it's training set: 0.0000
test acc of task 5 : 0.0000
test acc of task 5 on it's training set: 0.0000
test acc of task 6 : 0.0000
test acc of task 6 on it's training set: 0.0000
test acc of task 7 : 0.0000
test acc of task 7 on it's training set: 0.0000
test acc of task 8 : 0.0000
test acc of task 8 on it's training set: 0.0000
test acc of task 9 : 0.0000
test acc of task 9 on it's training set: 0.0000
Training task  2
epoch 5, loss 0.0850, train acc 0.9947, test acc 0.3118, time 1.07 sec
epoch 10, loss 0.0663, train acc 0.9988, test acc 0.3118, time 1.33 sec
epoch 15, loss 0.0615, train acc 0.9994, test acc 0.3116, time 1.20 sec
epoch 20, loss 0.0595, train acc 0.9997, test acc 0.3116, time 1.34 sec
epoch 25, loss 0.0583, train acc 0.9998, test acc 0.3118, time 1.22 sec
epoch 30, loss 0.0576, train acc 0.9998, test acc 0.3118, time 1.35 sec
test acc of task 0 : 0.9898
test acc of task 0 on it's training set: 0.9892
test acc of task 1 : 0.9912
test acc of task 1 on it's training set: 0.9841
test acc of task 2 : 0.9913
test acc of task 2 on it's training set: 0.9998
test acc of task 3 : 0.0000
test acc of task 3 on it's training set: 0.0000
test acc of task 4 : 0.0000
test acc of task 4 on it's training set: 0.0000
test acc of task 5 : 0.0000
test acc of task 5 on it's training set: 0.0000
test acc of task 6 : 0.0000
test acc of task 6 on it's training set: 0.0000
test acc of task 7 : 0.0000
test acc of task 7 on it's training set: 0.0000
test acc of task 8 : 0.0000
test acc of task 8 on it's training set: 0.0000
test acc of task 9 : 0.0000
test acc of task 9 on it's training set: 0.0000
Training task  3
epoch 5, loss 0.0931, train acc 0.9923, test acc 0.4013, time 1.42 sec
epoch 10, loss 0.0740, train acc 0.9981, test acc 0.4046, time 1.30 sec
epoch 15, loss 0.0679, train acc 0.9996, test acc 0.4060, time 1.31 sec
epoch 20, loss 0.0650, train acc 0.9999, test acc 0.4068, time 1.40 sec
epoch 25, loss 0.0632, train acc 0.9999, test acc 0.4076, time 1.32 sec
epoch 30, loss 0.0621, train acc 1.0000, test acc 0.4079, time 1.42 sec
test acc of task 0 : 0.9898
test acc of task 0 on it's training set: 0.9916
test acc of task 1 : 0.9912
test acc of task 1 on it's training set: 0.9846
test acc of task 2 : 0.9806
test acc of task 2 on it's training set: 0.9911
test acc of task 3 : 0.9624
test acc of task 3 on it's training set: 1.0000
test acc of task 4 : 0.0000
test acc of task 4 on it's training set: 0.0000
test acc of task 5 : 0.0000
test acc of task 5 on it's training set: 0.0000
test acc of task 6 : 0.0000
test acc of task 6 on it's training set: 0.0000
test acc of task 7 : 0.0000
test acc of task 7 on it's training set: 0.0000
test acc of task 8 : 0.0000
test acc of task 8 on it's training set: 0.0000
test acc of task 9 : 0.0000
test acc of task 9 on it's training set: 0.0000
Training task  4
epoch 5, loss 0.1261, train acc 0.9893, test acc 0.5018, time 1.35 sec
epoch 10, loss 0.0899, train acc 0.9967, test acc 0.5013, time 1.30 sec
epoch 15, loss 0.0798, train acc 0.9980, test acc 0.5011, time 1.52 sec
epoch 20, loss 0.0750, train acc 0.9988, test acc 0.5005, time 1.31 sec
epoch 25, loss 0.0722, train acc 0.9992, test acc 0.4996, time 1.27 sec
epoch 30, loss 0.0704, train acc 0.9992, test acc 0.4994, time 1.34 sec
test acc of task 0 : 0.9837
test acc of task 0 on it's training set: 0.9835
test acc of task 1 : 0.9885
test acc of task 1 on it's training set: 0.9783
test acc of task 2 : 0.9593
test acc of task 2 on it's training set: 0.9755
test acc of task 3 : 0.9327
test acc of task 3 on it's training set: 0.9979
test acc of task 4 : 0.9939
test acc of task 4 on it's training set: 0.9993
test acc of task 5 : 0.0000
test acc of task 5 on it's training set: 0.0000
test acc of task 6 : 0.0000
test acc of task 6 on it's training set: 0.0000
test acc of task 7 : 0.0000
test acc of task 7 on it's training set: 0.0000
test acc of task 8 : 0.0000
test acc of task 8 on it's training set: 0.0000
test acc of task 9 : 0.0000
test acc of task 9 on it's training set: 0.0000
Training task  5
epoch 5, loss 0.2090, train acc 0.9715, test acc 0.5691, time 1.42 sec
epoch 10, loss 0.1133, train acc 0.9933, test acc 0.5606, time 1.26 sec
epoch 15, loss 0.0922, train acc 0.9973, test acc 0.5549, time 1.31 sec
epoch 20, loss 0.0831, train acc 0.9988, test acc 0.5512, time 1.42 sec
epoch 25, loss 0.0788, train acc 0.9997, test acc 0.5486, time 1.40 sec
epoch 30, loss 0.0759, train acc 0.9998, test acc 0.5462, time 1.45 sec
test acc of task 0 : 0.9816
test acc of task 0 on it's training set: 0.9728
test acc of task 1 : 0.9868
test acc of task 1 on it's training set: 0.9745
test acc of task 2 : 0.9516
test acc of task 2 on it's training set: 0.9678
test acc of task 3 : 0.5366
test acc of task 3 on it's training set: 0.9623
test acc of task 4 : 0.9888
test acc of task 4 on it's training set: 0.9921
test acc of task 5 : 0.9922
test acc of task 5 on it's training set: 0.9998
test acc of task 6 : 0.0000
test acc of task 6 on it's training set: 0.0000
test acc of task 7 : 0.0000
test acc of task 7 on it's training set: 0.0000
test acc of task 8 : 0.0000
test acc of task 8 on it's training set: 0.0000
test acc of task 9 : 0.0000
test acc of task 9 on it's training set: 0.0000
Training task  6
epoch 5, loss 0.1821, train acc 0.9791, test acc 0.6401, time 1.41 sec
epoch 10, loss 0.1136, train acc 0.9929, test acc 0.6394, time 1.32 sec
epoch 15, loss 0.0955, train acc 0.9971, test acc 0.6390, time 1.39 sec
epoch 20, loss 0.0880, train acc 0.9986, test acc 0.6379, time 1.28 sec
epoch 25, loss 0.0832, train acc 0.9994, test acc 0.6368, time 1.28 sec
epoch 30, loss 0.0805, train acc 0.9995, test acc 0.6361, time 1.30 sec
test acc of task 0 : 0.9735
test acc of task 0 on it's training set: 0.9642
test acc of task 1 : 0.9859
test acc of task 1 on it's training set: 0.9760
test acc of task 2 : 0.9409
test acc of task 2 on it's training set: 0.9606
test acc of task 3 : 0.5723
test acc of task 3 on it's training set: 0.9635
test acc of task 4 : 0.9633
test acc of task 4 on it's training set: 0.9742
test acc of task 5 : 0.9473
test acc of task 5 on it's training set: 0.9605
test acc of task 6 : 0.9896
test acc of task 6 on it's training set: 0.9995
test acc of task 7 : 0.0000
test acc of task 7 on it's training set: 0.0000
test acc of task 8 : 0.0000
test acc of task 8 on it's training set: 0.0000
test acc of task 9 : 0.0000
test acc of task 9 on it's training set: 0.0000
Training task  7
epoch 5, loss 0.1984, train acc 0.9703, test acc 0.7369, time 1.45 sec
epoch 10, loss 0.1241, train acc 0.9901, test acc 0.7351, time 1.44 sec
epoch 15, loss 0.1037, train acc 0.9954, test acc 0.7336, time 1.37 sec
epoch 20, loss 0.0942, train acc 0.9975, test acc 0.7312, time 1.29 sec
epoch 25, loss 0.0888, train acc 0.9984, test acc 0.7301, time 1.44 sec
epoch 30, loss 0.0853, train acc 0.9988, test acc 0.7289, time 1.37 sec
test acc of task 0 : 0.9724
test acc of task 0 on it's training set: 0.9612
test acc of task 1 : 0.9815
test acc of task 1 on it's training set: 0.9712
test acc of task 2 : 0.9070
test acc of task 2 on it's training set: 0.9184
test acc of task 3 : 0.5703
test acc of task 3 on it's training set: 0.9613
test acc of task 4 : 0.9369
test acc of task 4 on it's training set: 0.9384
test acc of task 5 : 0.9305
test acc of task 5 on it's training set: 0.9469
test acc of task 6 : 0.9864
test acc of task 6 on it's training set: 0.9988
test acc of task 7 : 0.9874
test acc of task 7 on it's training set: 0.9987
test acc of task 8 : 0.0000
test acc of task 8 on it's training set: 0.0000
test acc of task 9 : 0.0000
test acc of task 9 on it's training set: 0.0000
Training task  8
epoch 5, loss 0.3564, train acc 0.9404, test acc 0.8158, time 1.40 sec
epoch 10, loss 0.1624, train acc 0.9853, test acc 0.8020, time 1.25 sec
epoch 15, loss 0.1239, train acc 0.9952, test acc 0.7918, time 1.30 sec
epoch 20, loss 0.1081, train acc 0.9971, test acc 0.7852, time 1.41 sec
epoch 25, loss 0.0998, train acc 0.9984, test acc 0.7787, time 1.23 sec
epoch 30, loss 0.0947, train acc 0.9992, test acc 0.7719, time 1.20 sec
test acc of task 0 : 0.9663
test acc of task 0 on it's training set: 0.9434
test acc of task 1 : 0.9348
test acc of task 1 on it's training set: 0.9361
test acc of task 2 : 0.8488
test acc of task 2 on it's training set: 0.8600
test acc of task 3 : 0.3297
test acc of task 3 on it's training set: 0.9300
test acc of task 4 : 0.8931
test acc of task 4 on it's training set: 0.8997
test acc of task 5 : 0.8599
test acc of task 5 on it's training set: 0.8952
test acc of task 6 : 0.9593
test acc of task 6 on it's training set: 0.9736
test acc of task 7 : 0.9523
test acc of task 7 on it's training set: 0.9733
test acc of task 8 : 0.9856
test acc of task 8 on it's training set: 0.9993
test acc of task 9 : 0.0000
test acc of task 9 on it's training set: 0.0000
Training task  9
epoch 5, loss 0.3882, train acc 0.9293, test acc 0.8767, time 1.41 sec
epoch 10, loss 0.1768, train acc 0.9815, test acc 0.8649, time 1.27 sec
epoch 15, loss 0.1325, train acc 0.9924, test acc 0.8528, time 1.47 sec
epoch 20, loss 0.1140, train acc 0.9954, test acc 0.8416, time 1.34 sec
epoch 25, loss 0.1039, train acc 0.9969, test acc 0.8338, time 1.28 sec
epoch 30, loss 0.0982, train acc 0.9980, test acc 0.8275, time 1.17 sec
test acc of task 0 : 0.9633
test acc of task 0 on it's training set: 0.9391
test acc of task 1 : 0.9383
test acc of task 1 on it's training set: 0.9419
test acc of task 2 : 0.8547
test acc of task 2 on it's training set: 0.8693
test acc of task 3 : 0.2792
test acc of task 3 on it's training set: 0.9168
test acc of task 4 : 0.7709
test acc of task 4 on it's training set: 0.7910
test acc of task 5 : 0.8363
test acc of task 5 on it's training set: 0.8557
test acc of task 6 : 0.9624
test acc of task 6 on it's training set: 0.9747
test acc of task 7 : 0.7947
test acc of task 7 on it's training set: 0.8187
test acc of task 8 : 0.8860
test acc of task 8 on it's training set: 0.9050
test acc of task 9 : 0.9881
test acc of task 9 on it's training set: 0.9980
