dataset          : mnist
data_root        : /data0/user/lxguo/Data
model_name       : owm_fc
batch_size       : 128
num_epochs       : 30
learning_rate    : 0.2
lambda_loss      : 0.001
owmfc_alpha_list : [0.9, 0.6]
owmfc_lambda_list : [0.001, 1.0]
CL_method        : owm
num_hidden       : 800
num_classes      : 11
num_tasks        : 10
momentum         : 0.9
order_list       : [0, 1, 2, 3, 4, 5, 6, 7, 8, 9]
optimizer_type   : SGD
clipgrad         : 10.0
list_eval        : False
shift            : True
data_argmt       : False
data_perturbation : True
argmt_perc       : 0.015
pertur_bound     : 0.125
print_frequency  : 5
Device is cuda
owm_fc(
  (layer_1): OWM_FC_block(
    (W): Linear(in_features=784, out_features=800, bias=False)
    (P): Linear(in_features=784, out_features=784, bias=False)
  )
  (afun_1): ReLU()
  (layer_2): OWM_FC_block(
    (W): Linear(in_features=800, out_features=11, bias=False)
    (P): Linear(in_features=800, out_features=800, bias=False)
  )
)
Training task  0
epoch 5, loss 0.0492, train acc 0.9998, test acc 0.0979, time 0.82 sec
epoch 10, loss 0.0476, train acc 1.0000, test acc 0.0979, time 0.80 sec
epoch 15, loss 0.0470, train acc 1.0000, test acc 0.0979, time 1.00 sec
epoch 20, loss 0.0462, train acc 1.0000, test acc 0.0979, time 0.82 sec
epoch 25, loss 0.0457, train acc 1.0000, test acc 0.0979, time 0.93 sec
epoch 30, loss 0.0452, train acc 1.0000, test acc 0.0979, time 0.90 sec
test acc of task 0 : 0.9990
test acc of task 0 on it's training set: 1.0000
test acc of task 1 : 0.0000
test acc of task 1 on it's training set: 0.0000
test acc of task 2 : 0.0000
test acc of task 2 on it's training set: 0.0000
test acc of task 3 : 0.0000
test acc of task 3 on it's training set: 0.0000
test acc of task 4 : 0.0000
test acc of task 4 on it's training set: 0.0000
test acc of task 5 : 0.0000
test acc of task 5 on it's training set: 0.0000
test acc of task 6 : 0.0000
test acc of task 6 on it's training set: 0.0000
test acc of task 7 : 0.0000
test acc of task 7 on it's training set: 0.0000
test acc of task 8 : 0.0000
test acc of task 8 on it's training set: 0.0000
test acc of task 9 : 0.0000
test acc of task 9 on it's training set: 0.0000
Training task  1
epoch 5, loss 0.0505, train acc 0.9996, test acc 0.2113, time 0.98 sec
epoch 10, loss 0.0485, train acc 0.9999, test acc 0.2113, time 1.04 sec
epoch 15, loss 0.0477, train acc 1.0000, test acc 0.2113, time 1.17 sec
epoch 20, loss 0.0472, train acc 1.0000, test acc 0.2113, time 1.14 sec
epoch 25, loss 0.0468, train acc 1.0000, test acc 0.2113, time 1.00 sec
epoch 30, loss 0.0464, train acc 1.0000, test acc 0.2113, time 1.17 sec
test acc of task 0 : 0.9980
test acc of task 0 on it's training set: 0.9976
test acc of task 1 : 1.0000
test acc of task 1 on it's training set: 1.0000
test acc of task 2 : 0.0000
test acc of task 2 on it's training set: 0.0000
test acc of task 3 : 0.0000
test acc of task 3 on it's training set: 0.0000
test acc of task 4 : 0.0000
test acc of task 4 on it's training set: 0.0000
test acc of task 5 : 0.0000
test acc of task 5 on it's training set: 0.0000
test acc of task 6 : 0.0000
test acc of task 6 on it's training set: 0.0000
test acc of task 7 : 0.0000
test acc of task 7 on it's training set: 0.0000
test acc of task 8 : 0.0000
test acc of task 8 on it's training set: 0.0000
test acc of task 9 : 0.0000
test acc of task 9 on it's training set: 0.0000
Training task  2
epoch 5, loss 0.0839, train acc 0.9927, test acc 0.3121, time 1.17 sec
epoch 10, loss 0.0640, train acc 0.9992, test acc 0.3124, time 1.11 sec
epoch 15, loss 0.0594, train acc 0.9998, test acc 0.3128, time 1.19 sec
epoch 20, loss 0.0575, train acc 0.9998, test acc 0.3128, time 1.07 sec
epoch 25, loss 0.0563, train acc 0.9998, test acc 0.3128, time 1.13 sec
epoch 30, loss 0.0556, train acc 0.9998, test acc 0.3127, time 1.08 sec
test acc of task 0 : 0.9929
test acc of task 0 on it's training set: 0.9900
test acc of task 1 : 0.9930
test acc of task 1 on it's training set: 0.9871
test acc of task 2 : 0.9952
test acc of task 2 on it's training set: 0.9998
test acc of task 3 : 0.0000
test acc of task 3 on it's training set: 0.0000
test acc of task 4 : 0.0000
test acc of task 4 on it's training set: 0.0000
test acc of task 5 : 0.0000
test acc of task 5 on it's training set: 0.0000
test acc of task 6 : 0.0000
test acc of task 6 on it's training set: 0.0000
test acc of task 7 : 0.0000
test acc of task 7 on it's training set: 0.0000
test acc of task 8 : 0.0000
test acc of task 8 on it's training set: 0.0000
test acc of task 9 : 0.0000
test acc of task 9 on it's training set: 0.0000
Training task  3
epoch 5, loss 0.0993, train acc 0.9894, test acc 0.3983, time 1.16 sec
epoch 10, loss 0.0767, train acc 0.9968, test acc 0.4027, time 1.19 sec
epoch 15, loss 0.0687, train acc 0.9982, test acc 0.4039, time 1.20 sec
epoch 20, loss 0.0649, train acc 0.9992, test acc 0.4049, time 1.32 sec
epoch 25, loss 0.0628, train acc 1.0000, test acc 0.4055, time 1.38 sec
epoch 30, loss 0.0616, train acc 1.0000, test acc 0.4060, time 1.27 sec
test acc of task 0 : 0.9898
test acc of task 0 on it's training set: 0.9907
test acc of task 1 : 0.9930
test acc of task 1 on it's training set: 0.9872
test acc of task 2 : 0.9787
test acc of task 2 on it's training set: 0.9899
test acc of task 3 : 0.9436
test acc of task 3 on it's training set: 1.0000
test acc of task 4 : 0.0000
test acc of task 4 on it's training set: 0.0000
test acc of task 5 : 0.0000
test acc of task 5 on it's training set: 0.0000
test acc of task 6 : 0.0000
test acc of task 6 on it's training set: 0.0000
test acc of task 7 : 0.0000
test acc of task 7 on it's training set: 0.0000
test acc of task 8 : 0.0000
test acc of task 8 on it's training set: 0.0000
test acc of task 9 : 0.0000
test acc of task 9 on it's training set: 0.0000
Training task  4
epoch 5, loss 0.1408, train acc 0.9885, test acc 0.5008, time 1.34 sec
epoch 10, loss 0.0978, train acc 0.9961, test acc 0.5004, time 1.30 sec
epoch 15, loss 0.0854, train acc 0.9978, test acc 0.4999, time 1.26 sec
epoch 20, loss 0.0794, train acc 0.9985, test acc 0.4996, time 1.27 sec
epoch 25, loss 0.0760, train acc 0.9990, test acc 0.4993, time 1.31 sec
epoch 30, loss 0.0738, train acc 0.9993, test acc 0.4994, time 1.27 sec
test acc of task 0 : 0.9878
test acc of task 0 on it's training set: 0.9897
test acc of task 1 : 0.9894
test acc of task 1 on it's training set: 0.9815
test acc of task 2 : 0.9680
test acc of task 2 on it's training set: 0.9768
test acc of task 3 : 0.9178
test acc of task 3 on it's training set: 0.9990
test acc of task 4 : 0.9949
test acc of task 4 on it's training set: 0.9993
test acc of task 5 : 0.0000
test acc of task 5 on it's training set: 0.0000
test acc of task 6 : 0.0000
test acc of task 6 on it's training set: 0.0000
test acc of task 7 : 0.0000
test acc of task 7 on it's training set: 0.0000
test acc of task 8 : 0.0000
test acc of task 8 on it's training set: 0.0000
test acc of task 9 : 0.0000
test acc of task 9 on it's training set: 0.0000
Training task  5
epoch 5, loss 0.2372, train acc 0.9660, test acc 0.5735, time 1.34 sec
epoch 10, loss 0.1264, train acc 0.9902, test acc 0.5686, time 1.34 sec
epoch 15, loss 0.0995, train acc 0.9955, test acc 0.5647, time 1.35 sec
epoch 20, loss 0.0883, train acc 0.9980, test acc 0.5618, time 1.30 sec
epoch 25, loss 0.0825, train acc 0.9996, test acc 0.5602, time 1.21 sec
epoch 30, loss 0.0795, train acc 1.0000, test acc 0.5591, time 1.26 sec
test acc of task 0 : 0.9847
test acc of task 0 on it's training set: 0.9843
test acc of task 1 : 0.9903
test acc of task 1 on it's training set: 0.9809
test acc of task 2 : 0.9622
test acc of task 2 on it's training set: 0.9731
test acc of task 3 : 0.6416
test acc of task 3 on it's training set: 0.9744
test acc of task 4 : 0.9898
test acc of task 4 on it's training set: 0.9933
test acc of task 5 : 0.9966
test acc of task 5 on it's training set: 1.0000
test acc of task 6 : 0.0000
test acc of task 6 on it's training set: 0.0000
test acc of task 7 : 0.0000
test acc of task 7 on it's training set: 0.0000
test acc of task 8 : 0.0000
test acc of task 8 on it's training set: 0.0000
test acc of task 9 : 0.0000
test acc of task 9 on it's training set: 0.0000
Training task  6
epoch 5, loss 0.2148, train acc 0.9715, test acc 0.6468, time 1.28 sec
epoch 10, loss 0.1267, train acc 0.9899, test acc 0.6449, time 1.36 sec
epoch 15, loss 0.1035, train acc 0.9958, test acc 0.6441, time 1.25 sec
epoch 20, loss 0.0927, train acc 0.9980, test acc 0.6435, time 1.23 sec
epoch 25, loss 0.0868, train acc 0.9987, test acc 0.6430, time 1.31 sec
epoch 30, loss 0.0836, train acc 0.9992, test acc 0.6426, time 1.24 sec
test acc of task 0 : 0.9776
test acc of task 0 on it's training set: 0.9792
test acc of task 1 : 0.9894
test acc of task 1 on it's training set: 0.9822
test acc of task 2 : 0.9583
test acc of task 2 on it's training set: 0.9666
test acc of task 3 : 0.5980
test acc of task 3 on it's training set: 0.9706
test acc of task 4 : 0.9725
test acc of task 4 on it's training set: 0.9798
test acc of task 5 : 0.9608
test acc of task 5 on it's training set: 0.9633
test acc of task 6 : 0.9812
test acc of task 6 on it's training set: 0.9993
test acc of task 7 : 0.0000
test acc of task 7 on it's training set: 0.0000
test acc of task 8 : 0.0000
test acc of task 8 on it's training set: 0.0000
test acc of task 9 : 0.0000
test acc of task 9 on it's training set: 0.0000
Training task  7
epoch 5, loss 0.2169, train acc 0.9650, test acc 0.7403, time 1.34 sec
epoch 10, loss 0.1315, train acc 0.9884, test acc 0.7402, time 1.40 sec
epoch 15, loss 0.1080, train acc 0.9931, test acc 0.7397, time 1.27 sec
epoch 20, loss 0.0970, train acc 0.9956, test acc 0.7385, time 1.26 sec
epoch 25, loss 0.0906, train acc 0.9967, test acc 0.7377, time 1.30 sec
epoch 30, loss 0.0866, train acc 0.9978, test acc 0.7374, time 1.40 sec
test acc of task 0 : 0.9755
test acc of task 0 on it's training set: 0.9770
test acc of task 1 : 0.9903
test acc of task 1 on it's training set: 0.9804
test acc of task 2 : 0.9293
test acc of task 2 on it's training set: 0.9352
test acc of task 3 : 0.5911
test acc of task 3 on it's training set: 0.9688
test acc of task 4 : 0.9572
test acc of task 4 on it's training set: 0.9606
test acc of task 5 : 0.9529
test acc of task 5 on it's training set: 0.9581
test acc of task 6 : 0.9812
test acc of task 6 on it's training set: 0.9970
test acc of task 7 : 0.9805
test acc of task 7 on it's training set: 0.9981
test acc of task 8 : 0.0000
test acc of task 8 on it's training set: 0.0000
test acc of task 9 : 0.0000
test acc of task 9 on it's training set: 0.0000
Training task  8
epoch 5, loss 0.5155, train acc 0.8958, test acc 0.8228, time 1.43 sec
epoch 10, loss 0.2411, train acc 0.9677, test acc 0.8225, time 1.44 sec
epoch 15, loss 0.1753, train acc 0.9838, test acc 0.8185, time 1.39 sec
epoch 20, loss 0.1465, train acc 0.9909, test acc 0.8168, time 1.33 sec
epoch 25, loss 0.1305, train acc 0.9948, test acc 0.8149, time 1.42 sec
epoch 30, loss 0.1205, train acc 0.9960, test acc 0.8126, time 1.36 sec
test acc of task 0 : 0.9765
test acc of task 0 on it's training set: 0.9684
test acc of task 1 : 0.9630
test acc of task 1 on it's training set: 0.9588
test acc of task 2 : 0.9021
test acc of task 2 on it's training set: 0.9107
test acc of task 3 : 0.5149
test acc of task 3 on it's training set: 0.9556
test acc of task 4 : 0.9491
test acc of task 4 on it's training set: 0.9457
test acc of task 5 : 0.9260
test acc of task 5 on it's training set: 0.9406
test acc of task 6 : 0.9614
test acc of task 6 on it's training set: 0.9833
test acc of task 7 : 0.9669
test acc of task 7 on it's training set: 0.9898
test acc of task 8 : 0.9774
test acc of task 8 on it's training set: 0.9961
test acc of task 9 : 0.0000
test acc of task 9 on it's training set: 0.0000
Training task  9
epoch 5, loss 0.6443, train acc 0.8644, test acc 0.8977, time 1.36 sec
epoch 10, loss 0.2866, train acc 0.9576, test acc 0.8978, time 1.39 sec
epoch 15, loss 0.1993, train acc 0.9773, test acc 0.8945, time 1.38 sec
epoch 20, loss 0.1606, train acc 0.9876, test acc 0.8902, time 1.32 sec
epoch 25, loss 0.1393, train acc 0.9926, test acc 0.8880, time 1.31 sec
epoch 30, loss 0.1269, train acc 0.9955, test acc 0.8848, time 1.44 sec
test acc of task 0 : 0.9745
test acc of task 0 on it's training set: 0.9679
test acc of task 1 : 0.9577
test acc of task 1 on it's training set: 0.9570
test acc of task 2 : 0.8934
test acc of task 2 on it's training set: 0.9065
test acc of task 3 : 0.4990
test acc of task 3 on it's training set: 0.9537
test acc of task 4 : 0.8758
test acc of task 4 on it's training set: 0.8858
test acc of task 5 : 0.9103
test acc of task 5 on it's training set: 0.9150
test acc of task 6 : 0.9562
test acc of task 6 on it's training set: 0.9789
test acc of task 7 : 0.8696
test acc of task 7 on it's training set: 0.9015
test acc of task 8 : 0.9425
test acc of task 8 on it's training set: 0.9544
test acc of task 9 : 0.9713
test acc of task 9 on it's training set: 0.9961
