dataset          : mnist
data_root        : /data0/user/lxguo/Data
model_name       : owm_fc
batch_size       : 128
num_epochs       : 30
learning_rate    : 0.2
lambda_loss      : 0.001
owmfc_alpha_list : [0.9, 0.6]
owmfc_lambda_list : [0.001, 1.0]
CL_method        : owm
num_hidden       : 800
num_classes      : 11
num_tasks        : 10
momentum         : 0.9
order_list       : [0, 1, 2, 3, 4, 5, 6, 7, 8, 9]
optimizer_type   : SGD
clipgrad         : 10.0
list_eval        : False
shift            : True
data_argmt       : False
data_perturbation : True
argmt_perc       : 0.015
pertur_bound     : 0.125
print_frequency  : 5
Device is cuda
owm_fc(
  (layer_1): OWM_FC_block(
    (W): Linear(in_features=784, out_features=800, bias=False)
    (P): Linear(in_features=784, out_features=784, bias=False)
  )
  (afun_1): ReLU()
  (layer_2): OWM_FC_block(
    (W): Linear(in_features=800, out_features=11, bias=False)
    (P): Linear(in_features=800, out_features=800, bias=False)
  )
)
Training task  0
epoch 5, loss 0.0493, train acc 0.9998, test acc 0.0979, time 1.23 sec
epoch 10, loss 0.0478, train acc 1.0000, test acc 0.0980, time 1.45 sec
epoch 15, loss 0.0472, train acc 1.0000, test acc 0.0980, time 1.40 sec
epoch 20, loss 0.0465, train acc 1.0000, test acc 0.0980, time 1.53 sec
epoch 25, loss 0.0460, train acc 1.0000, test acc 0.0980, time 1.31 sec
epoch 30, loss 0.0455, train acc 1.0000, test acc 0.0980, time 1.32 sec
test acc of task 0 : 1.0000
test acc of task 0 on it's training set: 1.0000
test acc of task 1 : 0.0000
test acc of task 1 on it's training set: 0.0000
test acc of task 2 : 0.0000
test acc of task 2 on it's training set: 0.0000
test acc of task 3 : 0.0000
test acc of task 3 on it's training set: 0.0007
test acc of task 4 : 0.0000
test acc of task 4 on it's training set: 0.0000
test acc of task 5 : 0.0000
test acc of task 5 on it's training set: 0.0000
test acc of task 6 : 0.0000
test acc of task 6 on it's training set: 0.0000
test acc of task 7 : 0.0000
test acc of task 7 on it's training set: 0.0000
test acc of task 8 : 0.0000
test acc of task 8 on it's training set: 0.0000
test acc of task 9 : 0.0000
test acc of task 9 on it's training set: 0.0000
Training task  1
epoch 5, loss 0.0509, train acc 0.9993, test acc 0.2112, time 1.76 sec
epoch 10, loss 0.0486, train acc 0.9997, test acc 0.2114, time 1.32 sec
epoch 15, loss 0.0478, train acc 1.0000, test acc 0.2114, time 1.39 sec
epoch 20, loss 0.0472, train acc 1.0000, test acc 0.2114, time 1.32 sec
epoch 25, loss 0.0468, train acc 1.0000, test acc 0.2114, time 1.37 sec
epoch 30, loss 0.0465, train acc 1.0000, test acc 0.2114, time 1.37 sec
test acc of task 0 : 0.9990
test acc of task 0 on it's training set: 0.9978
test acc of task 1 : 1.0000
test acc of task 1 on it's training set: 1.0000
test acc of task 2 : 0.0000
test acc of task 2 on it's training set: 0.0000
test acc of task 3 : 0.0000
test acc of task 3 on it's training set: 0.0000
test acc of task 4 : 0.0000
test acc of task 4 on it's training set: 0.0000
test acc of task 5 : 0.0000
test acc of task 5 on it's training set: 0.0000
test acc of task 6 : 0.0000
test acc of task 6 on it's training set: 0.0000
test acc of task 7 : 0.0000
test acc of task 7 on it's training set: 0.0000
test acc of task 8 : 0.0000
test acc of task 8 on it's training set: 0.0000
test acc of task 9 : 0.0000
test acc of task 9 on it's training set: 0.0000
Training task  2
epoch 5, loss 0.0907, train acc 0.9926, test acc 0.3119, time 1.30 sec
epoch 10, loss 0.0676, train acc 0.9982, test acc 0.3122, time 1.32 sec
epoch 15, loss 0.0617, train acc 0.9997, test acc 0.3123, time 1.40 sec
epoch 20, loss 0.0594, train acc 0.9998, test acc 0.3125, time 1.46 sec
epoch 25, loss 0.0581, train acc 0.9998, test acc 0.3126, time 1.62 sec
epoch 30, loss 0.0572, train acc 0.9998, test acc 0.3126, time 1.63 sec
test acc of task 0 : 0.9949
test acc of task 0 on it's training set: 0.9943
test acc of task 1 : 0.9938
test acc of task 1 on it's training set: 0.9880
test acc of task 2 : 0.9913
test acc of task 2 on it's training set: 0.9998
test acc of task 3 : 0.0000
test acc of task 3 on it's training set: 0.0000
test acc of task 4 : 0.0000
test acc of task 4 on it's training set: 0.0000
test acc of task 5 : 0.0000
test acc of task 5 on it's training set: 0.0000
test acc of task 6 : 0.0000
test acc of task 6 on it's training set: 0.0000
test acc of task 7 : 0.0000
test acc of task 7 on it's training set: 0.0000
test acc of task 8 : 0.0000
test acc of task 8 on it's training set: 0.0000
test acc of task 9 : 0.0000
test acc of task 9 on it's training set: 0.0000
Training task  3
epoch 5, loss 0.0940, train acc 0.9918, test acc 0.3985, time 1.62 sec
epoch 10, loss 0.0745, train acc 0.9974, test acc 0.4037, time 1.34 sec
epoch 15, loss 0.0679, train acc 0.9995, test acc 0.4050, time 1.77 sec
epoch 20, loss 0.0646, train acc 0.9995, test acc 0.4057, time 1.45 sec
epoch 25, loss 0.0628, train acc 0.9998, test acc 0.4059, time 1.34 sec
epoch 30, loss 0.0617, train acc 1.0000, test acc 0.4061, time 1.53 sec
test acc of task 0 : 0.9908
test acc of task 0 on it's training set: 0.9944
test acc of task 1 : 0.9921
test acc of task 1 on it's training set: 0.9874
test acc of task 2 : 0.9826
test acc of task 2 on it's training set: 0.9918
test acc of task 3 : 0.9406
test acc of task 3 on it's training set: 1.0000
test acc of task 4 : 0.0000
test acc of task 4 on it's training set: 0.0000
test acc of task 5 : 0.0000
test acc of task 5 on it's training set: 0.0000
test acc of task 6 : 0.0000
test acc of task 6 on it's training set: 0.0000
test acc of task 7 : 0.0000
test acc of task 7 on it's training set: 0.0000
test acc of task 8 : 0.0000
test acc of task 8 on it's training set: 0.0000
test acc of task 9 : 0.0000
test acc of task 9 on it's training set: 0.0000
Training task  4
epoch 5, loss 0.1356, train acc 0.9897, test acc 0.5012, time 1.43 sec
epoch 10, loss 0.0960, train acc 0.9971, test acc 0.5013, time 2.03 sec
epoch 15, loss 0.0848, train acc 0.9981, test acc 0.5010, time 1.39 sec
epoch 20, loss 0.0791, train acc 0.9987, test acc 0.5006, time 1.36 sec
epoch 25, loss 0.0757, train acc 0.9992, test acc 0.5006, time 1.46 sec
epoch 30, loss 0.0737, train acc 0.9998, test acc 0.5001, time 1.44 sec
test acc of task 0 : 0.9918
test acc of task 0 on it's training set: 0.9921
test acc of task 1 : 0.9903
test acc of task 1 on it's training set: 0.9829
test acc of task 2 : 0.9680
test acc of task 2 on it's training set: 0.9785
test acc of task 3 : 0.9188
test acc of task 3 on it's training set: 0.9987
test acc of task 4 : 0.9959
test acc of task 4 on it's training set: 0.9998
test acc of task 5 : 0.0000
test acc of task 5 on it's training set: 0.0000
test acc of task 6 : 0.0000
test acc of task 6 on it's training set: 0.0000
test acc of task 7 : 0.0000
test acc of task 7 on it's training set: 0.0000
test acc of task 8 : 0.0000
test acc of task 8 on it's training set: 0.0000
test acc of task 9 : 0.0000
test acc of task 9 on it's training set: 0.0000
Training task  5
epoch 5, loss 0.2390, train acc 0.9642, test acc 0.5746, time 1.40 sec
epoch 10, loss 0.1281, train acc 0.9913, test acc 0.5695, time 1.41 sec
epoch 15, loss 0.1020, train acc 0.9965, test acc 0.5663, time 1.47 sec
epoch 20, loss 0.0905, train acc 0.9982, test acc 0.5636, time 1.59 sec
epoch 25, loss 0.0849, train acc 0.9993, test acc 0.5620, time 1.62 sec
epoch 30, loss 0.0817, train acc 0.9996, test acc 0.5613, time 1.59 sec
test acc of task 0 : 0.9867
test acc of task 0 on it's training set: 0.9835
test acc of task 1 : 0.9903
test acc of task 1 on it's training set: 0.9803
test acc of task 2 : 0.9612
test acc of task 2 on it's training set: 0.9735
test acc of task 3 : 0.6644
test acc of task 3 on it's training set: 0.9762
test acc of task 4 : 0.9919
test acc of task 4 on it's training set: 0.9959
test acc of task 5 : 0.9922
test acc of task 5 on it's training set: 0.9998
test acc of task 6 : 0.0000
test acc of task 6 on it's training set: 0.0000
test acc of task 7 : 0.0000
test acc of task 7 on it's training set: 0.0000
test acc of task 8 : 0.0000
test acc of task 8 on it's training set: 0.0000
test acc of task 9 : 0.0000
test acc of task 9 on it's training set: 0.0000
Training task  6
epoch 5, loss 0.2175, train acc 0.9729, test acc 0.6483, time 1.34 sec
epoch 10, loss 0.1311, train acc 0.9885, test acc 0.6479, time 1.47 sec
epoch 15, loss 0.1049, train acc 0.9950, test acc 0.6480, time 1.51 sec
epoch 20, loss 0.0944, train acc 0.9973, test acc 0.6479, time 1.32 sec
epoch 25, loss 0.0889, train acc 0.9982, test acc 0.6479, time 1.33 sec
epoch 30, loss 0.0848, train acc 0.9992, test acc 0.6478, time 1.44 sec
test acc of task 0 : 0.9816
test acc of task 0 on it's training set: 0.9777
test acc of task 1 : 0.9885
test acc of task 1 on it's training set: 0.9815
test acc of task 2 : 0.9545
test acc of task 2 on it's training set: 0.9654
test acc of task 3 : 0.6366
test acc of task 3 on it's training set: 0.9719
test acc of task 4 : 0.9756
test acc of task 4 on it's training set: 0.9793
test acc of task 5 : 0.9630
test acc of task 5 on it's training set: 0.9637
test acc of task 6 : 0.9906
test acc of task 6 on it's training set: 0.9993
test acc of task 7 : 0.0000
test acc of task 7 on it's training set: 0.0000
test acc of task 8 : 0.0000
test acc of task 8 on it's training set: 0.0000
test acc of task 9 : 0.0000
test acc of task 9 on it's training set: 0.0000
Training task  7
epoch 5, loss 0.2241, train acc 0.9631, test acc 0.7445, time 1.31 sec
epoch 10, loss 0.1351, train acc 0.9865, test acc 0.7438, time 1.10 sec
epoch 15, loss 0.1098, train acc 0.9921, test acc 0.7430, time 1.05 sec
epoch 20, loss 0.0979, train acc 0.9951, test acc 0.7415, time 1.08 sec
epoch 25, loss 0.0913, train acc 0.9964, test acc 0.7413, time 1.31 sec
epoch 30, loss 0.0871, train acc 0.9978, test acc 0.7406, time 0.89 sec
test acc of task 0 : 0.9786
test acc of task 0 on it's training set: 0.9760
test acc of task 1 : 0.9885
test acc of task 1 on it's training set: 0.9786
test acc of task 2 : 0.9234
test acc of task 2 on it's training set: 0.9310
test acc of task 3 : 0.6277
test acc of task 3 on it's training set: 0.9716
test acc of task 4 : 0.9582
test acc of task 4 on it's training set: 0.9550
test acc of task 5 : 0.9462
test acc of task 5 on it's training set: 0.9568
test acc of task 6 : 0.9854
test acc of task 6 on it's training set: 0.9970
test acc of task 7 : 0.9815
test acc of task 7 on it's training set: 0.9979
test acc of task 8 : 0.0000
test acc of task 8 on it's training set: 0.0000
test acc of task 9 : 0.0000
test acc of task 9 on it's training set: 0.0000
Training task  8
epoch 5, loss 0.6175, train acc 0.8672, test acc 0.8229, time 0.86 sec
epoch 10, loss 0.2701, train acc 0.9574, test acc 0.8234, time 0.99 sec
epoch 15, loss 0.1902, train acc 0.9778, test acc 0.8210, time 0.91 sec
epoch 20, loss 0.1560, train acc 0.9886, test acc 0.8180, time 1.11 sec
epoch 25, loss 0.1365, train acc 0.9933, test acc 0.8160, time 1.03 sec
epoch 30, loss 0.1247, train acc 0.9950, test acc 0.8149, time 1.01 sec
test acc of task 0 : 0.9786
test acc of task 0 on it's training set: 0.9713
test acc of task 1 : 0.9674
test acc of task 1 on it's training set: 0.9619
test acc of task 2 : 0.8963
test acc of task 2 on it's training set: 0.9080
test acc of task 3 : 0.5347
test acc of task 3 on it's training set: 0.9584
test acc of task 4 : 0.9460
test acc of task 4 on it's training set: 0.9409
test acc of task 5 : 0.9283
test acc of task 5 on it's training set: 0.9353
test acc of task 6 : 0.9697
test acc of task 6 on it's training set: 0.9860
test acc of task 7 : 0.9708
test acc of task 7 on it's training set: 0.9888
test acc of task 8 : 0.9682
test acc of task 8 on it's training set: 0.9950
test acc of task 9 : 0.0000
test acc of task 9 on it's training set: 0.0000
Training task  9
epoch 5, loss 0.7029, train acc 0.8471, test acc 0.8985, time 1.16 sec
epoch 10, loss 0.2979, train acc 0.9551, test acc 0.9011, time 1.09 sec
epoch 15, loss 0.2027, train acc 0.9778, test acc 0.8985, time 0.90 sec
epoch 20, loss 0.1623, train acc 0.9863, test acc 0.8966, time 1.01 sec
epoch 25, loss 0.1401, train acc 0.9921, test acc 0.8950, time 1.12 sec
epoch 30, loss 0.1268, train acc 0.9947, test acc 0.8924, time 0.96 sec
test acc of task 0 : 0.9776
test acc of task 0 on it's training set: 0.9711
test acc of task 1 : 0.9656
test acc of task 1 on it's training set: 0.9608
test acc of task 2 : 0.8866
test acc of task 2 on it's training set: 0.8990
test acc of task 3 : 0.5168
test acc of task 3 on it's training set: 0.9538
test acc of task 4 : 0.8819
test acc of task 4 on it's training set: 0.8838
test acc of task 5 : 0.9137
test acc of task 5 on it's training set: 0.9146
test acc of task 6 : 0.9687
test acc of task 6 on it's training set: 0.9811
test acc of task 7 : 0.8940
test acc of task 7 on it's training set: 0.9014
test acc of task 8 : 0.9487
test acc of task 8 on it's training set: 0.9574
test acc of task 9 : 0.9722
test acc of task 9 on it's training set: 0.9950
