dataset          : mnist
data_root        : /data0/user/lxguo/Data
model_name       : owm_fc
batch_size       : 128
num_epochs       : 30
learning_rate    : 0.2
lambda_loss      : 0.001
owmfc_alpha_list : [0.9, 0.6]
owmfc_lambda_list : [0.001, 1.0]
CL_method        : owm
num_hidden       : 800
num_classes      : 11
num_tasks        : 10
momentum         : 0.9
order_list       : [0, 1, 2, 3, 4, 5, 6, 7, 8, 9]
optimizer_type   : SGD
clipgrad         : 10.0
list_eval        : False
shift            : True
data_argmt       : False
data_perturbation : True
argmt_perc       : 0.01
pertur_bound     : 0.5
print_frequency  : 5
Device is cuda
owm_fc(
  (layer_1): OWM_FC_block(
    (W): Linear(in_features=784, out_features=800, bias=False)
    (P): Linear(in_features=784, out_features=784, bias=False)
  )
  (afun_1): ReLU()
  (layer_2): OWM_FC_block(
    (W): Linear(in_features=800, out_features=11, bias=False)
    (P): Linear(in_features=800, out_features=800, bias=False)
  )
)
Training task  0
epoch 5, loss 0.0469, train acc 1.0000, test acc 0.0979, time 1.35 sec
epoch 10, loss 0.0461, train acc 1.0000, test acc 0.0979, time 1.36 sec
epoch 15, loss 0.0454, train acc 1.0000, test acc 0.0979, time 1.12 sec
epoch 20, loss 0.0447, train acc 1.0000, test acc 0.0979, time 1.26 sec
epoch 25, loss 0.0441, train acc 1.0000, test acc 0.0979, time 1.29 sec
epoch 30, loss 0.0436, train acc 1.0000, test acc 0.0979, time 1.34 sec
test acc of task 0 : 0.9990
test acc of task 0 on it's training set: 1.0000
test acc of task 1 : 0.0000
test acc of task 1 on it's training set: 0.0000
test acc of task 2 : 0.0000
test acc of task 2 on it's training set: 0.0000
test acc of task 3 : 0.0000
test acc of task 3 on it's training set: 0.0000
test acc of task 4 : 0.0000
test acc of task 4 on it's training set: 0.0000
test acc of task 5 : 0.0000
test acc of task 5 on it's training set: 0.0000
test acc of task 6 : 0.0000
test acc of task 6 on it's training set: 0.0000
test acc of task 7 : 0.0000
test acc of task 7 on it's training set: 0.0000
test acc of task 8 : 0.0000
test acc of task 8 on it's training set: 0.0000
test acc of task 9 : 0.0000
test acc of task 9 on it's training set: 0.0000
Training task  1
epoch 5, loss 0.0511, train acc 0.9993, test acc 0.2113, time 1.32 sec
epoch 10, loss 0.0487, train acc 0.9999, test acc 0.2114, time 1.40 sec
epoch 15, loss 0.0475, train acc 0.9999, test acc 0.2114, time 1.68 sec
epoch 20, loss 0.0468, train acc 0.9999, test acc 0.2114, time 1.66 sec
epoch 25, loss 0.0462, train acc 0.9999, test acc 0.2114, time 1.39 sec
epoch 30, loss 0.0458, train acc 1.0000, test acc 0.2114, time 1.39 sec
test acc of task 0 : 0.9990
test acc of task 0 on it's training set: 0.9995
test acc of task 1 : 1.0000
test acc of task 1 on it's training set: 1.0000
test acc of task 2 : 0.0000
test acc of task 2 on it's training set: 0.0000
test acc of task 3 : 0.0000
test acc of task 3 on it's training set: 0.0000
test acc of task 4 : 0.0000
test acc of task 4 on it's training set: 0.0000
test acc of task 5 : 0.0000
test acc of task 5 on it's training set: 0.0000
test acc of task 6 : 0.0000
test acc of task 6 on it's training set: 0.0000
test acc of task 7 : 0.0000
test acc of task 7 on it's training set: 0.0000
test acc of task 8 : 0.0000
test acc of task 8 on it's training set: 0.0000
test acc of task 9 : 0.0000
test acc of task 9 on it's training set: 0.0000
Training task  2
epoch 5, loss 0.0906, train acc 0.9922, test acc 0.3109, time 1.51 sec
epoch 10, loss 0.0647, train acc 0.9982, test acc 0.3116, time 1.26 sec
epoch 15, loss 0.0590, train acc 0.9997, test acc 0.3116, time 1.28 sec
epoch 20, loss 0.0570, train acc 0.9998, test acc 0.3117, time 1.35 sec
epoch 25, loss 0.0558, train acc 0.9998, test acc 0.3118, time 1.31 sec
epoch 30, loss 0.0552, train acc 0.9998, test acc 0.3119, time 1.42 sec
test acc of task 0 : 0.9959
test acc of task 0 on it's training set: 0.9951
test acc of task 1 : 0.9912
test acc of task 1 on it's training set: 0.9847
test acc of task 2 : 0.9864
test acc of task 2 on it's training set: 0.9998
test acc of task 3 : 0.0000
test acc of task 3 on it's training set: 0.0000
test acc of task 4 : 0.0000
test acc of task 4 on it's training set: 0.0000
test acc of task 5 : 0.0000
test acc of task 5 on it's training set: 0.0000
test acc of task 6 : 0.0000
test acc of task 6 on it's training set: 0.0000
test acc of task 7 : 0.0000
test acc of task 7 on it's training set: 0.0000
test acc of task 8 : 0.0000
test acc of task 8 on it's training set: 0.0000
test acc of task 9 : 0.0000
test acc of task 9 on it's training set: 0.0000
Training task  3
epoch 5, loss 0.0963, train acc 0.9913, test acc 0.4005, time 1.53 sec
epoch 10, loss 0.0761, train acc 0.9968, test acc 0.4039, time 1.34 sec
epoch 15, loss 0.0689, train acc 0.9990, test acc 0.4056, time 1.42 sec
epoch 20, loss 0.0654, train acc 0.9997, test acc 0.4060, time 1.56 sec
epoch 25, loss 0.0635, train acc 0.9998, test acc 0.4067, time 1.28 sec
epoch 30, loss 0.0623, train acc 1.0000, test acc 0.4071, time 1.27 sec
test acc of task 0 : 0.9959
test acc of task 0 on it's training set: 0.9954
test acc of task 1 : 0.9930
test acc of task 1 on it's training set: 0.9859
test acc of task 2 : 0.9787
test acc of task 2 on it's training set: 0.9916
test acc of task 3 : 0.9485
test acc of task 3 on it's training set: 1.0000
test acc of task 4 : 0.0000
test acc of task 4 on it's training set: 0.0000
test acc of task 5 : 0.0000
test acc of task 5 on it's training set: 0.0000
test acc of task 6 : 0.0000
test acc of task 6 on it's training set: 0.0000
test acc of task 7 : 0.0000
test acc of task 7 on it's training set: 0.0000
test acc of task 8 : 0.0000
test acc of task 8 on it's training set: 0.0000
test acc of task 9 : 0.0000
test acc of task 9 on it's training set: 0.0000
Training task  4
epoch 5, loss 0.1345, train acc 0.9901, test acc 0.5005, time 1.52 sec
epoch 10, loss 0.0956, train acc 0.9963, test acc 0.5003, time 1.47 sec
epoch 15, loss 0.0844, train acc 0.9980, test acc 0.5000, time 1.26 sec
epoch 20, loss 0.0788, train acc 0.9985, test acc 0.4999, time 1.40 sec
epoch 25, loss 0.0751, train acc 0.9993, test acc 0.4997, time 1.43 sec
epoch 30, loss 0.0731, train acc 0.9995, test acc 0.4996, time 1.41 sec
test acc of task 0 : 0.9939
test acc of task 0 on it's training set: 0.9921
test acc of task 1 : 0.9912
test acc of task 1 on it's training set: 0.9801
test acc of task 2 : 0.9661
test acc of task 2 on it's training set: 0.9772
test acc of task 3 : 0.9129
test acc of task 3 on it's training set: 0.9977
test acc of task 4 : 0.9959
test acc of task 4 on it's training set: 0.9997
test acc of task 5 : 0.0000
test acc of task 5 on it's training set: 0.0000
test acc of task 6 : 0.0000
test acc of task 6 on it's training set: 0.0000
test acc of task 7 : 0.0000
test acc of task 7 on it's training set: 0.0000
test acc of task 8 : 0.0000
test acc of task 8 on it's training set: 0.0000
test acc of task 9 : 0.0000
test acc of task 9 on it's training set: 0.0000
Training task  5
epoch 5, loss 0.2287, train acc 0.9674, test acc 0.5770, time 1.37 sec
epoch 10, loss 0.1230, train acc 0.9901, test acc 0.5706, time 1.27 sec
epoch 15, loss 0.0973, train acc 0.9974, test acc 0.5660, time 1.47 sec
epoch 20, loss 0.0864, train acc 0.9984, test acc 0.5641, time 1.29 sec
epoch 25, loss 0.0813, train acc 0.9998, test acc 0.5625, time 1.40 sec
epoch 30, loss 0.0787, train acc 1.0000, test acc 0.5607, time 1.21 sec
test acc of task 0 : 0.9898
test acc of task 0 on it's training set: 0.9856
test acc of task 1 : 0.9877
test acc of task 1 on it's training set: 0.9773
test acc of task 2 : 0.9632
test acc of task 2 on it's training set: 0.9736
test acc of task 3 : 0.6505
test acc of task 3 on it's training set: 0.9754
test acc of task 4 : 0.9959
test acc of task 4 on it's training set: 0.9944
test acc of task 5 : 0.9944
test acc of task 5 on it's training set: 1.0000
test acc of task 6 : 0.0000
test acc of task 6 on it's training set: 0.0000
test acc of task 7 : 0.0000
test acc of task 7 on it's training set: 0.0000
test acc of task 8 : 0.0000
test acc of task 8 on it's training set: 0.0000
test acc of task 9 : 0.0000
test acc of task 9 on it's training set: 0.0000
Training task  6
epoch 5, loss 0.2060, train acc 0.9728, test acc 0.6459, time 1.31 sec
epoch 10, loss 0.1217, train acc 0.9913, test acc 0.6459, time 1.42 sec
epoch 15, loss 0.1009, train acc 0.9956, test acc 0.6451, time 1.38 sec
epoch 20, loss 0.0918, train acc 0.9990, test acc 0.6445, time 1.42 sec
epoch 25, loss 0.0861, train acc 0.9992, test acc 0.6439, time 1.23 sec
epoch 30, loss 0.0829, train acc 0.9995, test acc 0.6440, time 1.13 sec
test acc of task 0 : 0.9827
test acc of task 0 on it's training set: 0.9828
test acc of task 1 : 0.9868
test acc of task 1 on it's training set: 0.9785
test acc of task 2 : 0.9554
test acc of task 2 on it's training set: 0.9673
test acc of task 3 : 0.6010
test acc of task 3 on it's training set: 0.9682
test acc of task 4 : 0.9847
test acc of task 4 on it's training set: 0.9822
test acc of task 5 : 0.9608
test acc of task 5 on it's training set: 0.9611
test acc of task 6 : 0.9812
test acc of task 6 on it's training set: 0.9995
test acc of task 7 : 0.0000
test acc of task 7 on it's training set: 0.0000
test acc of task 8 : 0.0000
test acc of task 8 on it's training set: 0.0000
test acc of task 9 : 0.0000
test acc of task 9 on it's training set: 0.0000
Training task  7
epoch 5, loss 0.2277, train acc 0.9614, test acc 0.7408, time 1.15 sec
epoch 10, loss 0.1376, train acc 0.9857, test acc 0.7402, time 1.24 sec
epoch 15, loss 0.1113, train acc 0.9921, test acc 0.7401, time 1.27 sec
epoch 20, loss 0.0989, train acc 0.9952, test acc 0.7392, time 1.12 sec
epoch 25, loss 0.0918, train acc 0.9970, test acc 0.7389, time 1.23 sec
epoch 30, loss 0.0874, train acc 0.9975, test acc 0.7385, time 1.07 sec
test acc of task 0 : 0.9816
test acc of task 0 on it's training set: 0.9818
test acc of task 1 : 0.9868
test acc of task 1 on it's training set: 0.9761
test acc of task 2 : 0.9302
test acc of task 2 on it's training set: 0.9374
test acc of task 3 : 0.5891
test acc of task 3 on it's training set: 0.9684
test acc of task 4 : 0.9674
test acc of task 4 on it's training set: 0.9610
test acc of task 5 : 0.9473
test acc of task 5 on it's training set: 0.9537
test acc of task 6 : 0.9802
test acc of task 6 on it's training set: 0.9976
test acc of task 7 : 0.9864
test acc of task 7 on it's training set: 0.9974
test acc of task 8 : 0.0000
test acc of task 8 on it's training set: 0.0000
test acc of task 9 : 0.0000
test acc of task 9 on it's training set: 0.0000
Training task  8
epoch 5, loss 0.5059, train acc 0.9016, test acc 0.8227, time 1.00 sec
epoch 10, loss 0.2337, train acc 0.9686, test acc 0.8214, time 1.09 sec
epoch 15, loss 0.1697, train acc 0.9839, test acc 0.8193, time 1.11 sec
epoch 20, loss 0.1420, train acc 0.9903, test acc 0.8176, time 1.12 sec
epoch 25, loss 0.1263, train acc 0.9939, test acc 0.8162, time 1.11 sec
epoch 30, loss 0.1163, train acc 0.9963, test acc 0.8146, time 1.17 sec
test acc of task 0 : 0.9786
test acc of task 0 on it's training set: 0.9732
test acc of task 1 : 0.9630
test acc of task 1 on it's training set: 0.9586
test acc of task 2 : 0.8983
test acc of task 2 on it's training set: 0.9090
test acc of task 3 : 0.5020
test acc of task 3 on it's training set: 0.9574
test acc of task 4 : 0.9572
test acc of task 4 on it's training set: 0.9483
test acc of task 5 : 0.9305
test acc of task 5 on it's training set: 0.9388
test acc of task 6 : 0.9687
test acc of task 6 on it's training set: 0.9814
test acc of task 7 : 0.9776
test acc of task 7 on it's training set: 0.9885
test acc of task 8 : 0.9825
test acc of task 8 on it's training set: 0.9966
test acc of task 9 : 0.0000
test acc of task 9 on it's training set: 0.0000
Training task  9
epoch 5, loss 0.5354, train acc 0.8921, test acc 0.9026, time 1.03 sec
epoch 10, loss 0.2534, train acc 0.9645, test acc 0.8998, time 0.98 sec
epoch 15, loss 0.1809, train acc 0.9823, test acc 0.8959, time 0.91 sec
epoch 20, loss 0.1496, train acc 0.9893, test acc 0.8936, time 1.05 sec
epoch 25, loss 0.1322, train acc 0.9943, test acc 0.8907, time 0.95 sec
epoch 30, loss 0.1210, train acc 0.9967, test acc 0.8880, time 1.01 sec
test acc of task 0 : 0.9776
test acc of task 0 on it's training set: 0.9708
test acc of task 1 : 0.9639
test acc of task 1 on it's training set: 0.9562
test acc of task 2 : 0.8953
test acc of task 2 on it's training set: 0.9025
test acc of task 3 : 0.4881
test acc of task 3 on it's training set: 0.9449
test acc of task 4 : 0.8758
test acc of task 4 on it's training set: 0.8843
test acc of task 5 : 0.9126
test acc of task 5 on it's training set: 0.9159
test acc of task 6 : 0.9582
test acc of task 6 on it's training set: 0.9770
test acc of task 7 : 0.8862
test acc of task 7 on it's training set: 0.8905
test acc of task 8 : 0.9425
test acc of task 8 on it's training set: 0.9486
test acc of task 9 : 0.9812
test acc of task 9 on it's training set: 0.9970
