dataset          : mnist
data_root        : /data0/user/lxguo/Data
model_name       : owm_fc
batch_size       : 128
num_epochs       : 30
learning_rate    : 0.2
lambda_loss      : 0.001
owmfc_alpha_list : [0.9, 0.6]
owmfc_lambda_list : [0.001, 1.0]
CL_method        : owm
num_hidden       : 800
num_classes      : 11
num_tasks        : 11
momentum         : 0.9
order_list       : [10, 0, 1, 2, 3, 4, 5, 6, 7, 8, 9]
optimizer_type   : SGD
clipgrad         : 10.0
list_eval        : False
shift            : False
argmt_perc       : 4.0
learn_noise_before : True
print_frequency  : 5
Device is cuda
owm_fc(
  (layer_1): OWM_FC_block(
    (W): Linear(in_features=784, out_features=800, bias=False)
    (P): Linear(in_features=784, out_features=784, bias=False)
  )
  (afun_1): ReLU()
  (layer_2): OWM_FC_block(
    (W): Linear(in_features=800, out_features=11, bias=False)
    (P): Linear(in_features=800, out_features=800, bias=False)
  )
)
Training task  10
epoch 5, loss 0.0374, train acc 1.0000, test acc 0.0000, time 15.28 sec
epoch 10, loss 0.0362, train acc 1.0000, test acc 0.0000, time 15.41 sec
epoch 15, loss 0.0359, train acc 1.0000, test acc 0.0000, time 15.39 sec
epoch 20, loss 0.0357, train acc 1.0000, test acc 0.0000, time 13.73 sec
epoch 25, loss 0.0356, train acc 1.0000, test acc 0.0000, time 14.06 sec
epoch 30, loss 0.0355, train acc 1.0000, test acc 0.0000, time 12.45 sec
test acc of task 0 : 0.0000
test acc of task 0 on it's training set: 0.0000
test acc of task 1 : 0.0000
test acc of task 1 on it's training set: 0.0000
test acc of task 2 : 0.0000
test acc of task 2 on it's training set: 0.0000
test acc of task 3 : 0.0000
test acc of task 3 on it's training set: 0.0000
test acc of task 4 : 0.0000
test acc of task 4 on it's training set: 0.0000
test acc of task 5 : 0.0000
test acc of task 5 on it's training set: 0.0000
test acc of task 6 : 0.0000
test acc of task 6 on it's training set: 0.0000
test acc of task 7 : 0.0000
test acc of task 7 on it's training set: 0.0000
test acc of task 8 : 0.0000
test acc of task 8 on it's training set: 0.0000
test acc of task 9 : 0.0000
test acc of task 9 on it's training set: 0.0000
test acc of task 10 : 1.0000
test acc of task 10 on it's training set: 1.0000
Training task  0
epoch 5, loss 0.1109, train acc 1.0000, test acc 0.0980, time 1.96 sec
epoch 10, loss 0.0900, train acc 1.0000, test acc 0.0980, time 1.93 sec
epoch 15, loss 0.0841, train acc 1.0000, test acc 0.0980, time 1.97 sec
epoch 20, loss 0.0813, train acc 1.0000, test acc 0.0980, time 2.02 sec
epoch 25, loss 0.0795, train acc 1.0000, test acc 0.0980, time 2.00 sec
epoch 30, loss 0.0784, train acc 1.0000, test acc 0.0980, time 1.95 sec
test acc of task 0 : 1.0000
test acc of task 0 on it's training set: 1.0000
test acc of task 1 : 0.0000
test acc of task 1 on it's training set: 0.0000
test acc of task 2 : 0.0000
test acc of task 2 on it's training set: 0.0000
test acc of task 3 : 0.0000
test acc of task 3 on it's training set: 0.0000
test acc of task 4 : 0.0000
test acc of task 4 on it's training set: 0.0000
test acc of task 5 : 0.0000
test acc of task 5 on it's training set: 0.0000
test acc of task 6 : 0.0000
test acc of task 6 on it's training set: 0.0000
test acc of task 7 : 0.0000
test acc of task 7 on it's training set: 0.0000
test acc of task 8 : 0.0000
test acc of task 8 on it's training set: 0.0000
test acc of task 9 : 0.0000
test acc of task 9 on it's training set: 0.0000
test acc of task 10 : 1.0000
test acc of task 10 on it's training set: 1.0000
Training task  1
epoch 5, loss 0.1300, train acc 0.9969, test acc 0.2112, time 1.93 sec
epoch 10, loss 0.0960, train acc 0.9988, test acc 0.2113, time 1.97 sec
epoch 15, loss 0.0863, train acc 0.9997, test acc 0.2113, time 2.01 sec
epoch 20, loss 0.0817, train acc 0.9999, test acc 0.2113, time 1.98 sec
epoch 25, loss 0.0789, train acc 0.9999, test acc 0.2112, time 2.00 sec
epoch 30, loss 0.0770, train acc 0.9999, test acc 0.2111, time 1.98 sec
test acc of task 0 : 0.9959
test acc of task 0 on it's training set: 0.9936
test acc of task 1 : 1.0000
test acc of task 1 on it's training set: 0.9999
test acc of task 2 : 0.0000
test acc of task 2 on it's training set: 0.0000
test acc of task 3 : 0.0000
test acc of task 3 on it's training set: 0.0000
test acc of task 4 : 0.0000
test acc of task 4 on it's training set: 0.0000
test acc of task 5 : 0.0000
test acc of task 5 on it's training set: 0.0000
test acc of task 6 : 0.0000
test acc of task 6 on it's training set: 0.0000
test acc of task 7 : 0.0000
test acc of task 7 on it's training set: 0.0000
test acc of task 8 : 0.0000
test acc of task 8 on it's training set: 0.0000
test acc of task 9 : 0.0000
test acc of task 9 on it's training set: 0.0000
test acc of task 10 : 1.0000
test acc of task 10 on it's training set: 1.0000
Training task  2
epoch 5, loss 0.3580, train acc 0.9533, test acc 0.3088, time 1.98 sec
epoch 10, loss 0.2058, train acc 0.9829, test acc 0.3105, time 2.01 sec
epoch 15, loss 0.1635, train acc 0.9893, test acc 0.3102, time 1.99 sec
epoch 20, loss 0.1457, train acc 0.9911, test acc 0.3095, time 1.90 sec
epoch 25, loss 0.1344, train acc 0.9928, test acc 0.3087, time 1.96 sec
epoch 30, loss 0.1277, train acc 0.9943, test acc 0.3081, time 1.88 sec
test acc of task 0 : 0.9592
test acc of task 0 on it's training set: 0.9331
test acc of task 1 : 0.9841
test acc of task 1 on it's training set: 0.9782
test acc of task 2 : 0.9922
test acc of task 2 on it's training set: 0.9943
test acc of task 3 : 0.0000
test acc of task 3 on it's training set: 0.0000
test acc of task 4 : 0.0000
test acc of task 4 on it's training set: 0.0000
test acc of task 5 : 0.0000
test acc of task 5 on it's training set: 0.0000
test acc of task 6 : 0.0000
test acc of task 6 on it's training set: 0.0000
test acc of task 7 : 0.0000
test acc of task 7 on it's training set: 0.0000
test acc of task 8 : 0.0000
test acc of task 8 on it's training set: 0.0000
test acc of task 9 : 0.0000
test acc of task 9 on it's training set: 0.0000
test acc of task 10 : 1.0000
test acc of task 10 on it's training set: 1.0000
Training task  3
epoch 5, loss 0.4153, train acc 0.9317, test acc 0.4031, time 1.99 sec
epoch 10, loss 0.2382, train acc 0.9671, test acc 0.4036, time 1.98 sec
epoch 15, loss 0.1864, train acc 0.9793, test acc 0.4021, time 1.99 sec
epoch 20, loss 0.1627, train acc 0.9865, test acc 0.4021, time 1.87 sec
epoch 25, loss 0.1488, train acc 0.9894, test acc 0.4012, time 1.97 sec
epoch 30, loss 0.1395, train acc 0.9910, test acc 0.4007, time 1.96 sec
test acc of task 0 : 0.9367
test acc of task 0 on it's training set: 0.9173
test acc of task 1 : 0.9797
test acc of task 1 on it's training set: 0.9653
test acc of task 2 : 0.9428
test acc of task 2 on it's training set: 0.9382
test acc of task 3 : 0.9941
test acc of task 3 on it's training set: 0.9910
test acc of task 4 : 0.0000
test acc of task 4 on it's training set: 0.0000
test acc of task 5 : 0.0000
test acc of task 5 on it's training set: 0.0000
test acc of task 6 : 0.0000
test acc of task 6 on it's training set: 0.0000
test acc of task 7 : 0.0000
test acc of task 7 on it's training set: 0.0000
test acc of task 8 : 0.0000
test acc of task 8 on it's training set: 0.0000
test acc of task 9 : 0.0000
test acc of task 9 on it's training set: 0.0000
test acc of task 10 : 1.0000
test acc of task 10 on it's training set: 1.0000
Training task  4
epoch 5, loss 0.3381, train acc 0.9671, test acc 0.4963, time 1.97 sec
epoch 10, loss 0.1915, train acc 0.9877, test acc 0.4969, time 1.99 sec
epoch 15, loss 0.1556, train acc 0.9928, test acc 0.4968, time 1.87 sec
epoch 20, loss 0.1406, train acc 0.9949, test acc 0.4964, time 1.97 sec
epoch 25, loss 0.1321, train acc 0.9954, test acc 0.4960, time 1.94 sec
epoch 30, loss 0.1263, train acc 0.9961, test acc 0.4952, time 1.95 sec
test acc of task 0 : 0.9347
test acc of task 0 on it's training set: 0.9168
test acc of task 1 : 0.9868
test acc of task 1 on it's training set: 0.9729
test acc of task 2 : 0.9109
test acc of task 2 on it's training set: 0.9109
test acc of task 3 : 0.9842
test acc of task 3 on it's training set: 0.9713
test acc of task 4 : 1.0000
test acc of task 4 on it's training set: 0.9964
test acc of task 5 : 0.0000
test acc of task 5 on it's training set: 0.0000
test acc of task 6 : 0.0000
test acc of task 6 on it's training set: 0.0000
test acc of task 7 : 0.0000
test acc of task 7 on it's training set: 0.0000
test acc of task 8 : 0.0000
test acc of task 8 on it's training set: 0.0000
test acc of task 9 : 0.0000
test acc of task 9 on it's training set: 0.0000
test acc of task 10 : 1.0000
test acc of task 10 on it's training set: 1.0000
Training task  5
epoch 5, loss 0.9095, train acc 0.7707, test acc 0.5654, time 2.05 sec
epoch 10, loss 0.4587, train acc 0.9222, test acc 0.5736, time 1.86 sec
epoch 15, loss 0.3130, train acc 0.9581, test acc 0.5733, time 1.90 sec
epoch 20, loss 0.2527, train acc 0.9699, test acc 0.5716, time 1.97 sec
epoch 25, loss 0.2169, train acc 0.9773, test acc 0.5703, time 1.89 sec
epoch 30, loss 0.1961, train acc 0.9814, test acc 0.5686, time 1.96 sec
test acc of task 0 : 0.9184
test acc of task 0 on it's training set: 0.8938
test acc of task 1 : 0.9859
test acc of task 1 on it's training set: 0.9714
test acc of task 2 : 0.8828
test acc of task 2 on it's training set: 0.8911
test acc of task 3 : 0.8941
test acc of task 3 on it's training set: 0.8809
test acc of task 4 : 0.9888
test acc of task 4 on it's training set: 0.9829
test acc of task 5 : 0.9888
test acc of task 5 on it's training set: 0.9817
test acc of task 6 : 0.0000
test acc of task 6 on it's training set: 0.0000
test acc of task 7 : 0.0000
test acc of task 7 on it's training set: 0.0000
test acc of task 8 : 0.0000
test acc of task 8 on it's training set: 0.0000
test acc of task 9 : 0.0000
test acc of task 9 on it's training set: 0.0000
test acc of task 10 : 1.0000
test acc of task 10 on it's training set: 1.0000
Training task  6
epoch 5, loss 0.4755, train acc 0.9170, test acc 0.6573, time 1.93 sec
epoch 10, loss 0.2568, train acc 0.9654, test acc 0.6582, time 1.96 sec
epoch 15, loss 0.2002, train acc 0.9823, test acc 0.6578, time 1.59 sec
epoch 20, loss 0.1747, train acc 0.9872, test acc 0.6577, time 1.99 sec
epoch 25, loss 0.1625, train acc 0.9890, test acc 0.6569, time 1.98 sec
epoch 30, loss 0.1503, train acc 0.9912, test acc 0.6558, time 1.96 sec
test acc of task 0 : 0.9286
test acc of task 0 on it's training set: 0.9065
test acc of task 1 : 0.9841
test acc of task 1 on it's training set: 0.9702
test acc of task 2 : 0.8721
test acc of task 2 on it's training set: 0.8776
test acc of task 3 : 0.9030
test acc of task 3 on it's training set: 0.8809
test acc of task 4 : 0.9684
test acc of task 4 on it's training set: 0.9617
test acc of task 5 : 0.9215
test acc of task 5 on it's training set: 0.9203
test acc of task 6 : 0.9875
test acc of task 6 on it's training set: 0.9914
test acc of task 7 : 0.0000
test acc of task 7 on it's training set: 0.0000
test acc of task 8 : 0.0000
test acc of task 8 on it's training set: 0.0000
test acc of task 9 : 0.0000
test acc of task 9 on it's training set: 0.0000
test acc of task 10 : 1.0000
test acc of task 10 on it's training set: 1.0000
Training task  7
epoch 5, loss 0.5569, train acc 0.8994, test acc 0.7494, time 1.92 sec
epoch 10, loss 0.2980, train acc 0.9596, test acc 0.7518, time 1.91 sec
epoch 15, loss 0.2281, train acc 0.9738, test acc 0.7508, time 1.98 sec
epoch 20, loss 0.1975, train acc 0.9820, test acc 0.7500, time 1.94 sec
epoch 25, loss 0.1796, train acc 0.9858, test acc 0.7487, time 1.94 sec
epoch 30, loss 0.1675, train acc 0.9874, test acc 0.7482, time 1.93 sec
test acc of task 0 : 0.9224
test acc of task 0 on it's training set: 0.9046
test acc of task 1 : 0.9850
test acc of task 1 on it's training set: 0.9712
test acc of task 2 : 0.8605
test acc of task 2 on it's training set: 0.8468
test acc of task 3 : 0.8871
test acc of task 3 on it's training set: 0.8622
test acc of task 4 : 0.9501
test acc of task 4 on it's training set: 0.9495
test acc of task 5 : 0.8946
test acc of task 5 on it's training set: 0.9028
test acc of task 6 : 0.9802
test acc of task 6 on it's training set: 0.9861
test acc of task 7 : 0.9786
test acc of task 7 on it's training set: 0.9874
test acc of task 8 : 0.0000
test acc of task 8 on it's training set: 0.0000
test acc of task 9 : 0.0000
test acc of task 9 on it's training set: 0.0000
test acc of task 10 : 1.0000
test acc of task 10 on it's training set: 1.0000
Training task  8
epoch 5, loss 1.1215, train acc 0.7031, test acc 0.8212, time 1.30 sec
epoch 10, loss 0.6634, train acc 0.8648, test acc 0.8309, time 1.44 sec
epoch 15, loss 0.4779, train acc 0.9168, test acc 0.8308, time 1.33 sec
epoch 20, loss 0.3916, train acc 0.9373, test acc 0.8294, time 1.44 sec
epoch 25, loss 0.3447, train acc 0.9487, test acc 0.8268, time 1.55 sec
epoch 30, loss 0.3138, train acc 0.9583, test acc 0.8261, time 1.41 sec
test acc of task 0 : 0.9194
test acc of task 0 on it's training set: 0.8973
test acc of task 1 : 0.9515
test acc of task 1 on it's training set: 0.9472
test acc of task 2 : 0.8333
test acc of task 2 on it's training set: 0.8280
test acc of task 3 : 0.8644
test acc of task 3 on it's training set: 0.8485
test acc of task 4 : 0.9328
test acc of task 4 on it's training set: 0.9271
test acc of task 5 : 0.8913
test acc of task 5 on it's training set: 0.8939
test acc of task 6 : 0.9541
test acc of task 6 on it's training set: 0.9679
test acc of task 7 : 0.9611
test acc of task 7 on it's training set: 0.9749
test acc of task 8 : 0.9589
test acc of task 8 on it's training set: 0.9597
test acc of task 9 : 0.0000
test acc of task 9 on it's training set: 0.0000
test acc of task 10 : 1.0000
test acc of task 10 on it's training set: 1.0000
Training task  9
epoch 5, loss 1.2768, train acc 0.6628, test acc 0.8973, time 1.85 sec
epoch 10, loss 0.7127, train acc 0.8578, test acc 0.9063, time 1.74 sec
epoch 15, loss 0.4980, train acc 0.9114, test acc 0.9051, time 1.69 sec
epoch 20, loss 0.3953, train acc 0.9375, test acc 0.9037, time 1.59 sec
epoch 25, loss 0.3385, train acc 0.9521, test acc 0.9030, time 1.57 sec
epoch 30, loss 0.3028, train acc 0.9620, test acc 0.9019, time 1.61 sec
test acc of task 0 : 0.9051
test acc of task 0 on it's training set: 0.8864
test acc of task 1 : 0.9568
test acc of task 1 on it's training set: 0.9419
test acc of task 2 : 0.8207
test acc of task 2 on it's training set: 0.8231
test acc of task 3 : 0.8545
test acc of task 3 on it's training set: 0.8397
test acc of task 4 : 0.8595
test acc of task 4 on it's training set: 0.8752
test acc of task 5 : 0.8857
test acc of task 5 on it's training set: 0.8744
test acc of task 6 : 0.9426
test acc of task 6 on it's training set: 0.9620
test acc of task 7 : 0.9018
test acc of task 7 on it's training set: 0.9036
test acc of task 8 : 0.9394
test acc of task 8 on it's training set: 0.9284
test acc of task 9 : 0.9485
test acc of task 9 on it's training set: 0.9630
test acc of task 10 : 1.0000
test acc of task 10 on it's training set: 1.0000
