dataset          : mnist
data_root        : /data0/user/lxguo/Data
model_name       : owm_fc
batch_size       : 128
num_epochs       : 30
learning_rate    : 0.2
lambda_loss      : 0.001
owmfc_alpha_list : [0.9, 0.6]
owmfc_lambda_list : [0.001, 1.0]
CL_method        : owm
num_hidden       : 800
num_classes      : 11
num_tasks        : 10
momentum         : 0.9
order_list       : [0, 1, 2, 3, 4, 5, 6, 7, 8, 9]
optimizer_type   : SGD
clipgrad         : 10.0
list_eval        : False
shift            : True
data_argmt       : False
data_perturbation : True
argmt_perc       : 0.01
pertur_bound     : 0.5
print_frequency  : 5
Device is cuda
owm_fc(
  (layer_1): OWM_FC_block(
    (W): Linear(in_features=784, out_features=800, bias=False)
    (P): Linear(in_features=784, out_features=784, bias=False)
  )
  (afun_1): ReLU()
  (layer_2): OWM_FC_block(
    (W): Linear(in_features=800, out_features=11, bias=False)
    (P): Linear(in_features=800, out_features=800, bias=False)
  )
)
Training task  0
epoch 5, loss 0.0474, train acc 1.0000, test acc 0.0980, time 1.32 sec
epoch 10, loss 0.0466, train acc 1.0000, test acc 0.0980, time 1.41 sec
epoch 15, loss 0.0460, train acc 1.0000, test acc 0.0980, time 1.31 sec
epoch 20, loss 0.0453, train acc 1.0000, test acc 0.0980, time 1.42 sec
epoch 25, loss 0.0449, train acc 0.9998, test acc 0.0980, time 1.32 sec
epoch 30, loss 0.0443, train acc 1.0000, test acc 0.0980, time 1.40 sec
test acc of task 0 : 0.9990
test acc of task 0 on it's training set: 1.0000
test acc of task 1 : 0.0000
test acc of task 1 on it's training set: 0.0000
test acc of task 2 : 0.0010
test acc of task 2 on it's training set: 0.0002
test acc of task 3 : 0.0000
test acc of task 3 on it's training set: 0.0000
test acc of task 4 : 0.0000
test acc of task 4 on it's training set: 0.0000
test acc of task 5 : 0.0000
test acc of task 5 on it's training set: 0.0000
test acc of task 6 : 0.0000
test acc of task 6 on it's training set: 0.0000
test acc of task 7 : 0.0000
test acc of task 7 on it's training set: 0.0000
test acc of task 8 : 0.0000
test acc of task 8 on it's training set: 0.0000
test acc of task 9 : 0.0000
test acc of task 9 on it's training set: 0.0000
Training task  1
epoch 5, loss 0.0509, train acc 0.9993, test acc 0.2112, time 1.29 sec
epoch 10, loss 0.0486, train acc 0.9999, test acc 0.2113, time 1.69 sec
epoch 15, loss 0.0475, train acc 0.9999, test acc 0.2113, time 1.27 sec
epoch 20, loss 0.0469, train acc 1.0000, test acc 0.2114, time 1.29 sec
epoch 25, loss 0.0464, train acc 1.0000, test acc 0.2114, time 1.42 sec
epoch 30, loss 0.0461, train acc 1.0000, test acc 0.2114, time 1.33 sec
test acc of task 0 : 0.9990
test acc of task 0 on it's training set: 0.9993
test acc of task 1 : 1.0000
test acc of task 1 on it's training set: 1.0000
test acc of task 2 : 0.0000
test acc of task 2 on it's training set: 0.0000
test acc of task 3 : 0.0000
test acc of task 3 on it's training set: 0.0000
test acc of task 4 : 0.0000
test acc of task 4 on it's training set: 0.0000
test acc of task 5 : 0.0000
test acc of task 5 on it's training set: 0.0000
test acc of task 6 : 0.0000
test acc of task 6 on it's training set: 0.0000
test acc of task 7 : 0.0000
test acc of task 7 on it's training set: 0.0000
test acc of task 8 : 0.0000
test acc of task 8 on it's training set: 0.0000
test acc of task 9 : 0.0000
test acc of task 9 on it's training set: 0.0000
Training task  2
epoch 5, loss 0.0869, train acc 0.9922, test acc 0.3116, time 1.22 sec
epoch 10, loss 0.0633, train acc 0.9988, test acc 0.3119, time 1.51 sec
epoch 15, loss 0.0583, train acc 0.9997, test acc 0.3122, time 1.38 sec
epoch 20, loss 0.0565, train acc 0.9998, test acc 0.3121, time 1.32 sec
epoch 25, loss 0.0554, train acc 0.9998, test acc 0.3121, time 1.34 sec
epoch 30, loss 0.0549, train acc 0.9998, test acc 0.3121, time 1.29 sec
test acc of task 0 : 0.9959
test acc of task 0 on it's training set: 0.9958
test acc of task 1 : 0.9903
test acc of task 1 on it's training set: 0.9853
test acc of task 2 : 0.9893
test acc of task 2 on it's training set: 0.9998
test acc of task 3 : 0.0000
test acc of task 3 on it's training set: 0.0000
test acc of task 4 : 0.0000
test acc of task 4 on it's training set: 0.0000
test acc of task 5 : 0.0000
test acc of task 5 on it's training set: 0.0000
test acc of task 6 : 0.0000
test acc of task 6 on it's training set: 0.0000
test acc of task 7 : 0.0000
test acc of task 7 on it's training set: 0.0000
test acc of task 8 : 0.0000
test acc of task 8 on it's training set: 0.0000
test acc of task 9 : 0.0000
test acc of task 9 on it's training set: 0.0000
Training task  3
epoch 5, loss 0.0978, train acc 0.9892, test acc 0.3979, time 1.19 sec
epoch 10, loss 0.0754, train acc 0.9971, test acc 0.4031, time 1.47 sec
epoch 15, loss 0.0679, train acc 0.9989, test acc 0.4044, time 1.33 sec
epoch 20, loss 0.0645, train acc 0.9995, test acc 0.4053, time 1.38 sec
epoch 25, loss 0.0626, train acc 1.0000, test acc 0.4057, time 1.39 sec
epoch 30, loss 0.0615, train acc 1.0000, test acc 0.4061, time 1.40 sec
test acc of task 0 : 0.9969
test acc of task 0 on it's training set: 0.9968
test acc of task 1 : 0.9921
test acc of task 1 on it's training set: 0.9841
test acc of task 2 : 0.9767
test acc of task 2 on it's training set: 0.9877
test acc of task 3 : 0.9406
test acc of task 3 on it's training set: 1.0000
test acc of task 4 : 0.0000
test acc of task 4 on it's training set: 0.0000
test acc of task 5 : 0.0000
test acc of task 5 on it's training set: 0.0000
test acc of task 6 : 0.0000
test acc of task 6 on it's training set: 0.0000
test acc of task 7 : 0.0000
test acc of task 7 on it's training set: 0.0000
test acc of task 8 : 0.0000
test acc of task 8 on it's training set: 0.0000
test acc of task 9 : 0.0000
test acc of task 9 on it's training set: 0.0000
Training task  4
epoch 5, loss 0.1393, train acc 0.9893, test acc 0.5003, time 1.34 sec
epoch 10, loss 0.0975, train acc 0.9964, test acc 0.5002, time 1.35 sec
epoch 15, loss 0.0861, train acc 0.9985, test acc 0.5005, time 1.33 sec
epoch 20, loss 0.0806, train acc 0.9992, test acc 0.5005, time 1.29 sec
epoch 25, loss 0.0774, train acc 0.9993, test acc 0.5002, time 1.30 sec
epoch 30, loss 0.0753, train acc 0.9995, test acc 0.4999, time 1.26 sec
test acc of task 0 : 0.9949
test acc of task 0 on it's training set: 0.9932
test acc of task 1 : 0.9894
test acc of task 1 on it's training set: 0.9800
test acc of task 2 : 0.9661
test acc of task 2 on it's training set: 0.9768
test acc of task 3 : 0.9158
test acc of task 3 on it's training set: 0.9977
test acc of task 4 : 0.9969
test acc of task 4 on it's training set: 0.9995
test acc of task 5 : 0.0000
test acc of task 5 on it's training set: 0.0000
test acc of task 6 : 0.0000
test acc of task 6 on it's training set: 0.0000
test acc of task 7 : 0.0000
test acc of task 7 on it's training set: 0.0000
test acc of task 8 : 0.0000
test acc of task 8 on it's training set: 0.0000
test acc of task 9 : 0.0000
test acc of task 9 on it's training set: 0.0000
Training task  5
epoch 5, loss 0.2658, train acc 0.9599, test acc 0.5751, time 1.28 sec
epoch 10, loss 0.1354, train acc 0.9897, test acc 0.5708, time 1.20 sec
epoch 15, loss 0.1036, train acc 0.9963, test acc 0.5680, time 1.17 sec
epoch 20, loss 0.0908, train acc 0.9980, test acc 0.5658, time 1.27 sec
epoch 25, loss 0.0840, train acc 0.9991, test acc 0.5640, time 1.23 sec
epoch 30, loss 0.0806, train acc 0.9995, test acc 0.5629, time 1.31 sec
test acc of task 0 : 0.9878
test acc of task 0 on it's training set: 0.9870
test acc of task 1 : 0.9894
test acc of task 1 on it's training set: 0.9770
test acc of task 2 : 0.9661
test acc of task 2 on it's training set: 0.9728
test acc of task 3 : 0.6802
test acc of task 3 on it's training set: 0.9760
test acc of task 4 : 0.9919
test acc of task 4 on it's training set: 0.9926
test acc of task 5 : 0.9865
test acc of task 5 on it's training set: 0.9994
test acc of task 6 : 0.0000
test acc of task 6 on it's training set: 0.0000
test acc of task 7 : 0.0000
test acc of task 7 on it's training set: 0.0000
test acc of task 8 : 0.0000
test acc of task 8 on it's training set: 0.0000
test acc of task 9 : 0.0000
test acc of task 9 on it's training set: 0.0000
Training task  6
epoch 5, loss 0.2204, train acc 0.9683, test acc 0.6507, time 1.07 sec
epoch 10, loss 0.1280, train acc 0.9898, test acc 0.6496, time 1.06 sec
epoch 15, loss 0.1052, train acc 0.9951, test acc 0.6481, time 1.12 sec
epoch 20, loss 0.0957, train acc 0.9980, test acc 0.6471, time 1.05 sec
epoch 25, loss 0.0890, train acc 0.9988, test acc 0.6468, time 1.15 sec
epoch 30, loss 0.0854, train acc 0.9988, test acc 0.6465, time 1.16 sec
test acc of task 0 : 0.9888
test acc of task 0 on it's training set: 0.9870
test acc of task 1 : 0.9877
test acc of task 1 on it's training set: 0.9782
test acc of task 2 : 0.9622
test acc of task 2 on it's training set: 0.9671
test acc of task 3 : 0.6248
test acc of task 3 on it's training set: 0.9697
test acc of task 4 : 0.9766
test acc of task 4 on it's training set: 0.9788
test acc of task 5 : 0.9540
test acc of task 5 on it's training set: 0.9616
test acc of task 6 : 0.9823
test acc of task 6 on it's training set: 0.9988
test acc of task 7 : 0.0000
test acc of task 7 on it's training set: 0.0000
test acc of task 8 : 0.0000
test acc of task 8 on it's training set: 0.0000
test acc of task 9 : 0.0000
test acc of task 9 on it's training set: 0.0000
Training task  7
epoch 5, loss 0.2414, train acc 0.9595, test acc 0.7434, time 1.34 sec
epoch 10, loss 0.1396, train acc 0.9864, test acc 0.7415, time 1.21 sec
epoch 15, loss 0.1125, train acc 0.9938, test acc 0.7398, time 1.17 sec
epoch 20, loss 0.1003, train acc 0.9956, test acc 0.7390, time 1.19 sec
epoch 25, loss 0.0933, train acc 0.9968, test acc 0.7380, time 1.19 sec
epoch 30, loss 0.0890, train acc 0.9979, test acc 0.7376, time 1.13 sec
test acc of task 0 : 0.9847
test acc of task 0 on it's training set: 0.9845
test acc of task 1 : 0.9868
test acc of task 1 on it's training set: 0.9745
test acc of task 2 : 0.9176
test acc of task 2 on it's training set: 0.9317
test acc of task 3 : 0.6109
test acc of task 3 on it's training set: 0.9659
test acc of task 4 : 0.9491
test acc of task 4 on it's training set: 0.9545
test acc of task 5 : 0.9428
test acc of task 5 on it's training set: 0.9552
test acc of task 6 : 0.9823
test acc of task 6 on it's training set: 0.9970
test acc of task 7 : 0.9854
test acc of task 7 on it's training set: 0.9979
test acc of task 8 : 0.0000
test acc of task 8 on it's training set: 0.0000
test acc of task 9 : 0.0000
test acc of task 9 on it's training set: 0.0000
Training task  8
epoch 5, loss 0.5292, train acc 0.8927, test acc 0.8219, time 1.16 sec
epoch 10, loss 0.2414, train acc 0.9649, test acc 0.8202, time 1.18 sec
epoch 15, loss 0.1734, train acc 0.9832, test acc 0.8156, time 1.06 sec
epoch 20, loss 0.1432, train acc 0.9912, test acc 0.8128, time 0.91 sec
epoch 25, loss 0.1267, train acc 0.9953, test acc 0.8108, time 0.94 sec
epoch 30, loss 0.1165, train acc 0.9973, test acc 0.8094, time 0.86 sec
test acc of task 0 : 0.9776
test acc of task 0 on it's training set: 0.9770
test acc of task 1 : 0.9595
test acc of task 1 on it's training set: 0.9558
test acc of task 2 : 0.9012
test acc of task 2 on it's training set: 0.9067
test acc of task 3 : 0.4832
test acc of task 3 on it's training set: 0.9517
test acc of task 4 : 0.9470
test acc of task 4 on it's training set: 0.9384
test acc of task 5 : 0.9182
test acc of task 5 on it's training set: 0.9410
test acc of task 6 : 0.9687
test acc of task 6 on it's training set: 0.9801
test acc of task 7 : 0.9708
test acc of task 7 on it's training set: 0.9864
test acc of task 8 : 0.9795
test acc of task 8 on it's training set: 0.9974
test acc of task 9 : 0.0000
test acc of task 9 on it's training set: 0.0000
Training task  9
epoch 5, loss 0.5689, train acc 0.8796, test acc 0.8955, time 0.86 sec
epoch 10, loss 0.2696, train acc 0.9611, test acc 0.8928, time 0.91 sec
epoch 15, loss 0.1907, train acc 0.9800, test acc 0.8909, time 0.84 sec
epoch 20, loss 0.1560, train acc 0.9897, test acc 0.8887, time 0.95 sec
epoch 25, loss 0.1371, train acc 0.9935, test acc 0.8858, time 0.90 sec
epoch 30, loss 0.1252, train acc 0.9960, test acc 0.8840, time 0.83 sec
test acc of task 0 : 0.9776
test acc of task 0 on it's training set: 0.9748
test acc of task 1 : 0.9586
test acc of task 1 on it's training set: 0.9551
test acc of task 2 : 0.8983
test acc of task 2 on it's training set: 0.9015
test acc of task 3 : 0.4505
test acc of task 3 on it's training set: 0.9462
test acc of task 4 : 0.8717
test acc of task 4 on it's training set: 0.8865
test acc of task 5 : 0.9081
test acc of task 5 on it's training set: 0.9161
test acc of task 6 : 0.9666
test acc of task 6 on it's training set: 0.9753
test acc of task 7 : 0.8813
test acc of task 7 on it's training set: 0.8910
test acc of task 8 : 0.9487
test acc of task 8 on it's training set: 0.9617
test acc of task 9 : 0.9812
test acc of task 9 on it's training set: 0.9963
