dataset          : mnist
data_root        : /data0/user/lxguo/Data
model_name       : owm_fc
batch_size       : 128
num_epochs       : 30
learning_rate    : 0.2
lambda_loss      : 0.001
owmfc_alpha_list : [0.9, 0.6]
owmfc_lambda_list : [0.001, 1.0]
CL_method        : owm
num_hidden       : 800
num_classes      : 11
num_tasks        : 10
momentum         : 0.9
order_list       : [0, 1, 2, 3, 4, 5, 6, 7, 8, 9]
optimizer_type   : SGD
clipgrad         : 10.0
list_eval        : False
shift            : True
data_argmt       : False
data_perturbation : True
argmt_perc       : 0.015
pertur_bound     : 0.125
print_frequency  : 5
Device is cuda
owm_fc(
  (layer_1): OWM_FC_block(
    (W): Linear(in_features=784, out_features=800, bias=False)
    (P): Linear(in_features=784, out_features=784, bias=False)
  )
  (afun_1): ReLU()
  (layer_2): OWM_FC_block(
    (W): Linear(in_features=800, out_features=11, bias=False)
    (P): Linear(in_features=800, out_features=800, bias=False)
  )
)
Training task  0
epoch 5, loss 0.0487, train acc 1.0000, test acc 0.0980, time 1.00 sec
epoch 10, loss 0.0477, train acc 1.0000, test acc 0.0980, time 0.86 sec
epoch 15, loss 0.0471, train acc 0.9998, test acc 0.0980, time 1.03 sec
epoch 20, loss 0.0464, train acc 1.0000, test acc 0.0980, time 1.03 sec
epoch 25, loss 0.0458, train acc 1.0000, test acc 0.0980, time 1.17 sec
epoch 30, loss 0.0453, train acc 1.0000, test acc 0.0980, time 1.14 sec
test acc of task 0 : 1.0000
test acc of task 0 on it's training set: 1.0000
test acc of task 1 : 0.0000
test acc of task 1 on it's training set: 0.0000
test acc of task 2 : 0.0000
test acc of task 2 on it's training set: 0.0000
test acc of task 3 : 0.0000
test acc of task 3 on it's training set: 0.0000
test acc of task 4 : 0.0000
test acc of task 4 on it's training set: 0.0000
test acc of task 5 : 0.0000
test acc of task 5 on it's training set: 0.0000
test acc of task 6 : 0.0000
test acc of task 6 on it's training set: 0.0000
test acc of task 7 : 0.0000
test acc of task 7 on it's training set: 0.0000
test acc of task 8 : 0.0000
test acc of task 8 on it's training set: 0.0000
test acc of task 9 : 0.0000
test acc of task 9 on it's training set: 0.0000
Training task  1
epoch 5, loss 0.0507, train acc 0.9994, test acc 0.2113, time 1.20 sec
epoch 10, loss 0.0488, train acc 1.0000, test acc 0.2113, time 1.18 sec
epoch 15, loss 0.0480, train acc 1.0000, test acc 0.2113, time 1.27 sec
epoch 20, loss 0.0475, train acc 1.0000, test acc 0.2113, time 1.43 sec
epoch 25, loss 0.0470, train acc 1.0000, test acc 0.2113, time 1.30 sec
epoch 30, loss 0.0467, train acc 1.0000, test acc 0.2112, time 1.20 sec
test acc of task 0 : 0.9969
test acc of task 0 on it's training set: 0.9971
test acc of task 1 : 1.0000
test acc of task 1 on it's training set: 1.0000
test acc of task 2 : 0.0000
test acc of task 2 on it's training set: 0.0000
test acc of task 3 : 0.0000
test acc of task 3 on it's training set: 0.0000
test acc of task 4 : 0.0000
test acc of task 4 on it's training set: 0.0000
test acc of task 5 : 0.0000
test acc of task 5 on it's training set: 0.0000
test acc of task 6 : 0.0000
test acc of task 6 on it's training set: 0.0000
test acc of task 7 : 0.0000
test acc of task 7 on it's training set: 0.0000
test acc of task 8 : 0.0000
test acc of task 8 on it's training set: 0.0000
test acc of task 9 : 0.0000
test acc of task 9 on it's training set: 0.0000
Training task  2
epoch 5, loss 0.0835, train acc 0.9939, test acc 0.3115, time 1.21 sec
epoch 10, loss 0.0647, train acc 0.9987, test acc 0.3114, time 1.26 sec
epoch 15, loss 0.0602, train acc 0.9998, test acc 0.3115, time 1.24 sec
epoch 20, loss 0.0581, train acc 0.9998, test acc 0.3116, time 1.43 sec
epoch 25, loss 0.0570, train acc 0.9998, test acc 0.3117, time 1.32 sec
epoch 30, loss 0.0563, train acc 0.9998, test acc 0.3117, time 1.24 sec
test acc of task 0 : 0.9888
test acc of task 0 on it's training set: 0.9911
test acc of task 1 : 0.9930
test acc of task 1 on it's training set: 0.9861
test acc of task 2 : 0.9893
test acc of task 2 on it's training set: 0.9998
test acc of task 3 : 0.0000
test acc of task 3 on it's training set: 0.0000
test acc of task 4 : 0.0000
test acc of task 4 on it's training set: 0.0000
test acc of task 5 : 0.0000
test acc of task 5 on it's training set: 0.0000
test acc of task 6 : 0.0000
test acc of task 6 on it's training set: 0.0000
test acc of task 7 : 0.0000
test acc of task 7 on it's training set: 0.0000
test acc of task 8 : 0.0000
test acc of task 8 on it's training set: 0.0000
test acc of task 9 : 0.0000
test acc of task 9 on it's training set: 0.0000
Training task  3
epoch 5, loss 0.0968, train acc 0.9907, test acc 0.3972, time 1.29 sec
epoch 10, loss 0.0755, train acc 0.9969, test acc 0.4025, time 1.35 sec
epoch 15, loss 0.0683, train acc 0.9992, test acc 0.4046, time 1.34 sec
epoch 20, loss 0.0649, train acc 0.9997, test acc 0.4055, time 1.32 sec
epoch 25, loss 0.0629, train acc 0.9997, test acc 0.4059, time 1.31 sec
epoch 30, loss 0.0617, train acc 0.9998, test acc 0.4066, time 1.22 sec
test acc of task 0 : 0.9939
test acc of task 0 on it's training set: 0.9926
test acc of task 1 : 0.9921
test acc of task 1 on it's training set: 0.9862
test acc of task 2 : 0.9855
test acc of task 2 on it's training set: 0.9916
test acc of task 3 : 0.9396
test acc of task 3 on it's training set: 0.9998
test acc of task 4 : 0.0000
test acc of task 4 on it's training set: 0.0000
test acc of task 5 : 0.0000
test acc of task 5 on it's training set: 0.0000
test acc of task 6 : 0.0000
test acc of task 6 on it's training set: 0.0000
test acc of task 7 : 0.0000
test acc of task 7 on it's training set: 0.0000
test acc of task 8 : 0.0000
test acc of task 8 on it's training set: 0.0000
test acc of task 9 : 0.0000
test acc of task 9 on it's training set: 0.0000
Training task  4
epoch 5, loss 0.1386, train acc 0.9885, test acc 0.4989, time 1.24 sec
epoch 10, loss 0.0977, train acc 0.9958, test acc 0.4986, time 1.31 sec
epoch 15, loss 0.0852, train acc 0.9976, test acc 0.4982, time 1.33 sec
epoch 20, loss 0.0794, train acc 0.9988, test acc 0.4983, time 1.29 sec
epoch 25, loss 0.0759, train acc 0.9990, test acc 0.4982, time 1.24 sec
epoch 30, loss 0.0738, train acc 0.9995, test acc 0.4977, time 1.23 sec
test acc of task 0 : 0.9898
test acc of task 0 on it's training set: 0.9894
test acc of task 1 : 0.9903
test acc of task 1 on it's training set: 0.9826
test acc of task 2 : 0.9719
test acc of task 2 on it's training set: 0.9792
test acc of task 3 : 0.8941
test acc of task 3 on it's training set: 0.9985
test acc of task 4 : 0.9949
test acc of task 4 on it's training set: 0.9995
test acc of task 5 : 0.0000
test acc of task 5 on it's training set: 0.0000
test acc of task 6 : 0.0000
test acc of task 6 on it's training set: 0.0000
test acc of task 7 : 0.0000
test acc of task 7 on it's training set: 0.0000
test acc of task 8 : 0.0000
test acc of task 8 on it's training set: 0.0000
test acc of task 9 : 0.0000
test acc of task 9 on it's training set: 0.0000
Training task  5
epoch 5, loss 0.2347, train acc 0.9653, test acc 0.5739, time 1.25 sec
epoch 10, loss 0.1257, train acc 0.9911, test acc 0.5701, time 1.22 sec
epoch 15, loss 0.0994, train acc 0.9967, test acc 0.5665, time 1.30 sec
epoch 20, loss 0.0882, train acc 0.9989, test acc 0.5641, time 1.42 sec
epoch 25, loss 0.0830, train acc 0.9996, test acc 0.5622, time 1.30 sec
epoch 30, loss 0.0800, train acc 0.9998, test acc 0.5612, time 1.33 sec
test acc of task 0 : 0.9857
test acc of task 0 on it's training set: 0.9840
test acc of task 1 : 0.9885
test acc of task 1 on it's training set: 0.9800
test acc of task 2 : 0.9671
test acc of task 2 on it's training set: 0.9767
test acc of task 3 : 0.6604
test acc of task 3 on it's training set: 0.9783
test acc of task 4 : 0.9898
test acc of task 4 on it's training set: 0.9938
test acc of task 5 : 0.9944
test acc of task 5 on it's training set: 0.9998
test acc of task 6 : 0.0000
test acc of task 6 on it's training set: 0.0000
test acc of task 7 : 0.0000
test acc of task 7 on it's training set: 0.0000
test acc of task 8 : 0.0000
test acc of task 8 on it's training set: 0.0000
test acc of task 9 : 0.0000
test acc of task 9 on it's training set: 0.0000
Training task  6
epoch 5, loss 0.2063, train acc 0.9719, test acc 0.6489, time 1.29 sec
epoch 10, loss 0.1232, train acc 0.9912, test acc 0.6492, time 1.24 sec
epoch 15, loss 0.1010, train acc 0.9955, test acc 0.6488, time 1.19 sec
epoch 20, loss 0.0913, train acc 0.9980, test acc 0.6490, time 1.26 sec
epoch 25, loss 0.0859, train acc 0.9987, test acc 0.6491, time 1.30 sec
epoch 30, loss 0.0825, train acc 0.9995, test acc 0.6484, time 1.25 sec
test acc of task 0 : 0.9806
test acc of task 0 on it's training set: 0.9813
test acc of task 1 : 0.9877
test acc of task 1 on it's training set: 0.9813
test acc of task 2 : 0.9603
test acc of task 2 on it's training set: 0.9649
test acc of task 3 : 0.6347
test acc of task 3 on it's training set: 0.9724
test acc of task 4 : 0.9807
test acc of task 4 on it's training set: 0.9793
test acc of task 5 : 0.9675
test acc of task 5 on it's training set: 0.9729
test acc of task 6 : 0.9854
test acc of task 6 on it's training set: 0.9995
test acc of task 7 : 0.0000
test acc of task 7 on it's training set: 0.0000
test acc of task 8 : 0.0000
test acc of task 8 on it's training set: 0.0000
test acc of task 9 : 0.0000
test acc of task 9 on it's training set: 0.0000
Training task  7
epoch 5, loss 0.2156, train acc 0.9665, test acc 0.7448, time 1.26 sec
epoch 10, loss 0.1337, train acc 0.9876, test acc 0.7440, time 1.20 sec
epoch 15, loss 0.1097, train acc 0.9934, test acc 0.7426, time 1.26 sec
epoch 20, loss 0.0982, train acc 0.9954, test acc 0.7419, time 1.25 sec
epoch 25, loss 0.0916, train acc 0.9970, test acc 0.7410, time 1.32 sec
epoch 30, loss 0.0875, train acc 0.9973, test acc 0.7403, time 1.23 sec
test acc of task 0 : 0.9765
test acc of task 0 on it's training set: 0.9786
test acc of task 1 : 0.9894
test acc of task 1 on it's training set: 0.9788
test acc of task 2 : 0.9360
test acc of task 2 on it's training set: 0.9352
test acc of task 3 : 0.6139
test acc of task 3 on it's training set: 0.9698
test acc of task 4 : 0.9532
test acc of task 4 on it's training set: 0.9558
test acc of task 5 : 0.9529
test acc of task 5 on it's training set: 0.9642
test acc of task 6 : 0.9791
test acc of task 6 on it's training set: 0.9976
test acc of task 7 : 0.9854
test acc of task 7 on it's training set: 0.9979
test acc of task 8 : 0.0000
test acc of task 8 on it's training set: 0.0000
test acc of task 9 : 0.0000
test acc of task 9 on it's training set: 0.0000
Training task  8
epoch 5, loss 0.5422, train acc 0.8908, test acc 0.8257, time 1.28 sec
epoch 10, loss 0.2550, train acc 0.9636, test acc 0.8249, time 1.28 sec
epoch 15, loss 0.1825, train acc 0.9820, test acc 0.8226, time 1.30 sec
epoch 20, loss 0.1502, train acc 0.9901, test acc 0.8201, time 1.30 sec
epoch 25, loss 0.1322, train acc 0.9943, test acc 0.8170, time 1.26 sec
epoch 30, loss 0.1210, train acc 0.9968, test acc 0.8156, time 1.33 sec
test acc of task 0 : 0.9745
test acc of task 0 on it's training set: 0.9720
test acc of task 1 : 0.9700
test acc of task 1 on it's training set: 0.9641
test acc of task 2 : 0.9002
test acc of task 2 on it's training set: 0.9112
test acc of task 3 : 0.5327
test acc of task 3 on it's training set: 0.9537
test acc of task 4 : 0.9409
test acc of task 4 on it's training set: 0.9351
test acc of task 5 : 0.9283
test acc of task 5 on it's training set: 0.9437
test acc of task 6 : 0.9624
test acc of task 6 on it's training set: 0.9826
test acc of task 7 : 0.9776
test acc of task 7 on it's training set: 0.9866
test acc of task 8 : 0.9795
test acc of task 8 on it's training set: 0.9968
test acc of task 9 : 0.0000
test acc of task 9 on it's training set: 0.0000
Training task  9
epoch 5, loss 0.5868, train acc 0.8807, test acc 0.9024, time 1.27 sec
epoch 10, loss 0.2763, train acc 0.9624, test acc 0.9038, time 1.32 sec
epoch 15, loss 0.1943, train acc 0.9825, test acc 0.9004, time 1.22 sec
epoch 20, loss 0.1577, train acc 0.9882, test acc 0.8969, time 1.26 sec
epoch 25, loss 0.1373, train acc 0.9930, test acc 0.8927, time 1.24 sec
epoch 30, loss 0.1252, train acc 0.9964, test acc 0.8900, time 1.31 sec
test acc of task 0 : 0.9776
test acc of task 0 on it's training set: 0.9683
test acc of task 1 : 0.9718
test acc of task 1 on it's training set: 0.9635
test acc of task 2 : 0.8895
test acc of task 2 on it's training set: 0.9033
test acc of task 3 : 0.4990
test acc of task 3 on it's training set: 0.9458
test acc of task 4 : 0.8870
test acc of task 4 on it's training set: 0.8916
test acc of task 5 : 0.9182
test acc of task 5 on it's training set: 0.9238
test acc of task 6 : 0.9572
test acc of task 6 on it's training set: 0.9779
test acc of task 7 : 0.8881
test acc of task 7 on it's training set: 0.8956
test acc of task 8 : 0.9405
test acc of task 8 on it's training set: 0.9566
test acc of task 9 : 0.9722
test acc of task 9 on it's training set: 0.9965
