dataset          : mnist
data_root        : /data0/user/lxguo/Data
model_name       : owm_fc
batch_size       : 128
num_epochs       : 30
learning_rate    : 0.2
lambda_loss      : 0.001
owmfc_alpha_list : [0.9, 0.6]
owmfc_lambda_list : [0.001, 1.0]
CL_method        : owm
num_hidden       : 800
num_classes      : 11
num_tasks        : 10
momentum         : 0.9
order_list       : [0, 1, 2, 3, 4, 5, 6, 7, 8, 9]
optimizer_type   : SGD
clipgrad         : 10.0
list_eval        : False
shift            : True
data_argmt       : False
data_perturbation : True
argmt_perc       : 0.1
pertur_bound     : 0.05
print_frequency  : 5
Device is cuda
owm_fc(
  (layer_1): OWM_FC_block(
    (W): Linear(in_features=784, out_features=800, bias=False)
    (P): Linear(in_features=784, out_features=784, bias=False)
  )
  (afun_1): ReLU()
  (layer_2): OWM_FC_block(
    (W): Linear(in_features=800, out_features=11, bias=False)
    (P): Linear(in_features=800, out_features=800, bias=False)
  )
)
Training task  0
epoch 5, loss 0.0562, train acc 0.9997, test acc 0.0978, time 1.18 sec
epoch 10, loss 0.0515, train acc 1.0000, test acc 0.0978, time 1.23 sec
epoch 15, loss 0.0504, train acc 1.0000, test acc 0.0978, time 1.05 sec
epoch 20, loss 0.0496, train acc 1.0000, test acc 0.0978, time 1.39 sec
epoch 25, loss 0.0491, train acc 1.0000, test acc 0.0979, time 1.24 sec
epoch 30, loss 0.0486, train acc 1.0000, test acc 0.0979, time 1.14 sec
test acc of task 0 : 0.9990
test acc of task 0 on it's training set: 1.0000
test acc of task 1 : 0.0000
test acc of task 1 on it's training set: 0.0000
test acc of task 2 : 0.0000
test acc of task 2 on it's training set: 0.0000
test acc of task 3 : 0.0000
test acc of task 3 on it's training set: 0.0000
test acc of task 4 : 0.0000
test acc of task 4 on it's training set: 0.0000
test acc of task 5 : 0.0000
test acc of task 5 on it's training set: 0.0000
test acc of task 6 : 0.0000
test acc of task 6 on it's training set: 0.0000
test acc of task 7 : 0.0000
test acc of task 7 on it's training set: 0.0000
test acc of task 8 : 0.0000
test acc of task 8 on it's training set: 0.0000
test acc of task 9 : 0.0000
test acc of task 9 on it's training set: 0.0000
Training task  1
epoch 5, loss 0.0555, train acc 0.9995, test acc 0.2108, time 1.24 sec
epoch 10, loss 0.0527, train acc 0.9999, test acc 0.2109, time 1.26 sec
epoch 15, loss 0.0515, train acc 0.9999, test acc 0.2110, time 1.34 sec
epoch 20, loss 0.0510, train acc 1.0000, test acc 0.2110, time 1.38 sec
epoch 25, loss 0.0505, train acc 1.0000, test acc 0.2110, time 1.53 sec
epoch 30, loss 0.0501, train acc 1.0000, test acc 0.2110, time 1.33 sec
test acc of task 0 : 0.9949
test acc of task 0 on it's training set: 0.9975
test acc of task 1 : 1.0000
test acc of task 1 on it's training set: 1.0000
test acc of task 2 : 0.0000
test acc of task 2 on it's training set: 0.0000
test acc of task 3 : 0.0000
test acc of task 3 on it's training set: 0.0000
test acc of task 4 : 0.0000
test acc of task 4 on it's training set: 0.0000
test acc of task 5 : 0.0000
test acc of task 5 on it's training set: 0.0000
test acc of task 6 : 0.0000
test acc of task 6 on it's training set: 0.0000
test acc of task 7 : 0.0000
test acc of task 7 on it's training set: 0.0000
test acc of task 8 : 0.0000
test acc of task 8 on it's training set: 0.0000
test acc of task 9 : 0.0000
test acc of task 9 on it's training set: 0.0000
Training task  2
epoch 5, loss 0.0813, train acc 0.9957, test acc 0.3110, time 1.33 sec
epoch 10, loss 0.0646, train acc 0.9989, test acc 0.3109, time 1.37 sec
epoch 15, loss 0.0605, train acc 0.9998, test acc 0.3109, time 1.56 sec
epoch 20, loss 0.0587, train acc 0.9998, test acc 0.3112, time 1.42 sec
epoch 25, loss 0.0576, train acc 0.9998, test acc 0.3114, time 1.30 sec
epoch 30, loss 0.0569, train acc 0.9998, test acc 0.3115, time 1.41 sec
test acc of task 0 : 0.9898
test acc of task 0 on it's training set: 0.9895
test acc of task 1 : 0.9894
test acc of task 1 on it's training set: 0.9849
test acc of task 2 : 0.9903
test acc of task 2 on it's training set: 0.9998
test acc of task 3 : 0.0000
test acc of task 3 on it's training set: 0.0000
test acc of task 4 : 0.0000
test acc of task 4 on it's training set: 0.0000
test acc of task 5 : 0.0000
test acc of task 5 on it's training set: 0.0000
test acc of task 6 : 0.0000
test acc of task 6 on it's training set: 0.0000
test acc of task 7 : 0.0000
test acc of task 7 on it's training set: 0.0000
test acc of task 8 : 0.0000
test acc of task 8 on it's training set: 0.0000
test acc of task 9 : 0.0000
test acc of task 9 on it's training set: 0.0000
Training task  3
epoch 5, loss 0.0967, train acc 0.9905, test acc 0.4001, time 1.55 sec
epoch 10, loss 0.0754, train acc 0.9975, test acc 0.4048, time 1.52 sec
epoch 15, loss 0.0684, train acc 0.9990, test acc 0.4059, time 1.40 sec
epoch 20, loss 0.0650, train acc 0.9997, test acc 0.4071, time 1.31 sec
epoch 25, loss 0.0632, train acc 0.9997, test acc 0.4069, time 1.41 sec
epoch 30, loss 0.0620, train acc 1.0000, test acc 0.4074, time 1.36 sec
test acc of task 0 : 0.9888
test acc of task 0 on it's training set: 0.9887
test acc of task 1 : 0.9903
test acc of task 1 on it's training set: 0.9852
test acc of task 2 : 0.9767
test acc of task 2 on it's training set: 0.9921
test acc of task 3 : 0.9634
test acc of task 3 on it's training set: 1.0000
test acc of task 4 : 0.0000
test acc of task 4 on it's training set: 0.0000
test acc of task 5 : 0.0000
test acc of task 5 on it's training set: 0.0000
test acc of task 6 : 0.0000
test acc of task 6 on it's training set: 0.0000
test acc of task 7 : 0.0000
test acc of task 7 on it's training set: 0.0000
test acc of task 8 : 0.0000
test acc of task 8 on it's training set: 0.0000
test acc of task 9 : 0.0000
test acc of task 9 on it's training set: 0.0000
Training task  4
epoch 5, loss 0.1246, train acc 0.9918, test acc 0.5026, time 1.44 sec
epoch 10, loss 0.0896, train acc 0.9969, test acc 0.5011, time 1.46 sec
epoch 15, loss 0.0798, train acc 0.9984, test acc 0.5005, time 1.41 sec
epoch 20, loss 0.0750, train acc 0.9988, test acc 0.4998, time 1.43 sec
epoch 25, loss 0.0721, train acc 0.9995, test acc 0.4994, time 1.31 sec
epoch 30, loss 0.0703, train acc 0.9997, test acc 0.4989, time 1.49 sec
test acc of task 0 : 0.9888
test acc of task 0 on it's training set: 0.9863
test acc of task 1 : 0.9877
test acc of task 1 on it's training set: 0.9783
test acc of task 2 : 0.9554
test acc of task 2 on it's training set: 0.9695
test acc of task 3 : 0.9257
test acc of task 3 on it's training set: 0.9972
test acc of task 4 : 0.9959
test acc of task 4 on it's training set: 0.9997
test acc of task 5 : 0.0000
test acc of task 5 on it's training set: 0.0000
test acc of task 6 : 0.0000
test acc of task 6 on it's training set: 0.0000
test acc of task 7 : 0.0000
test acc of task 7 on it's training set: 0.0000
test acc of task 8 : 0.0000
test acc of task 8 on it's training set: 0.0000
test acc of task 9 : 0.0000
test acc of task 9 on it's training set: 0.0000
Training task  5
epoch 5, loss 0.1918, train acc 0.9784, test acc 0.5694, time 1.47 sec
epoch 10, loss 0.1082, train acc 0.9948, test acc 0.5577, time 1.44 sec
epoch 15, loss 0.0894, train acc 0.9985, test acc 0.5523, time 1.37 sec
epoch 20, loss 0.0812, train acc 0.9995, test acc 0.5476, time 1.32 sec
epoch 25, loss 0.0772, train acc 0.9998, test acc 0.5450, time 1.27 sec
epoch 30, loss 0.0749, train acc 1.0000, test acc 0.5417, time 1.39 sec
test acc of task 0 : 0.9776
test acc of task 0 on it's training set: 0.9645
test acc of task 1 : 0.9859
test acc of task 1 on it's training set: 0.9748
test acc of task 2 : 0.9457
test acc of task 2 on it's training set: 0.9627
test acc of task 3 : 0.5020
test acc of task 3 on it's training set: 0.9599
test acc of task 4 : 0.9898
test acc of task 4 on it's training set: 0.9928
test acc of task 5 : 0.9922
test acc of task 5 on it's training set: 1.0000
test acc of task 6 : 0.0000
test acc of task 6 on it's training set: 0.0000
test acc of task 7 : 0.0000
test acc of task 7 on it's training set: 0.0000
test acc of task 8 : 0.0000
test acc of task 8 on it's training set: 0.0000
test acc of task 9 : 0.0000
test acc of task 9 on it's training set: 0.0000
Training task  6
epoch 5, loss 0.1827, train acc 0.9775, test acc 0.6364, time 1.37 sec
epoch 10, loss 0.1117, train acc 0.9934, test acc 0.6371, time 1.33 sec
epoch 15, loss 0.0933, train acc 0.9969, test acc 0.6354, time 1.38 sec
epoch 20, loss 0.0854, train acc 0.9992, test acc 0.6342, time 1.42 sec
epoch 25, loss 0.0813, train acc 0.9997, test acc 0.6337, time 1.38 sec
epoch 30, loss 0.0784, train acc 0.9997, test acc 0.6331, time 1.42 sec
test acc of task 0 : 0.9653
test acc of task 0 on it's training set: 0.9563
test acc of task 1 : 0.9850
test acc of task 1 on it's training set: 0.9775
test acc of task 2 : 0.9331
test acc of task 2 on it's training set: 0.9535
test acc of task 3 : 0.5495
test acc of task 3 on it's training set: 0.9643
test acc of task 4 : 0.9695
test acc of task 4 on it's training set: 0.9724
test acc of task 5 : 0.9518
test acc of task 5 on it's training set: 0.9565
test acc of task 6 : 0.9896
test acc of task 6 on it's training set: 0.9997
test acc of task 7 : 0.0000
test acc of task 7 on it's training set: 0.0000
test acc of task 8 : 0.0000
test acc of task 8 on it's training set: 0.0000
test acc of task 9 : 0.0000
test acc of task 9 on it's training set: 0.0000
Training task  7
epoch 5, loss 0.1955, train acc 0.9701, test acc 0.7335, time 1.36 sec
epoch 10, loss 0.1229, train acc 0.9909, test acc 0.7334, time 1.34 sec
epoch 15, loss 0.1028, train acc 0.9943, test acc 0.7319, time 1.21 sec
epoch 20, loss 0.0932, train acc 0.9968, test acc 0.7306, time 1.31 sec
epoch 25, loss 0.0877, train acc 0.9971, test acc 0.7288, time 1.36 sec
epoch 30, loss 0.0840, train acc 0.9980, test acc 0.7280, time 1.18 sec
test acc of task 0 : 0.9663
test acc of task 0 on it's training set: 0.9548
test acc of task 1 : 0.9833
test acc of task 1 on it's training set: 0.9746
test acc of task 2 : 0.8973
test acc of task 2 on it's training set: 0.9115
test acc of task 3 : 0.5634
test acc of task 3 on it's training set: 0.9625
test acc of task 4 : 0.9430
test acc of task 4 on it's training set: 0.9355
test acc of task 5 : 0.9361
test acc of task 5 on it's training set: 0.9452
test acc of task 6 : 0.9875
test acc of task 6 on it's training set: 0.9988
test acc of task 7 : 0.9874
test acc of task 7 on it's training set: 0.9981
test acc of task 8 : 0.0000
test acc of task 8 on it's training set: 0.0000
test acc of task 9 : 0.0000
test acc of task 9 on it's training set: 0.0000
Training task  8
epoch 5, loss 0.3625, train acc 0.9356, test acc 0.8155, time 1.37 sec
epoch 10, loss 0.1624, train acc 0.9848, test acc 0.8007, time 1.36 sec
epoch 15, loss 0.1219, train acc 0.9935, test acc 0.7895, time 1.27 sec
epoch 20, loss 0.1060, train acc 0.9971, test acc 0.7792, time 1.29 sec
epoch 25, loss 0.0976, train acc 0.9988, test acc 0.7724, time 1.55 sec
epoch 30, loss 0.0927, train acc 0.9994, test acc 0.7655, time 1.12 sec
test acc of task 0 : 0.9490
test acc of task 0 on it's training set: 0.9281
test acc of task 1 : 0.9445
test acc of task 1 on it's training set: 0.9457
test acc of task 2 : 0.8314
test acc of task 2 on it's training set: 0.8432
test acc of task 3 : 0.3139
test acc of task 3 on it's training set: 0.9271
test acc of task 4 : 0.8768
test acc of task 4 on it's training set: 0.8798
test acc of task 5 : 0.8397
test acc of task 5 on it's training set: 0.8659
test acc of task 6 : 0.9614
test acc of task 6 on it's training set: 0.9628
test acc of task 7 : 0.9543
test acc of task 7 on it's training set: 0.9721
test acc of task 8 : 0.9918
test acc of task 8 on it's training set: 0.9995
test acc of task 9 : 0.0000
test acc of task 9 on it's training set: 0.0000
Training task  9
epoch 5, loss 0.3791, train acc 0.9278, test acc 0.8744, time 1.23 sec
epoch 10, loss 0.1714, train acc 0.9821, test acc 0.8629, time 1.35 sec
epoch 15, loss 0.1286, train acc 0.9921, test acc 0.8498, time 1.16 sec
epoch 20, loss 0.1102, train acc 0.9953, test acc 0.8391, time 1.29 sec
epoch 25, loss 0.1013, train acc 0.9980, test acc 0.8302, time 1.24 sec
epoch 30, loss 0.0959, train acc 0.9989, test acc 0.8236, time 1.05 sec
test acc of task 0 : 0.9510
test acc of task 0 on it's training set: 0.9262
test acc of task 1 : 0.9577
test acc of task 1 on it's training set: 0.9503
test acc of task 2 : 0.8372
test acc of task 2 on it's training set: 0.8533
test acc of task 3 : 0.2317
test acc of task 3 on it's training set: 0.9139
test acc of task 4 : 0.7678
test acc of task 4 on it's training set: 0.7687
test acc of task 5 : 0.8117
test acc of task 5 on it's training set: 0.8316
test acc of task 6 : 0.9572
test acc of task 6 on it's training set: 0.9657
test acc of task 7 : 0.8278
test acc of task 7 on it's training set: 0.8426
test acc of task 8 : 0.8984
test acc of task 8 on it's training set: 0.9058
test acc of task 9 : 0.9891
test acc of task 9 on it's training set: 0.9988
