dataset          : mnist
data_root        : /data0/user/lxguo/Data
model_name       : owm_fc
batch_size       : 128
num_epochs       : 30
learning_rate    : 0.2
lambda_loss      : 0.001
owmfc_alpha_list : [0.9, 0.6]
owmfc_lambda_list : [0.001, 1.0]
CL_method        : owm
num_hidden       : 800
num_classes      : 11
num_tasks        : 11
momentum         : 0.9
order_list       : [10, 0, 1, 2, 3, 4, 5, 6, 7, 8, 9]
optimizer_type   : SGD
clipgrad         : 10.0
list_eval        : False
shift            : True
argmt_perc       : 4.0
learn_noise_before : True
print_frequency  : 5
Device is cuda
owm_fc(
  (layer_1): OWM_FC_block(
    (W): Linear(in_features=784, out_features=800, bias=False)
    (P): Linear(in_features=784, out_features=784, bias=False)
  )
  (afun_1): ReLU()
  (layer_2): OWM_FC_block(
    (W): Linear(in_features=800, out_features=11, bias=False)
    (P): Linear(in_features=800, out_features=800, bias=False)
  )
)
Training task  10
epoch 5, loss 0.0372, train acc 1.0000, test acc 0.0000, time 10.19 sec
epoch 10, loss 0.0360, train acc 1.0000, test acc 0.0000, time 12.04 sec
epoch 15, loss 0.0357, train acc 1.0000, test acc 0.0000, time 12.57 sec
epoch 20, loss 0.0355, train acc 1.0000, test acc 0.0000, time 11.99 sec
epoch 25, loss 0.0354, train acc 1.0000, test acc 0.0000, time 11.97 sec
epoch 30, loss 0.0353, train acc 1.0000, test acc 0.0000, time 11.79 sec
test acc of task 0 : 0.0000
test acc of task 0 on it's training set: 0.0000
test acc of task 1 : 0.0000
test acc of task 1 on it's training set: 0.0000
test acc of task 2 : 0.0000
test acc of task 2 on it's training set: 0.0000
test acc of task 3 : 0.0000
test acc of task 3 on it's training set: 0.0000
test acc of task 4 : 0.0000
test acc of task 4 on it's training set: 0.0000
test acc of task 5 : 0.0000
test acc of task 5 on it's training set: 0.0000
test acc of task 6 : 0.0000
test acc of task 6 on it's training set: 0.0000
test acc of task 7 : 0.0000
test acc of task 7 on it's training set: 0.0000
test acc of task 8 : 0.0000
test acc of task 8 on it's training set: 0.0000
test acc of task 9 : 0.0000
test acc of task 9 on it's training set: 0.0000
test acc of task 10 : 1.0000
test acc of task 10 on it's training set: 1.0000
Training task  0
epoch 5, loss 0.1120, train acc 1.0000, test acc 0.0980, time 1.47 sec
epoch 10, loss 0.0923, train acc 1.0000, test acc 0.0980, time 1.45 sec
epoch 15, loss 0.0862, train acc 1.0000, test acc 0.0980, time 1.53 sec
epoch 20, loss 0.0833, train acc 1.0000, test acc 0.0980, time 1.48 sec
epoch 25, loss 0.0813, train acc 1.0000, test acc 0.0980, time 1.37 sec
epoch 30, loss 0.0802, train acc 1.0000, test acc 0.0980, time 1.43 sec
test acc of task 0 : 1.0000
test acc of task 0 on it's training set: 1.0000
test acc of task 1 : 0.0000
test acc of task 1 on it's training set: 0.0000
test acc of task 2 : 0.0000
test acc of task 2 on it's training set: 0.0000
test acc of task 3 : 0.0000
test acc of task 3 on it's training set: 0.0000
test acc of task 4 : 0.0000
test acc of task 4 on it's training set: 0.0000
test acc of task 5 : 0.0000
test acc of task 5 on it's training set: 0.0000
test acc of task 6 : 0.0000
test acc of task 6 on it's training set: 0.0000
test acc of task 7 : 0.0000
test acc of task 7 on it's training set: 0.0000
test acc of task 8 : 0.0000
test acc of task 8 on it's training set: 0.0000
test acc of task 9 : 0.0000
test acc of task 9 on it's training set: 0.0000
test acc of task 10 : 1.0000
test acc of task 10 on it's training set: 1.0000
Training task  1
epoch 5, loss 0.1444, train acc 0.9969, test acc 0.2112, time 1.46 sec
epoch 10, loss 0.1042, train acc 0.9988, test acc 0.2112, time 1.47 sec
epoch 15, loss 0.0926, train acc 0.9999, test acc 0.2112, time 1.33 sec
epoch 20, loss 0.0871, train acc 0.9999, test acc 0.2112, time 1.38 sec
epoch 25, loss 0.0838, train acc 1.0000, test acc 0.2111, time 1.43 sec
epoch 30, loss 0.0817, train acc 1.0000, test acc 0.2111, time 1.33 sec
test acc of task 0 : 0.9959
test acc of task 0 on it's training set: 0.9932
test acc of task 1 : 1.0000
test acc of task 1 on it's training set: 1.0000
test acc of task 2 : 0.0000
test acc of task 2 on it's training set: 0.0000
test acc of task 3 : 0.0000
test acc of task 3 on it's training set: 0.0000
test acc of task 4 : 0.0000
test acc of task 4 on it's training set: 0.0000
test acc of task 5 : 0.0000
test acc of task 5 on it's training set: 0.0000
test acc of task 6 : 0.0000
test acc of task 6 on it's training set: 0.0000
test acc of task 7 : 0.0000
test acc of task 7 on it's training set: 0.0000
test acc of task 8 : 0.0000
test acc of task 8 on it's training set: 0.0000
test acc of task 9 : 0.0000
test acc of task 9 on it's training set: 0.0000
test acc of task 10 : 1.0000
test acc of task 10 on it's training set: 1.0000
Training task  2
epoch 5, loss 0.3161, train acc 0.9601, test acc 0.3092, time 1.36 sec
epoch 10, loss 0.1826, train acc 0.9842, test acc 0.3099, time 1.72 sec
epoch 15, loss 0.1478, train acc 0.9904, test acc 0.3098, time 1.52 sec
epoch 20, loss 0.1319, train acc 0.9924, test acc 0.3091, time 1.37 sec
epoch 25, loss 0.1229, train acc 0.9945, test acc 0.3084, time 1.47 sec
epoch 30, loss 0.1169, train acc 0.9953, test acc 0.3081, time 1.41 sec
test acc of task 0 : 0.9643
test acc of task 0 on it's training set: 0.9458
test acc of task 1 : 0.9771
test acc of task 1 on it's training set: 0.9720
test acc of task 2 : 0.9952
test acc of task 2 on it's training set: 0.9953
test acc of task 3 : 0.0000
test acc of task 3 on it's training set: 0.0000
test acc of task 4 : 0.0000
test acc of task 4 on it's training set: 0.0000
test acc of task 5 : 0.0000
test acc of task 5 on it's training set: 0.0000
test acc of task 6 : 0.0000
test acc of task 6 on it's training set: 0.0000
test acc of task 7 : 0.0000
test acc of task 7 on it's training set: 0.0000
test acc of task 8 : 0.0000
test acc of task 8 on it's training set: 0.0000
test acc of task 9 : 0.0000
test acc of task 9 on it's training set: 0.0000
test acc of task 10 : 1.0000
test acc of task 10 on it's training set: 1.0000
Training task  3
epoch 5, loss 0.4348, train acc 0.9276, test acc 0.4036, time 1.46 sec
epoch 10, loss 0.2558, train acc 0.9659, test acc 0.4044, time 1.57 sec
epoch 15, loss 0.2010, train acc 0.9760, test acc 0.4033, time 1.36 sec
epoch 20, loss 0.1753, train acc 0.9827, test acc 0.4029, time 1.53 sec
epoch 25, loss 0.1598, train acc 0.9860, test acc 0.4025, time 1.49 sec
epoch 30, loss 0.1493, train acc 0.9901, test acc 0.4021, time 1.32 sec
test acc of task 0 : 0.9510
test acc of task 0 on it's training set: 0.9311
test acc of task 1 : 0.9727
test acc of task 1 on it's training set: 0.9635
test acc of task 2 : 0.9506
test acc of task 2 on it's training set: 0.9455
test acc of task 3 : 0.9941
test acc of task 3 on it's training set: 0.9905
test acc of task 4 : 0.0000
test acc of task 4 on it's training set: 0.0000
test acc of task 5 : 0.0000
test acc of task 5 on it's training set: 0.0000
test acc of task 6 : 0.0000
test acc of task 6 on it's training set: 0.0000
test acc of task 7 : 0.0000
test acc of task 7 on it's training set: 0.0000
test acc of task 8 : 0.0000
test acc of task 8 on it's training set: 0.0000
test acc of task 9 : 0.0000
test acc of task 9 on it's training set: 0.0000
test acc of task 10 : 1.0000
test acc of task 10 on it's training set: 1.0000
Training task  4
epoch 5, loss 0.3313, train acc 0.9678, test acc 0.4984, time 1.41 sec
epoch 10, loss 0.1885, train acc 0.9884, test acc 0.4977, time 1.38 sec
epoch 15, loss 0.1543, train acc 0.9933, test acc 0.4971, time 1.44 sec
epoch 20, loss 0.1403, train acc 0.9944, test acc 0.4966, time 1.37 sec
epoch 25, loss 0.1323, train acc 0.9952, test acc 0.4967, time 1.39 sec
epoch 30, loss 0.1268, train acc 0.9957, test acc 0.4958, time 1.32 sec
test acc of task 0 : 0.9561
test acc of task 0 on it's training set: 0.9414
test acc of task 1 : 0.9833
test acc of task 1 on it's training set: 0.9742
test acc of task 2 : 0.9138
test acc of task 2 on it's training set: 0.9168
test acc of task 3 : 0.9733
test acc of task 3 on it's training set: 0.9671
test acc of task 4 : 0.9969
test acc of task 4 on it's training set: 0.9957
test acc of task 5 : 0.0000
test acc of task 5 on it's training set: 0.0000
test acc of task 6 : 0.0000
test acc of task 6 on it's training set: 0.0000
test acc of task 7 : 0.0000
test acc of task 7 on it's training set: 0.0000
test acc of task 8 : 0.0000
test acc of task 8 on it's training set: 0.0000
test acc of task 9 : 0.0000
test acc of task 9 on it's training set: 0.0000
test acc of task 10 : 1.0000
test acc of task 10 on it's training set: 1.0000
Training task  5
epoch 5, loss 0.8025, train acc 0.8144, test acc 0.5688, time 1.27 sec
epoch 10, loss 0.4263, train acc 0.9330, test acc 0.5726, time 1.35 sec
epoch 15, loss 0.2975, train acc 0.9657, test acc 0.5716, time 1.53 sec
epoch 20, loss 0.2414, train acc 0.9771, test acc 0.5700, time 1.33 sec
epoch 25, loss 0.2118, train acc 0.9828, test acc 0.5685, time 1.26 sec
epoch 30, loss 0.1934, train acc 0.9865, test acc 0.5674, time 1.50 sec
test acc of task 0 : 0.9480
test acc of task 0 on it's training set: 0.9296
test acc of task 1 : 0.9762
test acc of task 1 on it's training set: 0.9653
test acc of task 2 : 0.8944
test acc of task 2 on it's training set: 0.9001
test acc of task 3 : 0.8683
test acc of task 3 on it's training set: 0.8858
test acc of task 4 : 0.9776
test acc of task 4 on it's training set: 0.9791
test acc of task 5 : 0.9832
test acc of task 5 on it's training set: 0.9865
test acc of task 6 : 0.0000
test acc of task 6 on it's training set: 0.0000
test acc of task 7 : 0.0000
test acc of task 7 on it's training set: 0.0000
test acc of task 8 : 0.0000
test acc of task 8 on it's training set: 0.0000
test acc of task 9 : 0.0000
test acc of task 9 on it's training set: 0.0000
test acc of task 10 : 1.0000
test acc of task 10 on it's training set: 1.0000
Training task  6
epoch 5, loss 0.5352, train acc 0.9120, test acc 0.6564, time 1.29 sec
epoch 10, loss 0.2885, train acc 0.9672, test acc 0.6583, time 1.52 sec
epoch 15, loss 0.2164, train acc 0.9802, test acc 0.6572, time 1.43 sec
epoch 20, loss 0.1876, train acc 0.9858, test acc 0.6558, time 1.36 sec
epoch 25, loss 0.1709, train acc 0.9882, test acc 0.6552, time 1.69 sec
epoch 30, loss 0.1611, train acc 0.9912, test acc 0.6542, time 1.27 sec
test acc of task 0 : 0.9316
test acc of task 0 on it's training set: 0.9185
test acc of task 1 : 0.9736
test acc of task 1 on it's training set: 0.9634
test acc of task 2 : 0.8934
test acc of task 2 on it's training set: 0.8857
test acc of task 3 : 0.8673
test acc of task 3 on it's training set: 0.8782
test acc of task 4 : 0.9705
test acc of task 4 on it's training set: 0.9641
test acc of task 5 : 0.9361
test acc of task 5 on it's training set: 0.9373
test acc of task 6 : 0.9791
test acc of task 6 on it's training set: 0.9917
test acc of task 7 : 0.0000
test acc of task 7 on it's training set: 0.0000
test acc of task 8 : 0.0000
test acc of task 8 on it's training set: 0.0000
test acc of task 9 : 0.0000
test acc of task 9 on it's training set: 0.0000
test acc of task 10 : 1.0000
test acc of task 10 on it's training set: 1.0000
Training task  7
epoch 5, loss 0.5497, train acc 0.8982, test acc 0.7475, time 1.25 sec
epoch 10, loss 0.2918, train acc 0.9603, test acc 0.7504, time 1.27 sec
epoch 15, loss 0.2233, train acc 0.9756, test acc 0.7497, time 1.25 sec
epoch 20, loss 0.1940, train acc 0.9804, test acc 0.7494, time 1.21 sec
epoch 25, loss 0.1771, train acc 0.9840, test acc 0.7487, time 1.23 sec
epoch 30, loss 0.1657, train acc 0.9858, test acc 0.7471, time 1.41 sec
test acc of task 0 : 0.9276
test acc of task 0 on it's training set: 0.9218
test acc of task 1 : 0.9789
test acc of task 1 on it's training set: 0.9640
test acc of task 2 : 0.8634
test acc of task 2 on it's training set: 0.8503
test acc of task 3 : 0.8733
test acc of task 3 on it's training set: 0.8773
test acc of task 4 : 0.9358
test acc of task 4 on it's training set: 0.9367
test acc of task 5 : 0.9182
test acc of task 5 on it's training set: 0.9192
test acc of task 6 : 0.9802
test acc of task 6 on it's training set: 0.9867
test acc of task 7 : 0.9737
test acc of task 7 on it's training set: 0.9858
test acc of task 8 : 0.0000
test acc of task 8 on it's training set: 0.0000
test acc of task 9 : 0.0000
test acc of task 9 on it's training set: 0.0000
test acc of task 10 : 1.0000
test acc of task 10 on it's training set: 1.0000
Training task  8
epoch 5, loss 1.1836, train acc 0.6802, test acc 0.8188, time 1.27 sec
epoch 10, loss 0.7179, train acc 0.8489, test acc 0.8285, time 1.29 sec
epoch 15, loss 0.5184, train acc 0.9067, test acc 0.8303, time 1.47 sec
epoch 20, loss 0.4241, train acc 0.9339, test acc 0.8276, time 1.18 sec
epoch 25, loss 0.3702, train acc 0.9480, test acc 0.8269, time 1.32 sec
epoch 30, loss 0.3354, train acc 0.9581, test acc 0.8252, time 1.44 sec
test acc of task 0 : 0.9327
test acc of task 0 on it's training set: 0.9213
test acc of task 1 : 0.9489
test acc of task 1 on it's training set: 0.9420
test acc of task 2 : 0.8333
test acc of task 2 on it's training set: 0.8318
test acc of task 3 : 0.8564
test acc of task 3 on it's training set: 0.8667
test acc of task 4 : 0.9196
test acc of task 4 on it's training set: 0.9182
test acc of task 5 : 0.8957
test acc of task 5 on it's training set: 0.9043
test acc of task 6 : 0.9624
test acc of task 6 on it's training set: 0.9670
test acc of task 7 : 0.9582
test acc of task 7 on it's training set: 0.9711
test acc of task 8 : 0.9517
test acc of task 8 on it's training set: 0.9593
test acc of task 9 : 0.0000
test acc of task 9 on it's training set: 0.0000
test acc of task 10 : 1.0000
test acc of task 10 on it's training set: 1.0000
Training task  9
epoch 5, loss 1.1786, train acc 0.6912, test acc 0.9009, time 1.50 sec
epoch 10, loss 0.6356, train acc 0.8729, test acc 0.9080, time 1.29 sec
epoch 15, loss 0.4471, train acc 0.9197, test acc 0.9064, time 1.27 sec
epoch 20, loss 0.3591, train acc 0.9428, test acc 0.9042, time 1.29 sec
epoch 25, loss 0.3121, train acc 0.9573, test acc 0.9025, time 1.26 sec
epoch 30, loss 0.2817, train acc 0.9662, test acc 0.9006, time 1.33 sec
test acc of task 0 : 0.9316
test acc of task 0 on it's training set: 0.9169
test acc of task 1 : 0.9480
test acc of task 1 on it's training set: 0.9389
test acc of task 2 : 0.8256
test acc of task 2 on it's training set: 0.8140
test acc of task 3 : 0.8465
test acc of task 3 on it's training set: 0.8583
test acc of task 4 : 0.8625
test acc of task 4 on it's training set: 0.8768
test acc of task 5 : 0.8823
test acc of task 5 on it's training set: 0.8864
test acc of task 6 : 0.9562
test acc of task 6 on it's training set: 0.9665
test acc of task 7 : 0.8881
test acc of task 7 on it's training set: 0.8935
test acc of task 8 : 0.9107
test acc of task 8 on it's training set: 0.9169
test acc of task 9 : 0.9514
test acc of task 9 on it's training set: 0.9665
test acc of task 10 : 1.0000
test acc of task 10 on it's training set: 1.0000
