dataset          : mnist
data_root        : /data0/user/lxguo/Data
model_name       : owm_fc
batch_size       : 128
num_epochs       : 30
learning_rate    : 0.2
lambda_loss      : 0.001
owmfc_alpha_list : [0.9, 0.6]
owmfc_lambda_list : [0.001, 1.0]
CL_method        : owm
num_hidden       : 800
num_classes      : 11
num_tasks        : 10
momentum         : 0.9
order_list       : [0, 1, 2, 3, 4, 5, 6, 7, 8, 9]
optimizer_type   : SGD
clipgrad         : 10.0
list_eval        : False
shift            : True
data_argmt       : False
data_perturbation : True
argmt_perc       : 0.1
pertur_bound     : 0.05
print_frequency  : 5
Device is cuda
owm_fc(
  (layer_1): OWM_FC_block(
    (W): Linear(in_features=784, out_features=800, bias=False)
    (P): Linear(in_features=784, out_features=784, bias=False)
  )
  (afun_1): ReLU()
  (layer_2): OWM_FC_block(
    (W): Linear(in_features=800, out_features=11, bias=False)
    (P): Linear(in_features=800, out_features=800, bias=False)
  )
)
Training task  0
epoch 5, loss 0.0574, train acc 0.9995, test acc 0.0976, time 1.30 sec
epoch 10, loss 0.0512, train acc 1.0000, test acc 0.0977, time 1.33 sec
epoch 15, loss 0.0502, train acc 1.0000, test acc 0.0977, time 1.40 sec
epoch 20, loss 0.0495, train acc 1.0000, test acc 0.0978, time 1.28 sec
epoch 25, loss 0.0490, train acc 1.0000, test acc 0.0978, time 1.39 sec
epoch 30, loss 0.0485, train acc 1.0000, test acc 0.0978, time 1.40 sec
test acc of task 0 : 0.9980
test acc of task 0 on it's training set: 1.0000
test acc of task 1 : 0.0000
test acc of task 1 on it's training set: 0.0000
test acc of task 2 : 0.0000
test acc of task 2 on it's training set: 0.0000
test acc of task 3 : 0.0000
test acc of task 3 on it's training set: 0.0000
test acc of task 4 : 0.0000
test acc of task 4 on it's training set: 0.0000
test acc of task 5 : 0.0000
test acc of task 5 on it's training set: 0.0000
test acc of task 6 : 0.0000
test acc of task 6 on it's training set: 0.0000
test acc of task 7 : 0.0000
test acc of task 7 on it's training set: 0.0000
test acc of task 8 : 0.0000
test acc of task 8 on it's training set: 0.0000
test acc of task 9 : 0.0000
test acc of task 9 on it's training set: 0.0000
Training task  1
epoch 5, loss 0.0555, train acc 0.9996, test acc 0.2108, time 1.39 sec
epoch 10, loss 0.0528, train acc 0.9999, test acc 0.2109, time 1.29 sec
epoch 15, loss 0.0518, train acc 1.0000, test acc 0.2110, time 1.27 sec
epoch 20, loss 0.0512, train acc 1.0000, test acc 0.2110, time 1.28 sec
epoch 25, loss 0.0507, train acc 1.0000, test acc 0.2110, time 1.43 sec
epoch 30, loss 0.0503, train acc 1.0000, test acc 0.2110, time 1.42 sec
test acc of task 0 : 0.9949
test acc of task 0 on it's training set: 0.9954
test acc of task 1 : 1.0000
test acc of task 1 on it's training set: 1.0000
test acc of task 2 : 0.0000
test acc of task 2 on it's training set: 0.0000
test acc of task 3 : 0.0000
test acc of task 3 on it's training set: 0.0000
test acc of task 4 : 0.0000
test acc of task 4 on it's training set: 0.0000
test acc of task 5 : 0.0000
test acc of task 5 on it's training set: 0.0000
test acc of task 6 : 0.0000
test acc of task 6 on it's training set: 0.0000
test acc of task 7 : 0.0000
test acc of task 7 on it's training set: 0.0000
test acc of task 8 : 0.0000
test acc of task 8 on it's training set: 0.0000
test acc of task 9 : 0.0000
test acc of task 9 on it's training set: 0.0000
Training task  2
epoch 5, loss 0.0809, train acc 0.9950, test acc 0.3119, time 1.44 sec
epoch 10, loss 0.0652, train acc 0.9994, test acc 0.3118, time 1.42 sec
epoch 15, loss 0.0610, train acc 0.9997, test acc 0.3118, time 1.51 sec
epoch 20, loss 0.0591, train acc 0.9998, test acc 0.3120, time 1.32 sec
epoch 25, loss 0.0580, train acc 0.9998, test acc 0.3121, time 1.41 sec
epoch 30, loss 0.0572, train acc 0.9998, test acc 0.3121, time 1.50 sec
test acc of task 0 : 0.9898
test acc of task 0 on it's training set: 0.9831
test acc of task 1 : 0.9912
test acc of task 1 on it's training set: 0.9849
test acc of task 2 : 0.9942
test acc of task 2 on it's training set: 0.9998
test acc of task 3 : 0.0000
test acc of task 3 on it's training set: 0.0000
test acc of task 4 : 0.0000
test acc of task 4 on it's training set: 0.0000
test acc of task 5 : 0.0000
test acc of task 5 on it's training set: 0.0000
test acc of task 6 : 0.0000
test acc of task 6 on it's training set: 0.0000
test acc of task 7 : 0.0000
test acc of task 7 on it's training set: 0.0000
test acc of task 8 : 0.0000
test acc of task 8 on it's training set: 0.0000
test acc of task 9 : 0.0000
test acc of task 9 on it's training set: 0.0000
Training task  3
epoch 5, loss 0.0927, train acc 0.9924, test acc 0.3997, time 1.41 sec
epoch 10, loss 0.0741, train acc 0.9981, test acc 0.4042, time 1.41 sec
epoch 15, loss 0.0678, train acc 0.9988, test acc 0.4060, time 1.38 sec
epoch 20, loss 0.0647, train acc 0.9996, test acc 0.4067, time 1.33 sec
epoch 25, loss 0.0630, train acc 1.0000, test acc 0.4071, time 1.47 sec
epoch 30, loss 0.0619, train acc 0.9999, test acc 0.4075, time 1.42 sec
test acc of task 0 : 0.9878
test acc of task 0 on it's training set: 0.9855
test acc of task 1 : 0.9921
test acc of task 1 on it's training set: 0.9862
test acc of task 2 : 0.9835
test acc of task 2 on it's training set: 0.9898
test acc of task 3 : 0.9564
test acc of task 3 on it's training set: 1.0000
test acc of task 4 : 0.0000
test acc of task 4 on it's training set: 0.0000
test acc of task 5 : 0.0000
test acc of task 5 on it's training set: 0.0000
test acc of task 6 : 0.0000
test acc of task 6 on it's training set: 0.0000
test acc of task 7 : 0.0000
test acc of task 7 on it's training set: 0.0000
test acc of task 8 : 0.0000
test acc of task 8 on it's training set: 0.0000
test acc of task 9 : 0.0000
test acc of task 9 on it's training set: 0.0000
Training task  4
epoch 5, loss 0.1234, train acc 0.9913, test acc 0.5015, time 1.36 sec
epoch 10, loss 0.0880, train acc 0.9975, test acc 0.5012, time 1.47 sec
epoch 15, loss 0.0786, train acc 0.9991, test acc 0.5005, time 1.27 sec
epoch 20, loss 0.0741, train acc 0.9992, test acc 0.5000, time 1.25 sec
epoch 25, loss 0.0715, train acc 0.9997, test acc 0.4998, time 1.42 sec
epoch 30, loss 0.0697, train acc 0.9997, test acc 0.4992, time 1.42 sec
test acc of task 0 : 0.9847
test acc of task 0 on it's training set: 0.9796
test acc of task 1 : 0.9894
test acc of task 1 on it's training set: 0.9797
test acc of task 2 : 0.9622
test acc of task 2 on it's training set: 0.9700
test acc of task 3 : 0.9238
test acc of task 3 on it's training set: 0.9977
test acc of task 4 : 0.9959
test acc of task 4 on it's training set: 0.9997
test acc of task 5 : 0.0000
test acc of task 5 on it's training set: 0.0000
test acc of task 6 : 0.0000
test acc of task 6 on it's training set: 0.0000
test acc of task 7 : 0.0000
test acc of task 7 on it's training set: 0.0000
test acc of task 8 : 0.0000
test acc of task 8 on it's training set: 0.0000
test acc of task 9 : 0.0000
test acc of task 9 on it's training set: 0.0000
Training task  5
epoch 5, loss 0.1938, train acc 0.9749, test acc 0.5684, time 1.28 sec
epoch 10, loss 0.1090, train acc 0.9938, test acc 0.5580, time 1.47 sec
epoch 15, loss 0.0893, train acc 0.9978, test acc 0.5511, time 1.27 sec
epoch 20, loss 0.0813, train acc 0.9997, test acc 0.5462, time 1.30 sec
epoch 25, loss 0.0771, train acc 0.9998, test acc 0.5430, time 1.39 sec
epoch 30, loss 0.0747, train acc 1.0000, test acc 0.5397, time 1.35 sec
test acc of task 0 : 0.9694
test acc of task 0 on it's training set: 0.9642
test acc of task 1 : 0.9841
test acc of task 1 on it's training set: 0.9760
test acc of task 2 : 0.9583
test acc of task 2 on it's training set: 0.9658
test acc of task 3 : 0.4743
test acc of task 3 on it's training set: 0.9551
test acc of task 4 : 0.9919
test acc of task 4 on it's training set: 0.9885
test acc of task 5 : 0.9955
test acc of task 5 on it's training set: 1.0000
test acc of task 6 : 0.0000
test acc of task 6 on it's training set: 0.0000
test acc of task 7 : 0.0000
test acc of task 7 on it's training set: 0.0000
test acc of task 8 : 0.0000
test acc of task 8 on it's training set: 0.0000
test acc of task 9 : 0.0000
test acc of task 9 on it's training set: 0.0000
Training task  6
epoch 5, loss 0.1816, train acc 0.9784, test acc 0.6339, time 1.32 sec
epoch 10, loss 0.1135, train acc 0.9934, test acc 0.6340, time 1.24 sec
epoch 15, loss 0.0947, train acc 0.9968, test acc 0.6338, time 1.18 sec
epoch 20, loss 0.0863, train acc 0.9989, test acc 0.6333, time 1.27 sec
epoch 25, loss 0.0815, train acc 0.9991, test acc 0.6326, time 1.40 sec
epoch 30, loss 0.0790, train acc 0.9994, test acc 0.6317, time 1.33 sec
test acc of task 0 : 0.9612
test acc of task 0 on it's training set: 0.9551
test acc of task 1 : 0.9841
test acc of task 1 on it's training set: 0.9764
test acc of task 2 : 0.9486
test acc of task 2 on it's training set: 0.9560
test acc of task 3 : 0.5158
test acc of task 3 on it's training set: 0.9589
test acc of task 4 : 0.9664
test acc of task 4 on it's training set: 0.9659
test acc of task 5 : 0.9641
test acc of task 5 on it's training set: 0.9638
test acc of task 6 : 0.9906
test acc of task 6 on it's training set: 0.9993
test acc of task 7 : 0.0000
test acc of task 7 on it's training set: 0.0000
test acc of task 8 : 0.0000
test acc of task 8 on it's training set: 0.0000
test acc of task 9 : 0.0000
test acc of task 9 on it's training set: 0.0000
Training task  7
epoch 5, loss 0.1920, train acc 0.9700, test acc 0.7278, time 1.24 sec
epoch 10, loss 0.1217, train acc 0.9907, test acc 0.7254, time 1.37 sec
epoch 15, loss 0.1014, train acc 0.9948, test acc 0.7239, time 1.15 sec
epoch 20, loss 0.0918, train acc 0.9964, test acc 0.7219, time 1.29 sec
epoch 25, loss 0.0864, train acc 0.9977, test acc 0.7203, time 1.20 sec
epoch 30, loss 0.0829, train acc 0.9984, test acc 0.7185, time 1.27 sec
test acc of task 0 : 0.9520
test acc of task 0 on it's training set: 0.9524
test acc of task 1 : 0.9868
test acc of task 1 on it's training set: 0.9730
test acc of task 2 : 0.9050
test acc of task 2 on it's training set: 0.9171
test acc of task 3 : 0.4861
test acc of task 3 on it's training set: 0.9547
test acc of task 4 : 0.9236
test acc of task 4 on it's training set: 0.9269
test acc of task 5 : 0.9372
test acc of task 5 on it's training set: 0.9500
test acc of task 6 : 0.9896
test acc of task 6 on it's training set: 0.9992
test acc of task 7 : 0.9883
test acc of task 7 on it's training set: 0.9982
test acc of task 8 : 0.0000
test acc of task 8 on it's training set: 0.0000
test acc of task 9 : 0.0000
test acc of task 9 on it's training set: 0.0000
Training task  8
epoch 5, loss 0.4014, train acc 0.9230, test acc 0.8113, time 1.25 sec
epoch 10, loss 0.1698, train acc 0.9828, test acc 0.7991, time 1.10 sec
epoch 15, loss 0.1253, train acc 0.9930, test acc 0.7875, time 1.30 sec
epoch 20, loss 0.1083, train acc 0.9963, test acc 0.7791, time 1.13 sec
epoch 25, loss 0.0994, train acc 0.9983, test acc 0.7731, time 1.12 sec
epoch 30, loss 0.0940, train acc 0.9994, test acc 0.7670, time 0.99 sec
test acc of task 0 : 0.9418
test acc of task 0 on it's training set: 0.9350
test acc of task 1 : 0.9392
test acc of task 1 on it's training set: 0.9392
test acc of task 2 : 0.8324
test acc of task 2 on it's training set: 0.8511
test acc of task 3 : 0.3317
test acc of task 3 on it's training set: 0.9274
test acc of task 4 : 0.8605
test acc of task 4 on it's training set: 0.8769
test acc of task 5 : 0.8610
test acc of task 5 on it's training set: 0.8757
test acc of task 6 : 0.9635
test acc of task 6 on it's training set: 0.9677
test acc of task 7 : 0.9572
test acc of task 7 on it's training set: 0.9751
test acc of task 8 : 0.9928
test acc of task 8 on it's training set: 0.9993
test acc of task 9 : 0.0000
test acc of task 9 on it's training set: 0.0000
Training task  9
epoch 5, loss 0.3987, train acc 0.9206, test acc 0.8728, time 1.21 sec
epoch 10, loss 0.1776, train acc 0.9828, test acc 0.8599, time 1.48 sec
epoch 15, loss 0.1315, train acc 0.9915, test acc 0.8472, time 1.23 sec
epoch 20, loss 0.1125, train acc 0.9962, test acc 0.8382, time 1.31 sec
epoch 25, loss 0.1032, train acc 0.9976, test acc 0.8294, time 0.93 sec
epoch 30, loss 0.0977, train acc 0.9986, test acc 0.8226, time 1.07 sec
test acc of task 0 : 0.9347
test acc of task 0 on it's training set: 0.9291
test acc of task 1 : 0.9436
test acc of task 1 on it's training set: 0.9453
test acc of task 2 : 0.8421
test acc of task 2 on it's training set: 0.8610
test acc of task 3 : 0.2703
test acc of task 3 on it's training set: 0.9189
test acc of task 4 : 0.7546
test acc of task 4 on it's training set: 0.7684
test acc of task 5 : 0.8274
test acc of task 5 on it's training set: 0.8438
test acc of task 6 : 0.9582
test acc of task 6 on it's training set: 0.9681
test acc of task 7 : 0.7821
test acc of task 7 on it's training set: 0.8045
test acc of task 8 : 0.9199
test acc of task 8 on it's training set: 0.9226
test acc of task 9 : 0.9911
test acc of task 9 on it's training set: 0.9987
