dataset          : mnist
data_root        : /data0/user/lxguo/Data
model_name       : owm_fc
batch_size       : 128
num_epochs       : 30
learning_rate    : 0.2
lambda_loss      : 0.001
owmfc_alpha_list : [0.9, 0.6]
owmfc_lambda_list : [0.001, 1.0]
CL_method        : owm
num_hidden       : 800
num_classes      : 11
num_tasks        : 10
momentum         : 0.9
order_list       : [0, 1, 2, 3, 4, 5, 6, 7, 8, 9]
optimizer_type   : SGD
clipgrad         : 10.0
list_eval        : False
shift            : True
data_argmt       : False
data_perturbation : True
argmt_perc       : 0.01
pertur_bound     : 0.5
print_frequency  : 5
Device is cuda
owm_fc(
  (layer_1): OWM_FC_block(
    (W): Linear(in_features=784, out_features=800, bias=False)
    (P): Linear(in_features=784, out_features=784, bias=False)
  )
  (afun_1): ReLU()
  (layer_2): OWM_FC_block(
    (W): Linear(in_features=800, out_features=11, bias=False)
    (P): Linear(in_features=800, out_features=800, bias=False)
  )
)
Training task  0
epoch 5, loss 0.0469, train acc 1.0000, test acc 0.0980, time 1.37 sec
epoch 10, loss 0.0462, train acc 1.0000, test acc 0.0980, time 1.39 sec
epoch 15, loss 0.0454, train acc 1.0000, test acc 0.0980, time 1.40 sec
epoch 20, loss 0.0447, train acc 1.0000, test acc 0.0980, time 1.34 sec
epoch 25, loss 0.0441, train acc 1.0000, test acc 0.0980, time 1.46 sec
epoch 30, loss 0.0436, train acc 1.0000, test acc 0.0980, time 1.38 sec
test acc of task 0 : 1.0000
test acc of task 0 on it's training set: 1.0000
test acc of task 1 : 0.0000
test acc of task 1 on it's training set: 0.0000
test acc of task 2 : 0.0000
test acc of task 2 on it's training set: 0.0000
test acc of task 3 : 0.0000
test acc of task 3 on it's training set: 0.0000
test acc of task 4 : 0.0000
test acc of task 4 on it's training set: 0.0000
test acc of task 5 : 0.0000
test acc of task 5 on it's training set: 0.0000
test acc of task 6 : 0.0000
test acc of task 6 on it's training set: 0.0000
test acc of task 7 : 0.0000
test acc of task 7 on it's training set: 0.0000
test acc of task 8 : 0.0000
test acc of task 8 on it's training set: 0.0000
test acc of task 9 : 0.0000
test acc of task 9 on it's training set: 0.0000
Training task  1
epoch 5, loss 0.0492, train acc 0.9994, test acc 0.2114, time 1.43 sec
epoch 10, loss 0.0473, train acc 0.9999, test acc 0.2114, time 1.38 sec
epoch 15, loss 0.0464, train acc 0.9999, test acc 0.2114, time 1.39 sec
epoch 20, loss 0.0457, train acc 0.9999, test acc 0.2114, time 1.38 sec
epoch 25, loss 0.0453, train acc 1.0000, test acc 0.2114, time 1.33 sec
epoch 30, loss 0.0449, train acc 1.0000, test acc 0.2114, time 1.34 sec
test acc of task 0 : 0.9990
test acc of task 0 on it's training set: 0.9988
test acc of task 1 : 1.0000
test acc of task 1 on it's training set: 1.0000
test acc of task 2 : 0.0000
test acc of task 2 on it's training set: 0.0000
test acc of task 3 : 0.0000
test acc of task 3 on it's training set: 0.0000
test acc of task 4 : 0.0000
test acc of task 4 on it's training set: 0.0000
test acc of task 5 : 0.0000
test acc of task 5 on it's training set: 0.0000
test acc of task 6 : 0.0000
test acc of task 6 on it's training set: 0.0000
test acc of task 7 : 0.0000
test acc of task 7 on it's training set: 0.0000
test acc of task 8 : 0.0000
test acc of task 8 on it's training set: 0.0000
test acc of task 9 : 0.0000
test acc of task 9 on it's training set: 0.0000
Training task  2
epoch 5, loss 0.0903, train acc 0.9917, test acc 0.3116, time 1.33 sec
epoch 10, loss 0.0643, train acc 0.9982, test acc 0.3119, time 1.29 sec
epoch 15, loss 0.0589, train acc 0.9997, test acc 0.3120, time 1.50 sec
epoch 20, loss 0.0568, train acc 0.9998, test acc 0.3121, time 1.34 sec
epoch 25, loss 0.0557, train acc 0.9998, test acc 0.3122, time 1.41 sec
epoch 30, loss 0.0551, train acc 0.9998, test acc 0.3122, time 1.43 sec
test acc of task 0 : 0.9959
test acc of task 0 on it's training set: 0.9961
test acc of task 1 : 0.9921
test acc of task 1 on it's training set: 0.9855
test acc of task 2 : 0.9884
test acc of task 2 on it's training set: 1.0000
test acc of task 3 : 0.0000
test acc of task 3 on it's training set: 0.0000
test acc of task 4 : 0.0000
test acc of task 4 on it's training set: 0.0000
test acc of task 5 : 0.0000
test acc of task 5 on it's training set: 0.0000
test acc of task 6 : 0.0000
test acc of task 6 on it's training set: 0.0000
test acc of task 7 : 0.0000
test acc of task 7 on it's training set: 0.0000
test acc of task 8 : 0.0000
test acc of task 8 on it's training set: 0.0000
test acc of task 9 : 0.0000
test acc of task 9 on it's training set: 0.0000
Training task  3
epoch 5, loss 0.0996, train acc 0.9906, test acc 0.4005, time 1.34 sec
epoch 10, loss 0.0773, train acc 0.9964, test acc 0.4047, time 1.31 sec
epoch 15, loss 0.0695, train acc 0.9989, test acc 0.4064, time 1.45 sec
epoch 20, loss 0.0659, train acc 0.9997, test acc 0.4069, time 1.32 sec
epoch 25, loss 0.0639, train acc 1.0000, test acc 0.4073, time 1.29 sec
epoch 30, loss 0.0627, train acc 1.0000, test acc 0.4074, time 1.34 sec
test acc of task 0 : 0.9949
test acc of task 0 on it's training set: 0.9949
test acc of task 1 : 0.9921
test acc of task 1 on it's training set: 0.9853
test acc of task 2 : 0.9855
test acc of task 2 on it's training set: 0.9899
test acc of task 3 : 0.9465
test acc of task 3 on it's training set: 1.0000
test acc of task 4 : 0.0000
test acc of task 4 on it's training set: 0.0000
test acc of task 5 : 0.0000
test acc of task 5 on it's training set: 0.0000
test acc of task 6 : 0.0000
test acc of task 6 on it's training set: 0.0000
test acc of task 7 : 0.0000
test acc of task 7 on it's training set: 0.0000
test acc of task 8 : 0.0000
test acc of task 8 on it's training set: 0.0000
test acc of task 9 : 0.0000
test acc of task 9 on it's training set: 0.0000
Training task  4
epoch 5, loss 0.1316, train acc 0.9901, test acc 0.5018, time 1.32 sec
epoch 10, loss 0.0942, train acc 0.9971, test acc 0.5021, time 1.36 sec
epoch 15, loss 0.0834, train acc 0.9983, test acc 0.5014, time 1.45 sec
epoch 20, loss 0.0780, train acc 0.9985, test acc 0.5011, time 1.31 sec
epoch 25, loss 0.0749, train acc 0.9993, test acc 0.5008, time 1.35 sec
epoch 30, loss 0.0730, train acc 0.9997, test acc 0.5005, time 1.44 sec
test acc of task 0 : 0.9939
test acc of task 0 on it's training set: 0.9917
test acc of task 1 : 0.9912
test acc of task 1 on it's training set: 0.9812
test acc of task 2 : 0.9671
test acc of task 2 on it's training set: 0.9755
test acc of task 3 : 0.9198
test acc of task 3 on it's training set: 0.9985
test acc of task 4 : 0.9969
test acc of task 4 on it's training set: 0.9997
test acc of task 5 : 0.0000
test acc of task 5 on it's training set: 0.0000
test acc of task 6 : 0.0000
test acc of task 6 on it's training set: 0.0000
test acc of task 7 : 0.0000
test acc of task 7 on it's training set: 0.0000
test acc of task 8 : 0.0000
test acc of task 8 on it's training set: 0.0000
test acc of task 9 : 0.0000
test acc of task 9 on it's training set: 0.0000
Training task  5
epoch 5, loss 0.2412, train acc 0.9643, test acc 0.5763, time 1.45 sec
epoch 10, loss 0.1274, train acc 0.9907, test acc 0.5718, time 1.27 sec
epoch 15, loss 0.0990, train acc 0.9973, test acc 0.5682, time 1.42 sec
epoch 20, loss 0.0885, train acc 0.9987, test acc 0.5648, time 1.40 sec
epoch 25, loss 0.0825, train acc 0.9991, test acc 0.5630, time 1.33 sec
epoch 30, loss 0.0790, train acc 0.9998, test acc 0.5614, time 1.28 sec
test acc of task 0 : 0.9867
test acc of task 0 on it's training set: 0.9856
test acc of task 1 : 0.9877
test acc of task 1 on it's training set: 0.9789
test acc of task 2 : 0.9622
test acc of task 2 on it's training set: 0.9757
test acc of task 3 : 0.6673
test acc of task 3 on it's training set: 0.9739
test acc of task 4 : 0.9919
test acc of task 4 on it's training set: 0.9932
test acc of task 5 : 0.9922
test acc of task 5 on it's training set: 0.9998
test acc of task 6 : 0.0000
test acc of task 6 on it's training set: 0.0000
test acc of task 7 : 0.0000
test acc of task 7 on it's training set: 0.0000
test acc of task 8 : 0.0000
test acc of task 8 on it's training set: 0.0000
test acc of task 9 : 0.0000
test acc of task 9 on it's training set: 0.0000
Training task  6
epoch 5, loss 0.2069, train acc 0.9717, test acc 0.6481, time 1.30 sec
epoch 10, loss 0.1248, train acc 0.9889, test acc 0.6466, time 1.35 sec
epoch 15, loss 0.1019, train acc 0.9948, test acc 0.6470, time 1.42 sec
epoch 20, loss 0.0923, train acc 0.9977, test acc 0.6467, time 1.25 sec
epoch 25, loss 0.0860, train acc 0.9988, test acc 0.6466, time 1.29 sec
epoch 30, loss 0.0825, train acc 0.9990, test acc 0.6463, time 1.35 sec
test acc of task 0 : 0.9827
test acc of task 0 on it's training set: 0.9819
test acc of task 1 : 0.9868
test acc of task 1 on it's training set: 0.9789
test acc of task 2 : 0.9603
test acc of task 2 on it's training set: 0.9683
test acc of task 3 : 0.6218
test acc of task 3 on it's training set: 0.9672
test acc of task 4 : 0.9735
test acc of task 4 on it's training set: 0.9695
test acc of task 5 : 0.9664
test acc of task 5 on it's training set: 0.9637
test acc of task 6 : 0.9843
test acc of task 6 on it's training set: 0.9990
test acc of task 7 : 0.0000
test acc of task 7 on it's training set: 0.0000
test acc of task 8 : 0.0000
test acc of task 8 on it's training set: 0.0000
test acc of task 9 : 0.0000
test acc of task 9 on it's training set: 0.0000
Training task  7
epoch 5, loss 0.2082, train acc 0.9656, test acc 0.7464, time 1.42 sec
epoch 10, loss 0.1286, train acc 0.9884, test acc 0.7440, time 1.30 sec
epoch 15, loss 0.1062, train acc 0.9935, test acc 0.7431, time 1.34 sec
epoch 20, loss 0.0955, train acc 0.9965, test acc 0.7423, time 1.30 sec
epoch 25, loss 0.0895, train acc 0.9971, test acc 0.7412, time 1.30 sec
epoch 30, loss 0.0860, train acc 0.9979, test acc 0.7407, time 1.36 sec
test acc of task 0 : 0.9827
test acc of task 0 on it's training set: 0.9787
test acc of task 1 : 0.9850
test acc of task 1 on it's training set: 0.9763
test acc of task 2 : 0.9254
test acc of task 2 on it's training set: 0.9369
test acc of task 3 : 0.6356
test acc of task 3 on it's training set: 0.9628
test acc of task 4 : 0.9450
test acc of task 4 on it's training set: 0.9427
test acc of task 5 : 0.9540
test acc of task 5 on it's training set: 0.9541
test acc of task 6 : 0.9781
test acc of task 6 on it's training set: 0.9973
test acc of task 7 : 0.9854
test acc of task 7 on it's training set: 0.9981
test acc of task 8 : 0.0000
test acc of task 8 on it's training set: 0.0000
test acc of task 9 : 0.0000
test acc of task 9 on it's training set: 0.0000
Training task  8
epoch 5, loss 0.5402, train acc 0.8854, test acc 0.8254, time 1.39 sec
epoch 10, loss 0.2383, train acc 0.9649, test acc 0.8236, time 1.33 sec
epoch 15, loss 0.1698, train acc 0.9822, test acc 0.8202, time 1.28 sec
epoch 20, loss 0.1393, train acc 0.9915, test acc 0.8176, time 1.35 sec
epoch 25, loss 0.1233, train acc 0.9956, test acc 0.8146, time 1.13 sec
epoch 30, loss 0.1133, train acc 0.9976, test acc 0.8127, time 1.25 sec
test acc of task 0 : 0.9796
test acc of task 0 on it's training set: 0.9740
test acc of task 1 : 0.9665
test acc of task 1 on it's training set: 0.9598
test acc of task 2 : 0.9012
test acc of task 2 on it's training set: 0.9121
test acc of task 3 : 0.5337
test acc of task 3 on it's training set: 0.9548
test acc of task 4 : 0.9318
test acc of task 4 on it's training set: 0.9271
test acc of task 5 : 0.9103
test acc of task 5 on it's training set: 0.9306
test acc of task 6 : 0.9624
test acc of task 6 on it's training set: 0.9794
test acc of task 7 : 0.9689
test acc of task 7 on it's training set: 0.9893
test acc of task 8 : 0.9815
test acc of task 8 on it's training set: 0.9978
test acc of task 9 : 0.0000
test acc of task 9 on it's training set: 0.0000
Training task  9
epoch 5, loss 0.5452, train acc 0.8848, test acc 0.9010, time 1.25 sec
epoch 10, loss 0.2559, train acc 0.9633, test acc 0.8980, time 1.18 sec
epoch 15, loss 0.1801, train acc 0.9848, test acc 0.8944, time 1.20 sec
epoch 20, loss 0.1485, train acc 0.9907, test acc 0.8918, time 1.05 sec
epoch 25, loss 0.1311, train acc 0.9940, test acc 0.8902, time 0.92 sec
epoch 30, loss 0.1206, train acc 0.9968, test acc 0.8883, time 1.09 sec
test acc of task 0 : 0.9765
test acc of task 0 on it's training set: 0.9701
test acc of task 1 : 0.9656
test acc of task 1 on it's training set: 0.9598
test acc of task 2 : 0.8915
test acc of task 2 on it's training set: 0.9028
test acc of task 3 : 0.5257
test acc of task 3 on it's training set: 0.9480
test acc of task 4 : 0.8595
test acc of task 4 on it's training set: 0.8636
test acc of task 5 : 0.9013
test acc of task 5 on it's training set: 0.9083
test acc of task 6 : 0.9572
test acc of task 6 on it's training set: 0.9736
test acc of task 7 : 0.8823
test acc of task 7 on it's training set: 0.8945
test acc of task 8 : 0.9425
test acc of task 8 on it's training set: 0.9525
test acc of task 9 : 0.9802
test acc of task 9 on it's training set: 0.9970
