dataset          : mnist
data_root        : /data0/user/lxguo/Data
model_name       : owm_fc
batch_size       : 128
num_epochs       : 30
learning_rate    : 0.2
lambda_loss      : 0.001
owmfc_alpha_list : [0.9, 0.6]
owmfc_lambda_list : [0.001, 1.0]
CL_method        : owm
num_hidden       : 800
num_classes      : 11
num_tasks        : 10
momentum         : 0.9
order_list       : [0, 1, 2, 3, 4, 5, 6, 7, 8, 9]
optimizer_type   : SGD
clipgrad         : 10.0
list_eval        : False
shift            : True
data_argmt       : False
data_perturbation : True
argmt_perc       : 0.01
pertur_bound     : 0.125
print_frequency  : 5
Device is cuda
owm_fc(
  (layer_1): OWM_FC_block(
    (W): Linear(in_features=784, out_features=800, bias=False)
    (P): Linear(in_features=784, out_features=784, bias=False)
  )
  (afun_1): ReLU()
  (layer_2): OWM_FC_block(
    (W): Linear(in_features=800, out_features=11, bias=False)
    (P): Linear(in_features=800, out_features=800, bias=False)
  )
)
Training task  0
epoch 5, loss 0.0629, train acc 0.9970, test acc 0.0979, time 1.42 sec
epoch 10, loss 0.0476, train acc 1.0000, test acc 0.0979, time 1.52 sec
epoch 15, loss 0.0470, train acc 0.9998, test acc 0.0979, time 1.30 sec
epoch 20, loss 0.0464, train acc 1.0000, test acc 0.0979, time 1.47 sec
epoch 25, loss 0.0459, train acc 1.0000, test acc 0.0980, time 1.37 sec
epoch 30, loss 0.0454, train acc 1.0000, test acc 0.0980, time 1.43 sec
test acc of task 0 : 1.0000
test acc of task 0 on it's training set: 1.0000
test acc of task 1 : 0.0000
test acc of task 1 on it's training set: 0.0000
test acc of task 2 : 0.0000
test acc of task 2 on it's training set: 0.0000
test acc of task 3 : 0.0000
test acc of task 3 on it's training set: 0.0000
test acc of task 4 : 0.0000
test acc of task 4 on it's training set: 0.0000
test acc of task 5 : 0.0000
test acc of task 5 on it's training set: 0.0000
test acc of task 6 : 0.0000
test acc of task 6 on it's training set: 0.0000
test acc of task 7 : 0.0000
test acc of task 7 on it's training set: 0.0000
test acc of task 8 : 0.0000
test acc of task 8 on it's training set: 0.0000
test acc of task 9 : 0.0000
test acc of task 9 on it's training set: 0.0000
Training task  1
epoch 5, loss 0.0521, train acc 0.9997, test acc 0.2114, time 1.47 sec
epoch 10, loss 0.0496, train acc 0.9999, test acc 0.2114, time 1.44 sec
epoch 15, loss 0.0485, train acc 0.9999, test acc 0.2114, time 1.26 sec
epoch 20, loss 0.0478, train acc 0.9999, test acc 0.2114, time 1.31 sec
epoch 25, loss 0.0473, train acc 1.0000, test acc 0.2113, time 1.40 sec
epoch 30, loss 0.0469, train acc 1.0000, test acc 0.2113, time 1.50 sec
test acc of task 0 : 0.9980
test acc of task 0 on it's training set: 0.9981
test acc of task 1 : 1.0000
test acc of task 1 on it's training set: 1.0000
test acc of task 2 : 0.0000
test acc of task 2 on it's training set: 0.0000
test acc of task 3 : 0.0000
test acc of task 3 on it's training set: 0.0000
test acc of task 4 : 0.0000
test acc of task 4 on it's training set: 0.0000
test acc of task 5 : 0.0000
test acc of task 5 on it's training set: 0.0000
test acc of task 6 : 0.0000
test acc of task 6 on it's training set: 0.0000
test acc of task 7 : 0.0000
test acc of task 7 on it's training set: 0.0000
test acc of task 8 : 0.0000
test acc of task 8 on it's training set: 0.0000
test acc of task 9 : 0.0000
test acc of task 9 on it's training set: 0.0000
Training task  2
epoch 5, loss 0.0876, train acc 0.9932, test acc 0.3116, time 1.53 sec
epoch 10, loss 0.0661, train acc 0.9987, test acc 0.3119, time 1.37 sec
epoch 15, loss 0.0608, train acc 0.9997, test acc 0.3121, time 1.39 sec
epoch 20, loss 0.0584, train acc 0.9998, test acc 0.3123, time 1.22 sec
epoch 25, loss 0.0572, train acc 0.9998, test acc 0.3124, time 1.31 sec
epoch 30, loss 0.0565, train acc 0.9998, test acc 0.3125, time 1.44 sec
test acc of task 0 : 0.9959
test acc of task 0 on it's training set: 0.9936
test acc of task 1 : 0.9912
test acc of task 1 on it's training set: 0.9869
test acc of task 2 : 0.9922
test acc of task 2 on it's training set: 0.9998
test acc of task 3 : 0.0000
test acc of task 3 on it's training set: 0.0000
test acc of task 4 : 0.0000
test acc of task 4 on it's training set: 0.0000
test acc of task 5 : 0.0000
test acc of task 5 on it's training set: 0.0000
test acc of task 6 : 0.0000
test acc of task 6 on it's training set: 0.0000
test acc of task 7 : 0.0000
test acc of task 7 on it's training set: 0.0000
test acc of task 8 : 0.0000
test acc of task 8 on it's training set: 0.0000
test acc of task 9 : 0.0000
test acc of task 9 on it's training set: 0.0000
Training task  3
epoch 5, loss 0.1016, train acc 0.9903, test acc 0.3988, time 1.33 sec
epoch 10, loss 0.0773, train acc 0.9963, test acc 0.4038, time 1.46 sec
epoch 15, loss 0.0695, train acc 0.9987, test acc 0.4055, time 1.43 sec
epoch 20, loss 0.0656, train acc 0.9998, test acc 0.4059, time 1.48 sec
epoch 25, loss 0.0635, train acc 0.9998, test acc 0.4062, time 1.43 sec
epoch 30, loss 0.0622, train acc 1.0000, test acc 0.4069, time 1.34 sec
test acc of task 0 : 0.9929
test acc of task 0 on it's training set: 0.9931
test acc of task 1 : 0.9938
test acc of task 1 on it's training set: 0.9864
test acc of task 2 : 0.9826
test acc of task 2 on it's training set: 0.9914
test acc of task 3 : 0.9446
test acc of task 3 on it's training set: 1.0000
test acc of task 4 : 0.0000
test acc of task 4 on it's training set: 0.0000
test acc of task 5 : 0.0000
test acc of task 5 on it's training set: 0.0000
test acc of task 6 : 0.0000
test acc of task 6 on it's training set: 0.0000
test acc of task 7 : 0.0000
test acc of task 7 on it's training set: 0.0000
test acc of task 8 : 0.0000
test acc of task 8 on it's training set: 0.0000
test acc of task 9 : 0.0000
test acc of task 9 on it's training set: 0.0000
Training task  4
epoch 5, loss 0.1375, train acc 0.9910, test acc 0.5013, time 1.19 sec
epoch 10, loss 0.0975, train acc 0.9966, test acc 0.5008, time 1.18 sec
epoch 15, loss 0.0862, train acc 0.9980, test acc 0.5006, time 1.16 sec
epoch 20, loss 0.0807, train acc 0.9992, test acc 0.5002, time 1.28 sec
epoch 25, loss 0.0774, train acc 0.9992, test acc 0.4999, time 1.28 sec
epoch 30, loss 0.0755, train acc 0.9998, test acc 0.4997, time 1.33 sec
test acc of task 0 : 0.9939
test acc of task 0 on it's training set: 0.9885
test acc of task 1 : 0.9903
test acc of task 1 on it's training set: 0.9813
test acc of task 2 : 0.9651
test acc of task 2 on it's training set: 0.9783
test acc of task 3 : 0.9168
test acc of task 3 on it's training set: 0.9985
test acc of task 4 : 0.9949
test acc of task 4 on it's training set: 0.9998
test acc of task 5 : 0.0000
test acc of task 5 on it's training set: 0.0000
test acc of task 6 : 0.0000
test acc of task 6 on it's training set: 0.0000
test acc of task 7 : 0.0000
test acc of task 7 on it's training set: 0.0000
test acc of task 8 : 0.0000
test acc of task 8 on it's training set: 0.0000
test acc of task 9 : 0.0000
test acc of task 9 on it's training set: 0.0000
Training task  5
epoch 5, loss 0.2565, train acc 0.9627, test acc 0.5734, time 1.27 sec
epoch 10, loss 0.1318, train acc 0.9894, test acc 0.5685, time 1.19 sec
epoch 15, loss 0.1024, train acc 0.9949, test acc 0.5653, time 1.25 sec
epoch 20, loss 0.0897, train acc 0.9985, test acc 0.5628, time 1.27 sec
epoch 25, loss 0.0839, train acc 0.9993, test acc 0.5611, time 1.29 sec
epoch 30, loss 0.0803, train acc 0.9996, test acc 0.5596, time 1.21 sec
test acc of task 0 : 0.9847
test acc of task 0 on it's training set: 0.9833
test acc of task 1 : 0.9885
test acc of task 1 on it's training set: 0.9797
test acc of task 2 : 0.9651
test acc of task 2 on it's training set: 0.9753
test acc of task 3 : 0.6446
test acc of task 3 on it's training set: 0.9767
test acc of task 4 : 0.9929
test acc of task 4 on it's training set: 0.9938
test acc of task 5 : 0.9944
test acc of task 5 on it's training set: 0.9996
test acc of task 6 : 0.0000
test acc of task 6 on it's training set: 0.0000
test acc of task 7 : 0.0000
test acc of task 7 on it's training set: 0.0000
test acc of task 8 : 0.0000
test acc of task 8 on it's training set: 0.0000
test acc of task 9 : 0.0000
test acc of task 9 on it's training set: 0.0000
Training task  6
epoch 5, loss 0.2104, train acc 0.9759, test acc 0.6455, time 1.27 sec
epoch 10, loss 0.1268, train acc 0.9921, test acc 0.6442, time 1.26 sec
epoch 15, loss 0.1063, train acc 0.9961, test acc 0.6438, time 1.27 sec
epoch 20, loss 0.0958, train acc 0.9982, test acc 0.6434, time 1.30 sec
epoch 25, loss 0.0901, train acc 0.9987, test acc 0.6428, time 1.20 sec
epoch 30, loss 0.0867, train acc 0.9990, test acc 0.6425, time 1.32 sec
test acc of task 0 : 0.9816
test acc of task 0 on it's training set: 0.9801
test acc of task 1 : 0.9868
test acc of task 1 on it's training set: 0.9807
test acc of task 2 : 0.9661
test acc of task 2 on it's training set: 0.9676
test acc of task 3 : 0.5842
test acc of task 3 on it's training set: 0.9687
test acc of task 4 : 0.9735
test acc of task 4 on it's training set: 0.9742
test acc of task 5 : 0.9619
test acc of task 5 on it's training set: 0.9644
test acc of task 6 : 0.9833
test acc of task 6 on it's training set: 0.9992
test acc of task 7 : 0.0000
test acc of task 7 on it's training set: 0.0000
test acc of task 8 : 0.0000
test acc of task 8 on it's training set: 0.0000
test acc of task 9 : 0.0000
test acc of task 9 on it's training set: 0.0000
Training task  7
epoch 5, loss 0.2139, train acc 0.9653, test acc 0.7401, time 1.21 sec
epoch 10, loss 0.1315, train acc 0.9880, test acc 0.7390, time 1.17 sec
epoch 15, loss 0.1080, train acc 0.9938, test acc 0.7384, time 1.30 sec
epoch 20, loss 0.0969, train acc 0.9962, test acc 0.7376, time 0.93 sec
epoch 25, loss 0.0906, train acc 0.9973, test acc 0.7371, time 1.05 sec
epoch 30, loss 0.0868, train acc 0.9978, test acc 0.7363, time 1.18 sec
test acc of task 0 : 0.9806
test acc of task 0 on it's training set: 0.9786
test acc of task 1 : 0.9868
test acc of task 1 on it's training set: 0.9779
test acc of task 2 : 0.9225
test acc of task 2 on it's training set: 0.9352
test acc of task 3 : 0.5941
test acc of task 3 on it's training set: 0.9693
test acc of task 4 : 0.9511
test acc of task 4 on it's training set: 0.9493
test acc of task 5 : 0.9428
test acc of task 5 on it's training set: 0.9531
test acc of task 6 : 0.9823
test acc of task 6 on it's training set: 0.9978
test acc of task 7 : 0.9864
test acc of task 7 on it's training set: 0.9978
test acc of task 8 : 0.0000
test acc of task 8 on it's training set: 0.0000
test acc of task 9 : 0.0000
test acc of task 9 on it's training set: 0.0000
Training task  8
epoch 5, loss 0.6144, train acc 0.8701, test acc 0.8176, time 0.96 sec
epoch 10, loss 0.2744, train acc 0.9610, test acc 0.8181, time 0.87 sec
epoch 15, loss 0.1934, train acc 0.9776, test acc 0.8151, time 0.87 sec
epoch 20, loss 0.1584, train acc 0.9898, test acc 0.8122, time 0.95 sec
epoch 25, loss 0.1391, train acc 0.9936, test acc 0.8099, time 0.95 sec
epoch 30, loss 0.1274, train acc 0.9964, test acc 0.8086, time 1.04 sec
test acc of task 0 : 0.9776
test acc of task 0 on it's training set: 0.9748
test acc of task 1 : 0.9718
test acc of task 1 on it's training set: 0.9601
test acc of task 2 : 0.8983
test acc of task 2 on it's training set: 0.9109
test acc of task 3 : 0.4634
test acc of task 3 on it's training set: 0.9525
test acc of task 4 : 0.9450
test acc of task 4 on it's training set: 0.9425
test acc of task 5 : 0.9327
test acc of task 5 on it's training set: 0.9450
test acc of task 6 : 0.9656
test acc of task 6 on it's training set: 0.9831
test acc of task 7 : 0.9728
test acc of task 7 on it's training set: 0.9888
test acc of task 8 : 0.9702
test acc of task 8 on it's training set: 0.9966
test acc of task 9 : 0.0000
test acc of task 9 on it's training set: 0.0000
Training task  9
epoch 5, loss 0.6180, train acc 0.8731, test acc 0.8924, time 0.95 sec
epoch 10, loss 0.3016, train acc 0.9571, test acc 0.8947, time 0.91 sec
epoch 15, loss 0.2108, train acc 0.9783, test acc 0.8931, time 0.83 sec
epoch 20, loss 0.1707, train acc 0.9892, test acc 0.8898, time 0.90 sec
epoch 25, loss 0.1502, train acc 0.9938, test acc 0.8873, time 0.83 sec
epoch 30, loss 0.1376, train acc 0.9955, test acc 0.8858, time 0.92 sec
test acc of task 0 : 0.9765
test acc of task 0 on it's training set: 0.9710
test acc of task 1 : 0.9718
test acc of task 1 on it's training set: 0.9597
test acc of task 2 : 0.8915
test acc of task 2 on it's training set: 0.8985
test acc of task 3 : 0.4594
test acc of task 3 on it's training set: 0.9494
test acc of task 4 : 0.8747
test acc of task 4 on it's training set: 0.8853
test acc of task 5 : 0.9204
test acc of task 5 on it's training set: 0.9306
test acc of task 6 : 0.9582
test acc of task 6 on it's training set: 0.9777
test acc of task 7 : 0.8862
test acc of task 7 on it's training set: 0.9053
test acc of task 8 : 0.9466
test acc of task 8 on it's training set: 0.9622
test acc of task 9 : 0.9742
test acc of task 9 on it's training set: 0.9955
