dataset          : mnist
data_root        : /data0/user/lxguo/Data
model_name       : owm_fc
batch_size       : 128
num_epochs       : 30
learning_rate    : 0.2
lambda_loss      : 0.001
owmfc_alpha_list : [0.9, 0.6]
owmfc_lambda_list : [0.001, 1.0]
CL_method        : owm
num_hidden       : 800
num_classes      : 11
num_tasks        : 10
momentum         : 0.9
order_list       : [0, 1, 2, 3, 4, 5, 6, 7, 8, 9]
optimizer_type   : SGD
clipgrad         : 10.0
list_eval        : False
shift            : True
data_argmt       : False
data_perturbation : True
argmt_perc       : 0.01
pertur_bound     : 0.125
print_frequency  : 5
Device is cuda
owm_fc(
  (layer_1): OWM_FC_block(
    (W): Linear(in_features=784, out_features=800, bias=False)
    (P): Linear(in_features=784, out_features=784, bias=False)
  )
  (afun_1): ReLU()
  (layer_2): OWM_FC_block(
    (W): Linear(in_features=800, out_features=11, bias=False)
    (P): Linear(in_features=800, out_features=800, bias=False)
  )
)
Training task  0
epoch 5, loss 0.0661, train acc 0.9958, test acc 0.0977, time 0.93 sec
epoch 10, loss 0.0481, train acc 1.0000, test acc 0.0978, time 1.05 sec
epoch 15, loss 0.0473, train acc 1.0000, test acc 0.0978, time 1.18 sec
epoch 20, loss 0.0467, train acc 1.0000, test acc 0.0978, time 1.04 sec
epoch 25, loss 0.0461, train acc 1.0000, test acc 0.0978, time 1.02 sec
epoch 30, loss 0.0456, train acc 1.0000, test acc 0.0978, time 0.89 sec
test acc of task 0 : 0.9980
test acc of task 0 on it's training set: 1.0000
test acc of task 1 : 0.0000
test acc of task 1 on it's training set: 0.0000
test acc of task 2 : 0.0000
test acc of task 2 on it's training set: 0.0000
test acc of task 3 : 0.0000
test acc of task 3 on it's training set: 0.0000
test acc of task 4 : 0.0000
test acc of task 4 on it's training set: 0.0000
test acc of task 5 : 0.0000
test acc of task 5 on it's training set: 0.0000
test acc of task 6 : 0.0000
test acc of task 6 on it's training set: 0.0000
test acc of task 7 : 0.0000
test acc of task 7 on it's training set: 0.0000
test acc of task 8 : 0.0000
test acc of task 8 on it's training set: 0.0000
test acc of task 9 : 0.0000
test acc of task 9 on it's training set: 0.0000
Training task  1
epoch 5, loss 0.0522, train acc 0.9997, test acc 0.2112, time 1.19 sec
epoch 10, loss 0.0498, train acc 0.9999, test acc 0.2114, time 1.14 sec
epoch 15, loss 0.0487, train acc 0.9999, test acc 0.2114, time 1.06 sec
epoch 20, loss 0.0480, train acc 1.0000, test acc 0.2114, time 0.99 sec
epoch 25, loss 0.0475, train acc 1.0000, test acc 0.2114, time 1.22 sec
epoch 30, loss 0.0471, train acc 1.0000, test acc 0.2114, time 1.13 sec
test acc of task 0 : 0.9990
test acc of task 0 on it's training set: 0.9990
test acc of task 1 : 1.0000
test acc of task 1 on it's training set: 1.0000
test acc of task 2 : 0.0000
test acc of task 2 on it's training set: 0.0000
test acc of task 3 : 0.0000
test acc of task 3 on it's training set: 0.0000
test acc of task 4 : 0.0000
test acc of task 4 on it's training set: 0.0000
test acc of task 5 : 0.0000
test acc of task 5 on it's training set: 0.0000
test acc of task 6 : 0.0000
test acc of task 6 on it's training set: 0.0000
test acc of task 7 : 0.0000
test acc of task 7 on it's training set: 0.0000
test acc of task 8 : 0.0000
test acc of task 8 on it's training set: 0.0000
test acc of task 9 : 0.0000
test acc of task 9 on it's training set: 0.0000
Training task  2
epoch 5, loss 0.0866, train acc 0.9913, test acc 0.3113, time 1.02 sec
epoch 10, loss 0.0649, train acc 0.9988, test acc 0.3116, time 1.15 sec
epoch 15, loss 0.0596, train acc 0.9997, test acc 0.3117, time 0.93 sec
epoch 20, loss 0.0575, train acc 0.9998, test acc 0.3117, time 1.14 sec
epoch 25, loss 0.0564, train acc 1.0000, test acc 0.3117, time 1.18 sec
epoch 30, loss 0.0557, train acc 1.0000, test acc 0.3117, time 1.09 sec
test acc of task 0 : 0.9929
test acc of task 0 on it's training set: 0.9948
test acc of task 1 : 0.9894
test acc of task 1 on it's training set: 0.9858
test acc of task 2 : 0.9893
test acc of task 2 on it's training set: 1.0000
test acc of task 3 : 0.0000
test acc of task 3 on it's training set: 0.0000
test acc of task 4 : 0.0000
test acc of task 4 on it's training set: 0.0000
test acc of task 5 : 0.0000
test acc of task 5 on it's training set: 0.0000
test acc of task 6 : 0.0000
test acc of task 6 on it's training set: 0.0000
test acc of task 7 : 0.0000
test acc of task 7 on it's training set: 0.0000
test acc of task 8 : 0.0000
test acc of task 8 on it's training set: 0.0000
test acc of task 9 : 0.0000
test acc of task 9 on it's training set: 0.0000
Training task  3
epoch 5, loss 0.0971, train acc 0.9909, test acc 0.3995, time 1.15 sec
epoch 10, loss 0.0760, train acc 0.9972, test acc 0.4030, time 1.09 sec
epoch 15, loss 0.0687, train acc 0.9987, test acc 0.4047, time 1.11 sec
epoch 20, loss 0.0654, train acc 0.9997, test acc 0.4054, time 1.00 sec
epoch 25, loss 0.0634, train acc 1.0000, test acc 0.4059, time 1.01 sec
epoch 30, loss 0.0623, train acc 1.0000, test acc 0.4064, time 1.13 sec
test acc of task 0 : 0.9918
test acc of task 0 on it's training set: 0.9941
test acc of task 1 : 0.9903
test acc of task 1 on it's training set: 0.9858
test acc of task 2 : 0.9806
test acc of task 2 on it's training set: 0.9921
test acc of task 3 : 0.9465
test acc of task 3 on it's training set: 1.0000
test acc of task 4 : 0.0000
test acc of task 4 on it's training set: 0.0000
test acc of task 5 : 0.0000
test acc of task 5 on it's training set: 0.0000
test acc of task 6 : 0.0000
test acc of task 6 on it's training set: 0.0000
test acc of task 7 : 0.0000
test acc of task 7 on it's training set: 0.0000
test acc of task 8 : 0.0000
test acc of task 8 on it's training set: 0.0000
test acc of task 9 : 0.0000
test acc of task 9 on it's training set: 0.0000
Training task  4
epoch 5, loss 0.1404, train acc 0.9879, test acc 0.5004, time 1.21 sec
epoch 10, loss 0.0980, train acc 0.9959, test acc 0.5000, time 1.06 sec
epoch 15, loss 0.0862, train acc 0.9978, test acc 0.4997, time 1.19 sec
epoch 20, loss 0.0803, train acc 0.9986, test acc 0.4994, time 1.20 sec
epoch 25, loss 0.0767, train acc 0.9992, test acc 0.4993, time 1.18 sec
epoch 30, loss 0.0746, train acc 0.9992, test acc 0.4992, time 1.11 sec
test acc of task 0 : 0.9898
test acc of task 0 on it's training set: 0.9926
test acc of task 1 : 0.9894
test acc of task 1 on it's training set: 0.9806
test acc of task 2 : 0.9641
test acc of task 2 on it's training set: 0.9765
test acc of task 3 : 0.9139
test acc of task 3 on it's training set: 0.9979
test acc of task 4 : 0.9990
test acc of task 4 on it's training set: 0.9991
test acc of task 5 : 0.0000
test acc of task 5 on it's training set: 0.0000
test acc of task 6 : 0.0000
test acc of task 6 on it's training set: 0.0000
test acc of task 7 : 0.0000
test acc of task 7 on it's training set: 0.0000
test acc of task 8 : 0.0000
test acc of task 8 on it's training set: 0.0000
test acc of task 9 : 0.0000
test acc of task 9 on it's training set: 0.0000
Training task  5
epoch 5, loss 0.2577, train acc 0.9616, test acc 0.5756, time 1.15 sec
epoch 10, loss 0.1336, train acc 0.9897, test acc 0.5712, time 1.10 sec
epoch 15, loss 0.1033, train acc 0.9962, test acc 0.5668, time 0.92 sec
epoch 20, loss 0.0912, train acc 0.9980, test acc 0.5639, time 0.96 sec
epoch 25, loss 0.0850, train acc 0.9991, test acc 0.5629, time 0.84 sec
epoch 30, loss 0.0817, train acc 0.9996, test acc 0.5620, time 0.81 sec
test acc of task 0 : 0.9888
test acc of task 0 on it's training set: 0.9870
test acc of task 1 : 0.9885
test acc of task 1 on it's training set: 0.9780
test acc of task 2 : 0.9603
test acc of task 2 on it's training set: 0.9718
test acc of task 3 : 0.6673
test acc of task 3 on it's training set: 0.9759
test acc of task 4 : 0.9949
test acc of task 4 on it's training set: 0.9940
test acc of task 5 : 0.9944
test acc of task 5 on it's training set: 0.9998
test acc of task 6 : 0.0000
test acc of task 6 on it's training set: 0.0000
test acc of task 7 : 0.0000
test acc of task 7 on it's training set: 0.0000
test acc of task 8 : 0.0000
test acc of task 8 on it's training set: 0.0000
test acc of task 9 : 0.0000
test acc of task 9 on it's training set: 0.0000
Training task  6
epoch 5, loss 0.2264, train acc 0.9705, test acc 0.6482, time 1.03 sec
epoch 10, loss 0.1324, train acc 0.9893, test acc 0.6477, time 0.91 sec
epoch 15, loss 0.1083, train acc 0.9943, test acc 0.6475, time 0.95 sec
epoch 20, loss 0.0970, train acc 0.9965, test acc 0.6469, time 1.03 sec
epoch 25, loss 0.0904, train acc 0.9988, test acc 0.6464, time 0.83 sec
epoch 30, loss 0.0865, train acc 0.9992, test acc 0.6461, time 1.05 sec
test acc of task 0 : 0.9806
test acc of task 0 on it's training set: 0.9823
test acc of task 1 : 0.9877
test acc of task 1 on it's training set: 0.9788
test acc of task 2 : 0.9622
test acc of task 2 on it's training set: 0.9673
test acc of task 3 : 0.6129
test acc of task 3 on it's training set: 0.9702
test acc of task 4 : 0.9837
test acc of task 4 on it's training set: 0.9813
test acc of task 5 : 0.9608
test acc of task 5 on it's training set: 0.9620
test acc of task 6 : 0.9854
test acc of task 6 on it's training set: 0.9992
test acc of task 7 : 0.0000
test acc of task 7 on it's training set: 0.0000
test acc of task 8 : 0.0000
test acc of task 8 on it's training set: 0.0000
test acc of task 9 : 0.0000
test acc of task 9 on it's training set: 0.0000
Training task  7
epoch 5, loss 0.2303, train acc 0.9615, test acc 0.7417, time 0.94 sec
epoch 10, loss 0.1381, train acc 0.9857, test acc 0.7412, time 1.05 sec
epoch 15, loss 0.1127, train acc 0.9922, test acc 0.7393, time 0.94 sec
epoch 20, loss 0.1007, train acc 0.9948, test acc 0.7379, time 1.09 sec
epoch 25, loss 0.0934, train acc 0.9965, test acc 0.7375, time 0.79 sec
epoch 30, loss 0.0890, train acc 0.9973, test acc 0.7370, time 0.79 sec
test acc of task 0 : 0.9786
test acc of task 0 on it's training set: 0.9806
test acc of task 1 : 0.9885
test acc of task 1 on it's training set: 0.9757
test acc of task 2 : 0.9273
test acc of task 2 on it's training set: 0.9434
test acc of task 3 : 0.5970
test acc of task 3 on it's training set: 0.9684
test acc of task 4 : 0.9572
test acc of task 4 on it's training set: 0.9642
test acc of task 5 : 0.9417
test acc of task 5 on it's training set: 0.9535
test acc of task 6 : 0.9823
test acc of task 6 on it's training set: 0.9971
test acc of task 7 : 0.9805
test acc of task 7 on it's training set: 0.9974
test acc of task 8 : 0.0000
test acc of task 8 on it's training set: 0.0000
test acc of task 9 : 0.0000
test acc of task 9 on it's training set: 0.0000
Training task  8
epoch 5, loss 0.6224, train acc 0.8609, test acc 0.8199, time 0.81 sec
epoch 10, loss 0.2763, train acc 0.9590, test acc 0.8219, time 0.78 sec
epoch 15, loss 0.1949, train acc 0.9785, test acc 0.8196, time 0.78 sec
epoch 20, loss 0.1599, train acc 0.9885, test acc 0.8183, time 0.80 sec
epoch 25, loss 0.1400, train acc 0.9936, test acc 0.8161, time 0.81 sec
epoch 30, loss 0.1278, train acc 0.9961, test acc 0.8148, time 0.81 sec
test acc of task 0 : 0.9816
test acc of task 0 on it's training set: 0.9764
test acc of task 1 : 0.9674
test acc of task 1 on it's training set: 0.9614
test acc of task 2 : 0.9109
test acc of task 2 on it's training set: 0.9204
test acc of task 3 : 0.5040
test acc of task 3 on it's training set: 0.9563
test acc of task 4 : 0.9481
test acc of task 4 on it's training set: 0.9524
test acc of task 5 : 0.9350
test acc of task 5 on it's training set: 0.9458
test acc of task 6 : 0.9697
test acc of task 6 on it's training set: 0.9850
test acc of task 7 : 0.9679
test acc of task 7 on it's training set: 0.9869
test acc of task 8 : 0.9754
test acc of task 8 on it's training set: 0.9966
test acc of task 9 : 0.0000
test acc of task 9 on it's training set: 0.0000
Training task  9
epoch 5, loss 0.6943, train acc 0.8541, test acc 0.8994, time 0.80 sec
epoch 10, loss 0.3204, train acc 0.9510, test acc 0.9016, time 0.80 sec
epoch 15, loss 0.2172, train acc 0.9762, test acc 0.8995, time 0.78 sec
epoch 20, loss 0.1738, train acc 0.9862, test acc 0.8966, time 0.78 sec
epoch 25, loss 0.1505, train acc 0.9908, test acc 0.8933, time 0.79 sec
epoch 30, loss 0.1358, train acc 0.9943, test acc 0.8913, time 0.78 sec
test acc of task 0 : 0.9776
test acc of task 0 on it's training set: 0.9726
test acc of task 1 : 0.9639
test acc of task 1 on it's training set: 0.9567
test acc of task 2 : 0.8992
test acc of task 2 on it's training set: 0.9082
test acc of task 3 : 0.4960
test acc of task 3 on it's training set: 0.9525
test acc of task 4 : 0.8982
test acc of task 4 on it's training set: 0.9115
test acc of task 5 : 0.9159
test acc of task 5 on it's training set: 0.9268
test acc of task 6 : 0.9614
test acc of task 6 on it's training set: 0.9790
test acc of task 7 : 0.8901
test acc of task 7 on it's training set: 0.9061
test acc of task 8 : 0.9425
test acc of task 8 on it's training set: 0.9585
test acc of task 9 : 0.9703
test acc of task 9 on it's training set: 0.9946
