dataset          : mnist
data_root        : /data0/user/lxguo/Data
model_name       : owm_fc
batch_size       : 128
num_epochs       : 30
learning_rate    : 0.2
lambda_loss      : 0.001
owmfc_alpha_list : [0.9, 0.6]
owmfc_lambda_list : [0.001, 1.0]
CL_method        : owm
num_hidden       : 800
num_classes      : 11
num_tasks        : 10
momentum         : 0.9
order_list       : [0, 1, 2, 3, 4, 5, 6, 7, 8, 9]
optimizer_type   : SGD
clipgrad         : 10.0
list_eval        : False
shift            : True
data_argmt       : False
data_perturbation : True
argmt_perc       : 0.01
pertur_bound     : 0.125
print_frequency  : 5
Device is cuda
owm_fc(
  (layer_1): OWM_FC_block(
    (W): Linear(in_features=784, out_features=800, bias=False)
    (P): Linear(in_features=784, out_features=784, bias=False)
  )
  (afun_1): ReLU()
  (layer_2): OWM_FC_block(
    (W): Linear(in_features=800, out_features=11, bias=False)
    (P): Linear(in_features=800, out_features=800, bias=False)
  )
)
Training task  0
epoch 5, loss 0.0538, train acc 0.9973, test acc 0.0978, time 0.88 sec
epoch 10, loss 0.0477, train acc 1.0000, test acc 0.0980, time 0.86 sec
epoch 15, loss 0.0469, train acc 1.0000, test acc 0.0980, time 0.82 sec
epoch 20, loss 0.0463, train acc 1.0000, test acc 0.0980, time 0.82 sec
epoch 25, loss 0.0457, train acc 1.0000, test acc 0.0980, time 0.82 sec
epoch 30, loss 0.0452, train acc 1.0000, test acc 0.0980, time 0.82 sec
test acc of task 0 : 1.0000
test acc of task 0 on it's training set: 1.0000
test acc of task 1 : 0.0000
test acc of task 1 on it's training set: 0.0000
test acc of task 2 : 0.0000
test acc of task 2 on it's training set: 0.0000
test acc of task 3 : 0.0000
test acc of task 3 on it's training set: 0.0000
test acc of task 4 : 0.0000
test acc of task 4 on it's training set: 0.0000
test acc of task 5 : 0.0000
test acc of task 5 on it's training set: 0.0000
test acc of task 6 : 0.0000
test acc of task 6 on it's training set: 0.0000
test acc of task 7 : 0.0000
test acc of task 7 on it's training set: 0.0000
test acc of task 8 : 0.0000
test acc of task 8 on it's training set: 0.0000
test acc of task 9 : 0.0000
test acc of task 9 on it's training set: 0.0000
Training task  1
epoch 5, loss 0.0508, train acc 0.9997, test acc 0.2112, time 0.84 sec
epoch 10, loss 0.0488, train acc 0.9999, test acc 0.2113, time 0.83 sec
epoch 15, loss 0.0478, train acc 0.9999, test acc 0.2113, time 0.85 sec
epoch 20, loss 0.0472, train acc 1.0000, test acc 0.2113, time 0.86 sec
epoch 25, loss 0.0468, train acc 1.0000, test acc 0.2114, time 0.97 sec
epoch 30, loss 0.0464, train acc 1.0000, test acc 0.2114, time 0.84 sec
test acc of task 0 : 0.9990
test acc of task 0 on it's training set: 0.9985
test acc of task 1 : 1.0000
test acc of task 1 on it's training set: 1.0000
test acc of task 2 : 0.0000
test acc of task 2 on it's training set: 0.0000
test acc of task 3 : 0.0000
test acc of task 3 on it's training set: 0.0000
test acc of task 4 : 0.0000
test acc of task 4 on it's training set: 0.0000
test acc of task 5 : 0.0000
test acc of task 5 on it's training set: 0.0000
test acc of task 6 : 0.0000
test acc of task 6 on it's training set: 0.0000
test acc of task 7 : 0.0000
test acc of task 7 on it's training set: 0.0000
test acc of task 8 : 0.0000
test acc of task 8 on it's training set: 0.0000
test acc of task 9 : 0.0000
test acc of task 9 on it's training set: 0.0000
Training task  2
epoch 5, loss 0.0871, train acc 0.9930, test acc 0.3115, time 0.83 sec
epoch 10, loss 0.0661, train acc 0.9983, test acc 0.3122, time 0.83 sec
epoch 15, loss 0.0610, train acc 0.9998, test acc 0.3122, time 0.84 sec
epoch 20, loss 0.0588, train acc 0.9998, test acc 0.3121, time 0.87 sec
epoch 25, loss 0.0576, train acc 0.9998, test acc 0.3120, time 0.83 sec
epoch 30, loss 0.0567, train acc 0.9998, test acc 0.3121, time 0.83 sec
test acc of task 0 : 0.9898
test acc of task 0 on it's training set: 0.9919
test acc of task 1 : 0.9903
test acc of task 1 on it's training set: 0.9872
test acc of task 2 : 0.9952
test acc of task 2 on it's training set: 0.9998
test acc of task 3 : 0.0000
test acc of task 3 on it's training set: 0.0000
test acc of task 4 : 0.0000
test acc of task 4 on it's training set: 0.0000
test acc of task 5 : 0.0000
test acc of task 5 on it's training set: 0.0000
test acc of task 6 : 0.0000
test acc of task 6 on it's training set: 0.0000
test acc of task 7 : 0.0000
test acc of task 7 on it's training set: 0.0000
test acc of task 8 : 0.0000
test acc of task 8 on it's training set: 0.0000
test acc of task 9 : 0.0000
test acc of task 9 on it's training set: 0.0000
Training task  3
epoch 5, loss 0.0981, train acc 0.9903, test acc 0.4009, time 0.83 sec
epoch 10, loss 0.0766, train acc 0.9972, test acc 0.4046, time 0.90 sec
epoch 15, loss 0.0691, train acc 0.9994, test acc 0.4060, time 0.92 sec
epoch 20, loss 0.0656, train acc 0.9998, test acc 0.4065, time 0.96 sec
epoch 25, loss 0.0636, train acc 0.9998, test acc 0.4072, time 0.87 sec
epoch 30, loss 0.0623, train acc 1.0000, test acc 0.4073, time 0.87 sec
test acc of task 0 : 0.9918
test acc of task 0 on it's training set: 0.9934
test acc of task 1 : 0.9930
test acc of task 1 on it's training set: 0.9872
test acc of task 2 : 0.9884
test acc of task 2 on it's training set: 0.9924
test acc of task 3 : 0.9446
test acc of task 3 on it's training set: 1.0000
test acc of task 4 : 0.0000
test acc of task 4 on it's training set: 0.0000
test acc of task 5 : 0.0000
test acc of task 5 on it's training set: 0.0000
test acc of task 6 : 0.0000
test acc of task 6 on it's training set: 0.0000
test acc of task 7 : 0.0000
test acc of task 7 on it's training set: 0.0000
test acc of task 8 : 0.0000
test acc of task 8 on it's training set: 0.0000
test acc of task 9 : 0.0000
test acc of task 9 on it's training set: 0.0000
Training task  4
epoch 5, loss 0.1385, train acc 0.9898, test acc 0.5002, time 0.87 sec
epoch 10, loss 0.0983, train acc 0.9966, test acc 0.5003, time 0.97 sec
epoch 15, loss 0.0869, train acc 0.9980, test acc 0.5000, time 1.05 sec
epoch 20, loss 0.0813, train acc 0.9988, test acc 0.4996, time 1.12 sec
epoch 25, loss 0.0778, train acc 0.9988, test acc 0.4993, time 1.22 sec
epoch 30, loss 0.0756, train acc 0.9995, test acc 0.4987, time 1.16 sec
test acc of task 0 : 0.9908
test acc of task 0 on it's training set: 0.9909
test acc of task 1 : 0.9894
test acc of task 1 on it's training set: 0.9821
test acc of task 2 : 0.9700
test acc of task 2 on it's training set: 0.9778
test acc of task 3 : 0.9040
test acc of task 3 on it's training set: 0.9982
test acc of task 4 : 0.9969
test acc of task 4 on it's training set: 0.9995
test acc of task 5 : 0.0000
test acc of task 5 on it's training set: 0.0000
test acc of task 6 : 0.0000
test acc of task 6 on it's training set: 0.0000
test acc of task 7 : 0.0000
test acc of task 7 on it's training set: 0.0000
test acc of task 8 : 0.0000
test acc of task 8 on it's training set: 0.0000
test acc of task 9 : 0.0000
test acc of task 9 on it's training set: 0.0000
Training task  5
epoch 5, loss 0.2559, train acc 0.9590, test acc 0.5746, time 1.06 sec
epoch 10, loss 0.1315, train acc 0.9888, test acc 0.5688, time 1.24 sec
epoch 15, loss 0.1014, train acc 0.9962, test acc 0.5656, time 0.99 sec
epoch 20, loss 0.0889, train acc 0.9991, test acc 0.5631, time 1.03 sec
epoch 25, loss 0.0832, train acc 0.9991, test acc 0.5617, time 1.27 sec
epoch 30, loss 0.0801, train acc 0.9998, test acc 0.5607, time 1.14 sec
test acc of task 0 : 0.9827
test acc of task 0 on it's training set: 0.9840
test acc of task 1 : 0.9877
test acc of task 1 on it's training set: 0.9809
test acc of task 2 : 0.9651
test acc of task 2 on it's training set: 0.9730
test acc of task 3 : 0.6594
test acc of task 3 on it's training set: 0.9760
test acc of task 4 : 0.9959
test acc of task 4 on it's training set: 0.9933
test acc of task 5 : 0.9899
test acc of task 5 on it's training set: 0.9998
test acc of task 6 : 0.0000
test acc of task 6 on it's training set: 0.0000
test acc of task 7 : 0.0000
test acc of task 7 on it's training set: 0.0000
test acc of task 8 : 0.0000
test acc of task 8 on it's training set: 0.0000
test acc of task 9 : 0.0000
test acc of task 9 on it's training set: 0.0000
Training task  6
epoch 5, loss 0.2137, train acc 0.9725, test acc 0.6469, time 1.12 sec
epoch 10, loss 0.1288, train acc 0.9901, test acc 0.6451, time 1.18 sec
epoch 15, loss 0.1052, train acc 0.9948, test acc 0.6442, time 1.12 sec
epoch 20, loss 0.0946, train acc 0.9975, test acc 0.6435, time 1.33 sec
epoch 25, loss 0.0886, train acc 0.9987, test acc 0.6428, time 1.27 sec
epoch 30, loss 0.0855, train acc 0.9992, test acc 0.6429, time 1.34 sec
test acc of task 0 : 0.9796
test acc of task 0 on it's training set: 0.9813
test acc of task 1 : 0.9877
test acc of task 1 on it's training set: 0.9806
test acc of task 2 : 0.9603
test acc of task 2 on it's training set: 0.9646
test acc of task 3 : 0.5891
test acc of task 3 on it's training set: 0.9690
test acc of task 4 : 0.9796
test acc of task 4 on it's training set: 0.9777
test acc of task 5 : 0.9619
test acc of task 5 on it's training set: 0.9666
test acc of task 6 : 0.9833
test acc of task 6 on it's training set: 0.9992
test acc of task 7 : 0.0000
test acc of task 7 on it's training set: 0.0000
test acc of task 8 : 0.0000
test acc of task 8 on it's training set: 0.0000
test acc of task 9 : 0.0000
test acc of task 9 on it's training set: 0.0000
Training task  7
epoch 5, loss 0.2352, train acc 0.9590, test acc 0.7403, time 1.37 sec
epoch 10, loss 0.1397, train acc 0.9864, test acc 0.7399, time 1.28 sec
epoch 15, loss 0.1132, train acc 0.9914, test acc 0.7387, time 1.38 sec
epoch 20, loss 0.1007, train acc 0.9946, test acc 0.7376, time 1.33 sec
epoch 25, loss 0.0932, train acc 0.9956, test acc 0.7367, time 1.39 sec
epoch 30, loss 0.0885, train acc 0.9973, test acc 0.7357, time 1.35 sec
test acc of task 0 : 0.9776
test acc of task 0 on it's training set: 0.9804
test acc of task 1 : 0.9885
test acc of task 1 on it's training set: 0.9789
test acc of task 2 : 0.9302
test acc of task 2 on it's training set: 0.9334
test acc of task 3 : 0.5782
test acc of task 3 on it's training set: 0.9672
test acc of task 4 : 0.9613
test acc of task 4 on it's training set: 0.9586
test acc of task 5 : 0.9451
test acc of task 5 on it's training set: 0.9563
test acc of task 6 : 0.9781
test acc of task 6 on it's training set: 0.9970
test acc of task 7 : 0.9815
test acc of task 7 on it's training set: 0.9979
test acc of task 8 : 0.0000
test acc of task 8 on it's training set: 0.0000
test acc of task 9 : 0.0000
test acc of task 9 on it's training set: 0.0000
Training task  8
epoch 5, loss 0.6199, train acc 0.8640, test acc 0.8178, time 1.31 sec
epoch 10, loss 0.2649, train acc 0.9635, test acc 0.8192, time 1.40 sec
epoch 15, loss 0.1855, train acc 0.9808, test acc 0.8176, time 1.27 sec
epoch 20, loss 0.1518, train acc 0.9907, test acc 0.8151, time 1.35 sec
epoch 25, loss 0.1342, train acc 0.9947, test acc 0.8138, time 1.44 sec
epoch 30, loss 0.1229, train acc 0.9966, test acc 0.8126, time 1.30 sec
test acc of task 0 : 0.9786
test acc of task 0 on it's training set: 0.9726
test acc of task 1 : 0.9630
test acc of task 1 on it's training set: 0.9595
test acc of task 2 : 0.9109
test acc of task 2 on it's training set: 0.9122
test acc of task 3 : 0.4911
test acc of task 3 on it's training set: 0.9542
test acc of task 4 : 0.9552
test acc of task 4 on it's training set: 0.9440
test acc of task 5 : 0.9350
test acc of task 5 on it's training set: 0.9413
test acc of task 6 : 0.9614
test acc of task 6 on it's training set: 0.9828
test acc of task 7 : 0.9679
test acc of task 7 on it's training set: 0.9891
test acc of task 8 : 0.9754
test acc of task 8 on it's training set: 0.9974
test acc of task 9 : 0.0000
test acc of task 9 on it's training set: 0.0000
Training task  9
epoch 5, loss 0.6804, train acc 0.8567, test acc 0.8977, time 1.28 sec
epoch 10, loss 0.3140, train acc 0.9513, test acc 0.9000, time 1.41 sec
epoch 15, loss 0.2153, train acc 0.9778, test acc 0.8998, time 1.23 sec
epoch 20, loss 0.1728, train acc 0.9872, test acc 0.8967, time 1.34 sec
epoch 25, loss 0.1514, train acc 0.9913, test acc 0.8938, time 1.47 sec
epoch 30, loss 0.1368, train acc 0.9940, test acc 0.8920, time 1.30 sec
test acc of task 0 : 0.9786
test acc of task 0 on it's training set: 0.9701
test acc of task 1 : 0.9604
test acc of task 1 on it's training set: 0.9562
test acc of task 2 : 0.8963
test acc of task 2 on it's training set: 0.9042
test acc of task 3 : 0.4851
test acc of task 3 on it's training set: 0.9511
test acc of task 4 : 0.9033
test acc of task 4 on it's training set: 0.8946
test acc of task 5 : 0.9193
test acc of task 5 on it's training set: 0.9216
test acc of task 6 : 0.9624
test acc of task 6 on it's training set: 0.9785
test acc of task 7 : 0.9037
test acc of task 7 on it's training set: 0.9127
test acc of task 8 : 0.9384
test acc of task 8 on it's training set: 0.9605
test acc of task 9 : 0.9752
test acc of task 9 on it's training set: 0.9943
