dataset          : mnist
data_root        : /data0/user/lxguo/Data
model_name       : owm_fc
batch_size       : 128
num_epochs       : 30
learning_rate    : 0.2
lambda_loss      : 0.001
owmfc_alpha_list : [0.9, 0.6]
owmfc_lambda_list : [0.001, 1.0]
CL_method        : owm
num_hidden       : 800
num_classes      : 11
num_tasks        : 11
momentum         : 0.9
order_list       : [10, 0, 1, 2, 3, 4, 5, 6, 7, 8, 9]
optimizer_type   : SGD
clipgrad         : 10.0
list_eval        : False
shift            : True
argmt_perc       : 4.0
learn_noise_before : True
print_frequency  : 5
Device is cuda
owm_fc(
  (layer_1): OWM_FC_block(
    (W): Linear(in_features=784, out_features=800, bias=False)
    (P): Linear(in_features=784, out_features=784, bias=False)
  )
  (afun_1): ReLU()
  (layer_2): OWM_FC_block(
    (W): Linear(in_features=800, out_features=11, bias=False)
    (P): Linear(in_features=800, out_features=800, bias=False)
  )
)
Training task  10
epoch 5, loss 0.0382, train acc 1.0000, test acc 0.0000, time 8.36 sec
epoch 10, loss 0.0371, train acc 1.0000, test acc 0.0000, time 8.00 sec
epoch 15, loss 0.0367, train acc 1.0000, test acc 0.0000, time 9.09 sec
epoch 20, loss 0.0366, train acc 1.0000, test acc 0.0000, time 10.31 sec
epoch 25, loss 0.0365, train acc 1.0000, test acc 0.0000, time 11.07 sec
epoch 30, loss 0.0364, train acc 1.0000, test acc 0.0000, time 11.76 sec
test acc of task 0 : 0.0000
test acc of task 0 on it's training set: 0.0000
test acc of task 1 : 0.0000
test acc of task 1 on it's training set: 0.0000
test acc of task 2 : 0.0000
test acc of task 2 on it's training set: 0.0000
test acc of task 3 : 0.0000
test acc of task 3 on it's training set: 0.0000
test acc of task 4 : 0.0000
test acc of task 4 on it's training set: 0.0000
test acc of task 5 : 0.0000
test acc of task 5 on it's training set: 0.0000
test acc of task 6 : 0.0000
test acc of task 6 on it's training set: 0.0000
test acc of task 7 : 0.0000
test acc of task 7 on it's training set: 0.0000
test acc of task 8 : 0.0000
test acc of task 8 on it's training set: 0.0000
test acc of task 9 : 0.0000
test acc of task 9 on it's training set: 0.0000
test acc of task 10 : 1.0000
test acc of task 10 on it's training set: 1.0000
Training task  0
epoch 5, loss 0.1019, train acc 1.0000, test acc 0.0980, time 1.16 sec
epoch 10, loss 0.0845, train acc 1.0000, test acc 0.0980, time 1.11 sec
epoch 15, loss 0.0796, train acc 1.0000, test acc 0.0980, time 1.21 sec
epoch 20, loss 0.0772, train acc 1.0000, test acc 0.0980, time 1.27 sec
epoch 25, loss 0.0756, train acc 1.0000, test acc 0.0980, time 1.23 sec
epoch 30, loss 0.0745, train acc 1.0000, test acc 0.0980, time 1.16 sec
test acc of task 0 : 1.0000
test acc of task 0 on it's training set: 1.0000
test acc of task 1 : 0.0000
test acc of task 1 on it's training set: 0.0000
test acc of task 2 : 0.0000
test acc of task 2 on it's training set: 0.0000
test acc of task 3 : 0.0000
test acc of task 3 on it's training set: 0.0000
test acc of task 4 : 0.0000
test acc of task 4 on it's training set: 0.0000
test acc of task 5 : 0.0000
test acc of task 5 on it's training set: 0.0000
test acc of task 6 : 0.0000
test acc of task 6 on it's training set: 0.0000
test acc of task 7 : 0.0000
test acc of task 7 on it's training set: 0.0000
test acc of task 8 : 0.0000
test acc of task 8 on it's training set: 0.0000
test acc of task 9 : 0.0000
test acc of task 9 on it's training set: 0.0000
test acc of task 10 : 1.0000
test acc of task 10 on it's training set: 1.0000
Training task  1
epoch 5, loss 0.1298, train acc 0.9969, test acc 0.2112, time 1.22 sec
epoch 10, loss 0.0940, train acc 0.9988, test acc 0.2112, time 1.29 sec
epoch 15, loss 0.0846, train acc 0.9994, test acc 0.2112, time 1.15 sec
epoch 20, loss 0.0802, train acc 0.9997, test acc 0.2112, time 1.14 sec
epoch 25, loss 0.0776, train acc 0.9997, test acc 0.2112, time 1.25 sec
epoch 30, loss 0.0759, train acc 0.9999, test acc 0.2111, time 1.12 sec
test acc of task 0 : 0.9959
test acc of task 0 on it's training set: 0.9954
test acc of task 1 : 1.0000
test acc of task 1 on it's training set: 0.9999
test acc of task 2 : 0.0000
test acc of task 2 on it's training set: 0.0000
test acc of task 3 : 0.0000
test acc of task 3 on it's training set: 0.0000
test acc of task 4 : 0.0000
test acc of task 4 on it's training set: 0.0000
test acc of task 5 : 0.0000
test acc of task 5 on it's training set: 0.0000
test acc of task 6 : 0.0000
test acc of task 6 on it's training set: 0.0000
test acc of task 7 : 0.0000
test acc of task 7 on it's training set: 0.0000
test acc of task 8 : 0.0000
test acc of task 8 on it's training set: 0.0000
test acc of task 9 : 0.0000
test acc of task 9 on it's training set: 0.0000
test acc of task 10 : 1.0000
test acc of task 10 on it's training set: 1.0000
Training task  2
epoch 5, loss 0.3811, train acc 0.9458, test acc 0.3080, time 1.19 sec
epoch 10, loss 0.2257, train acc 0.9777, test acc 0.3096, time 1.30 sec
epoch 15, loss 0.1786, train acc 0.9876, test acc 0.3101, time 1.22 sec
epoch 20, loss 0.1566, train acc 0.9908, test acc 0.3095, time 1.38 sec
epoch 25, loss 0.1433, train acc 0.9926, test acc 0.3092, time 1.25 sec
epoch 30, loss 0.1349, train acc 0.9938, test acc 0.3091, time 1.31 sec
test acc of task 0 : 0.9704
test acc of task 0 on it's training set: 0.9475
test acc of task 1 : 0.9850
test acc of task 1 on it's training set: 0.9794
test acc of task 2 : 0.9903
test acc of task 2 on it's training set: 0.9940
test acc of task 3 : 0.0000
test acc of task 3 on it's training set: 0.0000
test acc of task 4 : 0.0000
test acc of task 4 on it's training set: 0.0000
test acc of task 5 : 0.0000
test acc of task 5 on it's training set: 0.0000
test acc of task 6 : 0.0000
test acc of task 6 on it's training set: 0.0000
test acc of task 7 : 0.0000
test acc of task 7 on it's training set: 0.0000
test acc of task 8 : 0.0000
test acc of task 8 on it's training set: 0.0000
test acc of task 9 : 0.0000
test acc of task 9 on it's training set: 0.0000
test acc of task 10 : 1.0000
test acc of task 10 on it's training set: 1.0000
Training task  3
epoch 5, loss 0.4603, train acc 0.9170, test acc 0.4028, time 1.37 sec
epoch 10, loss 0.2673, train acc 0.9643, test acc 0.4044, time 1.30 sec
epoch 15, loss 0.2074, train acc 0.9762, test acc 0.4045, time 1.45 sec
epoch 20, loss 0.1797, train acc 0.9829, test acc 0.4038, time 1.32 sec
epoch 25, loss 0.1629, train acc 0.9863, test acc 0.4028, time 1.33 sec
epoch 30, loss 0.1519, train acc 0.9887, test acc 0.4017, time 1.35 sec
test acc of task 0 : 0.9653
test acc of task 0 on it's training set: 0.9433
test acc of task 1 : 0.9692
test acc of task 1 on it's training set: 0.9648
test acc of task 2 : 0.9360
test acc of task 2 on it's training set: 0.9362
test acc of task 3 : 0.9950
test acc of task 3 on it's training set: 0.9891
test acc of task 4 : 0.0000
test acc of task 4 on it's training set: 0.0000
test acc of task 5 : 0.0000
test acc of task 5 on it's training set: 0.0000
test acc of task 6 : 0.0000
test acc of task 6 on it's training set: 0.0000
test acc of task 7 : 0.0000
test acc of task 7 on it's training set: 0.0000
test acc of task 8 : 0.0000
test acc of task 8 on it's training set: 0.0000
test acc of task 9 : 0.0000
test acc of task 9 on it's training set: 0.0000
test acc of task 10 : 1.0000
test acc of task 10 on it's training set: 1.0000
Training task  4
epoch 5, loss 0.3274, train acc 0.9700, test acc 0.4972, time 1.30 sec
epoch 10, loss 0.1964, train acc 0.9884, test acc 0.4977, time 1.35 sec
epoch 15, loss 0.1620, train acc 0.9923, test acc 0.4970, time 1.37 sec
epoch 20, loss 0.1474, train acc 0.9940, test acc 0.4964, time 1.25 sec
epoch 25, loss 0.1385, train acc 0.9957, test acc 0.4957, time 1.33 sec
epoch 30, loss 0.1325, train acc 0.9964, test acc 0.4952, time 1.23 sec
test acc of task 0 : 0.9643
test acc of task 0 on it's training set: 0.9441
test acc of task 1 : 0.9797
test acc of task 1 on it's training set: 0.9729
test acc of task 2 : 0.9070
test acc of task 2 on it's training set: 0.8981
test acc of task 3 : 0.9743
test acc of task 3 on it's training set: 0.9713
test acc of task 4 : 0.9929
test acc of task 4 on it's training set: 0.9964
test acc of task 5 : 0.0000
test acc of task 5 on it's training set: 0.0000
test acc of task 6 : 0.0000
test acc of task 6 on it's training set: 0.0000
test acc of task 7 : 0.0000
test acc of task 7 on it's training set: 0.0000
test acc of task 8 : 0.0000
test acc of task 8 on it's training set: 0.0000
test acc of task 9 : 0.0000
test acc of task 9 on it's training set: 0.0000
test acc of task 10 : 1.0000
test acc of task 10 on it's training set: 1.0000
Training task  5
epoch 5, loss 0.8721, train acc 0.7884, test acc 0.5673, time 1.35 sec
epoch 10, loss 0.4641, train acc 0.9282, test acc 0.5727, time 1.35 sec
epoch 15, loss 0.3171, train acc 0.9616, test acc 0.5713, time 1.25 sec
epoch 20, loss 0.2559, train acc 0.9736, test acc 0.5687, time 1.39 sec
epoch 25, loss 0.2220, train acc 0.9808, test acc 0.5674, time 1.37 sec
epoch 30, loss 0.2004, train acc 0.9858, test acc 0.5664, time 1.34 sec
test acc of task 0 : 0.9214
test acc of task 0 on it's training set: 0.9183
test acc of task 1 : 0.9789
test acc of task 1 on it's training set: 0.9686
test acc of task 2 : 0.8915
test acc of task 2 on it's training set: 0.8790
test acc of task 3 : 0.8832
test acc of task 3 on it's training set: 0.8940
test acc of task 4 : 0.9735
test acc of task 4 on it's training set: 0.9788
test acc of task 5 : 0.9888
test acc of task 5 on it's training set: 0.9862
test acc of task 6 : 0.0000
test acc of task 6 on it's training set: 0.0000
test acc of task 7 : 0.0000
test acc of task 7 on it's training set: 0.0000
test acc of task 8 : 0.0000
test acc of task 8 on it's training set: 0.0000
test acc of task 9 : 0.0000
test acc of task 9 on it's training set: 0.0000
test acc of task 10 : 1.0000
test acc of task 10 on it's training set: 1.0000
Training task  6
epoch 5, loss 0.5518, train acc 0.9118, test acc 0.6569, time 1.39 sec
epoch 10, loss 0.2819, train acc 0.9714, test acc 0.6591, time 1.39 sec
epoch 15, loss 0.2111, train acc 0.9814, test acc 0.6578, time 1.39 sec
epoch 20, loss 0.1851, train acc 0.9870, test acc 0.6564, time 1.33 sec
epoch 25, loss 0.1689, train acc 0.9890, test acc 0.6549, time 1.34 sec
epoch 30, loss 0.1594, train acc 0.9912, test acc 0.6533, time 1.38 sec
test acc of task 0 : 0.9143
test acc of task 0 on it's training set: 0.9114
test acc of task 1 : 0.9771
test acc of task 1 on it's training set: 0.9703
test acc of task 2 : 0.8886
test acc of task 2 on it's training set: 0.8672
test acc of task 3 : 0.8851
test acc of task 3 on it's training set: 0.8938
test acc of task 4 : 0.9582
test acc of task 4 on it's training set: 0.9543
test acc of task 5 : 0.9350
test acc of task 5 on it's training set: 0.9266
test acc of task 6 : 0.9833
test acc of task 6 on it's training set: 0.9914
test acc of task 7 : 0.0000
test acc of task 7 on it's training set: 0.0000
test acc of task 8 : 0.0000
test acc of task 8 on it's training set: 0.0000
test acc of task 9 : 0.0000
test acc of task 9 on it's training set: 0.0000
test acc of task 10 : 1.0000
test acc of task 10 on it's training set: 1.0000
Training task  7
epoch 5, loss 0.5655, train acc 0.8905, test acc 0.7432, time 1.43 sec
epoch 10, loss 0.3032, train acc 0.9577, test acc 0.7475, time 1.37 sec
epoch 15, loss 0.2315, train acc 0.9721, test acc 0.7465, time 1.37 sec
epoch 20, loss 0.2007, train acc 0.9785, test acc 0.7447, time 1.36 sec
epoch 25, loss 0.1830, train acc 0.9834, test acc 0.7434, time 1.36 sec
epoch 30, loss 0.1710, train acc 0.9864, test acc 0.7425, time 1.39 sec
test acc of task 0 : 0.9122
test acc of task 0 on it's training set: 0.9090
test acc of task 1 : 0.9771
test acc of task 1 on it's training set: 0.9680
test acc of task 2 : 0.8527
test acc of task 2 on it's training set: 0.8370
test acc of task 3 : 0.8762
test acc of task 3 on it's training set: 0.8765
test acc of task 4 : 0.9328
test acc of task 4 on it's training set: 0.9379
test acc of task 5 : 0.9002
test acc of task 5 on it's training set: 0.9085
test acc of task 6 : 0.9802
test acc of task 6 on it's training set: 0.9867
test acc of task 7 : 0.9718
test acc of task 7 on it's training set: 0.9869
test acc of task 8 : 0.0000
test acc of task 8 on it's training set: 0.0000
test acc of task 9 : 0.0000
test acc of task 9 on it's training set: 0.0000
test acc of task 10 : 1.0000
test acc of task 10 on it's training set: 1.0000
Training task  8
epoch 5, loss 1.1139, train acc 0.7091, test acc 0.8141, time 1.39 sec
epoch 10, loss 0.6759, train acc 0.8628, test acc 0.8262, time 1.41 sec
epoch 15, loss 0.4935, train acc 0.9152, test acc 0.8284, time 1.44 sec
epoch 20, loss 0.4061, train acc 0.9388, test acc 0.8266, time 1.43 sec
epoch 25, loss 0.3569, train acc 0.9537, test acc 0.8254, time 1.42 sec
epoch 30, loss 0.3239, train acc 0.9619, test acc 0.8231, time 1.37 sec
test acc of task 0 : 0.9061
test acc of task 0 on it's training set: 0.8985
test acc of task 1 : 0.9454
test acc of task 1 on it's training set: 0.9371
test acc of task 2 : 0.8198
test acc of task 2 on it's training set: 0.8187
test acc of task 3 : 0.8683
test acc of task 3 on it's training set: 0.8741
test acc of task 4 : 0.9297
test acc of task 4 on it's training set: 0.9314
test acc of task 5 : 0.8845
test acc of task 5 on it's training set: 0.8947
test acc of task 6 : 0.9656
test acc of task 6 on it's training set: 0.9692
test acc of task 7 : 0.9591
test acc of task 7 on it's training set: 0.9721
test acc of task 8 : 0.9589
test acc of task 8 on it's training set: 0.9626
test acc of task 9 : 0.0000
test acc of task 9 on it's training set: 0.0000
test acc of task 10 : 1.0000
test acc of task 10 on it's training set: 1.0000
Training task  9
epoch 5, loss 1.3178, train acc 0.6465, test acc 0.8947, time 1.32 sec
epoch 10, loss 0.6974, train acc 0.8687, test acc 0.9036, time 1.32 sec
epoch 15, loss 0.4782, train acc 0.9181, test acc 0.9041, time 1.29 sec
epoch 20, loss 0.3832, train acc 0.9395, test acc 0.9018, time 1.46 sec
epoch 25, loss 0.3282, train acc 0.9519, test acc 0.8992, time 1.27 sec
epoch 30, loss 0.2946, train acc 0.9581, test acc 0.8974, time 1.32 sec
test acc of task 0 : 0.8990
test acc of task 0 on it's training set: 0.8957
test acc of task 1 : 0.9454
test acc of task 1 on it's training set: 0.9365
test acc of task 2 : 0.8149
test acc of task 2 on it's training set: 0.8127
test acc of task 3 : 0.8475
test acc of task 3 on it's training set: 0.8620
test acc of task 4 : 0.8595
test acc of task 4 on it's training set: 0.8656
test acc of task 5 : 0.8789
test acc of task 5 on it's training set: 0.8688
test acc of task 6 : 0.9572
test acc of task 6 on it's training set: 0.9630
test acc of task 7 : 0.8842
test acc of task 7 on it's training set: 0.8961
test acc of task 8 : 0.9251
test acc of task 8 on it's training set: 0.9195
test acc of task 9 : 0.9594
test acc of task 9 on it's training set: 0.9590
test acc of task 10 : 1.0000
test acc of task 10 on it's training set: 1.0000
