dataset          : mnist
data_root        : /data0/user/lxguo/Data
model_name       : owm_fc
batch_size       : 128
num_epochs       : 30
learning_rate    : 0.2
lambda_loss      : 0.001
owmfc_alpha_list : [0.9, 0.6]
owmfc_lambda_list : [0.001, 1.0]
CL_method        : owm
num_hidden       : 800
num_classes      : 11
num_tasks        : 10
momentum         : 0.9
order_list       : [0, 1, 2, 3, 4, 5, 6, 7, 8, 9]
optimizer_type   : SGD
clipgrad         : 10.0
list_eval        : False
shift            : True
data_argmt       : False
data_perturbation : True
argmt_perc       : 0.01
pertur_bound     : 0.125
print_frequency  : 5
Device is cuda
owm_fc(
  (layer_1): OWM_FC_block(
    (W): Linear(in_features=784, out_features=800, bias=False)
    (P): Linear(in_features=784, out_features=784, bias=False)
  )
  (afun_1): ReLU()
  (layer_2): OWM_FC_block(
    (W): Linear(in_features=800, out_features=11, bias=False)
    (P): Linear(in_features=800, out_features=800, bias=False)
  )
)
Training task  0                                                                                                                                                                                  [220/1815]
epoch 5, loss 0.0644, train acc 0.9961, test acc 0.0979, time 0.78 sec
epoch 10, loss 0.0484, train acc 0.9998, test acc 0.0979, time 0.78 sec
epoch 15, loss 0.0473, train acc 1.0000, test acc 0.0979, time 0.79 sec
epoch 20, loss 0.0469, train acc 1.0000, test acc 0.0979, time 0.78 sec
epoch 25, loss 0.0462, train acc 1.0000, test acc 0.0979, time 0.80 sec
epoch 30, loss 0.0458, train acc 1.0000, test acc 0.0979, time 0.81 sec
test acc of task 0 : 0.9990
test acc of task 0 on it's training set: 1.0000
test acc of task 1 : 0.0000
test acc of task 1 on it's training set: 0.0000
test acc of task 2 : 0.0000
test acc of task 2 on it's training set: 0.0000
test acc of task 3 : 0.0000
test acc of task 3 on it's training set: 0.0000
test acc of task 4 : 0.0000
test acc of task 4 on it's training set: 0.0000
test acc of task 5 : 0.0000
test acc of task 5 on it's training set: 0.0000
test acc of task 6 : 0.0000
test acc of task 6 on it's training set: 0.0000
test acc of task 7 : 0.0000
test acc of task 7 on it's training set: 0.0000
test acc of task 8 : 0.0000
test acc of task 8 on it's training set: 0.0000
test acc of task 9 : 0.0000
test acc of task 9 on it's training set: 0.0000
Training task  1
epoch 5, loss 0.0512, train acc 0.9996, test acc 0.2114, time 0.80 sec
epoch 10, loss 0.0493, train acc 0.9999, test acc 0.2114, time 0.80 sec
epoch 15, loss 0.0483, train acc 0.9999, test acc 0.2114, time 0.79 sec
epoch 20, loss 0.0477, train acc 1.0000, test acc 0.2114, time 0.81 sec
epoch 25, loss 0.0472, train acc 1.0000, test acc 0.2114, time 0.82 sec
epoch 30, loss 0.0469, train acc 1.0000, test acc 0.2114, time 0.81 sec
test acc of task 0 : 0.9990
test acc of task 0 on it's training set: 0.9986
test acc of task 1 : 1.0000
test acc of task 1 on it's training set: 1.0000
test acc of task 2 : 0.0000
test acc of task 2 on it's training set: 0.0000
test acc of task 3 : 0.0000
test acc of task 3 on it's training set: 0.0000
test acc of task 4 : 0.0000
test acc of task 4 on it's training set: 0.0000
test acc of task 5 : 0.0000
test acc of task 5 on it's training set: 0.0000
test acc of task 6 : 0.0000
test acc of task 6 on it's training set: 0.0000
test acc of task 7 : 0.0000
test acc of task 7 on it's training set: 0.0000
test acc of task 8 : 0.0000
test acc of task 8 on it's training set: 0.0000
test acc of task 9 : 0.0000
test acc of task 9 on it's training set: 0.0000
Training task  2
epoch 5, loss 0.0855, train acc 0.9933, test acc 0.3120, time 0.78 sec
epoch 10, loss 0.0659, train acc 0.9988, test acc 0.3122, time 0.78 sec
epoch 15, loss 0.0605, train acc 0.9993, test acc 0.3124, time 0.79 sec
epoch 20, loss 0.0583, train acc 0.9998, test acc 0.3123, time 0.84 sec
epoch 25, loss 0.0571, train acc 0.9998, test acc 0.3123, time 0.78 sec
epoch 30, loss 0.0564, train acc 0.9998, test acc 0.3123, time 0.79 sec
test acc of task 0 : 0.9939
test acc of task 0 on it's training set: 0.9956
test acc of task 1 : 0.9930
test acc of task 1 on it's training set: 0.9877
test acc of task 2 : 0.9903
test acc of task 2 on it's training set: 0.9998
test acc of task 3 : 0.0000
test acc of task 3 on it's training set: 0.0000
test acc of task 4 : 0.0000
test acc of task 4 on it's training set: 0.0000
test acc of task 5 : 0.0000
test acc of task 5 on it's training set: 0.0000
test acc of task 6 : 0.0000
test acc of task 6 on it's training set: 0.0000
test acc of task 7 : 0.0000
test acc of task 7 on it's training set: 0.0000
test acc of task 8 : 0.0000
test acc of task 8 on it's training set: 0.0000
test acc of task 9 : 0.0000
test acc of task 9 on it's training set: 0.0000
Training task  3
epoch 5, loss 0.0966, train acc 0.9898, test acc 0.4006, time 0.79 sec
epoch 10, loss 0.0758, train acc 0.9972, test acc 0.4041, time 0.79 sec
epoch 15, loss 0.0687, train acc 0.9989, test acc 0.4052, time 0.81 sec
epoch 20, loss 0.0653, train acc 0.9997, test acc 0.4059, time 0.80 sec
epoch 25, loss 0.0634, train acc 1.0000, test acc 0.4065, time 0.79 sec
epoch 30, loss 0.0623, train acc 1.0000, test acc 0.4070, time 0.82 sec
test acc of task 0 : 0.9959
test acc of task 0 on it's training set: 0.9941
test acc of task 1 : 0.9930
test acc of task 1 on it's training set: 0.9869
test acc of task 2 : 0.9767
test acc of task 2 on it's training set: 0.9906
test acc of task 3 : 0.9495
test acc of task 3 on it's training set: 1.0000
test acc of task 4 : 0.0000
test acc of task 4 on it's training set: 0.0000
test acc of task 5 : 0.0000
test acc of task 5 on it's training set: 0.0000
test acc of task 6 : 0.0000
test acc of task 6 on it's training set: 0.0000
test acc of task 7 : 0.0000
test acc of task 7 on it's training set: 0.0000
test acc of task 8 : 0.0000
test acc of task 8 on it's training set: 0.0000
test acc of task 9 : 0.0000
test acc of task 9 on it's training set: 0.0000
Training task  4
epoch 5, loss 0.1395, train acc 0.9885, test acc 0.5007, time 0.79 sec
epoch 10, loss 0.0977, train acc 0.9959, test acc 0.5009, time 0.79 sec
epoch 15, loss 0.0858, train acc 0.9980, test acc 0.5007, time 0.80 sec
epoch 20, loss 0.0800, train acc 0.9985, test acc 0.5004, time 0.80 sec
epoch 25, loss 0.0764, train acc 0.9988, test acc 0.5000, time 0.79 sec
epoch 30, loss 0.0743, train acc 0.9993, test acc 0.4998, time 0.79 sec
test acc of task 0 : 0.9939
test acc of task 0 on it's training set: 0.9927
test acc of task 1 : 0.9903
test acc of task 1 on it's training set: 0.9834
test acc of task 2 : 0.9641
test acc of task 2 on it's training set: 0.9777
test acc of task 3 : 0.9188
test acc of task 3 on it's training set: 0.9979
test acc of task 4 : 0.9949
test acc of task 4 on it's training set: 0.9993
test acc of task 5 : 0.0000
test acc of task 5 on it's training set: 0.0000
test acc of task 6 : 0.0000
test acc of task 6 on it's training set: 0.0000
test acc of task 7 : 0.0000
test acc of task 7 on it's training set: 0.0000
test acc of task 8 : 0.0000
test acc of task 8 on it's training set: 0.0000
test acc of task 9 : 0.0000
test acc of task 9 on it's training set: 0.0000
Training task  5
epoch 5, loss 0.2547, train acc 0.9617, test acc 0.5767, time 0.78 sec
epoch 10, loss 0.1330, train acc 0.9892, test acc 0.5722, time 0.82 sec
epoch 15, loss 0.1026, train acc 0.9962, test acc 0.5695, time 0.79 sec
epoch 20, loss 0.0902, train acc 0.9985, test acc 0.5674, time 0.78 sec
epoch 25, loss 0.0841, train acc 0.9998, test acc 0.5652, time 0.78 sec
epoch 30, loss 0.0808, train acc 1.0000, test acc 0.5644, time 0.78 sec
test acc of task 0 : 0.9878
test acc of task 0 on it's training set: 0.9872
test acc of task 1 : 0.9912
test acc of task 1 on it's training set: 0.9804
test acc of task 2 : 0.9671
test acc of task 2 on it's training set: 0.9752
test acc of task 3 : 0.6901
test acc of task 3 on it's training set: 0.9799
test acc of task 4 : 0.9919
test acc of task 4 on it's training set: 0.9932
test acc of task 5 : 0.9888
test acc of task 5 on it's training set: 1.0000
test acc of task 6 : 0.0000
test acc of task 6 on it's training set: 0.0000
test acc of task 7 : 0.0000
test acc of task 7 on it's training set: 0.0000
test acc of task 8 : 0.0000
test acc of task 8 on it's training set: 0.0000
test acc of task 9 : 0.0000
test acc of task 9 on it's training set: 0.0000
Training task  6
epoch 5, loss 0.2166, train acc 0.9708, test acc 0.6531, time 0.78 sec
epoch 10, loss 0.1286, train acc 0.9918, test acc 0.6524, time 0.78 sec
epoch 15, loss 0.1063, train acc 0.9953, test acc 0.6523, time 0.78 sec
epoch 20, loss 0.0953, train acc 0.9973, test acc 0.6515, time 0.79 sec
epoch 25, loss 0.0898, train acc 0.9990, test acc 0.6510, time 0.81 sec
epoch 30, loss 0.0864, train acc 0.9997, test acc 0.6503, time 0.78 sec
test acc of task 0 : 0.9816
test acc of task 0 on it's training set: 0.9841
test acc of task 1 : 0.9903
test acc of task 1 on it's training set: 0.9813
test acc of task 2 : 0.9564
test acc of task 2 on it's training set: 0.9668
test acc of task 3 : 0.6604
test acc of task 3 on it's training set: 0.9744
test acc of task 4 : 0.9817
test acc of task 4 on it's training set: 0.9791
test acc of task 5 : 0.9596
test acc of task 5 on it's training set: 0.9705
test acc of task 6 : 0.9843
test acc of task 6 on it's training set: 0.9997
test acc of task 7 : 0.0000
test acc of task 7 on it's training set: 0.0000
test acc of task 8 : 0.0000
test acc of task 8 on it's training set: 0.0000
test acc of task 9 : 0.0000
test acc of task 9 on it's training set: 0.0000
Training task  7
epoch 5, loss 0.2218, train acc 0.9607, test acc 0.7499, time 0.78 sec
epoch 10, loss 0.1345, train acc 0.9862, test acc 0.7489, time 0.78 sec
epoch 15, loss 0.1092, train acc 0.9919, test acc 0.7486, time 0.79 sec
epoch 20, loss 0.0974, train acc 0.9952, test acc 0.7481, time 0.78 sec
epoch 25, loss 0.0909, train acc 0.9968, test acc 0.7478, time 0.81 sec
epoch 30, loss 0.0869, train acc 0.9976, test acc 0.7466, time 0.78 sec
test acc of task 0 : 0.9806
test acc of task 0 on it's training set: 0.9809
test acc of task 1 : 0.9894
test acc of task 1 on it's training set: 0.9791
test acc of task 2 : 0.9244
test acc of task 2 on it's training set: 0.9337
test acc of task 3 : 0.6772
test acc of task 3 on it's training set: 0.9721
test acc of task 4 : 0.9603
test acc of task 4 on it's training set: 0.9587
test acc of task 5 : 0.9473
test acc of task 5 on it's training set: 0.9635
test acc of task 6 : 0.9864
test acc of task 6 on it's training set: 0.9963
test acc of task 7 : 0.9835
test acc of task 7 on it's training set: 0.9978
test acc of task 8 : 0.0000
test acc of task 8 on it's training set: 0.0000
test acc of task 9 : 0.0000
test acc of task 9 on it's training set: 0.0000
Training task  8
epoch 5, loss 0.5989, train acc 0.8754, test acc 0.8291, time 0.80 sec
epoch 10, loss 0.2745, train acc 0.9617, test acc 0.8281, time 0.78 sec
epoch 15, loss 0.1955, train acc 0.9793, test acc 0.8262, time 0.78 sec
epoch 20, loss 0.1609, train acc 0.9871, test acc 0.8243, time 0.78 sec
epoch 25, loss 0.1416, train acc 0.9919, test acc 0.8222, time 0.78 sec
epoch 30, loss 0.1289, train acc 0.9949, test acc 0.8213, time 0.78 sec
test acc of task 0 : 0.9786
test acc of task 0 on it's training set: 0.9774
test acc of task 1 : 0.9718
test acc of task 1 on it's training set: 0.9648
test acc of task 2 : 0.8992
test acc of task 2 on it's training set: 0.9144
test acc of task 3 : 0.5851
test acc of task 3 on it's training set: 0.9636
test acc of task 4 : 0.9501
test acc of task 4 on it's training set: 0.9459
test acc of task 5 : 0.9271
test acc of task 5 on it's training set: 0.9483
test acc of task 6 : 0.9697
test acc of task 6 on it's training set: 0.9833
test acc of task 7 : 0.9737
test acc of task 7 on it's training set: 0.9890
test acc of task 8 : 0.9671
test acc of task 8 on it's training set: 0.9950
test acc of task 9 : 0.0000
test acc of task 9 on it's training set: 0.0000
Training task  9
epoch 5, loss 0.6519, train acc 0.8647, test acc 0.9068, time 0.78 sec
epoch 10, loss 0.3002, train acc 0.9555, test acc 0.9084, time 0.79 sec
epoch 15, loss 0.2076, train acc 0.9775, test acc 0.9052, time 0.79 sec
epoch 20, loss 0.1673, train acc 0.9877, test acc 0.9020, time 0.81 sec
epoch 25, loss 0.1464, train acc 0.9937, test acc 0.8994, time 0.83 sec
epoch 30, loss 0.1335, train acc 0.9955, test acc 0.8980, time 0.81 sec
test acc of task 0 : 0.9796
test acc of task 0 on it's training set: 0.9721
test acc of task 1 : 0.9674
test acc of task 1 on it's training set: 0.9625
test acc of task 2 : 0.8905
test acc of task 2 on it's training set: 0.8983
test acc of task 3 : 0.5693
test acc of task 3 on it's training set: 0.9578
test acc of task 4 : 0.8910
test acc of task 4 on it's training set: 0.8970
test acc of task 5 : 0.9114
test acc of task 5 on it's training set: 0.9332
test acc of task 6 : 0.9645
test acc of task 6 on it's training set: 0.9796
test acc of task 7 : 0.9018
test acc of task 7 on it's training set: 0.9127
test acc of task 8 : 0.9363
test acc of task 8 on it's training set: 0.9561
test acc of task 9 : 0.9683
test acc of task 9 on it's training set: 0.9955