dataset          : mnist
data_root        : /data0/user/lxguo/Data
model_name       : owm_fc
batch_size       : 128
num_epochs       : 30
learning_rate    : 0.2
lambda_loss      : 0.001
owmfc_alpha_list : [0.9, 0.6]
owmfc_lambda_list : [0.001, 1.0]
CL_method        : owm
num_hidden       : 800
num_classes      : 11
num_tasks        : 10
momentum         : 0.9
order_list       : [0, 1, 2, 3, 4, 5, 6, 7, 8, 9]
optimizer_type   : SGD
clipgrad         : 10.0
list_eval        : False
shift            : True
data_argmt       : True
argmt_perc       : 0.1
print_frequency  : 5
Device is cuda
owm_fc(
  (layer_1): OWM_FC_block(
    (W): Linear(in_features=784, out_features=800, bias=False)
    (P): Linear(in_features=784, out_features=784, bias=False)
  )
  (afun_1): ReLU()
  (layer_2): OWM_FC_block(
    (W): Linear(in_features=800, out_features=11, bias=False)
    (P): Linear(in_features=800, out_features=800, bias=False)
  )
)
Training task  0
epoch 5, loss 0.0475, train acc 1.0000, test acc 0.0980, time 0.84 sec
epoch 10, loss 0.0467, train acc 1.0000, test acc 0.0980, time 0.83 sec
epoch 15, loss 0.0460, train acc 1.0000, test acc 0.0980, time 0.82 sec
epoch 20, loss 0.0454, train acc 1.0000, test acc 0.0980, time 0.81 sec
epoch 25, loss 0.0449, train acc 1.0000, test acc 0.0980, time 0.81 sec
epoch 30, loss 0.0445, train acc 1.0000, test acc 0.0980, time 0.79 sec
test acc of task 0 : 1.0000
test acc of task 0 on it's training set: 1.0000
test acc of task 1 : 0.0000
test acc of task 1 on it's training set: 0.0000
test acc of task 2 : 0.0000
test acc of task 2 on it's training set: 0.0000
test acc of task 3 : 0.0000
test acc of task 3 on it's training set: 0.0000
test acc of task 4 : 0.0000
test acc of task 4 on it's training set: 0.0000
test acc of task 5 : 0.0000
test acc of task 5 on it's training set: 0.0000
test acc of task 6 : 0.0000
test acc of task 6 on it's training set: 0.0000
test acc of task 7 : 0.0000
test acc of task 7 on it's training set: 0.0000
test acc of task 8 : 0.0000
test acc of task 8 on it's training set: 0.0000
test acc of task 9 : 0.0000
test acc of task 9 on it's training set: 0.0000
Training task  1
epoch 5, loss 0.0477, train acc 0.9999, test acc 0.2077, time 0.80 sec
epoch 10, loss 0.0473, train acc 1.0000, test acc 0.2078, time 0.80 sec
epoch 15, loss 0.0470, train acc 1.0000, test acc 0.2083, time 0.82 sec
epoch 20, loss 0.0467, train acc 1.0000, test acc 0.2090, time 0.80 sec
epoch 25, loss 0.0465, train acc 1.0000, test acc 0.2093, time 0.81 sec
epoch 30, loss 0.0463, train acc 1.0000, test acc 0.2095, time 0.80 sec
test acc of task 0 : 0.9796
test acc of task 0 on it's training set: 0.9759
test acc of task 1 : 1.0000
test acc of task 1 on it's training set: 1.0000
test acc of task 2 : 0.0000
test acc of task 2 on it's training set: 0.0000
test acc of task 3 : 0.0000
test acc of task 3 on it's training set: 0.0000
test acc of task 4 : 0.0000
test acc of task 4 on it's training set: 0.0000
test acc of task 5 : 0.0000
test acc of task 5 on it's training set: 0.0000
test acc of task 6 : 0.0000
test acc of task 6 on it's training set: 0.0000
test acc of task 7 : 0.0000
test acc of task 7 on it's training set: 0.0000
test acc of task 8 : 0.0000
test acc of task 8 on it's training set: 0.0000
test acc of task 9 : 0.0000
test acc of task 9 on it's training set: 0.0000
Training task  2
epoch 5, loss 0.0516, train acc 1.0000, test acc 0.1720, time 0.79 sec
epoch 10, loss 0.0511, train acc 1.0000, test acc 0.1707, time 0.80 sec
epoch 15, loss 0.0508, train acc 1.0000, test acc 0.1706, time 0.80 sec
epoch 20, loss 0.0506, train acc 1.0000, test acc 0.1707, time 0.79 sec
epoch 25, loss 0.0505, train acc 1.0000, test acc 0.1707, time 0.86 sec
epoch 30, loss 0.0504, train acc 1.0000, test acc 0.1710, time 0.80 sec
test acc of task 0 : 0.6857
test acc of task 0 on it's training set: 0.6782
test acc of task 1 : 0.0053
test acc of task 1 on it's training set: 0.0107
test acc of task 2 : 1.0000
test acc of task 2 on it's training set: 1.0000
test acc of task 3 : 0.0000
test acc of task 3 on it's training set: 0.0000
test acc of task 4 : 0.0000
test acc of task 4 on it's training set: 0.0000
test acc of task 5 : 0.0000
test acc of task 5 on it's training set: 0.0000
test acc of task 6 : 0.0000
test acc of task 6 on it's training set: 0.0000
test acc of task 7 : 0.0000
test acc of task 7 on it's training set: 0.0000
test acc of task 8 : 0.0000
test acc of task 8 on it's training set: 0.0000
test acc of task 9 : 0.0000
test acc of task 9 on it's training set: 0.0000
Training task  3
epoch 5, loss 0.0543, train acc 0.9997, test acc 0.1927, time 0.79 sec
epoch 10, loss 0.0532, train acc 1.0000, test acc 0.1868, time 0.79 sec
epoch 15, loss 0.0528, train acc 1.0000, test acc 0.1838, time 0.79 sec
epoch 20, loss 0.0526, train acc 1.0000, test acc 0.1822, time 0.79 sec
epoch 25, loss 0.0524, train acc 1.0000, test acc 0.1805, time 0.82 sec
epoch 30, loss 0.0523, train acc 1.0000, test acc 0.1790, time 0.80 sec
test acc of task 0 : 0.7367
test acc of task 0 on it's training set: 0.7334
test acc of task 1 : 0.0308
test acc of task 1 on it's training set: 0.0270
test acc of task 2 : 0.0223
test acc of task 2 on it's training set: 0.0250
test acc of task 3 : 1.0000
test acc of task 3 on it's training set: 1.0000
test acc of task 4 : 0.0000
test acc of task 4 on it's training set: 0.0000
test acc of task 5 : 0.0000
test acc of task 5 on it's training set: 0.0000
test acc of task 6 : 0.0000
test acc of task 6 on it's training set: 0.0000
test acc of task 7 : 0.0000
test acc of task 7 on it's training set: 0.0000
test acc of task 8 : 0.0000
test acc of task 8 on it's training set: 0.0000
test acc of task 9 : 0.0000
test acc of task 9 on it's training set: 0.0000
Training task  4
epoch 5, loss 0.0570, train acc 0.9997, test acc 0.2413, time 0.81 sec
epoch 10, loss 0.0550, train acc 0.9998, test acc 0.2224, time 0.79 sec
epoch 15, loss 0.0543, train acc 0.9998, test acc 0.2132, time 0.80 sec
epoch 20, loss 0.0539, train acc 1.0000, test acc 0.2078, time 0.82 sec
epoch 25, loss 0.0536, train acc 1.0000, test acc 0.2034, time 0.79 sec
epoch 30, loss 0.0534, train acc 1.0000, test acc 0.1997, time 0.81 sec
test acc of task 0 : 0.7592
test acc of task 0 on it's training set: 0.7619
test acc of task 1 : 0.1577
test acc of task 1 on it's training set: 0.1305
test acc of task 2 : 0.0329
test acc of task 2 on it's training set: 0.0305
test acc of task 3 : 0.0584
test acc of task 3 on it's training set: 0.0445
test acc of task 4 : 0.9990
test acc of task 4 on it's training set: 1.0000
test acc of task 5 : 0.0000
test acc of task 5 on it's training set: 0.0000
test acc of task 6 : 0.0000
test acc of task 6 on it's training set: 0.0000
test acc of task 7 : 0.0000
test acc of task 7 on it's training set: 0.0000
test acc of task 8 : 0.0000
test acc of task 8 on it's training set: 0.0000
test acc of task 9 : 0.0000
test acc of task 9 on it's training set: 0.0000
Training task  5
epoch 5, loss 0.0608, train acc 0.9990, test acc 0.1896, time 0.80 sec
epoch 10, loss 0.0575, train acc 0.9997, test acc 0.1763, time 0.81 sec
epoch 15, loss 0.0564, train acc 0.9998, test acc 0.1681, time 0.80 sec
epoch 20, loss 0.0557, train acc 1.0000, test acc 0.1646, time 0.78 sec
epoch 25, loss 0.0554, train acc 1.0000, test acc 0.1605, time 0.78 sec
epoch 30, loss 0.0552, train acc 1.0000, test acc 0.1583, time 0.81 sec
test acc of task 0 : 0.5786
test acc of task 0 on it's training set: 0.5729
test acc of task 1 : 0.0819
test acc of task 1 on it's training set: 0.0678
test acc of task 2 : 0.0262
test acc of task 2 on it's training set: 0.0264
test acc of task 3 : 0.0030
test acc of task 3 on it's training set: 0.0011
test acc of task 4 : 0.0020
test acc of task 4 on it's training set: 0.0022
test acc of task 5 : 0.9989
test acc of task 5 on it's training set: 1.0000
test acc of task 6 : 0.0000
test acc of task 6 on it's training set: 0.0000
test acc of task 7 : 0.0000
test acc of task 7 on it's training set: 0.0000
test acc of task 8 : 0.0000
test acc of task 8 on it's training set: 0.0000
test acc of task 9 : 0.0000
test acc of task 9 on it's training set: 0.0000
Training task  6
epoch 5, loss 0.0624, train acc 0.9991, test acc 0.2369, time 0.81 sec
epoch 10, loss 0.0586, train acc 0.9998, test acc 0.2106, time 0.80 sec
epoch 15, loss 0.0573, train acc 0.9998, test acc 0.1953, time 0.79 sec
epoch 20, loss 0.0566, train acc 0.9998, test acc 0.1876, time 0.82 sec
epoch 25, loss 0.0562, train acc 0.9998, test acc 0.1823, time 0.82 sec
epoch 30, loss 0.0559, train acc 1.0000, test acc 0.1788, time 0.80 sec
test acc of task 0 : 0.5653
test acc of task 0 on it's training set: 0.5583
test acc of task 1 : 0.1956
test acc of task 1 on it's training set: 0.1725
test acc of task 2 : 0.0271
test acc of task 2 on it's training set: 0.0292
test acc of task 3 : 0.0059
test acc of task 3 on it's training set: 0.0060
test acc of task 4 : 0.0000
test acc of task 4 on it's training set: 0.0014
test acc of task 5 : 0.0224
test acc of task 5 on it's training set: 0.0236
test acc of task 6 : 1.0000
test acc of task 6 on it's training set: 1.0000
test acc of task 7 : 0.0000
test acc of task 7 on it's training set: 0.0000
test acc of task 8 : 0.0000
test acc of task 8 on it's training set: 0.0000
test acc of task 9 : 0.0000
test acc of task 9 on it's training set: 0.0000
Training task  7
epoch 5, loss 0.0660, train acc 0.9994, test acc 0.3087, time 0.82 sec
epoch 10, loss 0.0603, train acc 0.9997, test acc 0.2621, time 0.79 sec
epoch 15, loss 0.0585, train acc 0.9999, test acc 0.2350, time 0.82 sec
epoch 20, loss 0.0577, train acc 1.0000, test acc 0.2201, time 0.80 sec
epoch 25, loss 0.0571, train acc 1.0000, test acc 0.2103, time 0.80 sec
epoch 30, loss 0.0568, train acc 1.0000, test acc 0.2041, time 0.82 sec
test acc of task 0 : 0.5969
test acc of task 0 on it's training set: 0.5963
test acc of task 1 : 0.1912
test acc of task 1 on it's training set: 0.1633
test acc of task 2 : 0.0252
test acc of task 2 on it's training set: 0.0250
test acc of task 3 : 0.0059
test acc of task 3 on it's training set: 0.0049
test acc of task 4 : 0.0000
test acc of task 4 on it's training set: 0.0005
test acc of task 5 : 0.0090
test acc of task 5 on it's training set: 0.0053
test acc of task 6 : 0.1785
test acc of task 6 on it's training set: 0.1450
test acc of task 7 : 1.0000
test acc of task 7 on it's training set: 1.0000
test acc of task 8 : 0.0000
test acc of task 8 on it's training set: 0.0000
test acc of task 9 : 0.0000
test acc of task 9 on it's training set: 0.0000
Training task  8
epoch 5, loss 0.0676, train acc 0.9994, test acc 0.2154, time 0.80 sec
epoch 10, loss 0.0617, train acc 0.9998, test acc 0.1827, time 0.80 sec
epoch 15, loss 0.0597, train acc 1.0000, test acc 0.1712, time 0.80 sec
epoch 20, loss 0.0588, train acc 1.0000, test acc 0.1651, time 0.82 sec
epoch 25, loss 0.0582, train acc 1.0000, test acc 0.1612, time 0.82 sec
epoch 30, loss 0.0578, train acc 1.0000, test acc 0.1589, time 0.82 sec
test acc of task 0 : 0.5704
test acc of task 0 on it's training set: 0.5615
test acc of task 1 : 0.0317
test acc of task 1 on it's training set: 0.0228
test acc of task 2 : 0.0097
test acc of task 2 on it's training set: 0.0099
test acc of task 3 : 0.0020
test acc of task 3 on it's training set: 0.0007
test acc of task 4 : 0.0000
test acc of task 4 on it's training set: 0.0002
test acc of task 5 : 0.0000
test acc of task 5 on it's training set: 0.0002
test acc of task 6 : 0.0063
test acc of task 6 on it's training set: 0.0056
test acc of task 7 : 0.0019
test acc of task 7 on it's training set: 0.0026
test acc of task 8 : 1.0000
test acc of task 8 on it's training set: 1.0000
test acc of task 9 : 0.0000
test acc of task 9 on it's training set: 0.0000
Training task  9
epoch 5, loss 0.0673, train acc 0.9998, test acc 0.2033, time 0.80 sec
epoch 10, loss 0.0619, train acc 0.9998, test acc 0.1822, time 0.79 sec
epoch 15, loss 0.0600, train acc 0.9998, test acc 0.1724, time 0.79 sec
epoch 20, loss 0.0590, train acc 1.0000, test acc 0.1656, time 0.79 sec
epoch 25, loss 0.0584, train acc 1.0000, test acc 0.1615, time 0.79 sec
epoch 30, loss 0.0580, train acc 1.0000, test acc 0.1589, time 0.79 sec
test acc of task 0 : 0.5163
test acc of task 0 on it's training set: 0.5119
test acc of task 1 : 0.0432
test acc of task 1 on it's training set: 0.0352
test acc of task 2 : 0.0155
test acc of task 2 on it's training set: 0.0193
test acc of task 3 : 0.0030
test acc of task 3 on it's training set: 0.0018
test acc of task 4 : 0.0000
test acc of task 4 on it's training set: 0.0000
test acc of task 5 : 0.0000
test acc of task 5 on it's training set: 0.0004
test acc of task 6 : 0.0021
test acc of task 6 on it's training set: 0.0017
test acc of task 7 : 0.0000
test acc of task 7 on it's training set: 0.0005
test acc of task 8 : 0.0041
test acc of task 8 on it's training set: 0.0031
test acc of task 9 : 1.0000
test acc of task 9 on it's training set: 1.0000
