dataset          : mnist
data_root        : /data0/user/lxguo/Data
model_name       : owm_fc
batch_size       : 128
num_epochs       : 30
learning_rate    : 0.2
lambda_loss      : 0.001
owmfc_alpha_list : [0.9, 0.6]
owmfc_lambda_list : [0.001, 1.0]
CL_method        : owm
num_hidden       : 800
num_classes      : 11
num_tasks        : 11
momentum         : 0.9
order_list       : [10, 0, 1, 2, 3, 4, 5, 6, 7, 8, 9]
optimizer_type   : SGD
clipgrad         : 10.0
list_eval        : False
shift            : True
argmt_perc       : 4.0
learn_noise_before : True
print_frequency  : 5
Device is cuda
owm_fc(
  (layer_1): OWM_FC_block(
    (W): Linear(in_features=784, out_features=800, bias=False)
    (P): Linear(in_features=784, out_features=784, bias=False)
  )
  (afun_1): ReLU()
  (layer_2): OWM_FC_block(
    (W): Linear(in_features=800, out_features=11, bias=False)
    (P): Linear(in_features=800, out_features=800, bias=False)
  )
)
Training task  10
epoch 5, loss 0.0382, train acc 1.0000, test acc 0.0000, time 11.59 sec
epoch 10, loss 0.0369, train acc 1.0000, test acc 0.0000, time 12.59 sec
epoch 15, loss 0.0365, train acc 1.0000, test acc 0.0000, time 12.62 sec
epoch 20, loss 0.0362, train acc 1.0000, test acc 0.0000, time 12.06 sec
epoch 25, loss 0.0361, train acc 1.0000, test acc 0.0000, time 11.61 sec
epoch 30, loss 0.0360, train acc 1.0000, test acc 0.0000, time 11.73 sec
test acc of task 0 : 0.0000
test acc of task 0 on it's training set: 0.0000
test acc of task 1 : 0.0000
test acc of task 1 on it's training set: 0.0000
test acc of task 2 : 0.0000
test acc of task 2 on it's training set: 0.0000
test acc of task 3 : 0.0000
test acc of task 3 on it's training set: 0.0000
test acc of task 4 : 0.0000
test acc of task 4 on it's training set: 0.0000
test acc of task 5 : 0.0000
test acc of task 5 on it's training set: 0.0000
test acc of task 6 : 0.0000
test acc of task 6 on it's training set: 0.0000
test acc of task 7 : 0.0000
test acc of task 7 on it's training set: 0.0000
test acc of task 8 : 0.0000
test acc of task 8 on it's training set: 0.0000
test acc of task 9 : 0.0000
test acc of task 9 on it's training set: 0.0000
test acc of task 10 : 1.0000
test acc of task 10 on it's training set: 1.0000
Training task  0
epoch 5, loss 0.1237, train acc 1.0000, test acc 0.0980, time 1.50 sec
epoch 10, loss 0.0978, train acc 1.0000, test acc 0.0980, time 1.41 sec
epoch 15, loss 0.0902, train acc 1.0000, test acc 0.0980, time 1.41 sec
epoch 20, loss 0.0865, train acc 1.0000, test acc 0.0980, time 1.41 sec
epoch 25, loss 0.0844, train acc 1.0000, test acc 0.0980, time 1.49 sec
epoch 30, loss 0.0829, train acc 1.0000, test acc 0.0980, time 1.42 sec
test acc of task 0 : 1.0000
test acc of task 0 on it's training set: 1.0000
test acc of task 1 : 0.0000
test acc of task 1 on it's training set: 0.0000
test acc of task 2 : 0.0000
test acc of task 2 on it's training set: 0.0000
test acc of task 3 : 0.0000
test acc of task 3 on it's training set: 0.0000
test acc of task 4 : 0.0000
test acc of task 4 on it's training set: 0.0000
test acc of task 5 : 0.0000
test acc of task 5 on it's training set: 0.0000
test acc of task 6 : 0.0000
test acc of task 6 on it's training set: 0.0000
test acc of task 7 : 0.0000
test acc of task 7 on it's training set: 0.0000
test acc of task 8 : 0.0000
test acc of task 8 on it's training set: 0.0000
test acc of task 9 : 0.0000
test acc of task 9 on it's training set: 0.0000
test acc of task 10 : 1.0000
test acc of task 10 on it's training set: 1.0000
Training task  1
epoch 5, loss 0.1316, train acc 0.9972, test acc 0.2111, time 1.50 sec
epoch 10, loss 0.0941, train acc 0.9991, test acc 0.2112, time 1.42 sec
epoch 15, loss 0.0843, train acc 0.9997, test acc 0.2111, time 1.60 sec
epoch 20, loss 0.0799, train acc 0.9999, test acc 0.2111, time 1.37 sec
epoch 25, loss 0.0772, train acc 0.9999, test acc 0.2110, time 1.51 sec
epoch 30, loss 0.0755, train acc 0.9999, test acc 0.2109, time 1.47 sec
test acc of task 0 : 0.9939
test acc of task 0 on it's training set: 0.9927
test acc of task 1 : 1.0000
test acc of task 1 on it's training set: 0.9999
test acc of task 2 : 0.0000
test acc of task 2 on it's training set: 0.0000
test acc of task 3 : 0.0000
test acc of task 3 on it's training set: 0.0000
test acc of task 4 : 0.0000
test acc of task 4 on it's training set: 0.0000
test acc of task 5 : 0.0000
test acc of task 5 on it's training set: 0.0000
test acc of task 6 : 0.0000
test acc of task 6 on it's training set: 0.0000
test acc of task 7 : 0.0000
test acc of task 7 on it's training set: 0.0000
test acc of task 8 : 0.0000
test acc of task 8 on it's training set: 0.0000
test acc of task 9 : 0.0000
test acc of task 9 on it's training set: 0.0000
test acc of task 10 : 1.0000
test acc of task 10 on it's training set: 1.0000
Training task  2
epoch 5, loss 0.3516, train acc 0.9557, test acc 0.3081, time 1.35 sec
epoch 10, loss 0.2093, train acc 0.9810, test acc 0.3096, time 1.43 sec
epoch 15, loss 0.1659, train acc 0.9898, test acc 0.3099, time 1.30 sec
epoch 20, loss 0.1461, train acc 0.9935, test acc 0.3092, time 1.33 sec
epoch 25, loss 0.1345, train acc 0.9953, test acc 0.3089, time 1.47 sec
epoch 30, loss 0.1267, train acc 0.9960, test acc 0.3085, time 1.51 sec
test acc of task 0 : 0.9663
test acc of task 0 on it's training set: 0.9445
test acc of task 1 : 0.9806
test acc of task 1 on it's training set: 0.9727
test acc of task 2 : 0.9932
test acc of task 2 on it's training set: 0.9961
test acc of task 3 : 0.0000
test acc of task 3 on it's training set: 0.0000
test acc of task 4 : 0.0000
test acc of task 4 on it's training set: 0.0000
test acc of task 5 : 0.0000
test acc of task 5 on it's training set: 0.0000
test acc of task 6 : 0.0000
test acc of task 6 on it's training set: 0.0000
test acc of task 7 : 0.0000
test acc of task 7 on it's training set: 0.0000
test acc of task 8 : 0.0000
test acc of task 8 on it's training set: 0.0000
test acc of task 9 : 0.0000
test acc of task 9 on it's training set: 0.0000
test acc of task 10 : 1.0000
test acc of task 10 on it's training set: 1.0000
Training task  3
epoch 5, loss 0.4070, train acc 0.9295, test acc 0.4036, time 1.38 sec
epoch 10, loss 0.2417, train acc 0.9674, test acc 0.4052, time 1.39 sec
epoch 15, loss 0.1910, train acc 0.9794, test acc 0.4044, time 1.37 sec
epoch 20, loss 0.1678, train acc 0.9850, test acc 0.4031, time 1.49 sec
epoch 25, loss 0.1542, train acc 0.9892, test acc 0.4020, time 1.56 sec
epoch 30, loss 0.1451, train acc 0.9905, test acc 0.4014, time 1.52 sec
test acc of task 0 : 0.9633
test acc of task 0 on it's training set: 0.9487
test acc of task 1 : 0.9736
test acc of task 1 on it's training set: 0.9656
test acc of task 2 : 0.9322
test acc of task 2 on it's training set: 0.9329
test acc of task 3 : 0.9931
test acc of task 3 on it's training set: 0.9910
test acc of task 4 : 0.0000
test acc of task 4 on it's training set: 0.0000
test acc of task 5 : 0.0000
test acc of task 5 on it's training set: 0.0000
test acc of task 6 : 0.0000
test acc of task 6 on it's training set: 0.0000
test acc of task 7 : 0.0000
test acc of task 7 on it's training set: 0.0000
test acc of task 8 : 0.0000
test acc of task 8 on it's training set: 0.0000
test acc of task 9 : 0.0000
test acc of task 9 on it's training set: 0.0000
test acc of task 10 : 1.0000
test acc of task 10 on it's training set: 1.0000
Training task  4
epoch 5, loss 0.3479, train acc 0.9646, test acc 0.4968, time 1.26 sec
epoch 10, loss 0.2013, train acc 0.9877, test acc 0.4968, time 1.27 sec
epoch 15, loss 0.1642, train acc 0.9935, test acc 0.4962, time 1.31 sec
epoch 20, loss 0.1483, train acc 0.9957, test acc 0.4955, time 1.40 sec
epoch 25, loss 0.1396, train acc 0.9967, test acc 0.4949, time 1.46 sec
epoch 30, loss 0.1337, train acc 0.9969, test acc 0.4948, time 1.61 sec
test acc of task 0 : 0.9673
test acc of task 0 on it's training set: 0.9571
test acc of task 1 : 0.9806
test acc of task 1 on it's training set: 0.9686
test acc of task 2 : 0.9002
test acc of task 2 on it's training set: 0.9052
test acc of task 3 : 0.9703
test acc of task 3 on it's training set: 0.9737
test acc of task 4 : 0.9959
test acc of task 4 on it's training set: 0.9969
test acc of task 5 : 0.0000
test acc of task 5 on it's training set: 0.0000
test acc of task 6 : 0.0000
test acc of task 6 on it's training set: 0.0000
test acc of task 7 : 0.0000
test acc of task 7 on it's training set: 0.0000
test acc of task 8 : 0.0000
test acc of task 8 on it's training set: 0.0000
test acc of task 9 : 0.0000
test acc of task 9 on it's training set: 0.0000
test acc of task 10 : 1.0000
test acc of task 10 on it's training set: 1.0000
Training task  5
epoch 5, loss 0.9491, train acc 0.7578, test acc 0.5661, time 1.43 sec
epoch 10, loss 0.4853, train acc 0.9242, test acc 0.5730, time 1.34 sec
epoch 15, loss 0.3330, train acc 0.9578, test acc 0.5732, time 1.34 sec
epoch 20, loss 0.2682, train acc 0.9714, test acc 0.5719, time 1.39 sec
epoch 25, loss 0.2330, train acc 0.9792, test acc 0.5704, time 1.38 sec
epoch 30, loss 0.2090, train acc 0.9827, test acc 0.5695, time 1.40 sec
test acc of task 0 : 0.9531
test acc of task 0 on it's training set: 0.9269
test acc of task 1 : 0.9780
test acc of task 1 on it's training set: 0.9675
test acc of task 2 : 0.8779
test acc of task 2 on it's training set: 0.8832
test acc of task 3 : 0.8921
test acc of task 3 on it's training set: 0.8951
test acc of task 4 : 0.9857
test acc of task 4 on it's training set: 0.9839
test acc of task 5 : 0.9821
test acc of task 5 on it's training set: 0.9828
test acc of task 6 : 0.0000
test acc of task 6 on it's training set: 0.0000
test acc of task 7 : 0.0000
test acc of task 7 on it's training set: 0.0000
test acc of task 8 : 0.0000
test acc of task 8 on it's training set: 0.0000
test acc of task 9 : 0.0000
test acc of task 9 on it's training set: 0.0000
test acc of task 10 : 1.0000
test acc of task 10 on it's training set: 1.0000
Training task  6
epoch 5, loss 0.5813, train acc 0.9032, test acc 0.6566, time 1.27 sec
epoch 10, loss 0.3179, train acc 0.9659, test acc 0.6601, time 1.43 sec
epoch 15, loss 0.2405, train acc 0.9806, test acc 0.6599, time 1.34 sec
epoch 20, loss 0.2063, train acc 0.9861, test acc 0.6583, time 1.59 sec
epoch 25, loss 0.1880, train acc 0.9902, test acc 0.6571, time 1.47 sec
epoch 30, loss 0.1750, train acc 0.9912, test acc 0.6566, time 1.50 sec
test acc of task 0 : 0.9367
test acc of task 0 on it's training set: 0.9232
test acc of task 1 : 0.9762
test acc of task 1 on it's training set: 0.9678
test acc of task 2 : 0.8857
test acc of task 2 on it's training set: 0.8810
test acc of task 3 : 0.8941
test acc of task 3 on it's training set: 0.8917
test acc of task 4 : 0.9715
test acc of task 4 on it's training set: 0.9606
test acc of task 5 : 0.9226
test acc of task 5 on it's training set: 0.9172
test acc of task 6 : 0.9875
test acc of task 6 on it's training set: 0.9914
test acc of task 7 : 0.0000
test acc of task 7 on it's training set: 0.0000
test acc of task 8 : 0.0000
test acc of task 8 on it's training set: 0.0000
test acc of task 9 : 0.0000
test acc of task 9 on it's training set: 0.0000
test acc of task 10 : 1.0000
test acc of task 10 on it's training set: 1.0000
Training task  7
epoch 5, loss 0.5257, train acc 0.8907, test acc 0.7491, time 1.42 sec
epoch 10, loss 0.2860, train acc 0.9583, test acc 0.7518, time 1.37 sec
epoch 15, loss 0.2220, train acc 0.9722, test acc 0.7517, time 1.41 sec
epoch 20, loss 0.1936, train acc 0.9789, test acc 0.7510, time 1.30 sec
epoch 25, loss 0.1769, train acc 0.9837, test acc 0.7499, time 1.31 sec
epoch 30, loss 0.1654, train acc 0.9852, test acc 0.7488, time 1.27 sec
test acc of task 0 : 0.9276
test acc of task 0 on it's training set: 0.9149
test acc of task 1 : 0.9753
test acc of task 1 on it's training set: 0.9657
test acc of task 2 : 0.8537
test acc of task 2 on it's training set: 0.8622
test acc of task 3 : 0.8911
test acc of task 3 on it's training set: 0.8876
test acc of task 4 : 0.9460
test acc of task 4 on it's training set: 0.9445
test acc of task 5 : 0.9047
test acc of task 5 on it's training set: 0.9078
test acc of task 6 : 0.9875
test acc of task 6 on it's training set: 0.9870
test acc of task 7 : 0.9815
test acc of task 7 on it's training set: 0.9855
test acc of task 8 : 0.0000
test acc of task 8 on it's training set: 0.0000
test acc of task 9 : 0.0000
test acc of task 9 on it's training set: 0.0000
test acc of task 10 : 1.0000
test acc of task 10 on it's training set: 1.0000
Training task  8
epoch 5, loss 1.1459, train acc 0.6959, test acc 0.8225, time 1.40 sec
epoch 10, loss 0.7259, train acc 0.8588, test acc 0.8325, time 1.26 sec
epoch 15, loss 0.5389, train acc 0.9092, test acc 0.8356, time 1.42 sec
epoch 20, loss 0.4436, train acc 0.9376, test acc 0.8347, time 1.44 sec
epoch 25, loss 0.3880, train acc 0.9511, test acc 0.8338, time 1.40 sec
epoch 30, loss 0.3501, train acc 0.9585, test acc 0.8329, time 1.28 sec
test acc of task 0 : 0.9316
test acc of task 0 on it's training set: 0.9107
test acc of task 1 : 0.9612
test acc of task 1 on it's training set: 0.9506
test acc of task 2 : 0.8372
test acc of task 2 on it's training set: 0.8399
test acc of task 3 : 0.8653
test acc of task 3 on it's training set: 0.8752
test acc of task 4 : 0.9420
test acc of task 4 on it's training set: 0.9358
test acc of task 5 : 0.9170
test acc of task 5 on it's training set: 0.9139
test acc of task 6 : 0.9676
test acc of task 6 on it's training set: 0.9713
test acc of task 7 : 0.9640
test acc of task 7 on it's training set: 0.9741
test acc of task 8 : 0.9507
test acc of task 8 on it's training set: 0.9602
test acc of task 9 : 0.0000
test acc of task 9 on it's training set: 0.0000
test acc of task 10 : 1.0000
test acc of task 10 on it's training set: 1.0000
Training task  9
epoch 5, loss 1.3492, train acc 0.6327, test acc 0.9013, time 1.39 sec
epoch 10, loss 0.7290, train acc 0.8502, test acc 0.9139, time 1.31 sec
epoch 15, loss 0.5032, train acc 0.9099, test acc 0.9132, time 1.26 sec
epoch 20, loss 0.3992, train acc 0.9336, test acc 0.9105, time 1.31 sec
epoch 25, loss 0.3422, train acc 0.9497, test acc 0.9094, time 1.18 sec
epoch 30, loss 0.3033, train acc 0.9603, test acc 0.9074, time 1.02 sec
test acc of task 0 : 0.9265
test acc of task 0 on it's training set: 0.9078
test acc of task 1 : 0.9577
test acc of task 1 on it's training set: 0.9462
test acc of task 2 : 0.8314
test acc of task 2 on it's training set: 0.8325
test acc of task 3 : 0.8465
test acc of task 3 on it's training set: 0.8679
test acc of task 4 : 0.8747
test acc of task 4 on it's training set: 0.8721
test acc of task 5 : 0.9047
test acc of task 5 on it's training set: 0.8904
test acc of task 6 : 0.9624
test acc of task 6 on it's training set: 0.9642
test acc of task 7 : 0.9018
test acc of task 7 on it's training set: 0.9109
test acc of task 8 : 0.9158
test acc of task 8 on it's training set: 0.9157
test acc of task 9 : 0.9504
test acc of task 9 on it's training set: 0.9615
test acc of task 10 : 1.0000
test acc of task 10 on it's training set: 1.0000
