dataset          : mnist
data_root        : /data0/user/lxguo/Data
model_name       : owm_fc
batch_size       : 128
num_epochs       : 30
learning_rate    : 0.2
lambda_loss      : 0.001
owmfc_alpha_list : [0.9, 0.6]
owmfc_lambda_list : [0.001, 1.0]
CL_method        : owm
num_hidden       : 800
num_classes      : 11
num_tasks        : 10
momentum         : 0.9
order_list       : [0, 1, 2, 3, 4, 5, 6, 7, 8, 9]
optimizer_type   : SGD
clipgrad         : 10.0
list_eval        : False
shift            : True
data_argmt       : False
data_perturbation : True
argmt_perc       : 0.01
pertur_bound     : 0.125
print_frequency  : 5
Device is cuda
owm_fc(
  (layer_1): OWM_FC_block(
    (W): Linear(in_features=784, out_features=800, bias=False)
    (P): Linear(in_features=784, out_features=784, bias=False)
  )
  (afun_1): ReLU()
  (layer_2): OWM_FC_block(
    (W): Linear(in_features=800, out_features=11, bias=False)
    (P): Linear(in_features=800, out_features=800, bias=False)
  )
)
Training task  0
epoch 5, loss 0.0599, train acc 0.9963, test acc 0.0979, time 1.28 sec
epoch 10, loss 0.0476, train acc 1.0000, test acc 0.0980, time 1.30 sec
epoch 15, loss 0.0469, train acc 1.0000, test acc 0.0980, time 1.22 sec
epoch 20, loss 0.0467, train acc 0.9998, test acc 0.0980, time 1.33 sec
epoch 25, loss 0.0457, train acc 1.0000, test acc 0.0980, time 1.40 sec
epoch 30, loss 0.0452, train acc 1.0000, test acc 0.0980, time 1.46 sec
test acc of task 0 : 1.0000
test acc of task 0 on it's training set: 1.0000
test acc of task 1 : 0.0000
test acc of task 1 on it's training set: 0.0000
test acc of task 2 : 0.0000
test acc of task 2 on it's training set: 0.0000
test acc of task 3 : 0.0000
test acc of task 3 on it's training set: 0.0000
test acc of task 4 : 0.0000
test acc of task 4 on it's training set: 0.0000
test acc of task 5 : 0.0000
test acc of task 5 on it's training set: 0.0000
test acc of task 6 : 0.0000
test acc of task 6 on it's training set: 0.0000
test acc of task 7 : 0.0000
test acc of task 7 on it's training set: 0.0000
test acc of task 8 : 0.0000
test acc of task 8 on it's training set: 0.0000
test acc of task 9 : 0.0000
test acc of task 9 on it's training set: 0.0000
Training task  1
epoch 5, loss 0.0511, train acc 0.9996, test acc 0.2112, time 1.39 sec
epoch 10, loss 0.0490, train acc 0.9999, test acc 0.2113, time 1.28 sec
epoch 15, loss 0.0482, train acc 1.0000, test acc 0.2113, time 1.51 sec
epoch 20, loss 0.0476, train acc 1.0000, test acc 0.2113, time 1.48 sec
epoch 25, loss 0.0471, train acc 1.0000, test acc 0.2113, time 1.43 sec
epoch 30, loss 0.0468, train acc 1.0000, test acc 0.2113, time 1.39 sec
test acc of task 0 : 0.9980
test acc of task 0 on it's training set: 0.9981
test acc of task 1 : 1.0000
test acc of task 1 on it's training set: 1.0000
test acc of task 2 : 0.0000
test acc of task 2 on it's training set: 0.0000
test acc of task 3 : 0.0000
test acc of task 3 on it's training set: 0.0000
test acc of task 4 : 0.0000
test acc of task 4 on it's training set: 0.0000
test acc of task 5 : 0.0000
test acc of task 5 on it's training set: 0.0000
test acc of task 6 : 0.0000
test acc of task 6 on it's training set: 0.0000
test acc of task 7 : 0.0000
test acc of task 7 on it's training set: 0.0000
test acc of task 8 : 0.0000
test acc of task 8 on it's training set: 0.0000
test acc of task 9 : 0.0000
test acc of task 9 on it's training set: 0.0000
Training task  2
epoch 5, loss 0.0889, train acc 0.9938, test acc 0.3115, time 1.29 sec
epoch 10, loss 0.0664, train acc 0.9985, test acc 0.3119, time 1.32 sec
epoch 15, loss 0.0607, train acc 0.9997, test acc 0.3119, time 1.38 sec
epoch 20, loss 0.0584, train acc 0.9998, test acc 0.3121, time 1.52 sec
epoch 25, loss 0.0572, train acc 0.9998, test acc 0.3120, time 1.34 sec
epoch 30, loss 0.0564, train acc 0.9998, test acc 0.3121, time 1.26 sec
test acc of task 0 : 0.9929
test acc of task 0 on it's training set: 0.9929
test acc of task 1 : 0.9912
test acc of task 1 on it's training set: 0.9862
test acc of task 2 : 0.9913
test acc of task 2 on it's training set: 0.9998
test acc of task 3 : 0.0000
test acc of task 3 on it's training set: 0.0000
test acc of task 4 : 0.0000
test acc of task 4 on it's training set: 0.0000
test acc of task 5 : 0.0000
test acc of task 5 on it's training set: 0.0000
test acc of task 6 : 0.0000
test acc of task 6 on it's training set: 0.0000
test acc of task 7 : 0.0000
test acc of task 7 on it's training set: 0.0000
test acc of task 8 : 0.0000
test acc of task 8 on it's training set: 0.0000
test acc of task 9 : 0.0000
test acc of task 9 on it's training set: 0.0000
Training task  3
epoch 5, loss 0.1040, train acc 0.9913, test acc 0.3982, time 1.47 sec
epoch 10, loss 0.0805, train acc 0.9972, test acc 0.4035, time 1.33 sec
epoch 15, loss 0.0720, train acc 0.9982, test acc 0.4051, time 1.34 sec
epoch 20, loss 0.0678, train acc 0.9994, test acc 0.4060, time 1.49 sec
epoch 25, loss 0.0655, train acc 1.0000, test acc 0.4062, time 1.46 sec
epoch 30, loss 0.0641, train acc 1.0000, test acc 0.4064, time 1.30 sec
test acc of task 0 : 0.9929
test acc of task 0 on it's training set: 0.9932
test acc of task 1 : 0.9921
test acc of task 1 on it's training set: 0.9871
test acc of task 2 : 0.9835
test acc of task 2 on it's training set: 0.9938
test acc of task 3 : 0.9406
test acc of task 3 on it's training set: 1.0000
test acc of task 4 : 0.0000
test acc of task 4 on it's training set: 0.0000
test acc of task 5 : 0.0000
test acc of task 5 on it's training set: 0.0000
test acc of task 6 : 0.0000
test acc of task 6 on it's training set: 0.0000
test acc of task 7 : 0.0000
test acc of task 7 on it's training set: 0.0000
test acc of task 8 : 0.0000
test acc of task 8 on it's training set: 0.0000
test acc of task 9 : 0.0000
test acc of task 9 on it's training set: 0.0000
Training task  4
epoch 5, loss 0.1456, train acc 0.9896, test acc 0.5005, time 1.25 sec
epoch 10, loss 0.1011, train acc 0.9971, test acc 0.4998, time 1.42 sec
epoch 15, loss 0.0888, train acc 0.9981, test acc 0.4992, time 1.39 sec
epoch 20, loss 0.0828, train acc 0.9986, test acc 0.4990, time 1.36 sec
epoch 25, loss 0.0791, train acc 0.9990, test acc 0.4986, time 1.24 sec
epoch 30, loss 0.0769, train acc 0.9993, test acc 0.4982, time 1.25 sec
test acc of task 0 : 0.9918
test acc of task 0 on it's training set: 0.9889
test acc of task 1 : 0.9903
test acc of task 1 on it's training set: 0.9809
test acc of task 2 : 0.9700
test acc of task 2 on it's training set: 0.9772
test acc of task 3 : 0.8960
test acc of task 3 on it's training set: 0.9972
test acc of task 4 : 0.9980
test acc of task 4 on it's training set: 0.9993
test acc of task 5 : 0.0000
test acc of task 5 on it's training set: 0.0000
test acc of task 6 : 0.0000
test acc of task 6 on it's training set: 0.0000
test acc of task 7 : 0.0000
test acc of task 7 on it's training set: 0.0000
test acc of task 8 : 0.0000
test acc of task 8 on it's training set: 0.0000
test acc of task 9 : 0.0000
test acc of task 9 on it's training set: 0.0000
Training task  5
epoch 5, loss 0.2550, train acc 0.9619, test acc 0.5758, time 1.39 sec
epoch 10, loss 0.1316, train acc 0.9890, test acc 0.5701, time 1.31 sec
epoch 15, loss 0.1028, train acc 0.9971, test acc 0.5665, time 1.25 sec
epoch 20, loss 0.0906, train acc 0.9995, test acc 0.5645, time 1.31 sec
epoch 25, loss 0.0851, train acc 0.9996, test acc 0.5637, time 1.33 sec
epoch 30, loss 0.0816, train acc 0.9998, test acc 0.5629, time 1.24 sec
test acc of task 0 : 0.9867
test acc of task 0 on it's training set: 0.9811
test acc of task 1 : 0.9894
test acc of task 1 on it's training set: 0.9797
test acc of task 2 : 0.9680
test acc of task 2 on it's training set: 0.9747
test acc of task 3 : 0.6653
test acc of task 3 on it's training set: 0.9780
test acc of task 4 : 0.9959
test acc of task 4 on it's training set: 0.9928
test acc of task 5 : 0.9978
test acc of task 5 on it's training set: 0.9998
test acc of task 6 : 0.0000
test acc of task 6 on it's training set: 0.0000
test acc of task 7 : 0.0000
test acc of task 7 on it's training set: 0.0000
test acc of task 8 : 0.0000
test acc of task 8 on it's training set: 0.0000
test acc of task 9 : 0.0000
test acc of task 9 on it's training set: 0.0000
Training task  6
epoch 5, loss 0.2058, train acc 0.9740, test acc 0.6498, time 1.22 sec
epoch 10, loss 0.1265, train acc 0.9906, test acc 0.6494, time 1.21 sec
epoch 15, loss 0.1049, train acc 0.9958, test acc 0.6491, time 1.37 sec
epoch 20, loss 0.0944, train acc 0.9978, test acc 0.6489, time 1.34 sec
epoch 25, loss 0.0893, train acc 0.9985, test acc 0.6476, time 1.23 sec
epoch 30, loss 0.0852, train acc 0.9993, test acc 0.6473, time 1.22 sec
test acc of task 0 : 0.9837
test acc of task 0 on it's training set: 0.9789
test acc of task 1 : 0.9885
test acc of task 1 on it's training set: 0.9807
test acc of task 2 : 0.9671
test acc of task 2 on it's training set: 0.9695
test acc of task 3 : 0.6208
test acc of task 3 on it's training set: 0.9710
test acc of task 4 : 0.9695
test acc of task 4 on it's training set: 0.9747
test acc of task 5 : 0.9675
test acc of task 5 on it's training set: 0.9662
test acc of task 6 : 0.9885
test acc of task 6 on it's training set: 0.9993
test acc of task 7 : 0.0000
test acc of task 7 on it's training set: 0.0000
test acc of task 8 : 0.0000
test acc of task 8 on it's training set: 0.0000
test acc of task 9 : 0.0000
test acc of task 9 on it's training set: 0.0000
Training task  7
epoch 5, loss 0.2288, train acc 0.9593, test acc 0.7456, time 1.27 sec
epoch 10, loss 0.1365, train acc 0.9861, test acc 0.7451, time 1.23 sec
epoch 15, loss 0.1105, train acc 0.9927, test acc 0.7433, time 1.26 sec
epoch 20, loss 0.0983, train acc 0.9954, test acc 0.7422, time 1.20 sec
epoch 25, loss 0.0913, train acc 0.9964, test acc 0.7415, time 1.47 sec
epoch 30, loss 0.0869, train acc 0.9978, test acc 0.7416, time 1.19 sec
test acc of task 0 : 0.9816
test acc of task 0 on it's training set: 0.9770
test acc of task 1 : 0.9868
test acc of task 1 on it's training set: 0.9789
test acc of task 2 : 0.9380
test acc of task 2 on it's training set: 0.9382
test acc of task 3 : 0.6267
test acc of task 3 on it's training set: 0.9671
test acc of task 4 : 0.9409
test acc of task 4 on it's training set: 0.9546
test acc of task 5 : 0.9608
test acc of task 5 on it's training set: 0.9583
test acc of task 6 : 0.9781
test acc of task 6 on it's training set: 0.9976
test acc of task 7 : 0.9874
test acc of task 7 on it's training set: 0.9978
test acc of task 8 : 0.0000
test acc of task 8 on it's training set: 0.0000
test acc of task 9 : 0.0000
test acc of task 9 on it's training set: 0.0000
Training task  8
epoch 5, loss 0.5527, train acc 0.8888, test acc 0.8239, time 1.28 sec
epoch 10, loss 0.2580, train acc 0.9629, test acc 0.8239, time 1.16 sec
epoch 15, loss 0.1865, train acc 0.9830, test acc 0.8210, time 1.23 sec
epoch 20, loss 0.1547, train acc 0.9898, test acc 0.8199, time 1.21 sec
epoch 25, loss 0.1368, train acc 0.9937, test acc 0.8184, time 1.14 sec
epoch 30, loss 0.1259, train acc 0.9956, test acc 0.8170, time 1.13 sec
test acc of task 0 : 0.9786
test acc of task 0 on it's training set: 0.9715
test acc of task 1 : 0.9656
test acc of task 1 on it's training set: 0.9629
test acc of task 2 : 0.9089
test acc of task 2 on it's training set: 0.9181
test acc of task 3 : 0.5267
test acc of task 3 on it's training set: 0.9571
test acc of task 4 : 0.9338
test acc of task 4 on it's training set: 0.9439
test acc of task 5 : 0.9395
test acc of task 5 on it's training set: 0.9437
test acc of task 6 : 0.9676
test acc of task 6 on it's training set: 0.9855
test acc of task 7 : 0.9796
test acc of task 7 on it's training set: 0.9904
test acc of task 8 : 0.9815
test acc of task 8 on it's training set: 0.9957
test acc of task 9 : 0.0000
test acc of task 9 on it's training set: 0.0000
Training task  9
epoch 5, loss 0.7028, train acc 0.8517, test acc 0.9005, time 0.95 sec
epoch 10, loss 0.3160, train acc 0.9516, test acc 0.9011, time 1.23 sec
epoch 15, loss 0.2147, train acc 0.9758, test acc 0.9000, time 0.99 sec
epoch 20, loss 0.1721, train acc 0.9853, test acc 0.8985, time 0.91 sec
epoch 25, loss 0.1493, train acc 0.9918, test acc 0.8965, time 1.10 sec
epoch 30, loss 0.1351, train acc 0.9950, test acc 0.8958, time 0.97 sec
test acc of task 0 : 0.9786
test acc of task 0 on it's training set: 0.9710
test acc of task 1 : 0.9639
test acc of task 1 on it's training set: 0.9613
test acc of task 2 : 0.8915
test acc of task 2 on it's training set: 0.9048
test acc of task 3 : 0.5198
test acc of task 3 on it's training set: 0.9563
test acc of task 4 : 0.8727
test acc of task 4 on it's training set: 0.8903
test acc of task 5 : 0.9316
test acc of task 5 on it's training set: 0.9246
test acc of task 6 : 0.9624
test acc of task 6 on it's training set: 0.9794
test acc of task 7 : 0.9105
test acc of task 7 on it's training set: 0.9085
test acc of task 8 : 0.9559
test acc of task 8 on it's training set: 0.9662
test acc of task 9 : 0.9742
test acc of task 9 on it's training set: 0.9956
