dataset          : mnist
data_root        : /data0/user/lxguo/Data
model_name       : owm_fc
batch_size       : 128
num_epochs       : 30
learning_rate    : 0.2
lambda_loss      : 0.001
owmfc_alpha_list : [0.9, 0.6]
owmfc_lambda_list : [0.001, 1.0]
CL_method        : owm
num_hidden       : 800
num_classes      : 11
num_tasks        : 10
momentum         : 0.9
order_list       : [0, 1, 2, 3, 4, 5, 6, 7, 8, 9]
optimizer_type   : SGD
clipgrad         : 10.0
list_eval        : False
shift            : True
data_argmt       : False
data_perturbation : True
argmt_perc       : 0.01
pertur_bound     : 0.05
print_frequency  : 5
Device is cuda
owm_fc(
  (layer_1): OWM_FC_block(
    (W): Linear(in_features=784, out_features=800, bias=False)
    (P): Linear(in_features=784, out_features=784, bias=False)
  )
  (afun_1): ReLU()
  (layer_2): OWM_FC_block(
    (W): Linear(in_features=800, out_features=11, bias=False)
    (P): Linear(in_features=800, out_features=800, bias=False)
  )
)
Training task  0
epoch 5, loss 0.1325, train acc 0.9923, test acc 0.0979, time 1.11 sec
epoch 10, loss 0.1089, train acc 0.9921, test acc 0.0980, time 1.26 sec
epoch 15, loss 0.0697, train acc 0.9943, test acc 0.0976, time 0.97 sec
epoch 20, loss 0.0521, train acc 0.9985, test acc 0.0974, time 0.94 sec
epoch 25, loss 0.0502, train acc 0.9993, test acc 0.0974, time 1.04 sec
epoch 30, loss 0.0487, train acc 0.9998, test acc 0.0975, time 1.14 sec
test acc of task 0 : 0.9949
test acc of task 0 on it's training set: 1.0000
test acc of task 1 : 0.0000
test acc of task 1 on it's training set: 0.0000
test acc of task 2 : 0.0000
test acc of task 2 on it's training set: 0.0000
test acc of task 3 : 0.0000
test acc of task 3 on it's training set: 0.0000
test acc of task 4 : 0.0000
test acc of task 4 on it's training set: 0.0000
test acc of task 5 : 0.0000
test acc of task 5 on it's training set: 0.0000
test acc of task 6 : 0.0000
test acc of task 6 on it's training set: 0.0000
test acc of task 7 : 0.0000
test acc of task 7 on it's training set: 0.0000
test acc of task 8 : 0.0000
test acc of task 8 on it's training set: 0.0000
test acc of task 9 : 0.0000
test acc of task 9 on it's training set: 0.0000
Training task  1
epoch 5, loss 0.0649, train acc 0.9947, test acc 0.2108, time 1.03 sec
epoch 10, loss 0.0531, train acc 0.9997, test acc 0.2109, time 1.12 sec
epoch 15, loss 0.0520, train acc 0.9997, test acc 0.2109, time 1.17 sec
epoch 20, loss 0.0512, train acc 1.0000, test acc 0.2109, time 1.29 sec
epoch 25, loss 0.0507, train acc 1.0000, test acc 0.2109, time 1.06 sec
epoch 30, loss 0.0503, train acc 1.0000, test acc 0.2109, time 1.19 sec
test acc of task 0 : 0.9939
test acc of task 0 on it's training set: 0.9985
test acc of task 1 : 1.0000
test acc of task 1 on it's training set: 1.0000
test acc of task 2 : 0.0000
test acc of task 2 on it's training set: 0.0000
test acc of task 3 : 0.0000
test acc of task 3 on it's training set: 0.0000
test acc of task 4 : 0.0000
test acc of task 4 on it's training set: 0.0000
test acc of task 5 : 0.0000
test acc of task 5 on it's training set: 0.0000
test acc of task 6 : 0.0000
test acc of task 6 on it's training set: 0.0000
test acc of task 7 : 0.0000
test acc of task 7 on it's training set: 0.0000
test acc of task 8 : 0.0000
test acc of task 8 on it's training set: 0.0000
test acc of task 9 : 0.0000
test acc of task 9 on it's training set: 0.0000
Training task  2
epoch 5, loss 0.0924, train acc 0.9932, test acc 0.3108, time 1.34 sec
epoch 10, loss 0.0703, train acc 0.9978, test acc 0.3113, time 1.31 sec
epoch 15, loss 0.0645, train acc 0.9988, test acc 0.3117, time 1.41 sec
epoch 20, loss 0.0616, train acc 0.9998, test acc 0.3117, time 1.21 sec
epoch 25, loss 0.0604, train acc 0.9998, test acc 0.3116, time 1.21 sec
epoch 30, loss 0.0594, train acc 0.9998, test acc 0.3114, time 1.37 sec
test acc of task 0 : 0.9918
test acc of task 0 on it's training set: 0.9936
test acc of task 1 : 0.9894
test acc of task 1 on it's training set: 0.9875
test acc of task 2 : 0.9874
test acc of task 2 on it's training set: 0.9998
test acc of task 3 : 0.0000
test acc of task 3 on it's training set: 0.0000
test acc of task 4 : 0.0000
test acc of task 4 on it's training set: 0.0000
test acc of task 5 : 0.0000
test acc of task 5 on it's training set: 0.0000
test acc of task 6 : 0.0000
test acc of task 6 on it's training set: 0.0000
test acc of task 7 : 0.0000
test acc of task 7 on it's training set: 0.0000
test acc of task 8 : 0.0000
test acc of task 8 on it's training set: 0.0000
test acc of task 9 : 0.0000
test acc of task 9 on it's training set: 0.0000
Training task  3
epoch 5, loss 0.1041, train acc 0.9877, test acc 0.3984, time 1.42 sec
epoch 10, loss 0.0802, train acc 0.9969, test acc 0.4023, time 1.28 sec
epoch 15, loss 0.0725, train acc 0.9989, test acc 0.4041, time 1.49 sec
epoch 20, loss 0.0685, train acc 0.9995, test acc 0.4051, time 1.43 sec
epoch 25, loss 0.0665, train acc 0.9995, test acc 0.4052, time 1.33 sec
epoch 30, loss 0.0651, train acc 0.9998, test acc 0.4053, time 1.45 sec
test acc of task 0 : 0.9918
test acc of task 0 on it's training set: 0.9931
test acc of task 1 : 0.9930
test acc of task 1 on it's training set: 0.9868
test acc of task 2 : 0.9826
test acc of task 2 on it's training set: 0.9918
test acc of task 3 : 0.9307
test acc of task 3 on it's training set: 1.0000
test acc of task 4 : 0.0000
test acc of task 4 on it's training set: 0.0000
test acc of task 5 : 0.0000
test acc of task 5 on it's training set: 0.0000
test acc of task 6 : 0.0000
test acc of task 6 on it's training set: 0.0000
test acc of task 7 : 0.0000
test acc of task 7 on it's training set: 0.0000
test acc of task 8 : 0.0000
test acc of task 8 on it's training set: 0.0000
test acc of task 9 : 0.0000
test acc of task 9 on it's training set: 0.0000
Training task  4
epoch 5, loss 0.1480, train acc 0.9878, test acc 0.4990, time 1.28 sec
epoch 10, loss 0.1043, train acc 0.9961, test acc 0.4991, time 1.42 sec
epoch 15, loss 0.0917, train acc 0.9976, test acc 0.4988, time 1.33 sec
epoch 20, loss 0.0853, train acc 0.9983, test acc 0.4986, time 1.66 sec
epoch 25, loss 0.0813, train acc 0.9988, test acc 0.4983, time 1.39 sec
epoch 30, loss 0.0790, train acc 0.9990, test acc 0.4979, time 1.48 sec
test acc of task 0 : 0.9918
test acc of task 0 on it's training set: 0.9892
test acc of task 1 : 0.9894
test acc of task 1 on it's training set: 0.9803
test acc of task 2 : 0.9661
test acc of task 2 on it's training set: 0.9752
test acc of task 3 : 0.8990
test acc of task 3 on it's training set: 0.9987
test acc of task 4 : 0.9969
test acc of task 4 on it's training set: 0.9991
test acc of task 5 : 0.0000
test acc of task 5 on it's training set: 0.0000
test acc of task 6 : 0.0000
test acc of task 6 on it's training set: 0.0000
test acc of task 7 : 0.0000
test acc of task 7 on it's training set: 0.0000
test acc of task 8 : 0.0000
test acc of task 8 on it's training set: 0.0000
test acc of task 9 : 0.0000
test acc of task 9 on it's training set: 0.0000
Training task  5
epoch 5, loss 0.2550, train acc 0.9641, test acc 0.5716, time 1.27 sec
epoch 10, loss 0.1376, train acc 0.9892, test acc 0.5684, time 1.31 sec
epoch 15, loss 0.1085, train acc 0.9958, test acc 0.5642, time 1.38 sec
epoch 20, loss 0.0953, train acc 0.9978, test acc 0.5623, time 1.50 sec
epoch 25, loss 0.0892, train acc 0.9993, test acc 0.5613, time 1.44 sec
epoch 30, loss 0.0852, train acc 0.9995, test acc 0.5604, time 1.23 sec
test acc of task 0 : 0.9888
test acc of task 0 on it's training set: 0.9829
test acc of task 1 : 0.9885
test acc of task 1 on it's training set: 0.9780
test acc of task 2 : 0.9671
test acc of task 2 on it's training set: 0.9718
test acc of task 3 : 0.6485
test acc of task 3 on it's training set: 0.9785
test acc of task 4 : 0.9949
test acc of task 4 on it's training set: 0.9933
test acc of task 5 : 0.9899
test acc of task 5 on it's training set: 0.9994
test acc of task 6 : 0.0000
test acc of task 6 on it's training set: 0.0000
test acc of task 7 : 0.0000
test acc of task 7 on it's training set: 0.0000
test acc of task 8 : 0.0000
test acc of task 8 on it's training set: 0.0000
test acc of task 9 : 0.0000
test acc of task 9 on it's training set: 0.0000
Training task  6
epoch 5, loss 0.2203, train acc 0.9683, test acc 0.6428, time 1.42 sec
epoch 10, loss 0.1345, train acc 0.9886, test acc 0.6435, time 1.29 sec
epoch 15, loss 0.1071, train acc 0.9945, test acc 0.6428, time 1.44 sec
epoch 20, loss 0.0966, train acc 0.9970, test acc 0.6415, time 1.45 sec
epoch 25, loss 0.0902, train acc 0.9983, test acc 0.6409, time 1.21 sec
epoch 30, loss 0.0867, train acc 0.9987, test acc 0.6405, time 1.37 sec
test acc of task 0 : 0.9837
test acc of task 0 on it's training set: 0.9801
test acc of task 1 : 0.9868
test acc of task 1 on it's training set: 0.9806
test acc of task 2 : 0.9583
test acc of task 2 on it's training set: 0.9679
test acc of task 3 : 0.5762
test acc of task 3 on it's training set: 0.9711
test acc of task 4 : 0.9735
test acc of task 4 on it's training set: 0.9781
test acc of task 5 : 0.9529
test acc of task 5 on it's training set: 0.9648
test acc of task 6 : 0.9854
test acc of task 6 on it's training set: 0.9988
test acc of task 7 : 0.0000
test acc of task 7 on it's training set: 0.0000
test acc of task 8 : 0.0000
test acc of task 8 on it's training set: 0.0000
test acc of task 9 : 0.0000
test acc of task 9 on it's training set: 0.0000
Training task  7
epoch 5, loss 0.2390, train acc 0.9593, test acc 0.7394, time 1.31 sec
epoch 10, loss 0.1421, train acc 0.9862, test acc 0.7391, time 1.27 sec
epoch 15, loss 0.1156, train acc 0.9921, test acc 0.7378, time 1.37 sec
epoch 20, loss 0.1031, train acc 0.9946, test acc 0.7373, time 1.61 sec
epoch 25, loss 0.0961, train acc 0.9964, test acc 0.7358, time 1.48 sec
epoch 30, loss 0.0919, train acc 0.9973, test acc 0.7355, time 1.28 sec
test acc of task 0 : 0.9796
test acc of task 0 on it's training set: 0.9770
test acc of task 1 : 0.9850
test acc of task 1 on it's training set: 0.9772
test acc of task 2 : 0.9264
test acc of task 2 on it's training set: 0.9362
test acc of task 3 : 0.5861
test acc of task 3 on it's training set: 0.9695
test acc of task 4 : 0.9562
test acc of task 4 on it's training set: 0.9562
test acc of task 5 : 0.9406
test acc of task 5 on it's training set: 0.9533
test acc of task 6 : 0.9833
test acc of task 6 on it's training set: 0.9963
test acc of task 7 : 0.9815
test acc of task 7 on it's training set: 0.9978
test acc of task 8 : 0.0000
test acc of task 8 on it's training set: 0.0000
test acc of task 9 : 0.0000
test acc of task 9 on it's training set: 0.0000
Training task  8
epoch 5, loss 0.5923, train acc 0.8749, test acc 0.8207, time 1.44 sec
epoch 10, loss 0.2745, train acc 0.9595, test acc 0.8210, time 1.34 sec
epoch 15, loss 0.1968, train acc 0.9795, test acc 0.8183, time 1.53 sec
epoch 20, loss 0.1634, train acc 0.9893, test acc 0.8164, time 1.18 sec
epoch 25, loss 0.1437, train acc 0.9920, test acc 0.8141, time 1.11 sec
epoch 30, loss 0.1316, train acc 0.9951, test acc 0.8124, time 1.20 sec
test acc of task 0 : 0.9765
test acc of task 0 on it's training set: 0.9715
test acc of task 1 : 0.9683
test acc of task 1 on it's training set: 0.9656
test acc of task 2 : 0.9079
test acc of task 2 on it's training set: 0.9199
test acc of task 3 : 0.4980
test acc of task 3 on it's training set: 0.9563
test acc of task 4 : 0.9470
test acc of task 4 on it's training set: 0.9481
test acc of task 5 : 0.9305
test acc of task 5 on it's training set: 0.9456
test acc of task 6 : 0.9624
test acc of task 6 on it's training set: 0.9831
test acc of task 7 : 0.9728
test acc of task 7 on it's training set: 0.9883
test acc of task 8 : 0.9713
test acc of task 8 on it's training set: 0.9954
test acc of task 9 : 0.0000
test acc of task 9 on it's training set: 0.0000
Training task  9
epoch 5, loss 0.6170, train acc 0.8736, test acc 0.8956, time 1.21 sec
epoch 10, loss 0.3106, train acc 0.9525, test acc 0.8981, time 1.19 sec
epoch 15, loss 0.2200, train acc 0.9758, test acc 0.8967, time 1.38 sec
epoch 20, loss 0.1789, train acc 0.9868, test acc 0.8941, time 1.46 sec
epoch 25, loss 0.1571, train acc 0.9908, test acc 0.8925, time 1.37 sec
epoch 30, loss 0.1420, train acc 0.9938, test acc 0.8899, time 1.28 sec
test acc of task 0 : 0.9745
test acc of task 0 on it's training set: 0.9696
test acc of task 1 : 0.9665
test acc of task 1 on it's training set: 0.9617
test acc of task 2 : 0.8963
test acc of task 2 on it's training set: 0.9062
test acc of task 3 : 0.4970
test acc of task 3 on it's training set: 0.9529
test acc of task 4 : 0.8921
test acc of task 4 on it's training set: 0.9012
test acc of task 5 : 0.9058
test acc of task 5 on it's training set: 0.9249
test acc of task 6 : 0.9541
test acc of task 6 on it's training set: 0.9784
test acc of task 7 : 0.9018
test acc of task 7 on it's training set: 0.9090
test acc of task 8 : 0.9384
test acc of task 8 on it's training set: 0.9607
test acc of task 9 : 0.9722
test acc of task 9 on it's training set: 0.9938
