dataset          : mnist
data_root        : /data0/user/lxguo/Data
model_name       : owm_fc
batch_size       : 128
num_epochs       : 30
learning_rate    : 0.2
lambda_loss      : 0.001
owmfc_alpha_list : [0.9, 0.6]
owmfc_lambda_list : [0.001, 1.0]
CL_method        : owm
num_hidden       : 800
num_classes      : 11
num_tasks        : 10
momentum         : 0.9
order_list       : [0, 1, 2, 3, 4, 5, 6, 7, 8, 9]
optimizer_type   : SGD
clipgrad         : 10.0
list_eval        : False
shift            : True
data_argmt       : False
data_perturbation : True
argmt_perc       : 0.01
pertur_bound     : 0.125
print_frequency  : 5
Device is cuda
owm_fc(
  (layer_1): OWM_FC_block(
    (W): Linear(in_features=784, out_features=800, bias=False)
    (P): Linear(in_features=784, out_features=784, bias=False)
  )
  (afun_1): ReLU()
  (layer_2): OWM_FC_block(
    (W): Linear(in_features=800, out_features=11, bias=False)
    (P): Linear(in_features=800, out_features=800, bias=False)
  )
)
Training task  0
epoch 5, loss 0.0650, train acc 0.9960, test acc 0.0979, time 1.18 sec
epoch 10, loss 0.0482, train acc 0.9998, test acc 0.0979, time 1.40 sec
epoch 15, loss 0.0472, train acc 1.0000, test acc 0.0979, time 1.23 sec
epoch 20, loss 0.0466, train acc 1.0000, test acc 0.0980, time 1.28 sec
epoch 25, loss 0.0460, train acc 1.0000, test acc 0.0980, time 1.13 sec
epoch 30, loss 0.0457, train acc 0.9998, test acc 0.0980, time 1.28 sec
test acc of task 0 : 1.0000
test acc of task 0 on it's training set: 1.0000
test acc of task 1 : 0.0000
test acc of task 1 on it's training set: 0.0000
test acc of task 2 : 0.0000
test acc of task 2 on it's training set: 0.0000
test acc of task 3 : 0.0000
test acc of task 3 on it's training set: 0.0000
test acc of task 4 : 0.0000
test acc of task 4 on it's training set: 0.0000
test acc of task 5 : 0.0000
test acc of task 5 on it's training set: 0.0000
test acc of task 6 : 0.0000
test acc of task 6 on it's training set: 0.0000
test acc of task 7 : 0.0000
test acc of task 7 on it's training set: 0.0000
test acc of task 8 : 0.0000
test acc of task 8 on it's training set: 0.0000
test acc of task 9 : 0.0000
test acc of task 9 on it's training set: 0.0000
Training task  1
epoch 5, loss 0.0521, train acc 0.9994, test acc 0.2114, time 1.23 sec
epoch 10, loss 0.0498, train acc 0.9999, test acc 0.2114, time 1.26 sec
epoch 15, loss 0.0487, train acc 0.9999, test acc 0.2114, time 1.05 sec
epoch 20, loss 0.0480, train acc 0.9999, test acc 0.2114, time 1.28 sec
epoch 25, loss 0.0475, train acc 1.0000, test acc 0.2114, time 1.39 sec
epoch 30, loss 0.0471, train acc 1.0000, test acc 0.2114, time 1.06 sec
test acc of task 0 : 0.9990
test acc of task 0 on it's training set: 0.9995
test acc of task 1 : 1.0000
test acc of task 1 on it's training set: 1.0000
test acc of task 2 : 0.0000
test acc of task 2 on it's training set: 0.0000
test acc of task 3 : 0.0000
test acc of task 3 on it's training set: 0.0000
test acc of task 4 : 0.0000
test acc of task 4 on it's training set: 0.0000
test acc of task 5 : 0.0000
test acc of task 5 on it's training set: 0.0000
test acc of task 6 : 0.0000
test acc of task 6 on it's training set: 0.0000
test acc of task 7 : 0.0000
test acc of task 7 on it's training set: 0.0000
test acc of task 8 : 0.0000
test acc of task 8 on it's training set: 0.0000
test acc of task 9 : 0.0000
test acc of task 9 on it's training set: 0.0000
Training task  2
epoch 5, loss 0.0891, train acc 0.9942, test acc 0.3119, time 1.20 sec
epoch 10, loss 0.0664, train acc 0.9987, test acc 0.3123, time 1.06 sec
epoch 15, loss 0.0610, train acc 0.9997, test acc 0.3125, time 0.92 sec
epoch 20, loss 0.0588, train acc 0.9998, test acc 0.3125, time 0.94 sec
epoch 25, loss 0.0577, train acc 0.9998, test acc 0.3125, time 1.12 sec
epoch 30, loss 0.0568, train acc 0.9998, test acc 0.3124, time 1.31 sec
test acc of task 0 : 0.9949
test acc of task 0 on it's training set: 0.9944
test acc of task 1 : 0.9903
test acc of task 1 on it's training set: 0.9859
test acc of task 2 : 0.9932
test acc of task 2 on it's training set: 0.9998
test acc of task 3 : 0.0000
test acc of task 3 on it's training set: 0.0000
test acc of task 4 : 0.0000
test acc of task 4 on it's training set: 0.0000
test acc of task 5 : 0.0000
test acc of task 5 on it's training set: 0.0000
test acc of task 6 : 0.0000
test acc of task 6 on it's training set: 0.0000
test acc of task 7 : 0.0000
test acc of task 7 on it's training set: 0.0000
test acc of task 8 : 0.0000
test acc of task 8 on it's training set: 0.0000
test acc of task 9 : 0.0000
test acc of task 9 on it's training set: 0.0000
Training task  3
epoch 5, loss 0.1032, train acc 0.9901, test acc 0.3983, time 1.20 sec
epoch 10, loss 0.0791, train acc 0.9961, test acc 0.4030, time 1.22 sec
epoch 15, loss 0.0708, train acc 0.9992, test acc 0.4049, time 0.95 sec
epoch 20, loss 0.0670, train acc 0.9994, test acc 0.4060, time 1.45 sec
epoch 25, loss 0.0645, train acc 0.9998, test acc 0.4067, time 1.22 sec
epoch 30, loss 0.0631, train acc 0.9998, test acc 0.4069, time 1.20 sec
test acc of task 0 : 0.9939
test acc of task 0 on it's training set: 0.9938
test acc of task 1 : 0.9938
test acc of task 1 on it's training set: 0.9859
test acc of task 2 : 0.9826
test acc of task 2 on it's training set: 0.9908
test acc of task 3 : 0.9436
test acc of task 3 on it's training set: 0.9998
test acc of task 4 : 0.0000
test acc of task 4 on it's training set: 0.0000
test acc of task 5 : 0.0000
test acc of task 5 on it's training set: 0.0000
test acc of task 6 : 0.0000
test acc of task 6 on it's training set: 0.0000
test acc of task 7 : 0.0000
test acc of task 7 on it's training set: 0.0000
test acc of task 8 : 0.0000
test acc of task 8 on it's training set: 0.0000
test acc of task 9 : 0.0000
test acc of task 9 on it's training set: 0.0000
Training task  4
epoch 5, loss 0.1367, train acc 0.9907, test acc 0.5005, time 1.21 sec
epoch 10, loss 0.0971, train acc 0.9968, test acc 0.5003, time 1.20 sec
epoch 15, loss 0.0863, train acc 0.9983, test acc 0.5003, time 1.15 sec
epoch 20, loss 0.0810, train acc 0.9990, test acc 0.4999, time 1.22 sec
epoch 25, loss 0.0779, train acc 0.9992, test acc 0.4998, time 1.15 sec
epoch 30, loss 0.0759, train acc 0.9995, test acc 0.4994, time 1.22 sec
test acc of task 0 : 0.9929
test acc of task 0 on it's training set: 0.9924
test acc of task 1 : 0.9930
test acc of task 1 on it's training set: 0.9815
test acc of task 2 : 0.9700
test acc of task 2 on it's training set: 0.9763
test acc of task 3 : 0.9050
test acc of task 3 on it's training set: 0.9980
test acc of task 4 : 0.9969
test acc of task 4 on it's training set: 0.9997
test acc of task 5 : 0.0000
test acc of task 5 on it's training set: 0.0000
test acc of task 6 : 0.0000
test acc of task 6 on it's training set: 0.0000
test acc of task 7 : 0.0000
test acc of task 7 on it's training set: 0.0000
test acc of task 8 : 0.0000
test acc of task 8 on it's training set: 0.0000
test acc of task 9 : 0.0000
test acc of task 9 on it's training set: 0.0000
Training task  5
epoch 5, loss 0.2782, train acc 0.9564, test acc 0.5747, time 1.17 sec
epoch 10, loss 0.1420, train acc 0.9850, test acc 0.5706, time 1.16 sec
epoch 15, loss 0.1063, train acc 0.9945, test acc 0.5671, time 1.18 sec
epoch 20, loss 0.0923, train acc 0.9978, test acc 0.5653, time 1.06 sec
epoch 25, loss 0.0858, train acc 0.9989, test acc 0.5645, time 1.18 sec
epoch 30, loss 0.0816, train acc 0.9995, test acc 0.5633, time 1.02 sec
test acc of task 0 : 0.9878
test acc of task 0 on it's training set: 0.9858
test acc of task 1 : 0.9912
test acc of task 1 on it's training set: 0.9792
test acc of task 2 : 0.9632
test acc of task 2 on it's training set: 0.9733
test acc of task 3 : 0.6743
test acc of task 3 on it's training set: 0.9754
test acc of task 4 : 0.9949
test acc of task 4 on it's training set: 0.9938
test acc of task 5 : 0.9955
test acc of task 5 on it's training set: 0.9994
test acc of task 6 : 0.0000
test acc of task 6 on it's training set: 0.0000
test acc of task 7 : 0.0000
test acc of task 7 on it's training set: 0.0000
test acc of task 8 : 0.0000
test acc of task 8 on it's training set: 0.0000
test acc of task 9 : 0.0000
test acc of task 9 on it's training set: 0.0000
Training task  6
epoch 5, loss 0.2178, train acc 0.9728, test acc 0.6489, time 1.22 sec
epoch 10, loss 0.1316, train acc 0.9906, test acc 0.6482, time 1.10 sec
epoch 15, loss 0.1085, train acc 0.9953, test acc 0.6467, time 1.17 sec
epoch 20, loss 0.0978, train acc 0.9975, test acc 0.6465, time 1.15 sec
epoch 25, loss 0.0922, train acc 0.9987, test acc 0.6460, time 1.20 sec
epoch 30, loss 0.0886, train acc 0.9988, test acc 0.6458, time 1.05 sec
test acc of task 0 : 0.9857
test acc of task 0 on it's training set: 0.9806
test acc of task 1 : 0.9894
test acc of task 1 on it's training set: 0.9797
test acc of task 2 : 0.9535
test acc of task 2 on it's training set: 0.9668
test acc of task 3 : 0.6168
test acc of task 3 on it's training set: 0.9705
test acc of task 4 : 0.9786
test acc of task 4 on it's training set: 0.9771
test acc of task 5 : 0.9619
test acc of task 5 on it's training set: 0.9662
test acc of task 6 : 0.9843
test acc of task 6 on it's training set: 0.9988
test acc of task 7 : 0.0000
test acc of task 7 on it's training set: 0.0000
test acc of task 8 : 0.0000
test acc of task 8 on it's training set: 0.0000
test acc of task 9 : 0.0000
test acc of task 9 on it's training set: 0.0000
Training task  7
epoch 5, loss 0.2333, train acc 0.9615, test acc 0.7428, time 1.22 sec
epoch 10, loss 0.1387, train acc 0.9867, test acc 0.7429, time 1.21 sec
epoch 15, loss 0.1121, train acc 0.9919, test acc 0.7419, time 1.15 sec
epoch 20, loss 0.0996, train acc 0.9945, test acc 0.7415, time 1.15 sec
epoch 25, loss 0.0924, train acc 0.9967, test acc 0.7415, time 1.01 sec
epoch 30, loss 0.0879, train acc 0.9979, test acc 0.7413, time 0.83 sec
test acc of task 0 : 0.9806
test acc of task 0 on it's training set: 0.9791
test acc of task 1 : 0.9885
test acc of task 1 on it's training set: 0.9776
test acc of task 2 : 0.9360
test acc of task 2 on it's training set: 0.9379
test acc of task 3 : 0.6059
test acc of task 3 on it's training set: 0.9682
test acc of task 4 : 0.9623
test acc of task 4 on it's training set: 0.9605
test acc of task 5 : 0.9552
test acc of task 5 on it's training set: 0.9590
test acc of task 6 : 0.9823
test acc of task 6 on it's training set: 0.9965
test acc of task 7 : 0.9864
test acc of task 7 on it's training set: 0.9979
test acc of task 8 : 0.0000
test acc of task 8 on it's training set: 0.0000
test acc of task 9 : 0.0000
test acc of task 9 on it's training set: 0.0000
Training task  8
epoch 5, loss 0.5799, train acc 0.8854, test acc 0.8249, time 0.82 sec
epoch 10, loss 0.2680, train acc 0.9656, test acc 0.8257, time 0.87 sec
epoch 15, loss 0.1926, train acc 0.9810, test acc 0.8242, time 0.87 sec
epoch 20, loss 0.1595, train acc 0.9897, test acc 0.8212, time 1.00 sec
epoch 25, loss 0.1415, train acc 0.9942, test acc 0.8194, time 0.95 sec
epoch 30, loss 0.1301, train acc 0.9959, test acc 0.8179, time 0.82 sec
test acc of task 0 : 0.9847
test acc of task 0 on it's training set: 0.9760
test acc of task 1 : 0.9674
test acc of task 1 on it's training set: 0.9637
test acc of task 2 : 0.9050
test acc of task 2 on it's training set: 0.9235
test acc of task 3 : 0.5366
test acc of task 3 on it's training set: 0.9553
test acc of task 4 : 0.9511
test acc of task 4 on it's training set: 0.9435
test acc of task 5 : 0.9372
test acc of task 5 on it's training set: 0.9489
test acc of task 6 : 0.9603
test acc of task 6 on it's training set: 0.9787
test acc of task 7 : 0.9718
test acc of task 7 on it's training set: 0.9882
test acc of task 8 : 0.9764
test acc of task 8 on it's training set: 0.9964
test acc of task 9 : 0.0000
test acc of task 9 on it's training set: 0.0000
Training task  9
epoch 5, loss 0.5836, train acc 0.8799, test acc 0.9042, time 0.85 sec
epoch 10, loss 0.2893, train acc 0.9585, test acc 0.9051, time 1.04 sec
epoch 15, loss 0.2053, train acc 0.9782, test acc 0.9025, time 0.93 sec
epoch 20, loss 0.1687, train acc 0.9882, test acc 0.8992, time 0.96 sec
epoch 25, loss 0.1488, train acc 0.9930, test acc 0.8979, time 1.04 sec
epoch 30, loss 0.1378, train acc 0.9952, test acc 0.8955, time 0.83 sec
test acc of task 0 : 0.9827
test acc of task 0 on it's training set: 0.9732
test acc of task 1 : 0.9656
test acc of task 1 on it's training set: 0.9585
test acc of task 2 : 0.8895
test acc of task 2 on it's training set: 0.9050
test acc of task 3 : 0.5188
test acc of task 3 on it's training set: 0.9530
test acc of task 4 : 0.8829
test acc of task 4 on it's training set: 0.8862
test acc of task 5 : 0.9294
test acc of task 5 on it's training set: 0.9353
test acc of task 6 : 0.9582
test acc of task 6 on it's training set: 0.9743
test acc of task 7 : 0.9105
test acc of task 7 on it's training set: 0.9130
test acc of task 8 : 0.9415
test acc of task 8 on it's training set: 0.9540
test acc of task 9 : 0.9782
test acc of task 9 on it's training set: 0.9958
