dataset          : mnist
data_root        : /data0/user/lxguo/Data
model_name       : owm_fc
batch_size       : 128
num_epochs       : 30
learning_rate    : 0.2
lambda_loss      : 0.001
owmfc_alpha_list : [0.9, 0.6]
owmfc_lambda_list : [0.001, 1.0]
CL_method        : owm
num_hidden       : 800
num_classes      : 11
num_tasks        : 11
momentum         : 0.9
order_list       : [10, 0, 1, 2, 3, 4, 5, 6, 7, 8, 9]
optimizer_type   : SGD
clipgrad         : 10.0
list_eval        : False
shift            : False
argmt_perc       : 4.0
learn_noise_before : True
print_frequency  : 5
Device is cuda
owm_fc(
  (layer_1): OWM_FC_block(
    (W): Linear(in_features=784, out_features=800, bias=False)
    (P): Linear(in_features=784, out_features=784, bias=False)
  )
  (afun_1): ReLU()
  (layer_2): OWM_FC_block(
    (W): Linear(in_features=800, out_features=11, bias=False)
    (P): Linear(in_features=800, out_features=800, bias=False)
  )
)
Training task  10
epoch 5, loss 0.0375, train acc 1.0000, test acc 0.0000, time 14.61 sec
epoch 10, loss 0.0363, train acc 1.0000, test acc 0.0000, time 15.52 sec
epoch 15, loss 0.0359, train acc 1.0000, test acc 0.0000, time 15.41 sec
epoch 20, loss 0.0357, train acc 1.0000, test acc 0.0000, time 15.20 sec
epoch 25, loss 0.0356, train acc 1.0000, test acc 0.0000, time 14.04 sec
epoch 30, loss 0.0355, train acc 1.0000, test acc 0.0000, time 13.47 sec
test acc of task 0 : 0.0000
test acc of task 0 on it's training set: 0.0000
test acc of task 1 : 0.0000
test acc of task 1 on it's training set: 0.0000
test acc of task 2 : 0.0000
test acc of task 2 on it's training set: 0.0000
test acc of task 3 : 0.0000
test acc of task 3 on it's training set: 0.0000
test acc of task 4 : 0.0000
test acc of task 4 on it's training set: 0.0000
test acc of task 5 : 0.0000
test acc of task 5 on it's training set: 0.0000
test acc of task 6 : 0.0000
test acc of task 6 on it's training set: 0.0000
test acc of task 7 : 0.0000
test acc of task 7 on it's training set: 0.0000
test acc of task 8 : 0.0000
test acc of task 8 on it's training set: 0.0000
test acc of task 9 : 0.0000
test acc of task 9 on it's training set: 0.0000
test acc of task 10 : 1.0000
test acc of task 10 on it's training set: 1.0000
Training task  0
epoch 5, loss 0.1143, train acc 1.0000, test acc 0.0980, time 2.06 sec
epoch 10, loss 0.0916, train acc 1.0000, test acc 0.0980, time 1.92 sec
epoch 15, loss 0.0853, train acc 1.0000, test acc 0.0980, time 2.01 sec
epoch 20, loss 0.0821, train acc 1.0000, test acc 0.0980, time 1.90 sec
epoch 25, loss 0.0803, train acc 1.0000, test acc 0.0980, time 2.00 sec
epoch 30, loss 0.0791, train acc 1.0000, test acc 0.0980, time 2.02 sec
test acc of task 0 : 1.0000
test acc of task 0 on it's training set: 1.0000
test acc of task 1 : 0.0000
test acc of task 1 on it's training set: 0.0000
test acc of task 2 : 0.0000
test acc of task 2 on it's training set: 0.0000
test acc of task 3 : 0.0000
test acc of task 3 on it's training set: 0.0000
test acc of task 4 : 0.0000
test acc of task 4 on it's training set: 0.0000
test acc of task 5 : 0.0000
test acc of task 5 on it's training set: 0.0000
test acc of task 6 : 0.0000
test acc of task 6 on it's training set: 0.0000
test acc of task 7 : 0.0000
test acc of task 7 on it's training set: 0.0000
test acc of task 8 : 0.0000
test acc of task 8 on it's training set: 0.0000
test acc of task 9 : 0.0000
test acc of task 9 on it's training set: 0.0000
test acc of task 10 : 1.0000
test acc of task 10 on it's training set: 1.0000
Training task  1
epoch 5, loss 0.1287, train acc 0.9975, test acc 0.2113, time 1.94 sec
epoch 10, loss 0.0947, train acc 0.9993, test acc 0.2112, time 1.92 sec
epoch 15, loss 0.0854, train acc 0.9997, test acc 0.2113, time 1.99 sec
epoch 20, loss 0.0812, train acc 0.9999, test acc 0.2111, time 1.94 sec
epoch 25, loss 0.0788, train acc 0.9999, test acc 0.2111, time 1.98 sec
epoch 30, loss 0.0773, train acc 0.9999, test acc 0.2111, time 1.92 sec
test acc of task 0 : 0.9959
test acc of task 0 on it's training set: 0.9953
test acc of task 1 : 1.0000
test acc of task 1 on it's training set: 0.9999
test acc of task 2 : 0.0000
test acc of task 2 on it's training set: 0.0000
test acc of task 3 : 0.0000
test acc of task 3 on it's training set: 0.0000
test acc of task 4 : 0.0000
test acc of task 4 on it's training set: 0.0000
test acc of task 5 : 0.0000
test acc of task 5 on it's training set: 0.0000
test acc of task 6 : 0.0000
test acc of task 6 on it's training set: 0.0000
test acc of task 7 : 0.0000
test acc of task 7 on it's training set: 0.0000
test acc of task 8 : 0.0000
test acc of task 8 on it's training set: 0.0000
test acc of task 9 : 0.0000
test acc of task 9 on it's training set: 0.0000
test acc of task 10 : 1.0000
test acc of task 10 on it's training set: 1.0000
Training task  2
epoch 5, loss 0.3747, train acc 0.9520, test acc 0.3084, time 1.86 sec
epoch 10, loss 0.2066, train acc 0.9834, test acc 0.3107, time 1.97 sec
epoch 15, loss 0.1622, train acc 0.9909, test acc 0.3099, time 1.92 sec
epoch 20, loss 0.1437, train acc 0.9933, test acc 0.3095, time 2.02 sec
epoch 25, loss 0.1330, train acc 0.9948, test acc 0.3091, time 1.94 sec
epoch 30, loss 0.1261, train acc 0.9965, test acc 0.3083, time 1.95 sec
test acc of task 0 : 0.9633
test acc of task 0 on it's training set: 0.9391
test acc of task 1 : 0.9815
test acc of task 1 on it's training set: 0.9746
test acc of task 2 : 0.9932
test acc of task 2 on it's training set: 0.9965
test acc of task 3 : 0.0000
test acc of task 3 on it's training set: 0.0000
test acc of task 4 : 0.0000
test acc of task 4 on it's training set: 0.0000
test acc of task 5 : 0.0000
test acc of task 5 on it's training set: 0.0000
test acc of task 6 : 0.0000
test acc of task 6 on it's training set: 0.0000
test acc of task 7 : 0.0000
test acc of task 7 on it's training set: 0.0000
test acc of task 8 : 0.0000
test acc of task 8 on it's training set: 0.0000
test acc of task 9 : 0.0000
test acc of task 9 on it's training set: 0.0000
test acc of task 10 : 1.0000
test acc of task 10 on it's training set: 1.0000
Training task  3
epoch 5, loss 0.4095, train acc 0.9341, test acc 0.4030, time 1.92 sec
epoch 10, loss 0.2378, train acc 0.9710, test acc 0.4034, time 1.94 sec
epoch 15, loss 0.1869, train acc 0.9817, test acc 0.4021, time 1.99 sec
epoch 20, loss 0.1634, train acc 0.9868, test acc 0.4012, time 1.94 sec
epoch 25, loss 0.1494, train acc 0.9901, test acc 0.4002, time 1.97 sec
epoch 30, loss 0.1399, train acc 0.9917, test acc 0.3995, time 2.03 sec
test acc of task 0 : 0.9500
test acc of task 0 on it's training set: 0.9350
test acc of task 1 : 0.9736
test acc of task 1 on it's training set: 0.9659
test acc of task 2 : 0.9254
test acc of task 2 on it's training set: 0.9355
test acc of task 3 : 0.9941
test acc of task 3 on it's training set: 0.9920
test acc of task 4 : 0.0000
test acc of task 4 on it's training set: 0.0000
test acc of task 5 : 0.0000
test acc of task 5 on it's training set: 0.0000
test acc of task 6 : 0.0000
test acc of task 6 on it's training set: 0.0000
test acc of task 7 : 0.0000
test acc of task 7 on it's training set: 0.0000
test acc of task 8 : 0.0000
test acc of task 8 on it's training set: 0.0000
test acc of task 9 : 0.0000
test acc of task 9 on it's training set: 0.0000
test acc of task 10 : 1.0000
test acc of task 10 on it's training set: 1.0000
Training task  4
epoch 5, loss 0.3490, train acc 0.9702, test acc 0.4962, time 1.97 sec
epoch 10, loss 0.1941, train acc 0.9885, test acc 0.4962, time 1.96 sec
epoch 15, loss 0.1582, train acc 0.9932, test acc 0.4957, time 1.92 sec
epoch 20, loss 0.1437, train acc 0.9952, test acc 0.4951, time 1.97 sec
epoch 25, loss 0.1353, train acc 0.9957, test acc 0.4948, time 1.92 sec
epoch 30, loss 0.1299, train acc 0.9962, test acc 0.4944, time 2.00 sec
test acc of task 0 : 0.9490
test acc of task 0 on it's training set: 0.9429
test acc of task 1 : 0.9780
test acc of task 1 on it's training set: 0.9706
test acc of task 2 : 0.9002
test acc of task 2 on it's training set: 0.9126
test acc of task 3 : 0.9851
test acc of task 3 on it's training set: 0.9737
test acc of task 4 : 0.9980
test acc of task 4 on it's training set: 0.9962
test acc of task 5 : 0.0000
test acc of task 5 on it's training set: 0.0000
test acc of task 6 : 0.0000
test acc of task 6 on it's training set: 0.0000
test acc of task 7 : 0.0000
test acc of task 7 on it's training set: 0.0000
test acc of task 8 : 0.0000
test acc of task 8 on it's training set: 0.0000
test acc of task 9 : 0.0000
test acc of task 9 on it's training set: 0.0000
test acc of task 10 : 1.0000
test acc of task 10 on it's training set: 1.0000
Training task  5
epoch 5, loss 0.8304, train acc 0.8023, test acc 0.5677, time 1.92 sec
epoch 10, loss 0.4327, train acc 0.9295, test acc 0.5737, time 1.92 sec
epoch 15, loss 0.3048, train acc 0.9585, test acc 0.5728, time 1.89 sec
epoch 20, loss 0.2499, train acc 0.9701, test acc 0.5720, time 1.99 sec
epoch 25, loss 0.2189, train acc 0.9788, test acc 0.5710, time 1.89 sec
epoch 30, loss 0.1990, train acc 0.9841, test acc 0.5695, time 1.87 sec
test acc of task 0 : 0.9306
test acc of task 0 on it's training set: 0.9159
test acc of task 1 : 0.9771
test acc of task 1 on it's training set: 0.9666
test acc of task 2 : 0.8789
test acc of task 2 on it's training set: 0.8875
test acc of task 3 : 0.9119
test acc of task 3 on it's training set: 0.8971
test acc of task 4 : 0.9868
test acc of task 4 on it's training set: 0.9803
test acc of task 5 : 0.9832
test acc of task 5 on it's training set: 0.9845
test acc of task 6 : 0.0000
test acc of task 6 on it's training set: 0.0000
test acc of task 7 : 0.0000
test acc of task 7 on it's training set: 0.0000
test acc of task 8 : 0.0000
test acc of task 8 on it's training set: 0.0000
test acc of task 9 : 0.0000
test acc of task 9 on it's training set: 0.0000
test acc of task 10 : 1.0000
test acc of task 10 on it's training set: 1.0000
Training task  6
epoch 5, loss 0.5498, train acc 0.9077, test acc 0.6571, time 1.93 sec
epoch 10, loss 0.2824, train acc 0.9713, test acc 0.6606, time 1.91 sec
epoch 15, loss 0.2111, train acc 0.9845, test acc 0.6579, time 2.01 sec
epoch 20, loss 0.1817, train acc 0.9883, test acc 0.6566, time 1.88 sec
epoch 25, loss 0.1661, train acc 0.9909, test acc 0.6563, time 1.94 sec
epoch 30, loss 0.1560, train acc 0.9929, test acc 0.6556, time 2.01 sec
test acc of task 0 : 0.9194
test acc of task 0 on it's training set: 0.9210
test acc of task 1 : 0.9797
test acc of task 1 on it's training set: 0.9675
test acc of task 2 : 0.8702
test acc of task 2 on it's training set: 0.8750
test acc of task 3 : 0.9198
test acc of task 3 on it's training set: 0.8964
test acc of task 4 : 0.9633
test acc of task 4 on it's training set: 0.9625
test acc of task 5 : 0.9215
test acc of task 5 on it's training set: 0.9301
test acc of task 6 : 0.9896
test acc of task 6 on it's training set: 0.9931
test acc of task 7 : 0.0000
test acc of task 7 on it's training set: 0.0000
test acc of task 8 : 0.0000
test acc of task 8 on it's training set: 0.0000
test acc of task 9 : 0.0000
test acc of task 9 on it's training set: 0.0000
test acc of task 10 : 1.0000
test acc of task 10 on it's training set: 1.0000
Training task  7
epoch 5, loss 0.5522, train acc 0.8915, test acc 0.7474, time 1.96 sec
epoch 10, loss 0.3020, train acc 0.9612, test acc 0.7504, time 1.93 sec
epoch 15, loss 0.2297, train acc 0.9769, test acc 0.7485, time 1.99 sec
epoch 20, loss 0.1984, train acc 0.9829, test acc 0.7472, time 1.96 sec
epoch 25, loss 0.1802, train acc 0.9855, test acc 0.7466, time 2.07 sec
epoch 30, loss 0.1680, train acc 0.9882, test acc 0.7454, time 1.86 sec
test acc of task 0 : 0.9092
test acc of task 0 on it's training set: 0.9131
test acc of task 1 : 0.9789
test acc of task 1 on it's training set: 0.9681
test acc of task 2 : 0.8527
test acc of task 2 on it's training set: 0.8496
test acc of task 3 : 0.9050
test acc of task 3 on it's training set: 0.8829
test acc of task 4 : 0.9358
test acc of task 4 on it's training set: 0.9396
test acc of task 5 : 0.8879
test acc of task 5 on it's training set: 0.9015
test acc of task 6 : 0.9802
test acc of task 6 on it's training set: 0.9882
test acc of task 7 : 0.9805
test acc of task 7 on it's training set: 0.9888
test acc of task 8 : 0.0000
test acc of task 8 on it's training set: 0.0000
test acc of task 9 : 0.0000
test acc of task 9 on it's training set: 0.0000
test acc of task 10 : 1.0000
test acc of task 10 on it's training set: 1.0000
Training task  8
epoch 5, loss 1.0270, train acc 0.7341, test acc 0.8222, time 1.92 sec
epoch 10, loss 0.6090, train acc 0.8857, test acc 0.8321, time 1.89 sec
epoch 15, loss 0.4415, train acc 0.9270, test acc 0.8321, time 1.92 sec
epoch 20, loss 0.3625, train acc 0.9477, test acc 0.8314, time 1.97 sec
epoch 25, loss 0.3184, train acc 0.9580, test acc 0.8292, time 1.94 sec
epoch 30, loss 0.2883, train acc 0.9655, test acc 0.8267, time 1.28 sec
test acc of task 0 : 0.9194
test acc of task 0 on it's training set: 0.9092
test acc of task 1 : 0.9410
test acc of task 1 on it's training set: 0.9349
test acc of task 2 : 0.8140
test acc of task 2 on it's training set: 0.8142
test acc of task 3 : 0.8921
test acc of task 3 on it's training set: 0.8666
test acc of task 4 : 0.9358
test acc of task 4 on it's training set: 0.9279
test acc of task 5 : 0.8767
test acc of task 5 on it's training set: 0.8984
test acc of task 6 : 0.9687
test acc of task 6 on it's training set: 0.9694
test acc of task 7 : 0.9679
test acc of task 7 on it's training set: 0.9727
test acc of task 8 : 0.9579
test acc of task 8 on it's training set: 0.9662
test acc of task 9 : 0.0000
test acc of task 9 on it's training set: 0.0000
test acc of task 10 : 1.0000
test acc of task 10 on it's training set: 1.0000
Training task  9
epoch 5, loss 1.2498, train acc 0.6719, test acc 0.9000, time 1.30 sec
epoch 10, loss 0.6791, train acc 0.8617, test acc 0.9077, time 1.53 sec
epoch 15, loss 0.4757, train acc 0.9181, test acc 0.9080, time 1.41 sec
epoch 20, loss 0.3825, train acc 0.9403, test acc 0.9055, time 1.82 sec
epoch 25, loss 0.3316, train acc 0.9528, test acc 0.9043, time 1.88 sec
epoch 30, loss 0.2963, train acc 0.9618, test acc 0.9012, time 1.72 sec
test acc of task 0 : 0.9082
test acc of task 0 on it's training set: 0.9004
test acc of task 1 : 0.9383
test acc of task 1 on it's training set: 0.9312
test acc of task 2 : 0.8256
test acc of task 2 on it's training set: 0.8122
test acc of task 3 : 0.8861
test acc of task 3 on it's training set: 0.8599
test acc of task 4 : 0.8503
test acc of task 4 on it's training set: 0.8685
test acc of task 5 : 0.8677
test acc of task 5 on it's training set: 0.8688
test acc of task 6 : 0.9582
test acc of task 6 on it's training set: 0.9628
test acc of task 7 : 0.8920
test acc of task 7 on it's training set: 0.8993
test acc of task 8 : 0.9230
test acc of task 8 on it's training set: 0.9277
test acc of task 9 : 0.9584
test acc of task 9 on it's training set: 0.9634
test acc of task 10 : 1.0000
test acc of task 10 on it's training set: 1.0000
