dataset          : mnist
data_root        : /data0/user/lxguo/Data
model_name       : owm_fc
batch_size       : 128
num_epochs       : 30
learning_rate    : 0.2
lambda_loss      : 0.001
owmfc_alpha_list : [0.9, 0.6]
owmfc_lambda_list : [0.001, 1.0]
CL_method        : owm
num_hidden       : 800
num_classes      : 11
num_tasks        : 11
momentum         : 0.9
order_list       : [10, 0, 1, 2, 3, 4, 5, 6, 7, 8, 9]
optimizer_type   : SGD
clipgrad         : 10.0
list_eval        : False
shift            : True
argmt_perc       : 4.0
learn_noise_before : True
print_frequency  : 5
Device is cuda
owm_fc(
  (layer_1): OWM_FC_block(
    (W): Linear(in_features=784, out_features=800, bias=False)
    (P): Linear(in_features=784, out_features=784, bias=False)
  )
  (afun_1): ReLU()
  (layer_2): OWM_FC_block(
    (W): Linear(in_features=800, out_features=11, bias=False)
    (P): Linear(in_features=800, out_features=800, bias=False)
  )
)
Training task  10
epoch 5, loss 0.0371, train acc 1.0000, test acc 0.0000, time 12.51 sec
epoch 10, loss 0.0359, train acc 1.0000, test acc 0.0000, time 12.01 sec
epoch 15, loss 0.0355, train acc 1.0000, test acc 0.0000, time 12.07 sec
epoch 20, loss 0.0353, train acc 1.0000, test acc 0.0000, time 11.94 sec
epoch 25, loss 0.0351, train acc 1.0000, test acc 0.0000, time 10.85 sec
epoch 30, loss 0.0350, train acc 1.0000, test acc 0.0000, time 10.62 sec
test acc of task 0 : 0.0000
test acc of task 0 on it's training set: 0.0000
test acc of task 1 : 0.0000
test acc of task 1 on it's training set: 0.0000
test acc of task 2 : 0.0000
test acc of task 2 on it's training set: 0.0000
test acc of task 3 : 0.0000
test acc of task 3 on it's training set: 0.0000
test acc of task 4 : 0.0000
test acc of task 4 on it's training set: 0.0000
test acc of task 5 : 0.0000
test acc of task 5 on it's training set: 0.0000
test acc of task 6 : 0.0000
test acc of task 6 on it's training set: 0.0000
test acc of task 7 : 0.0000
test acc of task 7 on it's training set: 0.0000
test acc of task 8 : 0.0000
test acc of task 8 on it's training set: 0.0000
test acc of task 9 : 0.0000
test acc of task 9 on it's training set: 0.0000
test acc of task 10 : 1.0000
test acc of task 10 on it's training set: 1.0000
Training task  0
epoch 5, loss 0.1167, train acc 1.0000, test acc 0.0980, time 1.34 sec
epoch 10, loss 0.0943, train acc 1.0000, test acc 0.0980, time 1.53 sec
epoch 15, loss 0.0878, train acc 1.0000, test acc 0.0980, time 1.58 sec
epoch 20, loss 0.0845, train acc 1.0000, test acc 0.0980, time 1.40 sec
epoch 25, loss 0.0825, train acc 1.0000, test acc 0.0980, time 1.52 sec
epoch 30, loss 0.0812, train acc 1.0000, test acc 0.0980, time 1.38 sec
test acc of task 0 : 1.0000
test acc of task 0 on it's training set: 1.0000
test acc of task 1 : 0.0000
test acc of task 1 on it's training set: 0.0000
test acc of task 2 : 0.0000
test acc of task 2 on it's training set: 0.0000
test acc of task 3 : 0.0000
test acc of task 3 on it's training set: 0.0000
test acc of task 4 : 0.0000
test acc of task 4 on it's training set: 0.0000
test acc of task 5 : 0.0000
test acc of task 5 on it's training set: 0.0000
test acc of task 6 : 0.0000
test acc of task 6 on it's training set: 0.0000
test acc of task 7 : 0.0000
test acc of task 7 on it's training set: 0.0000
test acc of task 8 : 0.0000
test acc of task 8 on it's training set: 0.0000
test acc of task 9 : 0.0000
test acc of task 9 on it's training set: 0.0000
test acc of task 10 : 1.0000
test acc of task 10 on it's training set: 1.0000
Training task  1
epoch 5, loss 0.1230, train acc 0.9963, test acc 0.2110, time 1.41 sec
epoch 10, loss 0.0917, train acc 0.9994, test acc 0.2112, time 1.64 sec
epoch 15, loss 0.0828, train acc 0.9997, test acc 0.2111, time 1.48 sec
epoch 20, loss 0.0785, train acc 0.9997, test acc 0.2112, time 1.50 sec
epoch 25, loss 0.0759, train acc 0.9999, test acc 0.2112, time 1.51 sec
epoch 30, loss 0.0741, train acc 0.9999, test acc 0.2112, time 1.49 sec
test acc of task 0 : 0.9980
test acc of task 0 on it's training set: 0.9946
test acc of task 1 : 0.9991
test acc of task 1 on it's training set: 0.9999
test acc of task 2 : 0.0000
test acc of task 2 on it's training set: 0.0000
test acc of task 3 : 0.0000
test acc of task 3 on it's training set: 0.0000
test acc of task 4 : 0.0000
test acc of task 4 on it's training set: 0.0000
test acc of task 5 : 0.0000
test acc of task 5 on it's training set: 0.0000
test acc of task 6 : 0.0000
test acc of task 6 on it's training set: 0.0000
test acc of task 7 : 0.0000
test acc of task 7 on it's training set: 0.0000
test acc of task 8 : 0.0000
test acc of task 8 on it's training set: 0.0000
test acc of task 9 : 0.0000
test acc of task 9 on it's training set: 0.0000
test acc of task 10 : 1.0000
test acc of task 10 on it's training set: 1.0000
Training task  2
epoch 5, loss 0.3042, train acc 0.9601, test acc 0.3088, time 1.47 sec
epoch 10, loss 0.1821, train acc 0.9851, test acc 0.3092, time 1.59 sec
epoch 15, loss 0.1479, train acc 0.9914, test acc 0.3086, time 1.42 sec
epoch 20, loss 0.1326, train acc 0.9933, test acc 0.3079, time 1.44 sec
epoch 25, loss 0.1234, train acc 0.9946, test acc 0.3077, time 1.49 sec
epoch 30, loss 0.1174, train acc 0.9955, test acc 0.3073, time 1.49 sec
test acc of task 0 : 0.9561
test acc of task 0 on it's training set: 0.9409
test acc of task 1 : 0.9771
test acc of task 1 on it's training set: 0.9730
test acc of task 2 : 0.9952
test acc of task 2 on it's training set: 0.9955
test acc of task 3 : 0.0000
test acc of task 3 on it's training set: 0.0000
test acc of task 4 : 0.0000
test acc of task 4 on it's training set: 0.0000
test acc of task 5 : 0.0000
test acc of task 5 on it's training set: 0.0000
test acc of task 6 : 0.0000
test acc of task 6 on it's training set: 0.0000
test acc of task 7 : 0.0000
test acc of task 7 on it's training set: 0.0000
test acc of task 8 : 0.0000
test acc of task 8 on it's training set: 0.0000
test acc of task 9 : 0.0000
test acc of task 9 on it's training set: 0.0000
test acc of task 10 : 1.0000
test acc of task 10 on it's training set: 1.0000
Training task  3
epoch 5, loss 0.3793, train acc 0.9315, test acc 0.4031, time 1.40 sec
epoch 10, loss 0.2172, train acc 0.9711, test acc 0.4028, time 1.28 sec
epoch 15, loss 0.1722, train acc 0.9809, test acc 0.4023, time 1.67 sec
epoch 20, loss 0.1519, train acc 0.9870, test acc 0.4010, time 1.42 sec
epoch 25, loss 0.1400, train acc 0.9905, test acc 0.4001, time 1.49 sec
epoch 30, loss 0.1318, train acc 0.9927, test acc 0.3995, time 1.34 sec
test acc of task 0 : 0.9480
test acc of task 0 on it's training set: 0.9355
test acc of task 1 : 0.9771
test acc of task 1 on it's training set: 0.9680
test acc of task 2 : 0.9225
test acc of task 2 on it's training set: 0.9352
test acc of task 3 : 0.9950
test acc of task 3 on it's training set: 0.9927
test acc of task 4 : 0.0000
test acc of task 4 on it's training set: 0.0000
test acc of task 5 : 0.0000
test acc of task 5 on it's training set: 0.0000
test acc of task 6 : 0.0000
test acc of task 6 on it's training set: 0.0000
test acc of task 7 : 0.0000
test acc of task 7 on it's training set: 0.0000
test acc of task 8 : 0.0000
test acc of task 8 on it's training set: 0.0000
test acc of task 9 : 0.0000
test acc of task 9 on it's training set: 0.0000
test acc of task 10 : 1.0000
test acc of task 10 on it's training set: 1.0000
Training task  4
epoch 5, loss 0.3438, train acc 0.9642, test acc 0.4938, time 1.31 sec
epoch 10, loss 0.2027, train acc 0.9877, test acc 0.4941, time 1.51 sec
epoch 15, loss 0.1657, train acc 0.9932, test acc 0.4940, time 1.36 sec
epoch 20, loss 0.1499, train acc 0.9952, test acc 0.4939, time 1.53 sec
epoch 25, loss 0.1410, train acc 0.9957, test acc 0.4940, time 1.41 sec
epoch 30, loss 0.1348, train acc 0.9962, test acc 0.4937, time 1.39 sec
test acc of task 0 : 0.9480
test acc of task 0 on it's training set: 0.9423
test acc of task 1 : 0.9868
test acc of task 1 on it's training set: 0.9730
test acc of task 2 : 0.8963
test acc of task 2 on it's training set: 0.9055
test acc of task 3 : 0.9762
test acc of task 3 on it's training set: 0.9705
test acc of task 4 : 0.9949
test acc of task 4 on it's training set: 0.9962
test acc of task 5 : 0.0000
test acc of task 5 on it's training set: 0.0000
test acc of task 6 : 0.0000
test acc of task 6 on it's training set: 0.0000
test acc of task 7 : 0.0000
test acc of task 7 on it's training set: 0.0000
test acc of task 8 : 0.0000
test acc of task 8 on it's training set: 0.0000
test acc of task 9 : 0.0000
test acc of task 9 on it's training set: 0.0000
test acc of task 10 : 1.0000
test acc of task 10 on it's training set: 1.0000
Training task  5
epoch 5, loss 0.8506, train acc 0.7987, test acc 0.5665, time 1.20 sec
epoch 10, loss 0.4332, train acc 0.9317, test acc 0.5714, time 1.42 sec
epoch 15, loss 0.3012, train acc 0.9655, test acc 0.5711, time 1.25 sec
epoch 20, loss 0.2429, train acc 0.9769, test acc 0.5694, time 1.48 sec
epoch 25, loss 0.2122, train acc 0.9830, test acc 0.5680, time 1.37 sec
epoch 30, loss 0.1931, train acc 0.9854, test acc 0.5667, time 1.17 sec
test acc of task 0 : 0.9245
test acc of task 0 on it's training set: 0.9097
test acc of task 1 : 0.9824
test acc of task 1 on it's training set: 0.9697
test acc of task 2 : 0.8866
test acc of task 2 on it's training set: 0.8953
test acc of task 3 : 0.8901
test acc of task 3 on it's training set: 0.8954
test acc of task 4 : 0.9766
test acc of task 4 on it's training set: 0.9777
test acc of task 5 : 0.9787
test acc of task 5 on it's training set: 0.9856
test acc of task 6 : 0.0000
test acc of task 6 on it's training set: 0.0000
test acc of task 7 : 0.0000
test acc of task 7 on it's training set: 0.0000
test acc of task 8 : 0.0000
test acc of task 8 on it's training set: 0.0000
test acc of task 9 : 0.0000
test acc of task 9 on it's training set: 0.0000
test acc of task 10 : 1.0000
test acc of task 10 on it's training set: 1.0000
Training task  6
epoch 5, loss 0.5714, train acc 0.9064, test acc 0.6563, time 1.29 sec
epoch 10, loss 0.3092, train acc 0.9711, test acc 0.6586, time 1.16 sec
epoch 15, loss 0.2339, train acc 0.9826, test acc 0.6573, time 1.39 sec
epoch 20, loss 0.2000, train acc 0.9880, test acc 0.6564, time 1.32 sec
epoch 25, loss 0.1817, train acc 0.9895, test acc 0.6556, time 1.38 sec
epoch 30, loss 0.1703, train acc 0.9907, test acc 0.6549, time 1.27 sec
test acc of task 0 : 0.9255
test acc of task 0 on it's training set: 0.9154
test acc of task 1 : 0.9789
test acc of task 1 on it's training set: 0.9669
test acc of task 2 : 0.8779
test acc of task 2 on it's training set: 0.8823
test acc of task 3 : 0.8980
test acc of task 3 on it's training set: 0.9023
test acc of task 4 : 0.9633
test acc of task 4 on it's training set: 0.9594
test acc of task 5 : 0.9249
test acc of task 5 on it's training set: 0.9327
test acc of task 6 : 0.9885
test acc of task 6 on it's training set: 0.9909
test acc of task 7 : 0.0000
test acc of task 7 on it's training set: 0.0000
test acc of task 8 : 0.0000
test acc of task 8 on it's training set: 0.0000
test acc of task 9 : 0.0000
test acc of task 9 on it's training set: 0.0000
test acc of task 10 : 1.0000
test acc of task 10 on it's training set: 1.0000
Training task  7
epoch 5, loss 0.4701, train acc 0.9074, test acc 0.7494, time 1.19 sec
epoch 10, loss 0.2596, train acc 0.9633, test acc 0.7508, time 1.26 sec
epoch 15, loss 0.2029, train acc 0.9780, test acc 0.7487, time 1.30 sec
epoch 20, loss 0.1777, train acc 0.9842, test acc 0.7476, time 1.48 sec
epoch 25, loss 0.1630, train acc 0.9874, test acc 0.7459, time 1.37 sec
epoch 30, loss 0.1529, train acc 0.9885, test acc 0.7447, time 1.24 sec
test acc of task 0 : 0.9235
test acc of task 0 on it's training set: 0.9142
test acc of task 1 : 0.9780
test acc of task 1 on it's training set: 0.9657
test acc of task 2 : 0.8585
test acc of task 2 on it's training set: 0.8469
test acc of task 3 : 0.8851
test acc of task 3 on it's training set: 0.8804
test acc of task 4 : 0.9206
test acc of task 4 on it's training set: 0.9385
test acc of task 5 : 0.9013
test acc of task 5 on it's training set: 0.9161
test acc of task 6 : 0.9802
test acc of task 6 on it's training set: 0.9867
test acc of task 7 : 0.9776
test acc of task 7 on it's training set: 0.9885
test acc of task 8 : 0.0000
test acc of task 8 on it's training set: 0.0000
test acc of task 9 : 0.0000
test acc of task 9 on it's training set: 0.0000
test acc of task 10 : 1.0000
test acc of task 10 on it's training set: 1.0000
Training task  8
epoch 5, loss 1.1527, train acc 0.6915, test acc 0.8163, time 1.26 sec
epoch 10, loss 0.6669, train acc 0.8595, test acc 0.8280, time 1.39 sec
epoch 15, loss 0.4732, train acc 0.9168, test acc 0.8286, time 1.28 sec
epoch 20, loss 0.3832, train acc 0.9402, test acc 0.8251, time 1.28 sec
epoch 25, loss 0.3336, train acc 0.9540, test acc 0.8243, time 1.30 sec
epoch 30, loss 0.3004, train acc 0.9624, test acc 0.8220, time 1.26 sec
test acc of task 0 : 0.9092
test acc of task 0 on it's training set: 0.9093
test acc of task 1 : 0.9401
test acc of task 1 on it's training set: 0.9392
test acc of task 2 : 0.8333
test acc of task 2 on it's training set: 0.8313
test acc of task 3 : 0.8594
test acc of task 3 on it's training set: 0.8658
test acc of task 4 : 0.9246
test acc of task 4 on it's training set: 0.9300
test acc of task 5 : 0.8924
test acc of task 5 on it's training set: 0.9083
test acc of task 6 : 0.9572
test acc of task 6 on it's training set: 0.9677
test acc of task 7 : 0.9650
test acc of task 7 on it's training set: 0.9746
test acc of task 8 : 0.9456
test acc of task 8 on it's training set: 0.9638
test acc of task 9 : 0.0000
test acc of task 9 on it's training set: 0.0000
test acc of task 10 : 1.0000
test acc of task 10 on it's training set: 1.0000
Training task  9
epoch 5, loss 1.2800, train acc 0.6494, test acc 0.8927, time 1.05 sec
epoch 10, loss 0.7064, train acc 0.8578, test acc 0.9034, time 1.00 sec
epoch 15, loss 0.4934, train acc 0.9117, test acc 0.9020, time 0.88 sec
epoch 20, loss 0.3958, train acc 0.9375, test acc 0.9000, time 0.84 sec
epoch 25, loss 0.3416, train acc 0.9509, test acc 0.8987, time 1.02 sec
epoch 30, loss 0.3051, train acc 0.9590, test acc 0.8971, time 0.92 sec
test acc of task 0 : 0.8980
test acc of task 0 on it's training set: 0.9034
test acc of task 1 : 0.9374
test acc of task 1 on it's training set: 0.9361
test acc of task 2 : 0.8236
test acc of task 2 on it's training set: 0.8176
test acc of task 3 : 0.8396
test acc of task 3 on it's training set: 0.8499
test acc of task 4 : 0.8544
test acc of task 4 on it's training set: 0.8701
test acc of task 5 : 0.8823
test acc of task 5 on it's training set: 0.8834
test acc of task 6 : 0.9520
test acc of task 6 on it's training set: 0.9616
test acc of task 7 : 0.9066
test acc of task 7 on it's training set: 0.9042
test acc of task 8 : 0.9230
test acc of task 8 on it's training set: 0.9216
test acc of task 9 : 0.9514
test acc of task 9 on it's training set: 0.9590
test acc of task 10 : 1.0000
test acc of task 10 on it's training set: 1.0000
