dataset          : mnist
data_root        : /data0/user/lxguo/Data
model_name       : owm_fc
batch_size       : 128
num_epochs       : 30
learning_rate    : 0.2
lambda_loss      : 0.001
owmfc_alpha_list : [0.9, 0.6]
owmfc_lambda_list : [0.001, 1.0]
CL_method        : owm
num_hidden       : 800
num_classes      : 11
num_tasks        : 10
momentum         : 0.9
order_list       : [0, 1, 2, 3, 4, 5, 6, 7, 8, 9]
optimizer_type   : SGD
clipgrad         : 10.0
list_eval        : False
shift            : True
data_argmt       : False
data_perturbation : True
argmt_perc       : 0.015
pertur_bound     : 0.125
print_frequency  : 5
Device is cuda
owm_fc(
  (layer_1): OWM_FC_block(
    (W): Linear(in_features=784, out_features=800, bias=False)
    (P): Linear(in_features=784, out_features=784, bias=False)
  )
  (afun_1): ReLU()
  (layer_2): OWM_FC_block(
    (W): Linear(in_features=800, out_features=11, bias=False)
    (P): Linear(in_features=800, out_features=800, bias=False)
  )
)
Training task  0
epoch 5, loss 0.0487, train acc 1.0000, test acc 0.0980, time 0.94 sec
epoch 10, loss 0.0477, train acc 0.9998, test acc 0.0980, time 0.85 sec
epoch 15, loss 0.0469, train acc 1.0000, test acc 0.0980, time 0.86 sec
epoch 20, loss 0.0463, train acc 1.0000, test acc 0.0980, time 1.03 sec
epoch 25, loss 0.0458, train acc 1.0000, test acc 0.0980, time 0.85 sec
epoch 30, loss 0.0453, train acc 1.0000, test acc 0.0980, time 1.13 sec
test acc of task 0 : 1.0000
test acc of task 0 on it's training set: 1.0000
test acc of task 1 : 0.0000
test acc of task 1 on it's training set: 0.0000
test acc of task 2 : 0.0000
test acc of task 2 on it's training set: 0.0000
test acc of task 3 : 0.0000
test acc of task 3 on it's training set: 0.0000
test acc of task 4 : 0.0000
test acc of task 4 on it's training set: 0.0000
test acc of task 5 : 0.0000
test acc of task 5 on it's training set: 0.0000
test acc of task 6 : 0.0000
test acc of task 6 on it's training set: 0.0000
test acc of task 7 : 0.0000
test acc of task 7 on it's training set: 0.0000
test acc of task 8 : 0.0000
test acc of task 8 on it's training set: 0.0000
test acc of task 9 : 0.0000
test acc of task 9 on it's training set: 0.0000
Training task  1
epoch 5, loss 0.0507, train acc 0.9996, test acc 0.2114, time 1.13 sec
epoch 10, loss 0.0489, train acc 0.9999, test acc 0.2114, time 1.09 sec
epoch 15, loss 0.0480, train acc 1.0000, test acc 0.2114, time 1.60 sec
epoch 20, loss 0.0475, train acc 1.0000, test acc 0.2114, time 1.37 sec
epoch 25, loss 0.0471, train acc 1.0000, test acc 0.2114, time 1.28 sec
epoch 30, loss 0.0467, train acc 1.0000, test acc 0.2114, time 1.25 sec
test acc of task 0 : 0.9990
test acc of task 0 on it's training set: 0.9978
test acc of task 1 : 1.0000
test acc of task 1 on it's training set: 1.0000
test acc of task 2 : 0.0000
test acc of task 2 on it's training set: 0.0000
test acc of task 3 : 0.0000
test acc of task 3 on it's training set: 0.0000
test acc of task 4 : 0.0000
test acc of task 4 on it's training set: 0.0000
test acc of task 5 : 0.0000
test acc of task 5 on it's training set: 0.0000
test acc of task 6 : 0.0000
test acc of task 6 on it's training set: 0.0000
test acc of task 7 : 0.0000
test acc of task 7 on it's training set: 0.0000
test acc of task 8 : 0.0000
test acc of task 8 on it's training set: 0.0000
test acc of task 9 : 0.0000
test acc of task 9 on it's training set: 0.0000
Training task  2
epoch 5, loss 0.0858, train acc 0.9937, test acc 0.3122, time 1.41 sec
epoch 10, loss 0.0650, train acc 0.9988, test acc 0.3126, time 1.41 sec
epoch 15, loss 0.0599, train acc 0.9998, test acc 0.3127, time 1.43 sec
epoch 20, loss 0.0578, train acc 0.9998, test acc 0.3125, time 1.26 sec
epoch 25, loss 0.0566, train acc 0.9998, test acc 0.3124, time 1.23 sec
epoch 30, loss 0.0558, train acc 0.9998, test acc 0.3123, time 1.41 sec
test acc of task 0 : 0.9918
test acc of task 0 on it's training set: 0.9922
test acc of task 1 : 0.9921
test acc of task 1 on it's training set: 0.9872
test acc of task 2 : 0.9932
test acc of task 2 on it's training set: 0.9998
test acc of task 3 : 0.0000
test acc of task 3 on it's training set: 0.0000
test acc of task 4 : 0.0000
test acc of task 4 on it's training set: 0.0000
test acc of task 5 : 0.0000
test acc of task 5 on it's training set: 0.0000
test acc of task 6 : 0.0000
test acc of task 6 on it's training set: 0.0000
test acc of task 7 : 0.0000
test acc of task 7 on it's training set: 0.0000
test acc of task 8 : 0.0000
test acc of task 8 on it's training set: 0.0000
test acc of task 9 : 0.0000
test acc of task 9 on it's training set: 0.0000
Training task  3
epoch 5, loss 0.0968, train acc 0.9916, test acc 0.3999, time 1.36 sec
epoch 10, loss 0.0759, train acc 0.9969, test acc 0.4039, time 1.41 sec
epoch 15, loss 0.0687, train acc 0.9990, test acc 0.4046, time 1.26 sec
epoch 20, loss 0.0652, train acc 0.9998, test acc 0.4053, time 1.27 sec
epoch 25, loss 0.0633, train acc 1.0000, test acc 0.4057, time 1.26 sec
epoch 30, loss 0.0621, train acc 1.0000, test acc 0.4058, time 1.37 sec
test acc of task 0 : 0.9908
test acc of task 0 on it's training set: 0.9926
test acc of task 1 : 0.9930
test acc of task 1 on it's training set: 0.9874
test acc of task 2 : 0.9816
test acc of task 2 on it's training set: 0.9906
test acc of task 3 : 0.9376
test acc of task 3 on it's training set: 1.0000
test acc of task 4 : 0.0000
test acc of task 4 on it's training set: 0.0000
test acc of task 5 : 0.0000
test acc of task 5 on it's training set: 0.0000
test acc of task 6 : 0.0000
test acc of task 6 on it's training set: 0.0000
test acc of task 7 : 0.0000
test acc of task 7 on it's training set: 0.0000
test acc of task 8 : 0.0000
test acc of task 8 on it's training set: 0.0000
test acc of task 9 : 0.0000
test acc of task 9 on it's training set: 0.0000
Training task  4
epoch 5, loss 0.1371, train acc 0.9892, test acc 0.5007, time 1.23 sec
epoch 10, loss 0.0963, train acc 0.9966, test acc 0.5006, time 1.36 sec
epoch 15, loss 0.0848, train acc 0.9978, test acc 0.5001, time 1.34 sec
epoch 20, loss 0.0791, train acc 0.9985, test acc 0.4992, time 1.19 sec
epoch 25, loss 0.0758, train acc 0.9997, test acc 0.4990, time 1.25 sec
epoch 30, loss 0.0739, train acc 0.9997, test acc 0.4988, time 1.38 sec
test acc of task 0 : 0.9898
test acc of task 0 on it's training set: 0.9895
test acc of task 1 : 0.9921
test acc of task 1 on it's training set: 0.9825
test acc of task 2 : 0.9661
test acc of task 2 on it's training set: 0.9775
test acc of task 3 : 0.9059
test acc of task 3 on it's training set: 0.9977
test acc of task 4 : 0.9980
test acc of task 4 on it's training set: 0.9997
test acc of task 5 : 0.0000
test acc of task 5 on it's training set: 0.0000
test acc of task 6 : 0.0000
test acc of task 6 on it's training set: 0.0000
test acc of task 7 : 0.0000
test acc of task 7 on it's training set: 0.0000
test acc of task 8 : 0.0000
test acc of task 8 on it's training set: 0.0000
test acc of task 9 : 0.0000
test acc of task 9 on it's training set: 0.0000
Training task  5
epoch 5, loss 0.2527, train acc 0.9608, test acc 0.5736, time 1.19 sec
epoch 10, loss 0.1305, train acc 0.9896, test acc 0.5684, time 1.32 sec
epoch 15, loss 0.1008, train acc 0.9956, test acc 0.5661, time 1.22 sec
epoch 20, loss 0.0885, train acc 0.9975, test acc 0.5648, time 1.20 sec
epoch 25, loss 0.0830, train acc 0.9989, test acc 0.5628, time 1.30 sec
epoch 30, loss 0.0791, train acc 0.9998, test acc 0.5606, time 1.29 sec
test acc of task 0 : 0.9857
test acc of task 0 on it's training set: 0.9819
test acc of task 1 : 0.9885
test acc of task 1 on it's training set: 0.9809
test acc of task 2 : 0.9680
test acc of task 2 on it's training set: 0.9770
test acc of task 3 : 0.6525
test acc of task 3 on it's training set: 0.9757
test acc of task 4 : 0.9939
test acc of task 4 on it's training set: 0.9887
test acc of task 5 : 0.9910
test acc of task 5 on it's training set: 0.9998
test acc of task 6 : 0.0000
test acc of task 6 on it's training set: 0.0000
test acc of task 7 : 0.0000
test acc of task 7 on it's training set: 0.0000
test acc of task 8 : 0.0000
test acc of task 8 on it's training set: 0.0000
test acc of task 9 : 0.0000
test acc of task 9 on it's training set: 0.0000
Training task  6
epoch 5, loss 0.1919, train acc 0.9775, test acc 0.6469, time 1.25 sec
epoch 10, loss 0.1187, train acc 0.9937, test acc 0.6463, time 1.30 sec
epoch 15, loss 0.0996, train acc 0.9968, test acc 0.6464, time 1.23 sec
epoch 20, loss 0.0912, train acc 0.9985, test acc 0.6459, time 1.24 sec
epoch 25, loss 0.0863, train acc 0.9993, test acc 0.6449, time 1.28 sec
epoch 30, loss 0.0833, train acc 0.9997, test acc 0.6447, time 1.19 sec
test acc of task 0 : 0.9806
test acc of task 0 on it's training set: 0.9754
test acc of task 1 : 0.9885
test acc of task 1 on it's training set: 0.9797
test acc of task 2 : 0.9574
test acc of task 2 on it's training set: 0.9669
test acc of task 3 : 0.6059
test acc of task 3 on it's training set: 0.9674
test acc of task 4 : 0.9766
test acc of task 4 on it's training set: 0.9733
test acc of task 5 : 0.9652
test acc of task 5 on it's training set: 0.9683
test acc of task 6 : 0.9854
test acc of task 6 on it's training set: 0.9997
test acc of task 7 : 0.0000
test acc of task 7 on it's training set: 0.0000
test acc of task 8 : 0.0000
test acc of task 8 on it's training set: 0.0000
test acc of task 9 : 0.0000
test acc of task 9 on it's training set: 0.0000
Training task  7
epoch 5, loss 0.2151, train acc 0.9643, test acc 0.7419, time 1.25 sec
epoch 10, loss 0.1306, train acc 0.9877, test acc 0.7404, time 1.35 sec
epoch 15, loss 0.1071, train acc 0.9932, test acc 0.7383, time 1.24 sec
epoch 20, loss 0.0963, train acc 0.9964, test acc 0.7380, time 1.31 sec
epoch 25, loss 0.0901, train acc 0.9967, test acc 0.7368, time 1.26 sec
epoch 30, loss 0.0861, train acc 0.9978, test acc 0.7359, time 1.32 sec
test acc of task 0 : 0.9776
test acc of task 0 on it's training set: 0.9754
test acc of task 1 : 0.9877
test acc of task 1 on it's training set: 0.9780
test acc of task 2 : 0.9264
test acc of task 2 on it's training set: 0.9320
test acc of task 3 : 0.5832
test acc of task 3 on it's training set: 0.9662
test acc of task 4 : 0.9552
test acc of task 4 on it's training set: 0.9531
test acc of task 5 : 0.9496
test acc of task 5 on it's training set: 0.9594
test acc of task 6 : 0.9791
test acc of task 6 on it's training set: 0.9985
test acc of task 7 : 0.9844
test acc of task 7 on it's training set: 0.9979
test acc of task 8 : 0.0000
test acc of task 8 on it's training set: 0.0000
test acc of task 9 : 0.0000
test acc of task 9 on it's training set: 0.0000
Training task  8
epoch 5, loss 0.5329, train acc 0.8901, test acc 0.8207, time 1.22 sec
epoch 10, loss 0.2392, train acc 0.9700, test acc 0.8196, time 1.40 sec
epoch 15, loss 0.1718, train acc 0.9859, test acc 0.8156, time 1.26 sec
epoch 20, loss 0.1431, train acc 0.9931, test acc 0.8121, time 1.30 sec
epoch 25, loss 0.1274, train acc 0.9961, test acc 0.8104, time 1.22 sec
epoch 30, loss 0.1179, train acc 0.9975, test acc 0.8088, time 1.22 sec
test acc of task 0 : 0.9765
test acc of task 0 on it's training set: 0.9698
test acc of task 1 : 0.9630
test acc of task 1 on it's training set: 0.9607
test acc of task 2 : 0.8905
test acc of task 2 on it's training set: 0.9115
test acc of task 3 : 0.5050
test acc of task 3 on it's training set: 0.9514
test acc of task 4 : 0.9318
test acc of task 4 on it's training set: 0.9314
test acc of task 5 : 0.9271
test acc of task 5 on it's training set: 0.9456
test acc of task 6 : 0.9603
test acc of task 6 on it's training set: 0.9818
test acc of task 7 : 0.9698
test acc of task 7 on it's training set: 0.9868
test acc of task 8 : 0.9754
test acc of task 8 on it's training set: 0.9976
test acc of task 9 : 0.0000
test acc of task 9 on it's training set: 0.0000
Training task  9
epoch 5, loss 0.6146, train acc 0.8731, test acc 0.8960, time 1.26 sec
epoch 10, loss 0.2769, train acc 0.9618, test acc 0.8968, time 1.43 sec
epoch 15, loss 0.1899, train acc 0.9806, test acc 0.8942, time 1.25 sec
epoch 20, loss 0.1541, train acc 0.9897, test acc 0.8914, time 1.33 sec
epoch 25, loss 0.1354, train acc 0.9940, test acc 0.8884, time 1.29 sec
epoch 30, loss 0.1236, train acc 0.9962, test acc 0.8859, time 1.30 sec
test acc of task 0 : 0.9776
test acc of task 0 on it's training set: 0.9676
test acc of task 1 : 0.9621
test acc of task 1 on it's training set: 0.9571
test acc of task 2 : 0.8924
test acc of task 2 on it's training set: 0.9006
test acc of task 3 : 0.4743
test acc of task 3 on it's training set: 0.9467
test acc of task 4 : 0.8635
test acc of task 4 on it's training set: 0.8735
test acc of task 5 : 0.9137
test acc of task 5 on it's training set: 0.9249
test acc of task 6 : 0.9551
test acc of task 6 on it's training set: 0.9762
test acc of task 7 : 0.8930
test acc of task 7 on it's training set: 0.8977
test acc of task 8 : 0.9528
test acc of task 8 on it's training set: 0.9592
test acc of task 9 : 0.9762
test acc of task 9 on it's training set: 0.9963
