Namespace(num_runs=1, seed=0, shift=True, shift_idx_list=[49], shift_perc=0.5, shift_eps=255, shift_position=[28, 28, 1, 1], val_size=0.1, num_val=3, num_runs_val=3, error_analysis=False, verbose=True, store=False, save_path=None, agent='ICARL', update='random', retrieve='random', optimizer='SGD', learning_rate=0.1, epoch=25, batch=10, test_batch=128, weight_decay=0, num_tasks=100, fix_order=True, plot_sample=False, data='cifar100', cl_type='nc', ns_factor=(0.0, 0.4, 0.8, 1.2, 1.6, 2.0, 2.4, 2.8, 3.2, 3.6), ns_type='noise', ns_task=(1, 1, 2, 2, 2, 2), online=True, mem_size=5000, eps_mem_batch=10, lambda_=100, alpha=0.9, fisher_update_after=50, subsample=50, gss_mem_strength=10, gss_batch_size=10, k=5, aser_type='asvm', n_smp_cls=2.0, stm_capacity=1000, classifier_chill=0.01, log_alpha=-300, minlr=0.0005, clip=10.0, mem_epoch=70, labels_trick=False, separated_softmax=False, kd_trick=False, kd_trick_star=False, review_trick=False, ncm_trick=False, mem_iters=1, min_delta=0.0, patience=0, cumulative_delta=False, temp=0.07, buffer_tracker=False, warmup=4, head='mlp', cuda=True)
Setting up data stream
Files already downloaded and verified
Files already downloaded and verified
data setup time: 1.7604146003723145
Task: 0, Labels:[0]
Task: 1, Labels:[1]
Task: 2, Labels:[2]
Task: 3, Labels:[3]
Task: 4, Labels:[4]
Task: 5, Labels:[5]
Task: 6, Labels:[6]
Task: 7, Labels:[7]
Task: 8, Labels:[8]
Task: 9, Labels:[9]
Task: 10, Labels:[10]
Task: 11, Labels:[11]
Task: 12, Labels:[12]
Task: 13, Labels:[13]
Task: 14, Labels:[14]
Task: 15, Labels:[15]
Task: 16, Labels:[16]
Task: 17, Labels:[17]
Task: 18, Labels:[18]
Task: 19, Labels:[19]
Task: 20, Labels:[20]
Task: 21, Labels:[21]
Task: 22, Labels:[22]
Task: 23, Labels:[23]
Task: 24, Labels:[24]
Task: 25, Labels:[25]
Task: 26, Labels:[26]
Task: 27, Labels:[27]
Task: 28, Labels:[28]
Task: 29, Labels:[29]
Task: 30, Labels:[30]
Task: 31, Labels:[31]
Task: 32, Labels:[32]
Task: 33, Labels:[33]
Task: 34, Labels:[34]
Task: 35, Labels:[35]
Task: 36, Labels:[36]
Task: 37, Labels:[37]
Task: 38, Labels:[38]
Task: 39, Labels:[39]
Task: 40, Labels:[40]
Task: 41, Labels:[41]
Task: 42, Labels:[42]
Task: 43, Labels:[43]
Task: 44, Labels:[44]
Task: 45, Labels:[45]
Task: 46, Labels:[46]
Task: 47, Labels:[47]
Task: 48, Labels:[48]
Task: 49, Labels:[49]
Task: 50, Labels:[50]
Task: 51, Labels:[51]
Task: 52, Labels:[52]
Task: 53, Labels:[53]
Task: 54, Labels:[54]
Task: 55, Labels:[55]
Task: 56, Labels:[56]
Task: 57, Labels:[57]
Task: 58, Labels:[58]
Task: 59, Labels:[59]
Task: 60, Labels:[60]
Task: 61, Labels:[61]
Task: 62, Labels:[62]
Task: 63, Labels:[63]
Task: 64, Labels:[64]
Task: 65, Labels:[65]
Task: 66, Labels:[66]
Task: 67, Labels:[67]
Task: 68, Labels:[68]
Task: 69, Labels:[69]
Task: 70, Labels:[70]
Task: 71, Labels:[71]
Task: 72, Labels:[72]
Task: 73, Labels:[73]
Task: 74, Labels:[74]
Task: 75, Labels:[75]
Task: 76, Labels:[76]
Task: 77, Labels:[77]
Task: 78, Labels:[78]
Task: 79, Labels:[79]
Task: 80, Labels:[80]
Task: 81, Labels:[81]
Task: 82, Labels:[82]
Task: 83, Labels:[83]
Task: 84, Labels:[84]
Task: 85, Labels:[85]
Task: 86, Labels:[86]
Task: 87, Labels:[87]
Task: 88, Labels:[88]
Task: 89, Labels:[89]
Task: 90, Labels:[90]
Task: 91, Labels:[91]
Task: 92, Labels:[92]
Task: 93, Labels:[93]
Task: 94, Labels:[94]
Task: 95, Labels:[95]
Task: 96, Labels:[96]
Task: 97, Labels:[97]
Task: 98, Labels:[98]
Task: 99, Labels:[99]
buffer has 5000 slots
-----------run 0 training batch 0-------------
size: (500, 32, 32, 3), (500,)
[1. 0. 0. 0. 0. 0. 0. 0. 0. 0. 0. 0. 0. 0. 0. 0. 0. 0. 0. 0. 0. 0. 0. 0.
 0. 0. 0. 0. 0. 0. 0. 0. 0. 0. 0. 0. 0. 0. 0. 0. 0. 0. 0. 0. 0. 0. 0. 0.
 0. 0. 0. 0. 0. 0. 0. 0. 0. 0. 0. 0. 0. 0. 0. 0. 0. 0. 0. 0. 0. 0. 0. 0.
 0. 0. 0. 0. 0. 0. 0. 0. 0. 0. 0. 0. 0. 0. 0. 0. 0. 0. 0. 0. 0. 0. 0. 0.
 0. 0. 0. 0.]
-----------run 0 training batch 1-------------
size: (500, 32, 32, 3), (500,)
[0.92 0.96 0.   0.   0.   0.   0.   0.   0.   0.   0.   0.   0.   0.
 0.   0.   0.   0.   0.   0.   0.   0.   0.   0.   0.   0.   0.   0.
 0.   0.   0.   0.   0.   0.   0.   0.   0.   0.   0.   0.   0.   0.
 0.   0.   0.   0.   0.   0.   0.   0.   0.   0.   0.   0.   0.   0.
 0.   0.   0.   0.   0.   0.   0.   0.   0.   0.   0.   0.   0.   0.
 0.   0.   0.   0.   0.   0.   0.   0.   0.   0.   0.   0.   0.   0.
 0.   0.   0.   0.   0.   0.   0.   0.   0.   0.   0.   0.   0.   0.
 0.   0.  ]
-----------run 0 training batch 2-------------
size: (500, 32, 32, 3), (500,)
[0.82 0.91 0.85 0.   0.   0.   0.   0.   0.   0.   0.   0.   0.   0.
 0.   0.   0.   0.   0.   0.   0.   0.   0.   0.   0.   0.   0.   0.
 0.   0.   0.   0.   0.   0.   0.   0.   0.   0.   0.   0.   0.   0.
 0.   0.   0.   0.   0.   0.   0.   0.   0.   0.   0.   0.   0.   0.
 0.   0.   0.   0.   0.   0.   0.   0.   0.   0.   0.   0.   0.   0.
 0.   0.   0.   0.   0.   0.   0.   0.   0.   0.   0.   0.   0.   0.
 0.   0.   0.   0.   0.   0.   0.   0.   0.   0.   0.   0.   0.   0.
 0.   0.  ]
-----------run 0 training batch 3-------------
size: (500, 32, 32, 3), (500,)
[0.87 0.85 0.83 0.83 0.   0.   0.   0.   0.   0.   0.   0.   0.   0.
 0.   0.   0.   0.   0.   0.   0.   0.   0.   0.   0.   0.   0.   0.
 0.   0.   0.   0.   0.   0.   0.   0.   0.   0.   0.   0.   0.   0.
 0.   0.   0.   0.   0.   0.   0.   0.   0.   0.   0.   0.   0.   0.
 0.   0.   0.   0.   0.   0.   0.   0.   0.   0.   0.   0.   0.   0.
 0.   0.   0.   0.   0.   0.   0.   0.   0.   0.   0.   0.   0.   0.
 0.   0.   0.   0.   0.   0.   0.   0.   0.   0.   0.   0.   0.   0.
 0.   0.  ]
-----------run 0 training batch 4-------------
size: (500, 32, 32, 3), (500,)
[0.87 0.8  0.71 0.56 0.6  0.   0.   0.   0.   0.   0.   0.   0.   0.
 0.   0.   0.   0.   0.   0.   0.   0.   0.   0.   0.   0.   0.   0.
 0.   0.   0.   0.   0.   0.   0.   0.   0.   0.   0.   0.   0.   0.
 0.   0.   0.   0.   0.   0.   0.   0.   0.   0.   0.   0.   0.   0.
 0.   0.   0.   0.   0.   0.   0.   0.   0.   0.   0.   0.   0.   0.
 0.   0.   0.   0.   0.   0.   0.   0.   0.   0.   0.   0.   0.   0.
 0.   0.   0.   0.   0.   0.   0.   0.   0.   0.   0.   0.   0.   0.
 0.   0.  ]
-----------run 0 training batch 5-------------
size: (500, 32, 32, 3), (500,)
[0.85 0.82 0.69 0.59 0.56 0.62 0.   0.   0.   0.   0.   0.   0.   0.
 0.   0.   0.   0.   0.   0.   0.   0.   0.   0.   0.   0.   0.   0.
 0.   0.   0.   0.   0.   0.   0.   0.   0.   0.   0.   0.   0.   0.
 0.   0.   0.   0.   0.   0.   0.   0.   0.   0.   0.   0.   0.   0.
 0.   0.   0.   0.   0.   0.   0.   0.   0.   0.   0.   0.   0.   0.
 0.   0.   0.   0.   0.   0.   0.   0.   0.   0.   0.   0.   0.   0.
 0.   0.   0.   0.   0.   0.   0.   0.   0.   0.   0.   0.   0.   0.
 0.   0.  ]
-----------run 0 training batch 6-------------
size: (500, 32, 32, 3), (500,)
[0.86 0.82 0.59 0.59 0.51 0.67 0.59 0.   0.   0.   0.   0.   0.   0.
 0.   0.   0.   0.   0.   0.   0.   0.   0.   0.   0.   0.   0.   0.
 0.   0.   0.   0.   0.   0.   0.   0.   0.   0.   0.   0.   0.   0.
 0.   0.   0.   0.   0.   0.   0.   0.   0.   0.   0.   0.   0.   0.
 0.   0.   0.   0.   0.   0.   0.   0.   0.   0.   0.   0.   0.   0.
 0.   0.   0.   0.   0.   0.   0.   0.   0.   0.   0.   0.   0.   0.
 0.   0.   0.   0.   0.   0.   0.   0.   0.   0.   0.   0.   0.   0.
 0.   0.  ]
-----------run 0 training batch 7-------------
size: (500, 32, 32, 3), (500,)
[0.84 0.75 0.58 0.43 0.49 0.71 0.62 0.55 0.   0.   0.   0.   0.   0.
 0.   0.   0.   0.   0.   0.   0.   0.   0.   0.   0.   0.   0.   0.
 0.   0.   0.   0.   0.   0.   0.   0.   0.   0.   0.   0.   0.   0.
 0.   0.   0.   0.   0.   0.   0.   0.   0.   0.   0.   0.   0.   0.
 0.   0.   0.   0.   0.   0.   0.   0.   0.   0.   0.   0.   0.   0.
 0.   0.   0.   0.   0.   0.   0.   0.   0.   0.   0.   0.   0.   0.
 0.   0.   0.   0.   0.   0.   0.   0.   0.   0.   0.   0.   0.   0.
 0.   0.  ]
-----------run 0 training batch 8-------------
size: (500, 32, 32, 3), (500,)
[0.85 0.77 0.51 0.47 0.48 0.56 0.58 0.51 0.63 0.   0.   0.   0.   0.
 0.   0.   0.   0.   0.   0.   0.   0.   0.   0.   0.   0.   0.   0.
 0.   0.   0.   0.   0.   0.   0.   0.   0.   0.   0.   0.   0.   0.
 0.   0.   0.   0.   0.   0.   0.   0.   0.   0.   0.   0.   0.   0.
 0.   0.   0.   0.   0.   0.   0.   0.   0.   0.   0.   0.   0.   0.
 0.   0.   0.   0.   0.   0.   0.   0.   0.   0.   0.   0.   0.   0.
 0.   0.   0.   0.   0.   0.   0.   0.   0.   0.   0.   0.   0.   0.
 0.   0.  ]
-----------run 0 training batch 9-------------
size: (500, 32, 32, 3), (500,)
[0.84 0.75 0.48 0.39 0.46 0.58 0.52 0.53 0.69 0.59 0.   0.   0.   0.
 0.   0.   0.   0.   0.   0.   0.   0.   0.   0.   0.   0.   0.   0.
 0.   0.   0.   0.   0.   0.   0.   0.   0.   0.   0.   0.   0.   0.
 0.   0.   0.   0.   0.   0.   0.   0.   0.   0.   0.   0.   0.   0.
 0.   0.   0.   0.   0.   0.   0.   0.   0.   0.   0.   0.   0.   0.
 0.   0.   0.   0.   0.   0.   0.   0.   0.   0.   0.   0.   0.   0.
 0.   0.   0.   0.   0.   0.   0.   0.   0.   0.   0.   0.   0.   0.
 0.   0.  ]
-----------run 0 training batch 10-------------
size: (500, 32, 32, 3), (500,)
[0.84 0.71 0.5  0.42 0.43 0.56 0.49 0.51 0.7  0.62 0.31 0.   0.   0.
 0.   0.   0.   0.   0.   0.   0.   0.   0.   0.   0.   0.   0.   0.
 0.   0.   0.   0.   0.   0.   0.   0.   0.   0.   0.   0.   0.   0.
 0.   0.   0.   0.   0.   0.   0.   0.   0.   0.   0.   0.   0.   0.
 0.   0.   0.   0.   0.   0.   0.   0.   0.   0.   0.   0.   0.   0.
 0.   0.   0.   0.   0.   0.   0.   0.   0.   0.   0.   0.   0.   0.
 0.   0.   0.   0.   0.   0.   0.   0.   0.   0.   0.   0.   0.   0.
 0.   0.  ]
-----------run 0 training batch 11-------------
size: (500, 32, 32, 3), (500,)
[0.82 0.71 0.45 0.42 0.37 0.51 0.43 0.48 0.66 0.59 0.4  0.32 0.   0.
 0.   0.   0.   0.   0.   0.   0.   0.   0.   0.   0.   0.   0.   0.
 0.   0.   0.   0.   0.   0.   0.   0.   0.   0.   0.   0.   0.   0.
 0.   0.   0.   0.   0.   0.   0.   0.   0.   0.   0.   0.   0.   0.
 0.   0.   0.   0.   0.   0.   0.   0.   0.   0.   0.   0.   0.   0.
 0.   0.   0.   0.   0.   0.   0.   0.   0.   0.   0.   0.   0.   0.
 0.   0.   0.   0.   0.   0.   0.   0.   0.   0.   0.   0.   0.   0.
 0.   0.  ]
-----------run 0 training batch 12-------------
size: (500, 32, 32, 3), (500,)
[0.83 0.67 0.43 0.44 0.41 0.47 0.45 0.48 0.54 0.56 0.3  0.42 0.71 0.
 0.   0.   0.   0.   0.   0.   0.   0.   0.   0.   0.   0.   0.   0.
 0.   0.   0.   0.   0.   0.   0.   0.   0.   0.   0.   0.   0.   0.
 0.   0.   0.   0.   0.   0.   0.   0.   0.   0.   0.   0.   0.   0.
 0.   0.   0.   0.   0.   0.   0.   0.   0.   0.   0.   0.   0.   0.
 0.   0.   0.   0.   0.   0.   0.   0.   0.   0.   0.   0.   0.   0.
 0.   0.   0.   0.   0.   0.   0.   0.   0.   0.   0.   0.   0.   0.
 0.   0.  ]
-----------run 0 training batch 13-------------
size: (500, 32, 32, 3), (500,)
[0.83 0.71 0.45 0.43 0.36 0.49 0.44 0.48 0.49 0.57 0.29 0.4  0.66 0.54
 0.   0.   0.   0.   0.   0.   0.   0.   0.   0.   0.   0.   0.   0.
 0.   0.   0.   0.   0.   0.   0.   0.   0.   0.   0.   0.   0.   0.
 0.   0.   0.   0.   0.   0.   0.   0.   0.   0.   0.   0.   0.   0.
 0.   0.   0.   0.   0.   0.   0.   0.   0.   0.   0.   0.   0.   0.
 0.   0.   0.   0.   0.   0.   0.   0.   0.   0.   0.   0.   0.   0.
 0.   0.   0.   0.   0.   0.   0.   0.   0.   0.   0.   0.   0.   0.
 0.   0.  ]
-----------run 0 training batch 14-------------
size: (500, 32, 32, 3), (500,)
[0.82 0.68 0.42 0.41 0.34 0.47 0.39 0.48 0.51 0.52 0.3  0.35 0.64 0.67
 0.37 0.   0.   0.   0.   0.   0.   0.   0.   0.   0.   0.   0.   0.
 0.   0.   0.   0.   0.   0.   0.   0.   0.   0.   0.   0.   0.   0.
 0.   0.   0.   0.   0.   0.   0.   0.   0.   0.   0.   0.   0.   0.
 0.   0.   0.   0.   0.   0.   0.   0.   0.   0.   0.   0.   0.   0.
 0.   0.   0.   0.   0.   0.   0.   0.   0.   0.   0.   0.   0.   0.
 0.   0.   0.   0.   0.   0.   0.   0.   0.   0.   0.   0.   0.   0.
 0.   0.  ]
-----------run 0 training batch 15-------------
size: (500, 32, 32, 3), (500,)
[0.84 0.69 0.38 0.4  0.32 0.47 0.41 0.46 0.48 0.5  0.28 0.31 0.64 0.64
 0.39 0.47 0.   0.   0.   0.   0.   0.   0.   0.   0.   0.   0.   0.
 0.   0.   0.   0.   0.   0.   0.   0.   0.   0.   0.   0.   0.   0.
 0.   0.   0.   0.   0.   0.   0.   0.   0.   0.   0.   0.   0.   0.
 0.   0.   0.   0.   0.   0.   0.   0.   0.   0.   0.   0.   0.   0.
 0.   0.   0.   0.   0.   0.   0.   0.   0.   0.   0.   0.   0.   0.
 0.   0.   0.   0.   0.   0.   0.   0.   0.   0.   0.   0.   0.   0.
 0.   0.  ]
-----------run 0 training batch 16-------------
size: (500, 32, 32, 3), (500,)
[0.82 0.68 0.4  0.44 0.36 0.47 0.41 0.43 0.42 0.49 0.29 0.36 0.61 0.66
 0.37 0.5  0.33 0.   0.   0.   0.   0.   0.   0.   0.   0.   0.   0.
 0.   0.   0.   0.   0.   0.   0.   0.   0.   0.   0.   0.   0.   0.
 0.   0.   0.   0.   0.   0.   0.   0.   0.   0.   0.   0.   0.   0.
 0.   0.   0.   0.   0.   0.   0.   0.   0.   0.   0.   0.   0.   0.
 0.   0.   0.   0.   0.   0.   0.   0.   0.   0.   0.   0.   0.   0.
 0.   0.   0.   0.   0.   0.   0.   0.   0.   0.   0.   0.   0.   0.
 0.   0.  ]
-----------run 0 training batch 17-------------
size: (500, 32, 32, 3), (500,)
[0.83 0.66 0.46 0.44 0.35 0.43 0.43 0.45 0.46 0.53 0.29 0.32 0.44 0.56
 0.33 0.43 0.34 0.74 0.   0.   0.   0.   0.   0.   0.   0.   0.   0.
 0.   0.   0.   0.   0.   0.   0.   0.   0.   0.   0.   0.   0.   0.
 0.   0.   0.   0.   0.   0.   0.   0.   0.   0.   0.   0.   0.   0.
 0.   0.   0.   0.   0.   0.   0.   0.   0.   0.   0.   0.   0.   0.
 0.   0.   0.   0.   0.   0.   0.   0.   0.   0.   0.   0.   0.   0.
 0.   0.   0.   0.   0.   0.   0.   0.   0.   0.   0.   0.   0.   0.
 0.   0.  ]
-----------run 0 training batch 18-------------
size: (500, 32, 32, 3), (500,)
[0.81 0.67 0.41 0.33 0.38 0.49 0.42 0.45 0.48 0.48 0.25 0.28 0.47 0.59
 0.31 0.42 0.29 0.73 0.41 0.   0.   0.   0.   0.   0.   0.   0.   0.
 0.   0.   0.   0.   0.   0.   0.   0.   0.   0.   0.   0.   0.   0.
 0.   0.   0.   0.   0.   0.   0.   0.   0.   0.   0.   0.   0.   0.
 0.   0.   0.   0.   0.   0.   0.   0.   0.   0.   0.   0.   0.   0.
 0.   0.   0.   0.   0.   0.   0.   0.   0.   0.   0.   0.   0.   0.
 0.   0.   0.   0.   0.   0.   0.   0.   0.   0.   0.   0.   0.   0.
 0.   0.  ]
-----------run 0 training batch 19-------------
size: (500, 32, 32, 3), (500,)
[0.84 0.67 0.42 0.33 0.31 0.48 0.42 0.43 0.41 0.46 0.25 0.31 0.45 0.58
 0.29 0.36 0.28 0.72 0.51 0.34 0.   0.   0.   0.   0.   0.   0.   0.
 0.   0.   0.   0.   0.   0.   0.   0.   0.   0.   0.   0.   0.   0.
 0.   0.   0.   0.   0.   0.   0.   0.   0.   0.   0.   0.   0.   0.
 0.   0.   0.   0.   0.   0.   0.   0.   0.   0.   0.   0.   0.   0.
 0.   0.   0.   0.   0.   0.   0.   0.   0.   0.   0.   0.   0.   0.
 0.   0.   0.   0.   0.   0.   0.   0.   0.   0.   0.   0.   0.   0.
 0.   0.  ]
-----------run 0 training batch 20-------------
size: (500, 32, 32, 3), (500,)
[0.81 0.67 0.41 0.38 0.3  0.42 0.4  0.4  0.32 0.43 0.2  0.24 0.54 0.55
 0.23 0.41 0.24 0.68 0.5  0.3  0.63 0.   0.   0.   0.   0.   0.   0.
 0.   0.   0.   0.   0.   0.   0.   0.   0.   0.   0.   0.   0.   0.
 0.   0.   0.   0.   0.   0.   0.   0.   0.   0.   0.   0.   0.   0.
 0.   0.   0.   0.   0.   0.   0.   0.   0.   0.   0.   0.   0.   0.
 0.   0.   0.   0.   0.   0.   0.   0.   0.   0.   0.   0.   0.   0.
 0.   0.   0.   0.   0.   0.   0.   0.   0.   0.   0.   0.   0.   0.
 0.   0.  ]
-----------run 0 training batch 21-------------
size: (500, 32, 32, 3), (500,)
[0.85 0.67 0.39 0.2  0.28 0.37 0.43 0.39 0.39 0.44 0.24 0.28 0.41 0.58
 0.27 0.33 0.21 0.69 0.51 0.31 0.62 0.62 0.   0.   0.   0.   0.   0.
 0.   0.   0.   0.   0.   0.   0.   0.   0.   0.   0.   0.   0.   0.
 0.   0.   0.   0.   0.   0.   0.   0.   0.   0.   0.   0.   0.   0.
 0.   0.   0.   0.   0.   0.   0.   0.   0.   0.   0.   0.   0.   0.
 0.   0.   0.   0.   0.   0.   0.   0.   0.   0.   0.   0.   0.   0.
 0.   0.   0.   0.   0.   0.   0.   0.   0.   0.   0.   0.   0.   0.
 0.   0.  ]
-----------run 0 training batch 22-------------
size: (500, 32, 32, 3), (500,)
[0.83 0.65 0.37 0.27 0.32 0.39 0.38 0.4  0.38 0.41 0.18 0.3  0.46 0.57
 0.25 0.38 0.26 0.7  0.52 0.28 0.64 0.56 0.29 0.   0.   0.   0.   0.
 0.   0.   0.   0.   0.   0.   0.   0.   0.   0.   0.   0.   0.   0.
 0.   0.   0.   0.   0.   0.   0.   0.   0.   0.   0.   0.   0.   0.
 0.   0.   0.   0.   0.   0.   0.   0.   0.   0.   0.   0.   0.   0.
 0.   0.   0.   0.   0.   0.   0.   0.   0.   0.   0.   0.   0.   0.
 0.   0.   0.   0.   0.   0.   0.   0.   0.   0.   0.   0.   0.   0.
 0.   0.  ]
-----------run 0 training batch 23-------------
size: (500, 32, 32, 3), (500,)
[0.85 0.61 0.37 0.35 0.29 0.39 0.41 0.37 0.34 0.4  0.15 0.24 0.35 0.46
 0.25 0.28 0.24 0.67 0.49 0.25 0.6  0.58 0.26 0.67 0.   0.   0.   0.
 0.   0.   0.   0.   0.   0.   0.   0.   0.   0.   0.   0.   0.   0.
 0.   0.   0.   0.   0.   0.   0.   0.   0.   0.   0.   0.   0.   0.
 0.   0.   0.   0.   0.   0.   0.   0.   0.   0.   0.   0.   0.   0.
 0.   0.   0.   0.   0.   0.   0.   0.   0.   0.   0.   0.   0.   0.
 0.   0.   0.   0.   0.   0.   0.   0.   0.   0.   0.   0.   0.   0.
 0.   0.  ]
-----------run 0 training batch 24-------------
size: (500, 32, 32, 3), (500,)
[0.82 0.61 0.41 0.29 0.28 0.43 0.38 0.23 0.35 0.36 0.15 0.25 0.37 0.53
 0.23 0.32 0.25 0.65 0.52 0.23 0.59 0.57 0.21 0.66 0.6  0.   0.   0.
 0.   0.   0.   0.   0.   0.   0.   0.   0.   0.   0.   0.   0.   0.
 0.   0.   0.   0.   0.   0.   0.   0.   0.   0.   0.   0.   0.   0.
 0.   0.   0.   0.   0.   0.   0.   0.   0.   0.   0.   0.   0.   0.
 0.   0.   0.   0.   0.   0.   0.   0.   0.   0.   0.   0.   0.   0.
 0.   0.   0.   0.   0.   0.   0.   0.   0.   0.   0.   0.   0.   0.
 0.   0.  ]
-----------run 0 training batch 25-------------
size: (500, 32, 32, 3), (500,)
[0.83 0.68 0.43 0.29 0.28 0.28 0.38 0.34 0.37 0.39 0.13 0.26 0.31 0.54
 0.22 0.34 0.19 0.69 0.48 0.26 0.58 0.62 0.22 0.7  0.6  0.22 0.   0.
 0.   0.   0.   0.   0.   0.   0.   0.   0.   0.   0.   0.   0.   0.
 0.   0.   0.   0.   0.   0.   0.   0.   0.   0.   0.   0.   0.   0.
 0.   0.   0.   0.   0.   0.   0.   0.   0.   0.   0.   0.   0.   0.
 0.   0.   0.   0.   0.   0.   0.   0.   0.   0.   0.   0.   0.   0.
 0.   0.   0.   0.   0.   0.   0.   0.   0.   0.   0.   0.   0.   0.
 0.   0.  ]
-----------run 0 training batch 26-------------
size: (500, 32, 32, 3), (500,)
[0.83 0.67 0.4  0.28 0.27 0.35 0.38 0.3  0.37 0.39 0.14 0.24 0.31 0.56
 0.19 0.31 0.22 0.69 0.46 0.29 0.54 0.59 0.21 0.66 0.61 0.22 0.28 0.
 0.   0.   0.   0.   0.   0.   0.   0.   0.   0.   0.   0.   0.   0.
 0.   0.   0.   0.   0.   0.   0.   0.   0.   0.   0.   0.   0.   0.
 0.   0.   0.   0.   0.   0.   0.   0.   0.   0.   0.   0.   0.   0.
 0.   0.   0.   0.   0.   0.   0.   0.   0.   0.   0.   0.   0.   0.
 0.   0.   0.   0.   0.   0.   0.   0.   0.   0.   0.   0.   0.   0.
 0.   0.  ]
-----------run 0 training batch 27-------------
size: (500, 32, 32, 3), (500,)
[0.83 0.65 0.34 0.25 0.29 0.35 0.34 0.32 0.36 0.43 0.16 0.2  0.33 0.5
 0.2  0.27 0.18 0.69 0.45 0.28 0.53 0.57 0.17 0.65 0.58 0.19 0.3  0.47
 0.   0.   0.   0.   0.   0.   0.   0.   0.   0.   0.   0.   0.   0.
 0.   0.   0.   0.   0.   0.   0.   0.   0.   0.   0.   0.   0.   0.
 0.   0.   0.   0.   0.   0.   0.   0.   0.   0.   0.   0.   0.   0.
 0.   0.   0.   0.   0.   0.   0.   0.   0.   0.   0.   0.   0.   0.
 0.   0.   0.   0.   0.   0.   0.   0.   0.   0.   0.   0.   0.   0.
 0.   0.  ]
-----------run 0 training batch 28-------------
size: (500, 32, 32, 3), (500,)
[0.82 0.65 0.34 0.23 0.26 0.31 0.34 0.31 0.35 0.42 0.13 0.25 0.37 0.51
 0.21 0.25 0.17 0.68 0.49 0.23 0.52 0.57 0.16 0.62 0.6  0.29 0.3  0.5
 0.49 0.   0.   0.   0.   0.   0.   0.   0.   0.   0.   0.   0.   0.
 0.   0.   0.   0.   0.   0.   0.   0.   0.   0.   0.   0.   0.   0.
 0.   0.   0.   0.   0.   0.   0.   0.   0.   0.   0.   0.   0.   0.
 0.   0.   0.   0.   0.   0.   0.   0.   0.   0.   0.   0.   0.   0.
 0.   0.   0.   0.   0.   0.   0.   0.   0.   0.   0.   0.   0.   0.
 0.   0.  ]
-----------run 0 training batch 29-------------
size: (500, 32, 32, 3), (500,)
[0.83 0.61 0.32 0.27 0.23 0.34 0.34 0.27 0.36 0.41 0.14 0.21 0.32 0.51
 0.22 0.26 0.16 0.65 0.41 0.26 0.54 0.53 0.15 0.62 0.56 0.29 0.25 0.48
 0.56 0.3  0.   0.   0.   0.   0.   0.   0.   0.   0.   0.   0.   0.
 0.   0.   0.   0.   0.   0.   0.   0.   0.   0.   0.   0.   0.   0.
 0.   0.   0.   0.   0.   0.   0.   0.   0.   0.   0.   0.   0.   0.
 0.   0.   0.   0.   0.   0.   0.   0.   0.   0.   0.   0.   0.   0.
 0.   0.   0.   0.   0.   0.   0.   0.   0.   0.   0.   0.   0.   0.
 0.   0.  ]
-----------run 0 training batch 30-------------
size: (500, 32, 32, 3), (500,)
[0.8  0.58 0.34 0.29 0.24 0.28 0.35 0.33 0.39 0.41 0.13 0.13 0.32 0.42
 0.23 0.28 0.18 0.58 0.39 0.25 0.52 0.48 0.15 0.58 0.48 0.3  0.28 0.46
 0.47 0.25 0.61 0.   0.   0.   0.   0.   0.   0.   0.   0.   0.   0.
 0.   0.   0.   0.   0.   0.   0.   0.   0.   0.   0.   0.   0.   0.
 0.   0.   0.   0.   0.   0.   0.   0.   0.   0.   0.   0.   0.   0.
 0.   0.   0.   0.   0.   0.   0.   0.   0.   0.   0.   0.   0.   0.
 0.   0.   0.   0.   0.   0.   0.   0.   0.   0.   0.   0.   0.   0.
 0.   0.  ]
-----------run 0 training batch 31-------------
size: (500, 32, 32, 3), (500,)
[0.83 0.63 0.4  0.23 0.26 0.33 0.39 0.32 0.37 0.43 0.13 0.14 0.3  0.51
 0.22 0.19 0.16 0.57 0.36 0.27 0.52 0.52 0.15 0.49 0.55 0.23 0.26 0.47
 0.49 0.23 0.7  0.39 0.   0.   0.   0.   0.   0.   0.   0.   0.   0.
 0.   0.   0.   0.   0.   0.   0.   0.   0.   0.   0.   0.   0.   0.
 0.   0.   0.   0.   0.   0.   0.   0.   0.   0.   0.   0.   0.   0.
 0.   0.   0.   0.   0.   0.   0.   0.   0.   0.   0.   0.   0.   0.
 0.   0.   0.   0.   0.   0.   0.   0.   0.   0.   0.   0.   0.   0.
 0.   0.  ]
-----------run 0 training batch 32-------------
size: (500, 32, 32, 3), (500,)
[0.82 0.64 0.35 0.24 0.25 0.31 0.36 0.28 0.33 0.42 0.12 0.16 0.33 0.49
 0.21 0.24 0.15 0.58 0.45 0.28 0.53 0.53 0.16 0.47 0.55 0.24 0.25 0.44
 0.47 0.26 0.7  0.39 0.34 0.   0.   0.   0.   0.   0.   0.   0.   0.
 0.   0.   0.   0.   0.   0.   0.   0.   0.   0.   0.   0.   0.   0.
 0.   0.   0.   0.   0.   0.   0.   0.   0.   0.   0.   0.   0.   0.
 0.   0.   0.   0.   0.   0.   0.   0.   0.   0.   0.   0.   0.   0.
 0.   0.   0.   0.   0.   0.   0.   0.   0.   0.   0.   0.   0.   0.
 0.   0.  ]
-----------run 0 training batch 33-------------
size: (500, 32, 32, 3), (500,)
[0.82 0.62 0.36 0.18 0.26 0.32 0.36 0.31 0.38 0.46 0.14 0.15 0.33 0.51
 0.24 0.19 0.17 0.56 0.33 0.29 0.54 0.53 0.16 0.48 0.53 0.21 0.27 0.42
 0.41 0.26 0.67 0.42 0.25 0.5  0.   0.   0.   0.   0.   0.   0.   0.
 0.   0.   0.   0.   0.   0.   0.   0.   0.   0.   0.   0.   0.   0.
 0.   0.   0.   0.   0.   0.   0.   0.   0.   0.   0.   0.   0.   0.
 0.   0.   0.   0.   0.   0.   0.   0.   0.   0.   0.   0.   0.   0.
 0.   0.   0.   0.   0.   0.   0.   0.   0.   0.   0.   0.   0.   0.
 0.   0.  ]
-----------run 0 training batch 34-------------
size: (500, 32, 32, 3), (500,)
[0.82 0.63 0.34 0.22 0.24 0.34 0.33 0.31 0.36 0.43 0.13 0.16 0.37 0.48
 0.23 0.18 0.16 0.52 0.38 0.28 0.54 0.49 0.14 0.47 0.57 0.18 0.2  0.39
 0.42 0.21 0.69 0.38 0.18 0.5  0.35 0.   0.   0.   0.   0.   0.   0.
 0.   0.   0.   0.   0.   0.   0.   0.   0.   0.   0.   0.   0.   0.
 0.   0.   0.   0.   0.   0.   0.   0.   0.   0.   0.   0.   0.   0.
 0.   0.   0.   0.   0.   0.   0.   0.   0.   0.   0.   0.   0.   0.
 0.   0.   0.   0.   0.   0.   0.   0.   0.   0.   0.   0.   0.   0.
 0.   0.  ]
-----------run 0 training batch 35-------------
size: (500, 32, 32, 3), (500,)
[0.82 0.62 0.25 0.22 0.26 0.32 0.33 0.28 0.33 0.41 0.13 0.13 0.32 0.47
 0.24 0.22 0.15 0.55 0.4  0.29 0.55 0.47 0.15 0.47 0.55 0.24 0.22 0.37
 0.45 0.24 0.69 0.39 0.24 0.51 0.37 0.39 0.   0.   0.   0.   0.   0.
 0.   0.   0.   0.   0.   0.   0.   0.   0.   0.   0.   0.   0.   0.
 0.   0.   0.   0.   0.   0.   0.   0.   0.   0.   0.   0.   0.   0.
 0.   0.   0.   0.   0.   0.   0.   0.   0.   0.   0.   0.   0.   0.
 0.   0.   0.   0.   0.   0.   0.   0.   0.   0.   0.   0.   0.   0.
 0.   0.  ]
-----------run 0 training batch 36-------------
size: (500, 32, 32, 3), (500,)
[0.81 0.63 0.22 0.26 0.22 0.24 0.31 0.27 0.32 0.39 0.12 0.09 0.32 0.47
 0.21 0.18 0.13 0.58 0.38 0.25 0.57 0.45 0.12 0.47 0.55 0.21 0.2  0.37
 0.36 0.19 0.7  0.4  0.24 0.49 0.31 0.34 0.4  0.   0.   0.   0.   0.
 0.   0.   0.   0.   0.   0.   0.   0.   0.   0.   0.   0.   0.   0.
 0.   0.   0.   0.   0.   0.   0.   0.   0.   0.   0.   0.   0.   0.
 0.   0.   0.   0.   0.   0.   0.   0.   0.   0.   0.   0.   0.   0.
 0.   0.   0.   0.   0.   0.   0.   0.   0.   0.   0.   0.   0.   0.
 0.   0.  ]
-----------run 0 training batch 37-------------
size: (500, 32, 32, 3), (500,)
[0.81 0.63 0.24 0.24 0.24 0.3  0.32 0.3  0.36 0.41 0.11 0.07 0.28 0.4
 0.23 0.18 0.13 0.4  0.34 0.29 0.56 0.47 0.13 0.49 0.53 0.26 0.17 0.37
 0.37 0.21 0.7  0.42 0.21 0.46 0.29 0.3  0.41 0.34 0.   0.   0.   0.
 0.   0.   0.   0.   0.   0.   0.   0.   0.   0.   0.   0.   0.   0.
 0.   0.   0.   0.   0.   0.   0.   0.   0.   0.   0.   0.   0.   0.
 0.   0.   0.   0.   0.   0.   0.   0.   0.   0.   0.   0.   0.   0.
 0.   0.   0.   0.   0.   0.   0.   0.   0.   0.   0.   0.   0.   0.
 0.   0.  ]
-----------run 0 training batch 38-------------
size: (500, 32, 32, 3), (500,)
[0.8  0.65 0.2  0.21 0.19 0.37 0.32 0.28 0.32 0.41 0.14 0.06 0.28 0.36
 0.23 0.17 0.13 0.46 0.36 0.23 0.53 0.5  0.12 0.41 0.54 0.18 0.18 0.32
 0.38 0.23 0.68 0.33 0.17 0.45 0.19 0.33 0.4  0.34 0.39 0.   0.   0.
 0.   0.   0.   0.   0.   0.   0.   0.   0.   0.   0.   0.   0.   0.
 0.   0.   0.   0.   0.   0.   0.   0.   0.   0.   0.   0.   0.   0.
 0.   0.   0.   0.   0.   0.   0.   0.   0.   0.   0.   0.   0.   0.
 0.   0.   0.   0.   0.   0.   0.   0.   0.   0.   0.   0.   0.   0.
 0.   0.  ]
-----------run 0 training batch 39-------------
size: (500, 32, 32, 3), (500,)
[0.8  0.64 0.26 0.24 0.22 0.31 0.29 0.31 0.27 0.4  0.11 0.07 0.26 0.39
 0.21 0.13 0.11 0.41 0.38 0.27 0.55 0.48 0.13 0.48 0.56 0.22 0.17 0.32
 0.4  0.21 0.68 0.32 0.22 0.44 0.23 0.31 0.4  0.37 0.4  0.31 0.   0.
 0.   0.   0.   0.   0.   0.   0.   0.   0.   0.   0.   0.   0.   0.
 0.   0.   0.   0.   0.   0.   0.   0.   0.   0.   0.   0.   0.   0.
 0.   0.   0.   0.   0.   0.   0.   0.   0.   0.   0.   0.   0.   0.
 0.   0.   0.   0.   0.   0.   0.   0.   0.   0.   0.   0.   0.   0.
 0.   0.  ]
-----------run 0 training batch 40-------------
size: (500, 32, 32, 3), (500,)
[0.8  0.62 0.24 0.19 0.2  0.3  0.34 0.27 0.28 0.42 0.12 0.07 0.29 0.44
 0.22 0.16 0.13 0.43 0.38 0.27 0.53 0.53 0.11 0.44 0.54 0.2  0.19 0.32
 0.34 0.19 0.69 0.3  0.23 0.47 0.24 0.31 0.42 0.32 0.37 0.25 0.28 0.
 0.   0.   0.   0.   0.   0.   0.   0.   0.   0.   0.   0.   0.   0.
 0.   0.   0.   0.   0.   0.   0.   0.   0.   0.   0.   0.   0.   0.
 0.   0.   0.   0.   0.   0.   0.   0.   0.   0.   0.   0.   0.   0.
 0.   0.   0.   0.   0.   0.   0.   0.   0.   0.   0.   0.   0.   0.
 0.   0.  ]
-----------run 0 training batch 41-------------
size: (500, 32, 32, 3), (500,)
[0.81 0.63 0.26 0.22 0.2  0.35 0.31 0.29 0.31 0.4  0.13 0.05 0.29 0.38
 0.24 0.15 0.12 0.44 0.37 0.24 0.53 0.5  0.11 0.37 0.51 0.25 0.2  0.33
 0.33 0.18 0.66 0.37 0.22 0.47 0.2  0.27 0.39 0.31 0.41 0.24 0.29 0.54
 0.   0.   0.   0.   0.   0.   0.   0.   0.   0.   0.   0.   0.   0.
 0.   0.   0.   0.   0.   0.   0.   0.   0.   0.   0.   0.   0.   0.
 0.   0.   0.   0.   0.   0.   0.   0.   0.   0.   0.   0.   0.   0.
 0.   0.   0.   0.   0.   0.   0.   0.   0.   0.   0.   0.   0.   0.
 0.   0.  ]
-----------run 0 training batch 42-------------
size: (500, 32, 32, 3), (500,)
[0.81 0.61 0.24 0.2  0.19 0.31 0.34 0.31 0.31 0.43 0.13 0.07 0.31 0.38
 0.24 0.12 0.15 0.44 0.31 0.25 0.5  0.52 0.11 0.44 0.5  0.19 0.17 0.29
 0.32 0.2  0.66 0.34 0.21 0.4  0.2  0.26 0.42 0.33 0.25 0.24 0.24 0.5
 0.4  0.   0.   0.   0.   0.   0.   0.   0.   0.   0.   0.   0.   0.
 0.   0.   0.   0.   0.   0.   0.   0.   0.   0.   0.   0.   0.   0.
 0.   0.   0.   0.   0.   0.   0.   0.   0.   0.   0.   0.   0.   0.
 0.   0.   0.   0.   0.   0.   0.   0.   0.   0.   0.   0.   0.   0.
 0.   0.  ]
-----------run 0 training batch 43-------------
size: (500, 32, 32, 3), (500,)
[0.82 0.63 0.23 0.21 0.17 0.33 0.34 0.23 0.3  0.42 0.12 0.07 0.26 0.36
 0.26 0.09 0.15 0.42 0.35 0.27 0.53 0.5  0.1  0.35 0.51 0.18 0.19 0.27
 0.28 0.22 0.67 0.3  0.15 0.42 0.14 0.27 0.37 0.31 0.22 0.24 0.19 0.5
 0.37 0.39 0.   0.   0.   0.   0.   0.   0.   0.   0.   0.   0.   0.
 0.   0.   0.   0.   0.   0.   0.   0.   0.   0.   0.   0.   0.   0.
 0.   0.   0.   0.   0.   0.   0.   0.   0.   0.   0.   0.   0.   0.
 0.   0.   0.   0.   0.   0.   0.   0.   0.   0.   0.   0.   0.   0.
 0.   0.  ]
-----------run 0 training batch 44-------------
size: (500, 32, 32, 3), (500,)
[0.82 0.63 0.25 0.24 0.2  0.3  0.31 0.25 0.31 0.42 0.15 0.08 0.32 0.41
 0.24 0.11 0.15 0.42 0.35 0.27 0.48 0.5  0.11 0.37 0.48 0.21 0.18 0.27
 0.33 0.21 0.65 0.28 0.19 0.37 0.15 0.26 0.4  0.34 0.23 0.21 0.24 0.51
 0.41 0.38 0.24 0.   0.   0.   0.   0.   0.   0.   0.   0.   0.   0.
 0.   0.   0.   0.   0.   0.   0.   0.   0.   0.   0.   0.   0.   0.
 0.   0.   0.   0.   0.   0.   0.   0.   0.   0.   0.   0.   0.   0.
 0.   0.   0.   0.   0.   0.   0.   0.   0.   0.   0.   0.   0.   0.
 0.   0.  ]
-----------run 0 training batch 45-------------
size: (500, 32, 32, 3), (500,)
[0.81 0.62 0.24 0.21 0.14 0.27 0.29 0.25 0.26 0.42 0.13 0.06 0.28 0.39
 0.22 0.1  0.14 0.42 0.32 0.22 0.5  0.48 0.15 0.44 0.49 0.21 0.16 0.31
 0.31 0.22 0.63 0.24 0.17 0.42 0.13 0.34 0.35 0.3  0.23 0.24 0.2  0.46
 0.38 0.29 0.24 0.22 0.   0.   0.   0.   0.   0.   0.   0.   0.   0.
 0.   0.   0.   0.   0.   0.   0.   0.   0.   0.   0.   0.   0.   0.
 0.   0.   0.   0.   0.   0.   0.   0.   0.   0.   0.   0.   0.   0.
 0.   0.   0.   0.   0.   0.   0.   0.   0.   0.   0.   0.   0.   0.
 0.   0.  ]
-----------run 0 training batch 46-------------
size: (500, 32, 32, 3), (500,)
[0.82 0.63 0.23 0.2  0.13 0.31 0.29 0.25 0.27 0.44 0.13 0.04 0.31 0.35
 0.22 0.07 0.16 0.41 0.34 0.2  0.49 0.45 0.13 0.45 0.49 0.21 0.15 0.28
 0.3  0.2  0.63 0.26 0.2  0.4  0.14 0.22 0.33 0.31 0.2  0.2  0.18 0.46
 0.37 0.33 0.23 0.24 0.26 0.   0.   0.   0.   0.   0.   0.   0.   0.
 0.   0.   0.   0.   0.   0.   0.   0.   0.   0.   0.   0.   0.   0.
 0.   0.   0.   0.   0.   0.   0.   0.   0.   0.   0.   0.   0.   0.
 0.   0.   0.   0.   0.   0.   0.   0.   0.   0.   0.   0.   0.   0.
 0.   0.  ]
-----------run 0 training batch 47-------------
size: (500, 32, 32, 3), (500,)
[0.8  0.58 0.23 0.21 0.17 0.27 0.27 0.29 0.25 0.47 0.15 0.05 0.3  0.45
 0.22 0.05 0.19 0.36 0.29 0.26 0.49 0.48 0.16 0.49 0.48 0.19 0.15 0.28
 0.34 0.23 0.61 0.28 0.15 0.39 0.12 0.19 0.35 0.32 0.25 0.22 0.24 0.49
 0.38 0.32 0.19 0.27 0.25 0.5  0.   0.   0.   0.   0.   0.   0.   0.
 0.   0.   0.   0.   0.   0.   0.   0.   0.   0.   0.   0.   0.   0.
 0.   0.   0.   0.   0.   0.   0.   0.   0.   0.   0.   0.   0.   0.
 0.   0.   0.   0.   0.   0.   0.   0.   0.   0.   0.   0.   0.   0.
 0.   0.  ]
-----------run 0 training batch 48-------------
size: (500, 32, 32, 3), (500,)
[0.81 0.6  0.26 0.22 0.19 0.28 0.25 0.3  0.28 0.44 0.09 0.06 0.32 0.3
 0.21 0.1  0.11 0.44 0.32 0.23 0.49 0.45 0.12 0.44 0.44 0.26 0.11 0.24
 0.34 0.2  0.62 0.31 0.18 0.36 0.13 0.23 0.33 0.31 0.23 0.22 0.21 0.42
 0.35 0.31 0.21 0.25 0.2  0.44 0.63 0.   0.   0.   0.   0.   0.   0.
 0.   0.   0.   0.   0.   0.   0.   0.   0.   0.   0.   0.   0.   0.
 0.   0.   0.   0.   0.   0.   0.   0.   0.   0.   0.   0.   0.   0.
 0.   0.   0.   0.   0.   0.   0.   0.   0.   0.   0.   0.   0.   0.
 0.   0.  ]
-----------run 0 training batch 49-------------
size: (500, 32, 32, 3), (500,)
[0.79 0.57 0.23 0.22 0.17 0.25 0.24 0.32 0.27 0.42 0.1  0.06 0.2  0.35
 0.26 0.05 0.13 0.39 0.29 0.17 0.52 0.43 0.13 0.52 0.47 0.24 0.14 0.23
 0.35 0.16 0.52 0.28 0.17 0.33 0.14 0.22 0.31 0.25 0.2  0.22 0.23 0.43
 0.39 0.31 0.16 0.23 0.22 0.43 0.66 0.46 0.   0.   0.   0.   0.   0.
 0.   0.   0.   0.   0.   0.   0.   0.   0.   0.   0.   0.   0.   0.
 0.   0.   0.   0.   0.   0.   0.   0.   0.   0.   0.   0.   0.   0.
 0.   0.   0.   0.   0.   0.   0.   0.   0.   0.   0.   0.   0.   0.
 0.   0.  ]
-----------run 0 training batch 50-------------
size: (500, 32, 32, 3), (500,)
[0.82 0.61 0.2  0.2  0.17 0.29 0.28 0.22 0.26 0.44 0.13 0.05 0.18 0.34
 0.21 0.11 0.14 0.42 0.35 0.2  0.51 0.45 0.15 0.44 0.51 0.21 0.11 0.28
 0.3  0.17 0.58 0.3  0.16 0.39 0.12 0.22 0.32 0.32 0.2  0.22 0.22 0.44
 0.41 0.37 0.21 0.28 0.23 0.34 0.65 0.38 0.16 0.   0.   0.   0.   0.
 0.   0.   0.   0.   0.   0.   0.   0.   0.   0.   0.   0.   0.   0.
 0.   0.   0.   0.   0.   0.   0.   0.   0.   0.   0.   0.   0.   0.
 0.   0.   0.   0.   0.   0.   0.   0.   0.   0.   0.   0.   0.   0.
 0.   0.  ]
-----------run 0 training batch 51-------------
size: (500, 32, 32, 3), (500,)
[0.8  0.63 0.2  0.19 0.16 0.32 0.26 0.25 0.3  0.46 0.11 0.06 0.23 0.36
 0.22 0.12 0.14 0.38 0.28 0.19 0.49 0.45 0.13 0.45 0.53 0.18 0.15 0.24
 0.29 0.17 0.6  0.22 0.16 0.37 0.08 0.23 0.29 0.33 0.2  0.19 0.21 0.44
 0.39 0.35 0.21 0.23 0.19 0.38 0.6  0.38 0.13 0.28 0.   0.   0.   0.
 0.   0.   0.   0.   0.   0.   0.   0.   0.   0.   0.   0.   0.   0.
 0.   0.   0.   0.   0.   0.   0.   0.   0.   0.   0.   0.   0.   0.
 0.   0.   0.   0.   0.   0.   0.   0.   0.   0.   0.   0.   0.   0.
 0.   0.  ]
-----------run 0 training batch 52-------------
size: (500, 32, 32, 3), (500,)
[0.81 0.6  0.24 0.16 0.15 0.24 0.26 0.3  0.29 0.43 0.13 0.07 0.22 0.32
 0.27 0.07 0.16 0.32 0.21 0.26 0.45 0.44 0.17 0.53 0.44 0.22 0.12 0.24
 0.3  0.17 0.55 0.3  0.11 0.37 0.1  0.21 0.3  0.33 0.22 0.21 0.23 0.48
 0.33 0.26 0.17 0.22 0.18 0.32 0.58 0.44 0.16 0.26 0.82 0.   0.   0.
 0.   0.   0.   0.   0.   0.   0.   0.   0.   0.   0.   0.   0.   0.
 0.   0.   0.   0.   0.   0.   0.   0.   0.   0.   0.   0.   0.   0.
 0.   0.   0.   0.   0.   0.   0.   0.   0.   0.   0.   0.   0.   0.
 0.   0.  ]
-----------run 0 training batch 53-------------
size: (500, 32, 32, 3), (500,)
[0.73 0.54 0.18 0.23 0.21 0.25 0.26 0.21 0.24 0.42 0.13 0.05 0.16 0.37
 0.19 0.08 0.14 0.31 0.32 0.19 0.51 0.4  0.13 0.36 0.52 0.22 0.12 0.23
 0.28 0.14 0.59 0.22 0.13 0.39 0.08 0.25 0.36 0.27 0.2  0.22 0.17 0.45
 0.32 0.29 0.1  0.2  0.25 0.25 0.6  0.38 0.16 0.23 0.8  0.63 0.   0.
 0.   0.   0.   0.   0.   0.   0.   0.   0.   0.   0.   0.   0.   0.
 0.   0.   0.   0.   0.   0.   0.   0.   0.   0.   0.   0.   0.   0.
 0.   0.   0.   0.   0.   0.   0.   0.   0.   0.   0.   0.   0.   0.
 0.   0.  ]
-----------run 0 training batch 54-------------
size: (500, 32, 32, 3), (500,)
[0.72 0.52 0.22 0.22 0.17 0.23 0.24 0.27 0.26 0.46 0.12 0.04 0.2  0.36
 0.21 0.09 0.15 0.31 0.26 0.15 0.5  0.43 0.17 0.46 0.53 0.18 0.11 0.23
 0.29 0.19 0.56 0.27 0.17 0.41 0.07 0.24 0.31 0.32 0.21 0.22 0.19 0.41
 0.38 0.32 0.19 0.23 0.26 0.28 0.67 0.39 0.15 0.3  0.84 0.66 0.41 0.
 0.   0.   0.   0.   0.   0.   0.   0.   0.   0.   0.   0.   0.   0.
 0.   0.   0.   0.   0.   0.   0.   0.   0.   0.   0.   0.   0.   0.
 0.   0.   0.   0.   0.   0.   0.   0.   0.   0.   0.   0.   0.   0.
 0.   0.  ]
-----------run 0 training batch 55-------------
size: (500, 32, 32, 3), (500,)
[0.72 0.54 0.24 0.21 0.15 0.28 0.22 0.24 0.31 0.41 0.09 0.04 0.22 0.27
 0.21 0.1  0.15 0.31 0.31 0.16 0.5  0.39 0.14 0.46 0.43 0.23 0.09 0.17
 0.29 0.19 0.54 0.24 0.16 0.29 0.1  0.18 0.3  0.31 0.18 0.22 0.21 0.43
 0.35 0.31 0.18 0.19 0.19 0.24 0.6  0.39 0.17 0.29 0.89 0.69 0.35 0.15
 0.   0.   0.   0.   0.   0.   0.   0.   0.   0.   0.   0.   0.   0.
 0.   0.   0.   0.   0.   0.   0.   0.   0.   0.   0.   0.   0.   0.
 0.   0.   0.   0.   0.   0.   0.   0.   0.   0.   0.   0.   0.   0.
 0.   0.  ]
-----------run 0 training batch 56-------------
size: (500, 32, 32, 3), (500,)
[0.71 0.52 0.24 0.18 0.13 0.26 0.22 0.27 0.31 0.41 0.1  0.04 0.22 0.27
 0.23 0.09 0.14 0.27 0.29 0.19 0.5  0.46 0.17 0.52 0.44 0.22 0.11 0.17
 0.27 0.17 0.54 0.26 0.16 0.28 0.09 0.21 0.3  0.29 0.21 0.2  0.18 0.46
 0.37 0.25 0.16 0.2  0.21 0.26 0.61 0.48 0.2  0.28 0.86 0.64 0.33 0.16
 0.38 0.   0.   0.   0.   0.   0.   0.   0.   0.   0.   0.   0.   0.
 0.   0.   0.   0.   0.   0.   0.   0.   0.   0.   0.   0.   0.   0.
 0.   0.   0.   0.   0.   0.   0.   0.   0.   0.   0.   0.   0.   0.
 0.   0.  ]
-----------run 0 training batch 57-------------
size: (500, 32, 32, 3), (500,)
[0.7  0.55 0.24 0.19 0.16 0.26 0.24 0.24 0.26 0.44 0.1  0.07 0.2  0.31
 0.22 0.1  0.14 0.3  0.4  0.18 0.51 0.34 0.14 0.38 0.51 0.21 0.12 0.14
 0.21 0.13 0.59 0.26 0.15 0.36 0.08 0.24 0.32 0.26 0.17 0.16 0.18 0.45
 0.31 0.28 0.15 0.19 0.19 0.22 0.61 0.37 0.17 0.28 0.83 0.56 0.39 0.16
 0.33 0.35 0.   0.   0.   0.   0.   0.   0.   0.   0.   0.   0.   0.
 0.   0.   0.   0.   0.   0.   0.   0.   0.   0.   0.   0.   0.   0.
 0.   0.   0.   0.   0.   0.   0.   0.   0.   0.   0.   0.   0.   0.
 0.   0.  ]
-----------run 0 training batch 58-------------
size: (500, 32, 32, 3), (500,)
[0.71 0.53 0.25 0.2  0.19 0.22 0.24 0.26 0.32 0.42 0.09 0.05 0.18 0.16
 0.22 0.08 0.11 0.29 0.37 0.17 0.52 0.36 0.12 0.42 0.46 0.23 0.13 0.22
 0.29 0.17 0.52 0.26 0.19 0.31 0.1  0.22 0.3  0.34 0.17 0.21 0.21 0.43
 0.36 0.28 0.18 0.21 0.2  0.26 0.55 0.41 0.15 0.28 0.86 0.56 0.38 0.19
 0.36 0.31 0.4  0.   0.   0.   0.   0.   0.   0.   0.   0.   0.   0.
 0.   0.   0.   0.   0.   0.   0.   0.   0.   0.   0.   0.   0.   0.
 0.   0.   0.   0.   0.   0.   0.   0.   0.   0.   0.   0.   0.   0.
 0.   0.  ]
-----------run 0 training batch 59-------------
size: (500, 32, 32, 3), (500,)
[0.71 0.55 0.21 0.21 0.15 0.22 0.21 0.29 0.28 0.42 0.12 0.05 0.2  0.19
 0.2  0.08 0.11 0.25 0.31 0.2  0.47 0.36 0.16 0.5  0.43 0.21 0.09 0.16
 0.27 0.17 0.54 0.27 0.16 0.3  0.1  0.21 0.31 0.29 0.19 0.2  0.21 0.45
 0.38 0.24 0.16 0.19 0.21 0.23 0.62 0.42 0.18 0.27 0.76 0.57 0.32 0.17
 0.27 0.3  0.39 0.27 0.   0.   0.   0.   0.   0.   0.   0.   0.   0.
 0.   0.   0.   0.   0.   0.   0.   0.   0.   0.   0.   0.   0.   0.
 0.   0.   0.   0.   0.   0.   0.   0.   0.   0.   0.   0.   0.   0.
 0.   0.  ]
-----------run 0 training batch 60-------------
size: (500, 32, 32, 3), (500,)
[0.71 0.49 0.24 0.23 0.2  0.24 0.22 0.29 0.28 0.41 0.12 0.04 0.23 0.22
 0.2  0.08 0.12 0.27 0.29 0.15 0.49 0.4  0.13 0.49 0.46 0.16 0.1  0.18
 0.27 0.16 0.48 0.25 0.13 0.31 0.09 0.19 0.32 0.26 0.16 0.19 0.18 0.44
 0.37 0.2  0.13 0.2  0.18 0.23 0.6  0.36 0.13 0.22 0.75 0.56 0.36 0.14
 0.32 0.28 0.39 0.3  0.73 0.   0.   0.   0.   0.   0.   0.   0.   0.
 0.   0.   0.   0.   0.   0.   0.   0.   0.   0.   0.   0.   0.   0.
 0.   0.   0.   0.   0.   0.   0.   0.   0.   0.   0.   0.   0.   0.
 0.   0.  ]
-----------run 0 training batch 61-------------
size: (500, 32, 32, 3), (500,)
[0.72 0.5  0.23 0.22 0.18 0.24 0.23 0.25 0.25 0.41 0.04 0.03 0.19 0.17
 0.22 0.09 0.11 0.23 0.4  0.17 0.51 0.35 0.04 0.33 0.51 0.26 0.11 0.13
 0.21 0.19 0.52 0.25 0.17 0.25 0.11 0.19 0.29 0.29 0.14 0.19 0.15 0.4
 0.37 0.22 0.21 0.19 0.19 0.22 0.57 0.36 0.13 0.22 0.77 0.6  0.29 0.15
 0.27 0.28 0.35 0.24 0.77 0.42 0.   0.   0.   0.   0.   0.   0.   0.
 0.   0.   0.   0.   0.   0.   0.   0.   0.   0.   0.   0.   0.   0.
 0.   0.   0.   0.   0.   0.   0.   0.   0.   0.   0.   0.   0.   0.
 0.   0.  ]
-----------run 0 training batch 62-------------
size: (500, 32, 32, 3), (500,)
[0.65 0.45 0.19 0.21 0.16 0.23 0.25 0.22 0.23 0.44 0.1  0.06 0.17 0.23
 0.21 0.07 0.16 0.23 0.19 0.14 0.52 0.33 0.13 0.36 0.46 0.17 0.14 0.15
 0.19 0.17 0.54 0.18 0.14 0.37 0.09 0.25 0.28 0.21 0.16 0.14 0.14 0.41
 0.29 0.25 0.1  0.15 0.21 0.29 0.51 0.4  0.13 0.26 0.75 0.4  0.45 0.09
 0.27 0.31 0.4  0.24 0.7  0.44 0.56 0.   0.   0.   0.   0.   0.   0.
 0.   0.   0.   0.   0.   0.   0.   0.   0.   0.   0.   0.   0.   0.
 0.   0.   0.   0.   0.   0.   0.   0.   0.   0.   0.   0.   0.   0.
 0.   0.  ]
-----------run 0 training batch 63-------------
size: (500, 32, 32, 3), (500,)
[0.7  0.47 0.21 0.19 0.17 0.25 0.25 0.23 0.28 0.42 0.07 0.03 0.21 0.2
 0.22 0.07 0.14 0.24 0.3  0.15 0.47 0.35 0.08 0.36 0.46 0.19 0.11 0.18
 0.27 0.19 0.58 0.21 0.17 0.31 0.06 0.16 0.31 0.25 0.14 0.16 0.15 0.4
 0.34 0.29 0.17 0.19 0.2  0.22 0.59 0.34 0.17 0.26 0.74 0.51 0.32 0.14
 0.28 0.24 0.38 0.27 0.76 0.44 0.58 0.31 0.   0.   0.   0.   0.   0.
 0.   0.   0.   0.   0.   0.   0.   0.   0.   0.   0.   0.   0.   0.
 0.   0.   0.   0.   0.   0.   0.   0.   0.   0.   0.   0.   0.   0.
 0.   0.  ]
-----------run 0 training batch 64-------------
size: (500, 32, 32, 3), (500,)
[0.72 0.45 0.19 0.23 0.17 0.24 0.28 0.25 0.26 0.42 0.06 0.02 0.23 0.15
 0.24 0.08 0.13 0.25 0.31 0.13 0.47 0.34 0.1  0.35 0.47 0.23 0.11 0.2
 0.25 0.15 0.57 0.22 0.16 0.25 0.07 0.2  0.29 0.26 0.1  0.16 0.14 0.39
 0.29 0.26 0.2  0.18 0.16 0.22 0.56 0.36 0.18 0.25 0.75 0.52 0.26 0.14
 0.26 0.29 0.35 0.24 0.7  0.45 0.6  0.22 0.21 0.   0.   0.   0.   0.
 0.   0.   0.   0.   0.   0.   0.   0.   0.   0.   0.   0.   0.   0.
 0.   0.   0.   0.   0.   0.   0.   0.   0.   0.   0.   0.   0.   0.
 0.   0.  ]
-----------run 0 training batch 65-------------
size: (500, 32, 32, 3), (500,)
[0.7  0.46 0.18 0.25 0.2  0.24 0.28 0.23 0.25 0.42 0.06 0.05 0.21 0.21
 0.23 0.07 0.12 0.24 0.28 0.14 0.47 0.36 0.09 0.38 0.43 0.18 0.12 0.2
 0.24 0.15 0.58 0.2  0.14 0.27 0.06 0.2  0.3  0.26 0.1  0.15 0.13 0.43
 0.25 0.25 0.14 0.18 0.15 0.23 0.59 0.36 0.16 0.25 0.78 0.49 0.3  0.12
 0.23 0.26 0.36 0.24 0.74 0.43 0.58 0.2  0.2  0.1  0.   0.   0.   0.
 0.   0.   0.   0.   0.   0.   0.   0.   0.   0.   0.   0.   0.   0.
 0.   0.   0.   0.   0.   0.   0.   0.   0.   0.   0.   0.   0.   0.
 0.   0.  ]
-----------run 0 training batch 66-------------
size: (500, 32, 32, 3), (500,)
[0.7  0.45 0.2  0.21 0.18 0.22 0.27 0.24 0.26 0.41 0.05 0.03 0.21 0.18
 0.2  0.07 0.1  0.25 0.29 0.14 0.46 0.38 0.1  0.4  0.43 0.22 0.12 0.15
 0.25 0.14 0.57 0.22 0.12 0.27 0.05 0.15 0.27 0.28 0.09 0.13 0.16 0.41
 0.24 0.23 0.13 0.2  0.16 0.2  0.53 0.34 0.17 0.25 0.79 0.51 0.24 0.13
 0.23 0.25 0.33 0.22 0.67 0.42 0.6  0.17 0.16 0.06 0.31 0.   0.   0.
 0.   0.   0.   0.   0.   0.   0.   0.   0.   0.   0.   0.   0.   0.
 0.   0.   0.   0.   0.   0.   0.   0.   0.   0.   0.   0.   0.   0.
 0.   0.  ]
-----------run 0 training batch 67-------------
size: (500, 32, 32, 3), (500,)
[0.69 0.41 0.22 0.2  0.19 0.21 0.25 0.26 0.29 0.43 0.07 0.03 0.21 0.18
 0.25 0.03 0.09 0.21 0.21 0.15 0.46 0.36 0.14 0.51 0.43 0.2  0.13 0.19
 0.27 0.14 0.42 0.2  0.13 0.27 0.06 0.17 0.27 0.26 0.1  0.16 0.16 0.39
 0.29 0.23 0.12 0.17 0.19 0.27 0.54 0.36 0.14 0.27 0.74 0.47 0.42 0.13
 0.22 0.22 0.37 0.25 0.74 0.39 0.54 0.18 0.16 0.09 0.24 0.3  0.   0.
 0.   0.   0.   0.   0.   0.   0.   0.   0.   0.   0.   0.   0.   0.
 0.   0.   0.   0.   0.   0.   0.   0.   0.   0.   0.   0.   0.   0.
 0.   0.  ]
-----------run 0 training batch 68-------------
size: (500, 32, 32, 3), (500,)
[0.68 0.41 0.19 0.25 0.18 0.2  0.25 0.26 0.27 0.42 0.07 0.03 0.18 0.16
 0.25 0.06 0.09 0.21 0.31 0.18 0.49 0.39 0.15 0.39 0.43 0.25 0.13 0.18
 0.28 0.11 0.51 0.24 0.15 0.26 0.1  0.19 0.27 0.2  0.08 0.15 0.16 0.4
 0.26 0.2  0.1  0.18 0.14 0.23 0.51 0.37 0.12 0.23 0.78 0.48 0.31 0.15
 0.24 0.23 0.31 0.24 0.71 0.42 0.54 0.21 0.18 0.07 0.29 0.23 0.53 0.
 0.   0.   0.   0.   0.   0.   0.   0.   0.   0.   0.   0.   0.   0.
 0.   0.   0.   0.   0.   0.   0.   0.   0.   0.   0.   0.   0.   0.
 0.   0.  ]
-----------run 0 training batch 69-------------
size: (500, 32, 32, 3), (500,)
[0.7  0.4  0.18 0.24 0.17 0.22 0.25 0.24 0.28 0.39 0.08 0.02 0.18 0.2
 0.23 0.06 0.11 0.21 0.33 0.17 0.49 0.41 0.13 0.36 0.48 0.21 0.14 0.14
 0.26 0.12 0.49 0.23 0.16 0.26 0.07 0.2  0.28 0.24 0.1  0.13 0.12 0.4
 0.27 0.24 0.14 0.19 0.17 0.22 0.53 0.38 0.1  0.21 0.76 0.48 0.29 0.13
 0.21 0.27 0.34 0.25 0.71 0.39 0.54 0.16 0.13 0.08 0.24 0.23 0.52 0.41
 0.   0.   0.   0.   0.   0.   0.   0.   0.   0.   0.   0.   0.   0.
 0.   0.   0.   0.   0.   0.   0.   0.   0.   0.   0.   0.   0.   0.
 0.   0.  ]
-----------run 0 training batch 70-------------
size: (500, 32, 32, 3), (500,)
[0.62 0.45 0.19 0.19 0.18 0.18 0.28 0.21 0.23 0.46 0.09 0.09 0.16 0.23
 0.18 0.07 0.1  0.24 0.27 0.16 0.48 0.31 0.11 0.31 0.48 0.2  0.13 0.18
 0.17 0.13 0.54 0.16 0.17 0.31 0.06 0.22 0.27 0.17 0.12 0.13 0.09 0.43
 0.21 0.29 0.14 0.1  0.2  0.32 0.46 0.38 0.12 0.22 0.72 0.38 0.29 0.08
 0.18 0.32 0.34 0.2  0.7  0.41 0.42 0.23 0.12 0.11 0.25 0.11 0.48 0.3
 0.36 0.   0.   0.   0.   0.   0.   0.   0.   0.   0.   0.   0.   0.
 0.   0.   0.   0.   0.   0.   0.   0.   0.   0.   0.   0.   0.   0.
 0.   0.  ]
-----------run 0 training batch 71-------------
size: (500, 32, 32, 3), (500,)
[0.64 0.37 0.23 0.21 0.18 0.21 0.26 0.24 0.26 0.41 0.09 0.03 0.16 0.2
 0.2  0.03 0.07 0.19 0.35 0.18 0.5  0.38 0.14 0.31 0.43 0.18 0.13 0.16
 0.28 0.1  0.46 0.21 0.16 0.25 0.06 0.19 0.29 0.21 0.1  0.15 0.13 0.39
 0.28 0.21 0.15 0.17 0.17 0.22 0.5  0.34 0.1  0.2  0.73 0.46 0.28 0.15
 0.23 0.19 0.31 0.21 0.53 0.39 0.46 0.23 0.14 0.06 0.27 0.27 0.5  0.44
 0.37 0.5  0.   0.   0.   0.   0.   0.   0.   0.   0.   0.   0.   0.
 0.   0.   0.   0.   0.   0.   0.   0.   0.   0.   0.   0.   0.   0.
 0.   0.  ]
-----------run 0 training batch 72-------------
size: (500, 32, 32, 3), (500,)
[0.63 0.41 0.21 0.18 0.16 0.22 0.28 0.24 0.24 0.46 0.04 0.03 0.13 0.16
 0.26 0.04 0.08 0.17 0.34 0.16 0.47 0.36 0.14 0.29 0.45 0.23 0.11 0.15
 0.26 0.13 0.54 0.26 0.15 0.28 0.07 0.2  0.3  0.2  0.09 0.13 0.12 0.39
 0.25 0.28 0.18 0.15 0.17 0.21 0.48 0.36 0.1  0.23 0.78 0.46 0.24 0.11
 0.22 0.22 0.3  0.21 0.52 0.43 0.45 0.18 0.2  0.06 0.26 0.2  0.47 0.35
 0.38 0.55 0.15 0.   0.   0.   0.   0.   0.   0.   0.   0.   0.   0.
 0.   0.   0.   0.   0.   0.   0.   0.   0.   0.   0.   0.   0.   0.
 0.   0.  ]
-----------run 0 training batch 73-------------
size: (500, 32, 32, 3), (500,)
[0.63 0.3  0.19 0.17 0.17 0.21 0.25 0.23 0.26 0.45 0.09 0.02 0.16 0.17
 0.26 0.   0.09 0.23 0.26 0.16 0.47 0.38 0.17 0.34 0.42 0.17 0.11 0.24
 0.31 0.14 0.23 0.14 0.13 0.25 0.09 0.14 0.22 0.23 0.09 0.15 0.13 0.38
 0.27 0.27 0.14 0.15 0.24 0.26 0.49 0.31 0.1  0.23 0.75 0.45 0.29 0.1
 0.2  0.18 0.36 0.24 0.52 0.39 0.44 0.23 0.23 0.05 0.21 0.22 0.42 0.45
 0.33 0.55 0.14 0.38 0.   0.   0.   0.   0.   0.   0.   0.   0.   0.
 0.   0.   0.   0.   0.   0.   0.   0.   0.   0.   0.   0.   0.   0.
 0.   0.  ]
-----------run 0 training batch 74-------------
size: (500, 32, 32, 3), (500,)
[0.63 0.4  0.19 0.17 0.16 0.24 0.29 0.23 0.23 0.44 0.04 0.06 0.13 0.18
 0.23 0.04 0.06 0.21 0.3  0.15 0.45 0.33 0.11 0.23 0.46 0.19 0.07 0.14
 0.24 0.14 0.24 0.19 0.13 0.24 0.08 0.17 0.3  0.17 0.09 0.11 0.1  0.41
 0.19 0.26 0.16 0.15 0.2  0.23 0.51 0.26 0.12 0.23 0.72 0.47 0.24 0.09
 0.19 0.19 0.29 0.18 0.63 0.42 0.49 0.12 0.17 0.04 0.21 0.12 0.47 0.28
 0.37 0.45 0.13 0.47 0.24 0.   0.   0.   0.   0.   0.   0.   0.   0.
 0.   0.   0.   0.   0.   0.   0.   0.   0.   0.   0.   0.   0.   0.
 0.   0.  ]
-----------run 0 training batch 75-------------
size: (500, 32, 32, 3), (500,)
[0.64 0.36 0.19 0.14 0.16 0.24 0.26 0.21 0.24 0.42 0.05 0.05 0.12 0.16
 0.22 0.04 0.06 0.22 0.28 0.15 0.48 0.34 0.1  0.26 0.44 0.21 0.09 0.14
 0.26 0.16 0.28 0.2  0.13 0.24 0.05 0.15 0.28 0.22 0.12 0.11 0.09 0.4
 0.19 0.24 0.14 0.16 0.18 0.24 0.41 0.25 0.14 0.23 0.75 0.49 0.26 0.1
 0.18 0.2  0.28 0.19 0.57 0.4  0.53 0.12 0.18 0.03 0.2  0.15 0.47 0.29
 0.34 0.45 0.12 0.43 0.24 0.6  0.   0.   0.   0.   0.   0.   0.   0.
 0.   0.   0.   0.   0.   0.   0.   0.   0.   0.   0.   0.   0.   0.
 0.   0.  ]
-----------run 0 training batch 76-------------
size: (500, 32, 32, 3), (500,)
[0.63 0.37 0.2  0.2  0.14 0.18 0.24 0.24 0.24 0.39 0.05 0.05 0.13 0.21
 0.22 0.04 0.11 0.15 0.29 0.14 0.46 0.31 0.14 0.31 0.48 0.18 0.07 0.14
 0.27 0.12 0.25 0.24 0.17 0.24 0.08 0.15 0.26 0.21 0.05 0.15 0.16 0.4
 0.26 0.24 0.11 0.14 0.22 0.22 0.43 0.28 0.08 0.23 0.73 0.48 0.27 0.06
 0.19 0.21 0.24 0.15 0.48 0.39 0.41 0.16 0.13 0.02 0.24 0.11 0.4  0.35
 0.37 0.52 0.14 0.43 0.2  0.58 0.59 0.   0.   0.   0.   0.   0.   0.
 0.   0.   0.   0.   0.   0.   0.   0.   0.   0.   0.   0.   0.   0.
 0.   0.  ]
-----------run 0 training batch 77-------------
size: (500, 32, 32, 3), (500,)
[0.62 0.39 0.18 0.2  0.16 0.23 0.26 0.2  0.2  0.42 0.05 0.04 0.12 0.19
 0.21 0.04 0.09 0.19 0.28 0.16 0.46 0.32 0.09 0.18 0.44 0.19 0.07 0.11
 0.25 0.13 0.25 0.23 0.14 0.25 0.04 0.16 0.28 0.2  0.1  0.13 0.09 0.41
 0.2  0.26 0.12 0.14 0.19 0.26 0.39 0.3  0.1  0.22 0.74 0.49 0.26 0.08
 0.18 0.25 0.22 0.15 0.58 0.41 0.5  0.13 0.17 0.04 0.18 0.15 0.45 0.26
 0.38 0.46 0.14 0.45 0.25 0.53 0.41 0.18 0.   0.   0.   0.   0.   0.
 0.   0.   0.   0.   0.   0.   0.   0.   0.   0.   0.   0.   0.   0.
 0.   0.  ]
-----------run 0 training batch 78-------------
size: (500, 32, 32, 3), (500,)
[0.65 0.4  0.2  0.21 0.16 0.24 0.25 0.2  0.21 0.38 0.04 0.06 0.12 0.16
 0.21 0.05 0.08 0.18 0.25 0.16 0.47 0.35 0.1  0.22 0.48 0.17 0.05 0.13
 0.23 0.13 0.23 0.21 0.15 0.18 0.03 0.14 0.27 0.15 0.06 0.13 0.09 0.38
 0.2  0.21 0.14 0.1  0.19 0.24 0.42 0.3  0.08 0.19 0.76 0.5  0.23 0.09
 0.17 0.24 0.25 0.18 0.52 0.41 0.54 0.11 0.14 0.03 0.17 0.14 0.46 0.29
 0.35 0.45 0.17 0.43 0.2  0.56 0.43 0.2  0.19 0.   0.   0.   0.   0.
 0.   0.   0.   0.   0.   0.   0.   0.   0.   0.   0.   0.   0.   0.
 0.   0.  ]
-----------run 0 training batch 79-------------
size: (500, 32, 32, 3), (500,)
[0.64 0.4  0.21 0.21 0.17 0.26 0.27 0.17 0.25 0.39 0.04 0.03 0.13 0.2
 0.19 0.04 0.1  0.19 0.19 0.16 0.45 0.3  0.12 0.25 0.46 0.11 0.06 0.16
 0.26 0.11 0.25 0.25 0.11 0.22 0.05 0.11 0.29 0.19 0.04 0.09 0.1  0.39
 0.17 0.23 0.06 0.14 0.18 0.24 0.45 0.29 0.07 0.21 0.74 0.48 0.26 0.07
 0.19 0.24 0.21 0.13 0.51 0.4  0.49 0.1  0.12 0.02 0.15 0.13 0.46 0.28
 0.36 0.47 0.18 0.42 0.21 0.54 0.45 0.18 0.18 0.24 0.   0.   0.   0.
 0.   0.   0.   0.   0.   0.   0.   0.   0.   0.   0.   0.   0.   0.
 0.   0.  ]
-----------run 0 training batch 80-------------
size: (500, 32, 32, 3), (500,)
[0.64 0.4  0.21 0.19 0.16 0.25 0.28 0.2  0.21 0.4  0.04 0.04 0.13 0.19
 0.19 0.06 0.11 0.19 0.2  0.16 0.43 0.29 0.1  0.26 0.42 0.11 0.05 0.13
 0.29 0.12 0.25 0.2  0.14 0.17 0.05 0.12 0.27 0.18 0.04 0.09 0.08 0.41
 0.16 0.24 0.07 0.16 0.18 0.22 0.44 0.29 0.08 0.21 0.74 0.51 0.24 0.06
 0.18 0.23 0.22 0.13 0.55 0.41 0.5  0.1  0.14 0.01 0.19 0.14 0.46 0.25
 0.35 0.46 0.2  0.44 0.21 0.55 0.41 0.15 0.18 0.22 0.16 0.   0.   0.
 0.   0.   0.   0.   0.   0.   0.   0.   0.   0.   0.   0.   0.   0.
 0.   0.  ]
-----------run 0 training batch 81-------------
size: (500, 32, 32, 3), (500,)
[0.6  0.41 0.18 0.22 0.17 0.25 0.25 0.23 0.24 0.41 0.05 0.04 0.09 0.15
 0.22 0.02 0.11 0.17 0.23 0.17 0.45 0.33 0.16 0.27 0.42 0.15 0.07 0.13
 0.28 0.1  0.23 0.19 0.14 0.21 0.04 0.15 0.27 0.16 0.05 0.13 0.1  0.4
 0.18 0.19 0.08 0.12 0.18 0.24 0.41 0.27 0.06 0.23 0.73 0.49 0.23 0.05
 0.18 0.22 0.26 0.15 0.53 0.39 0.45 0.13 0.16 0.03 0.15 0.14 0.44 0.29
 0.36 0.45 0.15 0.42 0.16 0.52 0.44 0.13 0.2  0.16 0.17 0.32 0.   0.
 0.   0.   0.   0.   0.   0.   0.   0.   0.   0.   0.   0.   0.   0.
 0.   0.  ]
-----------run 0 training batch 82-------------
size: (500, 32, 32, 3), (500,)
[0.6  0.41 0.19 0.17 0.14 0.29 0.2  0.17 0.21 0.4  0.09 0.04 0.1  0.14
 0.2  0.02 0.1  0.16 0.15 0.19 0.44 0.3  0.17 0.23 0.48 0.18 0.09 0.12
 0.28 0.1  0.24 0.18 0.12 0.24 0.05 0.11 0.3  0.18 0.05 0.12 0.06 0.42
 0.12 0.2  0.09 0.11 0.16 0.22 0.45 0.26 0.09 0.24 0.75 0.47 0.23 0.06
 0.2  0.28 0.25 0.14 0.56 0.42 0.57 0.1  0.15 0.01 0.15 0.13 0.43 0.23
 0.29 0.47 0.17 0.39 0.13 0.45 0.31 0.16 0.2  0.21 0.15 0.33 0.62 0.
 0.   0.   0.   0.   0.   0.   0.   0.   0.   0.   0.   0.   0.   0.
 0.   0.  ]
-----------run 0 training batch 83-------------
size: (500, 32, 32, 3), (500,)
[0.61 0.39 0.21 0.18 0.18 0.23 0.22 0.16 0.21 0.4  0.08 0.07 0.08 0.18
 0.14 0.03 0.08 0.16 0.13 0.18 0.48 0.29 0.13 0.19 0.51 0.21 0.08 0.15
 0.28 0.14 0.21 0.18 0.14 0.28 0.04 0.17 0.3  0.17 0.05 0.1  0.07 0.42
 0.13 0.21 0.09 0.1  0.18 0.25 0.42 0.21 0.06 0.23 0.75 0.39 0.27 0.05
 0.18 0.25 0.28 0.13 0.56 0.42 0.38 0.11 0.16 0.01 0.15 0.11 0.41 0.23
 0.28 0.45 0.12 0.38 0.13 0.45 0.37 0.13 0.19 0.15 0.14 0.35 0.58 0.22
 0.   0.   0.   0.   0.   0.   0.   0.   0.   0.   0.   0.   0.   0.
 0.   0.  ]
-----------run 0 training batch 84-------------
size: (500, 32, 32, 3), (500,)
[0.63 0.39 0.21 0.27 0.17 0.16 0.27 0.13 0.21 0.37 0.05 0.07 0.08 0.18
 0.14 0.03 0.08 0.21 0.18 0.17 0.47 0.3  0.14 0.19 0.43 0.2  0.05 0.11
 0.25 0.14 0.2  0.16 0.13 0.19 0.05 0.11 0.26 0.2  0.05 0.09 0.08 0.39
 0.15 0.19 0.09 0.11 0.19 0.24 0.39 0.25 0.05 0.17 0.74 0.51 0.24 0.08
 0.19 0.25 0.23 0.12 0.56 0.42 0.34 0.09 0.13 0.02 0.13 0.14 0.43 0.24
 0.22 0.43 0.11 0.43 0.14 0.5  0.37 0.15 0.18 0.19 0.17 0.29 0.53 0.22
 0.15 0.   0.   0.   0.   0.   0.   0.   0.   0.   0.   0.   0.   0.
 0.   0.  ]
-----------run 0 training batch 85-------------
size: (500, 32, 32, 3), (500,)
[0.65 0.4  0.25 0.16 0.17 0.23 0.23 0.18 0.23 0.38 0.04 0.05 0.08 0.14
 0.16 0.05 0.08 0.2  0.19 0.18 0.44 0.3  0.14 0.26 0.38 0.18 0.07 0.12
 0.26 0.11 0.22 0.21 0.11 0.18 0.06 0.13 0.25 0.2  0.06 0.07 0.09 0.39
 0.14 0.2  0.06 0.14 0.17 0.22 0.34 0.27 0.04 0.2  0.77 0.52 0.19 0.05
 0.21 0.24 0.18 0.1  0.56 0.42 0.33 0.1  0.15 0.02 0.16 0.14 0.49 0.27
 0.22 0.43 0.11 0.43 0.11 0.55 0.41 0.1  0.14 0.21 0.2  0.21 0.56 0.23
 0.12 0.47 0.   0.   0.   0.   0.   0.   0.   0.   0.   0.   0.   0.
 0.   0.  ]
-----------run 0 training batch 86-------------
size: (500, 32, 32, 3), (500,)
[0.64 0.36 0.26 0.18 0.13 0.23 0.23 0.17 0.23 0.39 0.03 0.05 0.05 0.14
 0.16 0.05 0.06 0.18 0.18 0.18 0.44 0.32 0.12 0.23 0.39 0.16 0.07 0.11
 0.26 0.12 0.23 0.25 0.08 0.19 0.09 0.12 0.25 0.22 0.05 0.07 0.1  0.39
 0.15 0.2  0.06 0.13 0.17 0.22 0.36 0.28 0.02 0.22 0.76 0.54 0.18 0.05
 0.19 0.21 0.17 0.11 0.56 0.39 0.32 0.09 0.16 0.02 0.18 0.11 0.45 0.24
 0.24 0.43 0.13 0.41 0.11 0.52 0.46 0.09 0.12 0.2  0.17 0.22 0.55 0.24
 0.11 0.46 0.5  0.   0.   0.   0.   0.   0.   0.   0.   0.   0.   0.
 0.   0.  ]
-----------run 0 training batch 87-------------
size: (500, 32, 32, 3), (500,)
[0.66 0.37 0.2  0.17 0.16 0.22 0.22 0.17 0.22 0.37 0.07 0.06 0.09 0.11
 0.17 0.04 0.09 0.21 0.2  0.19 0.44 0.3  0.13 0.23 0.43 0.16 0.07 0.15
 0.28 0.11 0.22 0.23 0.09 0.23 0.06 0.12 0.24 0.18 0.04 0.08 0.1  0.38
 0.19 0.21 0.09 0.13 0.19 0.24 0.34 0.26 0.06 0.23 0.71 0.51 0.2  0.04
 0.16 0.23 0.2  0.11 0.51 0.37 0.31 0.12 0.13 0.02 0.14 0.14 0.48 0.27
 0.26 0.43 0.12 0.43 0.12 0.5  0.49 0.11 0.16 0.18 0.18 0.23 0.58 0.2
 0.13 0.44 0.41 0.33 0.   0.   0.   0.   0.   0.   0.   0.   0.   0.
 0.   0.  ]
-----------run 0 training batch 88-------------
size: (500, 32, 32, 3), (500,)
[0.62 0.41 0.24 0.25 0.16 0.28 0.24 0.16 0.16 0.38 0.05 0.06 0.09 0.16
 0.14 0.04 0.06 0.19 0.14 0.17 0.4  0.33 0.14 0.24 0.43 0.12 0.05 0.13
 0.25 0.11 0.23 0.19 0.09 0.19 0.06 0.11 0.21 0.2  0.05 0.08 0.06 0.39
 0.16 0.15 0.05 0.11 0.15 0.23 0.33 0.26 0.07 0.19 0.72 0.51 0.2  0.05
 0.16 0.23 0.18 0.11 0.58 0.38 0.35 0.11 0.13 0.03 0.15 0.14 0.43 0.22
 0.17 0.44 0.13 0.42 0.16 0.5  0.35 0.11 0.15 0.19 0.14 0.23 0.55 0.24
 0.12 0.46 0.35 0.29 0.22 0.   0.   0.   0.   0.   0.   0.   0.   0.
 0.   0.  ]
-----------run 0 training batch 89-------------
size: (500, 32, 32, 3), (500,)
[0.63 0.42 0.23 0.19 0.16 0.24 0.21 0.17 0.22 0.38 0.05 0.03 0.07 0.15
 0.17 0.02 0.09 0.16 0.14 0.18 0.44 0.31 0.13 0.27 0.4  0.14 0.05 0.12
 0.24 0.13 0.23 0.2  0.1  0.18 0.07 0.11 0.24 0.14 0.06 0.1  0.06 0.38
 0.15 0.13 0.06 0.13 0.13 0.2  0.29 0.25 0.04 0.19 0.72 0.47 0.2  0.05
 0.17 0.22 0.18 0.13 0.54 0.36 0.31 0.11 0.19 0.02 0.13 0.14 0.44 0.25
 0.22 0.44 0.09 0.4  0.13 0.5  0.36 0.11 0.13 0.18 0.2  0.21 0.55 0.22
 0.12 0.46 0.36 0.25 0.25 0.41 0.   0.   0.   0.   0.   0.   0.   0.
 0.   0.  ]
-----------run 0 training batch 90-------------
size: (500, 32, 32, 3), (500,)
[0.61 0.44 0.22 0.18 0.13 0.24 0.25 0.21 0.25 0.41 0.06 0.04 0.06 0.14
 0.16 0.02 0.09 0.16 0.15 0.18 0.43 0.32 0.16 0.28 0.39 0.13 0.05 0.11
 0.25 0.11 0.23 0.16 0.08 0.2  0.06 0.12 0.22 0.14 0.05 0.1  0.08 0.4
 0.16 0.11 0.07 0.08 0.13 0.19 0.27 0.27 0.05 0.16 0.7  0.46 0.23 0.03
 0.22 0.2  0.18 0.14 0.53 0.35 0.34 0.15 0.16 0.02 0.12 0.14 0.44 0.25
 0.23 0.43 0.09 0.39 0.12 0.48 0.36 0.06 0.13 0.17 0.21 0.21 0.53 0.24
 0.11 0.4  0.37 0.27 0.25 0.37 0.16 0.   0.   0.   0.   0.   0.   0.
 0.   0.  ]
-----------run 0 training batch 91-------------
size: (500, 32, 32, 3), (500,)
[0.63 0.37 0.24 0.21 0.15 0.2  0.24 0.16 0.25 0.39 0.05 0.04 0.06 0.11
 0.17 0.01 0.08 0.17 0.2  0.15 0.44 0.32 0.13 0.28 0.38 0.13 0.05 0.08
 0.24 0.11 0.25 0.18 0.08 0.22 0.1  0.13 0.21 0.17 0.05 0.08 0.07 0.36
 0.21 0.13 0.04 0.09 0.14 0.19 0.29 0.28 0.05 0.17 0.7  0.52 0.2  0.07
 0.2  0.19 0.15 0.11 0.59 0.33 0.32 0.09 0.16 0.01 0.13 0.13 0.46 0.22
 0.25 0.44 0.07 0.4  0.09 0.49 0.38 0.09 0.15 0.18 0.2  0.17 0.5  0.24
 0.14 0.43 0.39 0.29 0.24 0.29 0.2  0.38 0.   0.   0.   0.   0.   0.
 0.   0.  ]
-----------run 0 training batch 92-------------
size: (500, 32, 32, 3), (500,)
[0.65 0.36 0.18 0.23 0.14 0.22 0.25 0.18 0.16 0.43 0.07 0.06 0.05 0.18
 0.15 0.02 0.06 0.17 0.14 0.12 0.46 0.29 0.17 0.22 0.43 0.14 0.06 0.13
 0.22 0.16 0.23 0.16 0.07 0.27 0.05 0.16 0.28 0.12 0.04 0.13 0.06 0.42
 0.13 0.15 0.08 0.08 0.11 0.18 0.26 0.27 0.07 0.2  0.71 0.4  0.25 0.04
 0.18 0.25 0.17 0.13 0.54 0.39 0.35 0.1  0.12 0.01 0.14 0.12 0.4  0.23
 0.22 0.43 0.06 0.38 0.07 0.48 0.29 0.15 0.16 0.18 0.12 0.19 0.56 0.19
 0.1  0.38 0.34 0.27 0.24 0.37 0.14 0.33 0.26 0.   0.   0.   0.   0.
 0.   0.  ]
-----------run 0 training batch 93-------------
size: (500, 32, 32, 3), (500,)
[0.62 0.36 0.22 0.15 0.12 0.23 0.18 0.21 0.22 0.42 0.07 0.03 0.09 0.11
 0.17 0.02 0.09 0.19 0.16 0.14 0.43 0.3  0.12 0.31 0.39 0.09 0.05 0.13
 0.27 0.14 0.22 0.16 0.06 0.22 0.09 0.1  0.2  0.15 0.04 0.1  0.07 0.4
 0.21 0.11 0.05 0.13 0.18 0.21 0.32 0.3  0.05 0.19 0.69 0.45 0.25 0.05
 0.21 0.19 0.13 0.21 0.49 0.34 0.31 0.12 0.18 0.02 0.14 0.14 0.41 0.29
 0.19 0.5  0.1  0.36 0.13 0.5  0.48 0.1  0.17 0.19 0.16 0.15 0.51 0.19
 0.08 0.47 0.34 0.32 0.27 0.35 0.19 0.33 0.22 0.14 0.   0.   0.   0.
 0.   0.  ]
-----------run 0 training batch 94-------------
size: (500, 32, 32, 3), (500,)
[0.66 0.35 0.19 0.22 0.12 0.23 0.25 0.13 0.17 0.36 0.05 0.06 0.06 0.19
 0.16 0.05 0.07 0.17 0.17 0.18 0.45 0.31 0.1  0.19 0.5  0.11 0.07 0.13
 0.2  0.15 0.22 0.19 0.07 0.35 0.05 0.14 0.3  0.12 0.04 0.12 0.06 0.4
 0.19 0.13 0.07 0.03 0.13 0.21 0.33 0.24 0.06 0.16 0.64 0.44 0.25 0.03
 0.14 0.26 0.2  0.15 0.59 0.36 0.34 0.11 0.11 0.02 0.15 0.13 0.39 0.23
 0.23 0.43 0.06 0.44 0.06 0.47 0.34 0.07 0.17 0.1  0.11 0.2  0.55 0.19
 0.13 0.39 0.34 0.29 0.23 0.26 0.15 0.31 0.21 0.06 0.67 0.   0.   0.
 0.   0.  ]
-----------run 0 training batch 95-------------
size: (500, 32, 32, 3), (500,)
[0.6  0.34 0.23 0.19 0.12 0.15 0.17 0.23 0.22 0.39 0.07 0.04 0.09 0.13
 0.19 0.02 0.07 0.17 0.23 0.16 0.39 0.31 0.13 0.32 0.39 0.14 0.05 0.15
 0.24 0.16 0.11 0.19 0.06 0.21 0.09 0.13 0.24 0.13 0.03 0.13 0.07 0.38
 0.23 0.13 0.06 0.1  0.15 0.21 0.33 0.28 0.02 0.16 0.69 0.47 0.25 0.07
 0.2  0.17 0.17 0.15 0.51 0.34 0.3  0.1  0.18 0.01 0.16 0.16 0.41 0.3
 0.22 0.49 0.09 0.36 0.15 0.47 0.55 0.07 0.13 0.16 0.18 0.16 0.47 0.17
 0.1  0.41 0.36 0.32 0.2  0.33 0.14 0.32 0.19 0.12 0.64 0.4  0.   0.
 0.   0.  ]
-----------run 0 training batch 96-------------
size: (500, 32, 32, 3), (500,)
[0.61 0.38 0.21 0.12 0.1  0.2  0.19 0.21 0.22 0.39 0.04 0.06 0.05 0.18
 0.14 0.01 0.1  0.16 0.1  0.17 0.38 0.29 0.14 0.25 0.37 0.11 0.05 0.1
 0.27 0.11 0.24 0.18 0.04 0.1  0.09 0.08 0.24 0.12 0.06 0.09 0.06 0.42
 0.18 0.12 0.09 0.11 0.13 0.2  0.29 0.24 0.07 0.2  0.69 0.39 0.24 0.05
 0.22 0.19 0.15 0.17 0.56 0.36 0.3  0.09 0.15 0.04 0.12 0.1  0.52 0.25
 0.16 0.42 0.09 0.42 0.12 0.49 0.36 0.06 0.12 0.16 0.18 0.19 0.51 0.16
 0.08 0.44 0.32 0.35 0.24 0.3  0.17 0.35 0.21 0.05 0.6  0.26 0.19 0.
 0.   0.  ]
-----------run 0 training batch 97-------------
size: (500, 32, 32, 3), (500,)
[0.61 0.36 0.21 0.17 0.1  0.2  0.24 0.16 0.23 0.35 0.04 0.05 0.07 0.17
 0.15 0.01 0.08 0.17 0.19 0.15 0.4  0.28 0.14 0.2  0.39 0.14 0.04 0.12
 0.25 0.18 0.24 0.14 0.05 0.11 0.08 0.11 0.21 0.12 0.04 0.08 0.05 0.37
 0.18 0.11 0.07 0.07 0.14 0.2  0.28 0.25 0.05 0.21 0.62 0.45 0.2  0.03
 0.23 0.21 0.12 0.13 0.52 0.34 0.3  0.11 0.12 0.03 0.08 0.08 0.43 0.2
 0.2  0.43 0.07 0.42 0.11 0.52 0.34 0.1  0.13 0.15 0.16 0.19 0.53 0.19
 0.07 0.42 0.33 0.31 0.21 0.3  0.14 0.34 0.19 0.05 0.65 0.27 0.16 0.4
 0.   0.  ]
-----------run 0 training batch 98-------------
size: (500, 32, 32, 3), (500,)
[0.63 0.37 0.17 0.18 0.1  0.18 0.21 0.15 0.2  0.37 0.07 0.03 0.07 0.18
 0.17 0.01 0.04 0.18 0.18 0.17 0.46 0.34 0.16 0.2  0.51 0.17 0.08 0.13
 0.24 0.18 0.2  0.16 0.07 0.17 0.07 0.07 0.26 0.11 0.04 0.09 0.05 0.4
 0.13 0.15 0.09 0.04 0.07 0.23 0.27 0.27 0.02 0.19 0.67 0.46 0.26 0.03
 0.21 0.2  0.14 0.13 0.5  0.37 0.3  0.14 0.1  0.03 0.08 0.13 0.38 0.21
 0.24 0.45 0.06 0.38 0.09 0.48 0.36 0.07 0.11 0.14 0.11 0.18 0.55 0.16
 0.07 0.42 0.31 0.28 0.17 0.27 0.13 0.29 0.21 0.04 0.68 0.28 0.15 0.37
 0.2  0.  ]
-----------run 0 training batch 99-------------
size: (500, 32, 32, 3), (500,)
[0.62 0.36 0.21 0.22 0.13 0.22 0.23 0.18 0.26 0.38 0.05 0.03 0.06 0.18
 0.16 0.01 0.08 0.16 0.25 0.16 0.45 0.29 0.14 0.2  0.47 0.15 0.06 0.12
 0.24 0.13 0.18 0.16 0.04 0.14 0.07 0.05 0.24 0.13 0.04 0.05 0.05 0.34
 0.17 0.09 0.09 0.06 0.11 0.21 0.33 0.27 0.02 0.15 0.69 0.46 0.25 0.03
 0.21 0.19 0.12 0.16 0.51 0.33 0.31 0.12 0.12 0.03 0.07 0.1  0.39 0.25
 0.21 0.43 0.13 0.38 0.12 0.46 0.4  0.1  0.12 0.12 0.13 0.15 0.51 0.19
 0.05 0.42 0.35 0.27 0.24 0.29 0.13 0.35 0.2  0.04 0.65 0.28 0.14 0.4
 0.2  0.14]
-----------run 0-----------avg_end_acc 0.2113-----------train time 2841.7320277690887